Thu Jul  2 23:52:24 2026: Running xcd server. This server was built by gradle.
Thu Jul  2 23:52:24 2026: Server was asked to start on port: '35265'
Thu Jul  2 23:52:24 2026: Server is using token UUID: '1d769365-ccec-496c-8212-021898900783'
Thu Jul  2 23:52:24 2026: SESSION_MGR: creating session with session uuid: '6d04a3e9-ade5-4ab9-8d63-1f78fcd2ec76' and name 'default'
Thu Jul  2 23:52:24 2026: Attempting to start server on port '35265'
Thu Jul  2 23:52:24 2026: XCD main fifo: created main fifo '/tmp/xcdmain1d769365-ccec-496c-8212-021898900783', fd read = 13
Thu Jul  2 23:52:24 2026: Running Dispatch Server
Thu Jul  2 23:52:24 2026: Version 2.2.0
Thu Jul  2 23:52:33 2026: Dispatch Server: Accepted socket connection from client
Thu Jul  2 23:52:33 2026: Starting Socket connection
Thu Jul  2 23:52:33 2026: EXCHANGE_TOKEN received, server token: 1d769365-ccec-496c-8212-021898900783, passed token: 1d769365-ccec-496c-8212-021898900783
Thu Jul  2 23:52:33 2026: SESSION_MGR: creating session with session uuid: '3f76d9d2-f39e-4872-9363-c376815fc41a' and name 'vitis_hls'
Thu Jul  2 23:52:33 2026: KERNEL_SVC: creating session with uuid: '3f76d9d2-f39e-4872-9363-c376815fc41a' and name 'vitis_hls'
Thu Jul  2 23:52:33 2026: GUIDANCE_SMGR: creating guidance session with uuid: '3f76d9d2-f39e-4872-9363-c376815fc41a' and name 'vitis_hls'
Thu Jul  2 23:53:40 2026: STOP_SERVER received, server token: 1d769365-ccec-496c-8212-021898900783, passed token: 1d769365-ccec-496c-8212-021898900783
Thu Jul  2 23:53:40 2026: Socket received request to stop server.
Thu Jul  2 23:53:40 2026: Dispatch Server: do_await_stop
Thu Jul  2 23:53:40 2026: Dispatch Server: stopping mainFifo_
Thu Jul  2 23:53:40 2026: XCD main fifo: Stopping
Thu Jul  2 23:53:40 2026: XCD main fifo: do_read error code: Operation canceled
Thu Jul  2 23:53:40 2026: XCD main fifo: bytes_transferred: 0
Thu Jul  2 23:53:40 2026: SERVER: destructor for server bound to port 35265
Thu Jul  2 23:53:40 2026: XCD main fifo: Good unlink of /tmp/xcdmain1d769365-ccec-496c-8212-021898900783
Thu Jul  2 23:53:40 2026: Server exiting with status 0.
Thu Jul  2 23:53:40 2026: Closing log file.
