

================================================================
== Vitis HLS Report for 'compute_output_buffer_2d_array_array_ap_fixed_19_8_5_3_0_8u_config6_s'
================================================================
* Date:           Thu Jul  2 23:53:14 2026

* Version:        2022.2 (Build 3670227 on Oct 13 2022)
* Project:        myproject_prj
* Solution:       solution1 (Vivado IP Flow Target)
* Product family: zynq
* Target device:  xc7z020-clg400-1


================================================================
== Performance Estimates
================================================================
+ Timing: 
    * Summary: 
    +--------+---------+----------+------------+
    |  Clock |  Target | Estimated| Uncertainty|
    +--------+---------+----------+------------+
    |ap_clk  |  5.00 ns|  4.842 ns|     1.35 ns|
    +--------+---------+----------+------------+

+ Latency: 
    * Summary: 
    +---------+---------+-----------+----------+-----+-----+---------+
    |  Latency (cycles) |  Latency (absolute)  |  Interval | Pipeline|
    |   min   |   max   |    min    |    max   | min | max |   Type  |
    +---------+---------+-----------+----------+-----+-----+---------+
    |        5|       22|  25.000 ns|  0.110 us|    5|   22|       no|
    +---------+---------+-----------+----------+-----+-----+---------+

    + Detail: 
        * Instance: 
        +-----------------------------------------------------------------------------------+------------------------------------------------------------------------+---------+---------+-----------+-----------+-----+-----+------------------------------------------+
        |                                                                                   |                                                                        |  Latency (cycles) |   Latency (absolute)  |  Interval |                 Pipeline                 |
        |                                      Instance                                     |                                 Module                                 |   min   |   max   |    min    |    max    | min | max |                   Type                   |
        +-----------------------------------------------------------------------------------+------------------------------------------------------------------------+---------+---------+-----------+-----------+-----+-----+------------------------------------------+
        |call_ln281_shift_line_buffer_array_ap_ufixed_6_0_4_0_0_4u_config6_s_fu_181         |shift_line_buffer_array_ap_ufixed_6_0_4_0_0_4u_config6_s                |        0|        0|       0 ns|       0 ns|    1|    1|                                       yes|
        |grp_dense_resource_rf_leq_nin_ap_ufixed_ap_fixed_19_8_5_3_0_config6_mult_s_fu_281  |dense_resource_rf_leq_nin_ap_ufixed_ap_fixed_19_8_5_3_0_config6_mult_s  |       15|       16|  75.000 ns|  80.000 ns|    9|    9|  loop rewind stp(delay=0 clock cycles(s))|
        +-----------------------------------------------------------------------------------+------------------------------------------------------------------------+---------+---------+-----------+-----------+-----+-----+------------------------------------------+

        * Loop: 
        N/A



================================================================
== Utilization Estimates
================================================================
* Summary: 
+-----------------+---------+-----+--------+-------+-----+
|       Name      | BRAM_18K| DSP |   FF   |  LUT  | URAM|
+-----------------+---------+-----+--------+-------+-----+
|DSP              |        -|    -|       -|      -|    -|
|Expression       |        -|    -|       0|    334|    -|
|FIFO             |        -|    -|       -|      -|    -|
|Instance         |        6|   32|    1942|   1817|    -|
|Memory           |        -|    -|       -|      -|    -|
|Multiplexer      |        -|    -|       -|     98|    -|
|Register         |        -|    -|     637|      -|    -|
+-----------------+---------+-----+--------+-------+-----+
|Total            |        6|   32|    2579|   2249|    0|
+-----------------+---------+-----+--------+-------+-----+
|Available        |      280|  220|  106400|  53200|    0|
+-----------------+---------+-----+--------+-------+-----+
|Utilization (%)  |        2|   14|       2|      4|    0|
+-----------------+---------+-----+--------+-------+-----+

+ Detail: 
    * Instance: 
    +-----------------------------------------------------------------------------------+------------------------------------------------------------------------+---------+----+------+------+-----+
    |                                      Instance                                     |                                 Module                                 | BRAM_18K| DSP|  FF  |  LUT | URAM|
    +-----------------------------------------------------------------------------------+------------------------------------------------------------------------+---------+----+------+------+-----+
    |grp_dense_resource_rf_leq_nin_ap_ufixed_ap_fixed_19_8_5_3_0_config6_mult_s_fu_281  |dense_resource_rf_leq_nin_ap_ufixed_ap_fixed_19_8_5_3_0_config6_mult_s  |        6|  32|  1429|  1345|    0|
    |call_ln281_shift_line_buffer_array_ap_ufixed_6_0_4_0_0_4u_config6_s_fu_181         |shift_line_buffer_array_ap_ufixed_6_0_4_0_0_4u_config6_s                |        0|   0|   513|   472|    0|
    +-----------------------------------------------------------------------------------+------------------------------------------------------------------------+---------+----+------+------+-----+
    |Total                                                                              |                                                                        |        6|  32|  1942|  1817|    0|
    +-----------------------------------------------------------------------------------+------------------------------------------------------------------------+---------+----+------+------+-----+

    * DSP: 
    N/A

    * Memory: 
    N/A

    * FIFO: 
    N/A

    * Expression: 
    +--------------------------------+----------+----+---+----+------------+------------+
    |          Variable Name         | Operation| DSP| FF| LUT| Bitwidth P0| Bitwidth P1|
    +--------------------------------+----------+----+---+----+------------+------------+
    |add_ln303_fu_476_p2             |         +|   0|  0|  39|          32|           1|
    |add_ln307_fu_498_p2             |         +|   0|  0|  39|          32|           1|
    |add_ln313_fu_530_p2             |         +|   0|  0|  39|          32|           1|
    |add_ln318_fu_486_p2             |         +|   0|  0|  39|          32|           1|
    |and_ln284_1_fu_425_p2           |       and|   0|  0|   2|           1|           1|
    |and_ln284_fu_419_p2             |       and|   0|  0|   2|           1|           1|
    |ap_block_state4                 |       and|   0|  0|   2|           1|           1|
    |ap_predicate_op40_write_state4  |       and|   0|  0|   2|           1|           1|
    |grp_fu_359_p2                   |      icmp|   0|  0|  18|          32|           2|
    |icmp_ln284_4_fu_397_p2          |      icmp|   0|  0|  17|          31|           1|
    |icmp_ln284_5_fu_413_p2          |      icmp|   0|  0|  17|          31|           1|
    |icmp_ln284_fu_368_p2            |      icmp|   0|  0|  18|          32|           2|
    |icmp_ln303_fu_481_p2            |      icmp|   0|  0|  18|          32|           3|
    |icmp_ln307_fu_525_p2            |      icmp|   0|  0|  18|          32|           3|
    |select_ln313_fu_535_p3          |    select|   0|  0|  32|           1|           2|
    |select_ln318_fu_491_p3          |    select|   0|  0|  32|           1|           2|
    +--------------------------------+----------+----+---+----+------------+------------+
    |Total                           |          |   0|  0| 334|         324|          24|
    +--------------------------------+----------+----+---+----+------------+------------+

    * Multiplexer: 
    +-------------------------------------+----+-----------+-----+-----------+
    |                 Name                | LUT| Input Size| Bits| Total Bits|
    +-------------------------------------+----+-----------+-----+-----------+
    |ap_NS_fsm                            |  48|          9|    1|          9|
    |ap_phi_mux_storemerge_phi_fu_174_p4  |  14|          3|   32|         96|
    |layer6_out_blk_n                     |   9|          2|    1|          2|
    |pX_2                                 |   9|          2|   32|         64|
    |pY_2                                 |   9|          2|   32|         64|
    |sX_2                                 |   9|          2|   32|         64|
    +-------------------------------------+----+-----------+-----+-----------+
    |Total                                |  98|         20|  130|        299|
    +-------------------------------------+----+-----------+-----+-----------+

    * Register: 
    +------------------------------------------------------------------------------------------------+----+----+-----+-----------+
    |                                              Name                                              | FF | LUT| Bits| Const Bits|
    +------------------------------------------------------------------------------------------------+----+----+-----+-----------+
    |add_ln303_reg_621                                                                               |  32|   0|   32|          0|
    |add_ln307_reg_636                                                                               |  32|   0|   32|          0|
    |and_ln284_1_reg_577                                                                             |   1|   0|    1|          0|
    |ap_CS_fsm                                                                                       |   8|   0|    8|          0|
    |grp_dense_resource_rf_leq_nin_ap_ufixed_ap_fixed_19_8_5_3_0_config6_mult_s_fu_281_ap_start_reg  |   1|   0|    1|          0|
    |icmp_ln284_reg_563                                                                              |   1|   0|    1|          0|
    |icmp_ln303_reg_627                                                                              |   1|   0|    1|          0|
    |icmp_ln307_reg_642                                                                              |   1|   0|    1|          0|
    |pX_2                                                                                            |  32|   0|   32|          0|
    |pY_2                                                                                            |  32|   0|   32|          0|
    |p_ZZN4nnet24compute_output_buffer_2dINS_5arrayI9ap_ufixedILi6ELi0EL9ap_q_mode4EL9               |   6|   0|    6|          0|
    |p_ZZN4nnet24compute_output_buffer_2dINS_5arrayI9ap_ufixedILi6ELi0EL9ap_q_mode4EL9_1             |   6|   0|    6|          0|
    |p_ZZN4nnet24compute_output_buffer_2dINS_5arrayI9ap_ufixedILi6ELi0EL9ap_q_mode4EL9_10            |   6|   0|    6|          0|
    |p_ZZN4nnet24compute_output_buffer_2dINS_5arrayI9ap_ufixedILi6ELi0EL9ap_q_mode4EL9_11            |   6|   0|    6|          0|
    |p_ZZN4nnet24compute_output_buffer_2dINS_5arrayI9ap_ufixedILi6ELi0EL9ap_q_mode4EL9_12            |   6|   0|    6|          0|
    |p_ZZN4nnet24compute_output_buffer_2dINS_5arrayI9ap_ufixedILi6ELi0EL9ap_q_mode4EL9_13            |   6|   0|    6|          0|
    |p_ZZN4nnet24compute_output_buffer_2dINS_5arrayI9ap_ufixedILi6ELi0EL9ap_q_mode4EL9_14            |   6|   0|    6|          0|
    |p_ZZN4nnet24compute_output_buffer_2dINS_5arrayI9ap_ufixedILi6ELi0EL9ap_q_mode4EL9_15            |   6|   0|    6|          0|
    |p_ZZN4nnet24compute_output_buffer_2dINS_5arrayI9ap_ufixedILi6ELi0EL9ap_q_mode4EL9_16            |   6|   0|    6|          0|
    |p_ZZN4nnet24compute_output_buffer_2dINS_5arrayI9ap_ufixedILi6ELi0EL9ap_q_mode4EL9_17            |   6|   0|    6|          0|
    |p_ZZN4nnet24compute_output_buffer_2dINS_5arrayI9ap_ufixedILi6ELi0EL9ap_q_mode4EL9_18            |   6|   0|    6|          0|
    |p_ZZN4nnet24compute_output_buffer_2dINS_5arrayI9ap_ufixedILi6ELi0EL9ap_q_mode4EL9_19            |   6|   0|    6|          0|
    |p_ZZN4nnet24compute_output_buffer_2dINS_5arrayI9ap_ufixedILi6ELi0EL9ap_q_mode4EL9_2             |   6|   0|    6|          0|
    |p_ZZN4nnet24compute_output_buffer_2dINS_5arrayI9ap_ufixedILi6ELi0EL9ap_q_mode4EL9_20            |   6|   0|    6|          0|
    |p_ZZN4nnet24compute_output_buffer_2dINS_5arrayI9ap_ufixedILi6ELi0EL9ap_q_mode4EL9_21            |   6|   0|    6|          0|
    |p_ZZN4nnet24compute_output_buffer_2dINS_5arrayI9ap_ufixedILi6ELi0EL9ap_q_mode4EL9_22            |   6|   0|    6|          0|
    |p_ZZN4nnet24compute_output_buffer_2dINS_5arrayI9ap_ufixedILi6ELi0EL9ap_q_mode4EL9_23            |   6|   0|    6|          0|
    |p_ZZN4nnet24compute_output_buffer_2dINS_5arrayI9ap_ufixedILi6ELi0EL9ap_q_mode4EL9_24            |   6|   0|    6|          0|
    |p_ZZN4nnet24compute_output_buffer_2dINS_5arrayI9ap_ufixedILi6ELi0EL9ap_q_mode4EL9_25            |   6|   0|    6|          0|
    |p_ZZN4nnet24compute_output_buffer_2dINS_5arrayI9ap_ufixedILi6ELi0EL9ap_q_mode4EL9_3             |   6|   0|    6|          0|
    |p_ZZN4nnet24compute_output_buffer_2dINS_5arrayI9ap_ufixedILi6ELi0EL9ap_q_mode4EL9_4             |   6|   0|    6|          0|
    |p_ZZN4nnet24compute_output_buffer_2dINS_5arrayI9ap_ufixedILi6ELi0EL9ap_q_mode4EL9_5             |   6|   0|    6|          0|
    |p_ZZN4nnet24compute_output_buffer_2dINS_5arrayI9ap_ufixedILi6ELi0EL9ap_q_mode4EL9_6             |   6|   0|    6|          0|
    |p_ZZN4nnet24compute_output_buffer_2dINS_5arrayI9ap_ufixedILi6ELi0EL9ap_q_mode4EL9_7             |   6|   0|    6|          0|
    |p_ZZN4nnet24compute_output_buffer_2dINS_5arrayI9ap_ufixedILi6ELi0EL9ap_q_mode4EL9_8             |   6|   0|    6|          0|
    |p_ZZN4nnet24compute_output_buffer_2dINS_5arrayI9ap_ufixedILi6ELi0EL9ap_q_mode4EL9_9             |   6|   0|    6|          0|
    |res_out_V_1_reg_586                                                                             |  19|   0|   19|          0|
    |res_out_V_2_reg_591                                                                             |  19|   0|   19|          0|
    |res_out_V_3_reg_596                                                                             |  19|   0|   19|          0|
    |res_out_V_4_reg_601                                                                             |  19|   0|   19|          0|
    |res_out_V_5_reg_606                                                                             |  19|   0|   19|          0|
    |res_out_V_6_reg_611                                                                             |  19|   0|   19|          0|
    |res_out_V_7_reg_616                                                                             |  19|   0|   19|          0|
    |res_out_V_reg_581                                                                               |  19|   0|   19|          0|
    |sX_2                                                                                            |  32|   0|   32|          0|
    |sY_2                                                                                            |  32|   0|   32|          0|
    |select_ln313_reg_646                                                                            |  32|   0|   32|          0|
    |select_ln318_reg_631                                                                            |  32|   0|   32|          0|
    |void_compute_output_buffer_2d_array_const_ap_shift_reg_n_chan_stream_weig                       |   6|   0|    6|          0|
    |void_compute_output_buffer_2d_array_const_ap_shift_reg_n_chan_stream_weig_1                     |   6|   0|    6|          0|
    |void_compute_output_buffer_2d_array_const_ap_shift_reg_n_chan_stream_weig_2                     |   6|   0|    6|          0|
    |void_compute_output_buffer_2d_array_const_ap_shift_reg_n_chan_stream_weig_3                     |   6|   0|    6|          0|
    |void_compute_output_buffer_2d_array_const_ap_shift_reg_n_chan_stream_weig_4                     |   6|   0|    6|          0|
    |void_compute_output_buffer_2d_array_const_ap_shift_reg_n_chan_stream_weig_5                     |   6|   0|    6|          0|
    |void_compute_output_buffer_2d_array_const_ap_shift_reg_n_chan_stream_weig_6                     |   6|   0|    6|          0|
    |void_compute_output_buffer_2d_array_const_ap_shift_reg_n_chan_stream_weig_7                     |   6|   0|    6|          0|
    |void_compute_output_buffer_2d_array_const_ap_shift_reg_n_chan_stream_weig_8                     |   6|   0|    6|          0|
    |void_compute_output_buffer_2d_array_const_ap_shift_reg_n_chan_stream_weig_9                     |   6|   0|    6|          0|
    +------------------------------------------------------------------------------------------------+----+----+-----+-----------+
    |Total                                                                                           | 637|   0|  637|          0|
    +------------------------------------------------------------------------------------------------+----+----+-----+-----------+



================================================================
== Interface
================================================================
* Summary: 
+---------------------------+-----+-----+------------+------------------------------------------------------------------------+--------------+
|         RTL Ports         | Dir | Bits|  Protocol  |                              Source Object                             |    C Type    |
+---------------------------+-----+-----+------------+------------------------------------------------------------------------+--------------+
|ap_clk                     |   in|    1|  ap_ctrl_hs|  compute_output_buffer_2d<array,array<ap_fixed<19,8,5,3,0>,8u>,config6>|  return value|
|ap_rst                     |   in|    1|  ap_ctrl_hs|  compute_output_buffer_2d<array,array<ap_fixed<19,8,5,3,0>,8u>,config6>|  return value|
|ap_start                   |   in|    1|  ap_ctrl_hs|  compute_output_buffer_2d<array,array<ap_fixed<19,8,5,3,0>,8u>,config6>|  return value|
|ap_done                    |  out|    1|  ap_ctrl_hs|  compute_output_buffer_2d<array,array<ap_fixed<19,8,5,3,0>,8u>,config6>|  return value|
|ap_idle                    |  out|    1|  ap_ctrl_hs|  compute_output_buffer_2d<array,array<ap_fixed<19,8,5,3,0>,8u>,config6>|  return value|
|ap_ready                   |  out|    1|  ap_ctrl_hs|  compute_output_buffer_2d<array,array<ap_fixed<19,8,5,3,0>,8u>,config6>|  return value|
|p_read                     |   in|    6|     ap_none|                                                                  p_read|        scalar|
|p_read1                    |   in|    6|     ap_none|                                                                 p_read1|        scalar|
|p_read2                    |   in|    6|     ap_none|                                                                 p_read2|        scalar|
|p_read3                    |   in|    6|     ap_none|                                                                 p_read3|        scalar|
|layer6_out_din             |  out|  152|     ap_fifo|                                                              layer6_out|       pointer|
|layer6_out_num_data_valid  |   in|    5|     ap_fifo|                                                              layer6_out|       pointer|
|layer6_out_fifo_cap        |   in|    5|     ap_fifo|                                                              layer6_out|       pointer|
|layer6_out_full_n          |   in|    1|     ap_fifo|                                                              layer6_out|       pointer|
|layer6_out_write           |  out|    1|     ap_fifo|                                                              layer6_out|       pointer|
+---------------------------+-----+-----+------------+------------------------------------------------------------------------+--------------+

