

================================================================
== Vitis HLS Report for 'compute_output_buffer_2d_array_array_ap_fixed_27_11_5_3_0_4u_config2_s'
================================================================
* Date:           Thu Jul  2 23:53:12 2026

* Version:        2022.2 (Build 3670227 on Oct 13 2022)
* Project:        myproject_prj
* Solution:       solution1 (Vivado IP Flow Target)
* Product family: zynq
* Target device:  xc7z020-clg400-1


================================================================
== Performance Estimates
================================================================
+ Timing: 
    * Summary: 
    +--------+---------+----------+------------+
    |  Clock |  Target | Estimated| Uncertainty|
    +--------+---------+----------+------------+
    |ap_clk  |  5.00 ns|  4.842 ns|     1.35 ns|
    +--------+---------+----------+------------+

+ Latency: 
    * Summary: 
    +---------+---------+-----------+----------+-----+-----+---------+
    |  Latency (cycles) |  Latency (absolute)  |  Interval | Pipeline|
    |   min   |   max   |    min    |    max   | min | max |   Type  |
    +---------+---------+-----------+----------+-----+-----+---------+
    |        5|       20|  25.000 ns|  0.100 us|    5|   20|       no|
    +---------+---------+-----------+----------+-----+-----+---------+

    + Detail: 
        * Instance: 
        +-----------------------------------------------------------------------------------+------------------------------------------------------------------------+---------+---------+-----------+-----------+-----+-----+------------------------------------------+
        |                                                                                   |                                                                        |  Latency (cycles) |   Latency (absolute)  |  Interval |                 Pipeline                 |
        |                                      Instance                                     |                                 Module                                 |   min   |   max   |    min    |    max    | min | max |                   Type                   |
        +-----------------------------------------------------------------------------------+------------------------------------------------------------------------+---------+---------+-----------+-----------+-----+-----+------------------------------------------+
        |call_ln281_shift_line_buffer_array_ap_fixed_16_5_5_3_0_1u_config2_s_fu_91          |shift_line_buffer_array_ap_fixed_16_5_5_3_0_1u_config2_s                |        0|        0|       0 ns|       0 ns|    1|    1|                                       yes|
        |grp_dense_resource_rf_leq_nin_ap_fixed_ap_fixed_27_11_5_3_0_config2_mult_s_fu_119  |dense_resource_rf_leq_nin_ap_fixed_ap_fixed_27_11_5_3_0_config2_mult_s  |       13|       14|  65.000 ns|  70.000 ns|    9|    9|  loop rewind stp(delay=0 clock cycles(s))|
        +-----------------------------------------------------------------------------------+------------------------------------------------------------------------+---------+---------+-----------+-----------+-----+-----+------------------------------------------+

        * Loop: 
        N/A



================================================================
== Utilization Estimates
================================================================
* Summary: 
+-----------------+---------+-----+--------+-------+-----+
|       Name      | BRAM_18K| DSP |   FF   |  LUT  | URAM|
+-----------------+---------+-----+--------+-------+-----+
|DSP              |        -|    -|       -|      -|    -|
|Expression       |        -|    -|       0|    334|    -|
|FIFO             |        -|    -|       -|      -|    -|
|Instance         |        1|    4|     640|    605|    -|
|Memory           |        -|    -|       -|      -|    -|
|Multiplexer      |        -|    -|       -|     98|    -|
|Register         |        -|    -|     521|      -|    -|
+-----------------+---------+-----+--------+-------+-----+
|Total            |        1|    4|    1161|   1037|    0|
+-----------------+---------+-----+--------+-------+-----+
|Available        |      280|  220|  106400|  53200|    0|
+-----------------+---------+-----+--------+-------+-----+
|Utilization (%)  |       ~0|    1|       1|      1|    0|
+-----------------+---------+-----+--------+-------+-----+

+ Detail: 
    * Instance: 
    +-----------------------------------------------------------------------------------+------------------------------------------------------------------------+---------+----+-----+-----+-----+
    |                                      Instance                                     |                                 Module                                 | BRAM_18K| DSP|  FF | LUT | URAM|
    +-----------------------------------------------------------------------------------+------------------------------------------------------------------------+---------+----+-----+-----+-----+
    |grp_dense_resource_rf_leq_nin_ap_fixed_ap_fixed_27_11_5_3_0_config2_mult_s_fu_119  |dense_resource_rf_leq_nin_ap_fixed_ap_fixed_27_11_5_3_0_config2_mult_s  |        1|   4|  511|  487|    0|
    |call_ln281_shift_line_buffer_array_ap_fixed_16_5_5_3_0_1u_config2_s_fu_91          |shift_line_buffer_array_ap_fixed_16_5_5_3_0_1u_config2_s                |        0|   0|  129|  118|    0|
    +-----------------------------------------------------------------------------------+------------------------------------------------------------------------+---------+----+-----+-----+-----+
    |Total                                                                              |                                                                        |        1|   4|  640|  605|    0|
    +-----------------------------------------------------------------------------------+------------------------------------------------------------------------+---------+----+-----+-----+-----+

    * DSP: 
    N/A

    * Memory: 
    N/A

    * FIFO: 
    N/A

    * Expression: 
    +--------------------------------+----------+----+---+----+------------+------------+
    |          Variable Name         | Operation| DSP| FF| LUT| Bitwidth P0| Bitwidth P1|
    +--------------------------------+----------+----+---+----+------------+------------+
    |add_ln303_fu_240_p2             |         +|   0|  0|  39|          32|           1|
    |add_ln307_fu_262_p2             |         +|   0|  0|  39|          32|           1|
    |add_ln313_fu_294_p2             |         +|   0|  0|  39|          32|           1|
    |add_ln318_fu_250_p2             |         +|   0|  0|  39|          32|           1|
    |and_ln284_1_fu_209_p2           |       and|   0|  0|   2|           1|           1|
    |and_ln284_fu_203_p2             |       and|   0|  0|   2|           1|           1|
    |ap_block_state4                 |       and|   0|  0|   2|           1|           1|
    |ap_predicate_op33_write_state4  |       and|   0|  0|   2|           1|           1|
    |grp_fu_143_p2                   |      icmp|   0|  0|  18|          32|           2|
    |icmp_ln284_2_fu_181_p2          |      icmp|   0|  0|  17|          31|           1|
    |icmp_ln284_3_fu_197_p2          |      icmp|   0|  0|  17|          31|           1|
    |icmp_ln284_fu_152_p2            |      icmp|   0|  0|  18|          32|           2|
    |icmp_ln303_fu_245_p2            |      icmp|   0|  0|  18|          32|           4|
    |icmp_ln307_fu_289_p2            |      icmp|   0|  0|  18|          32|           4|
    |select_ln313_fu_299_p3          |    select|   0|  0|  32|           1|           2|
    |select_ln318_fu_255_p3          |    select|   0|  0|  32|           1|           2|
    +--------------------------------+----------+----+---+----+------------+------------+
    |Total                           |          |   0|  0| 334|         324|          26|
    +--------------------------------+----------+----+---+----+------------+------------+

    * Multiplexer: 
    +------------------------------------+----+-----------+-----+-----------+
    |                Name                | LUT| Input Size| Bits| Total Bits|
    +------------------------------------+----+-----------+-----+-----------+
    |ap_NS_fsm                           |  48|          9|    1|          9|
    |ap_phi_mux_storemerge_phi_fu_84_p4  |  14|          3|   32|         96|
    |layer2_out_blk_n                    |   9|          2|    1|          2|
    |pX_3                                |   9|          2|   32|         64|
    |pY_3                                |   9|          2|   32|         64|
    |sX_3                                |   9|          2|   32|         64|
    +------------------------------------+----+-----------+-----+-----------+
    |Total                               |  98|         20|  130|        299|
    +------------------------------------+----+-----------+-----+-----------+

    * Register: 
    +------------------------------------------------------------------------------------------------+----+----+-----+-----------+
    |                                              Name                                              | FF | LUT| Bits| Const Bits|
    +------------------------------------------------------------------------------------------------+----+----+-----+-----------+
    |add_ln303_reg_365                                                                               |  32|   0|   32|          0|
    |add_ln307_reg_380                                                                               |  32|   0|   32|          0|
    |and_ln284_1_reg_341                                                                             |   1|   0|    1|          0|
    |ap_CS_fsm                                                                                       |   8|   0|    8|          0|
    |grp_dense_resource_rf_leq_nin_ap_fixed_ap_fixed_27_11_5_3_0_config2_mult_s_fu_119_ap_start_reg  |   1|   0|    1|          0|
    |icmp_ln284_reg_327                                                                              |   1|   0|    1|          0|
    |icmp_ln303_reg_371                                                                              |   1|   0|    1|          0|
    |icmp_ln307_reg_386                                                                              |   1|   0|    1|          0|
    |pX_3                                                                                            |  32|   0|   32|          0|
    |pY_3                                                                                            |  32|   0|   32|          0|
    |res_out_V_1_reg_350                                                                             |  27|   0|   27|          0|
    |res_out_V_2_reg_355                                                                             |  27|   0|   27|          0|
    |res_out_V_3_reg_360                                                                             |  27|   0|   27|          0|
    |res_out_V_reg_345                                                                               |  27|   0|   27|          0|
    |sX_3                                                                                            |  32|   0|   32|          0|
    |sY_3                                                                                            |  32|   0|   32|          0|
    |select_ln313_reg_390                                                                            |  32|   0|   32|          0|
    |select_ln318_reg_375                                                                            |  32|   0|   32|          0|
    |void_compute_output_buffer_2d_array_const_ap_shift_reg_n_chan_stream_weig_10                    |  16|   0|   16|          0|
    |void_compute_output_buffer_2d_array_const_ap_shift_reg_n_chan_stream_weig_11                    |  16|   0|   16|          0|
    |void_compute_output_buffer_2d_array_const_ap_shift_reg_n_chan_stream_weig_12                    |  16|   0|   16|          0|
    |void_compute_output_buffer_2d_array_const_ap_shift_reg_n_chan_stream_weig_13                    |  16|   0|   16|          0|
    |void_compute_output_buffer_2d_array_const_ap_shift_reg_n_chan_stream_weig_14                    |  16|   0|   16|          0|
    |void_compute_output_buffer_2d_array_const_ap_shift_reg_n_chan_stream_weig_15                    |  16|   0|   16|          0|
    |void_compute_output_buffer_2d_array_const_ap_shift_reg_n_chan_stream_weig_16                    |  16|   0|   16|          0|
    |void_compute_output_buffer_2d_array_const_ap_shift_reg_n_chan_stream_weig_17                    |  16|   0|   16|          0|
    |void_compute_output_buffer_2d_array_const_ap_shift_reg_n_chan_stream_weig_18                    |  16|   0|   16|          0|
    +------------------------------------------------------------------------------------------------+----+----+-----+-----------+
    |Total                                                                                           | 521|   0|  521|          0|
    +------------------------------------------------------------------------------------------------+----+----+-----+-----------+



================================================================
== Interface
================================================================
* Summary: 
+---------------------------+-----+-----+------------+-------------------------------------------------------------------------+--------------+
|         RTL Ports         | Dir | Bits|  Protocol  |                              Source Object                              |    C Type    |
+---------------------------+-----+-----+------------+-------------------------------------------------------------------------+--------------+
|ap_clk                     |   in|    1|  ap_ctrl_hs|  compute_output_buffer_2d<array,array<ap_fixed<27,11,5,3,0>,4u>,config2>|  return value|
|ap_rst                     |   in|    1|  ap_ctrl_hs|  compute_output_buffer_2d<array,array<ap_fixed<27,11,5,3,0>,4u>,config2>|  return value|
|ap_start                   |   in|    1|  ap_ctrl_hs|  compute_output_buffer_2d<array,array<ap_fixed<27,11,5,3,0>,4u>,config2>|  return value|
|ap_done                    |  out|    1|  ap_ctrl_hs|  compute_output_buffer_2d<array,array<ap_fixed<27,11,5,3,0>,4u>,config2>|  return value|
|ap_idle                    |  out|    1|  ap_ctrl_hs|  compute_output_buffer_2d<array,array<ap_fixed<27,11,5,3,0>,4u>,config2>|  return value|
|ap_ready                   |  out|    1|  ap_ctrl_hs|  compute_output_buffer_2d<array,array<ap_fixed<27,11,5,3,0>,4u>,config2>|  return value|
|p_read                     |   in|   16|     ap_none|                                                                   p_read|        scalar|
|layer2_out_din             |  out|  108|     ap_fifo|                                                               layer2_out|       pointer|
|layer2_out_num_data_valid  |   in|    7|     ap_fifo|                                                               layer2_out|       pointer|
|layer2_out_fifo_cap        |   in|    7|     ap_fifo|                                                               layer2_out|       pointer|
|layer2_out_full_n          |   in|    1|     ap_fifo|                                                               layer2_out|       pointer|
|layer2_out_write           |  out|    1|     ap_fifo|                                                               layer2_out|       pointer|
+---------------------------+-----+-----+------------+-------------------------------------------------------------------------+--------------+

