

================================================================
== Vitis HLS Report for 'conv_2d_cl_array_ap_ufixed_4u_array_ap_fixed_19_8_5_3_0_8u_config6_s'
================================================================
* Date:           Thu Jul  2 23:53:14 2026

* Version:        2022.2 (Build 3670227 on Oct 13 2022)
* Project:        myproject_prj
* Solution:       solution1 (Vivado IP Flow Target)
* Product family: zynq
* Target device:  xc7z020-clg400-1


================================================================
== Performance Estimates
================================================================
+ Timing: 
    * Summary: 
    +--------+---------+----------+------------+
    |  Clock |  Target | Estimated| Uncertainty|
    +--------+---------+----------+------------+
    |ap_clk  |  5.00 ns|  4.842 ns|     1.35 ns|
    +--------+---------+----------+------------+

+ Latency: 
    * Summary: 
    +---------+---------+----------+----------+-----+-----+---------+
    |  Latency (cycles) |  Latency (absolute) |  Interval | Pipeline|
    |   min   |   max   |    min   |    max   | min | max |   Type  |
    +---------+---------+----------+----------+-----+-----+---------+
    |      253|      865|  1.265 us|  4.325 us|  253|  865|       no|
    +---------+---------+----------+----------+-----+-----+---------+

    + Detail: 
        * Instance: 
        +----------------------------------------------------------------------------------+-----------------------------------------------------------------------+---------+---------+-----------+----------+-----+-----+---------+
        |                                                                                  |                                                                       |  Latency (cycles) |  Latency (absolute)  |  Interval | Pipeline|
        |                                     Instance                                     |                                 Module                                |   min   |   max   |    min    |    max   | min | max |   Type  |
        +----------------------------------------------------------------------------------+-----------------------------------------------------------------------+---------+---------+-----------+----------+-----+-----+---------+
        |grp_compute_output_buffer_2d_array_array_ap_fixed_19_8_5_3_0_8u_config6_s_fu_158  |compute_output_buffer_2d_array_array_ap_fixed_19_8_5_3_0_8u_config6_s  |        5|       22|  25.000 ns|  0.110 us|    5|   22|       no|
        +----------------------------------------------------------------------------------+-----------------------------------------------------------------------+---------+---------+-----------+----------+-----+-----+---------+

        * Loop: 
        +----------------------------------+---------+---------+----------+-----------+-----------+------+----------+
        |                                  |  Latency (cycles) | Iteration|  Initiation Interval  | Trip |          |
        |             Loop Name            |   min   |   max   |  Latency |  achieved |   target  | Count| Pipelined|
        +----------------------------------+---------+---------+----------+-----------+-----------+------+----------+
        |- ReadInputHeight_ReadInputWidth  |      252|      864|    7 ~ 24|          -|          -|    36|        no|
        +----------------------------------+---------+---------+----------+-----------+-----------+------+----------+



================================================================
== Utilization Estimates
================================================================
* Summary: 
+-----------------+---------+-----+--------+-------+-----+
|       Name      | BRAM_18K| DSP |   FF   |  LUT  | URAM|
+-----------------+---------+-----+--------+-------+-----+
|DSP              |        -|    -|       -|      -|    -|
|Expression       |        -|    -|       0|     28|    -|
|FIFO             |        -|    -|       -|      -|    -|
|Instance         |        6|   32|    2579|   2249|    -|
|Memory           |        -|    -|       -|      -|    -|
|Multiplexer      |        -|    -|       -|     65|    -|
|Register         |        -|    -|      36|      -|    -|
+-----------------+---------+-----+--------+-------+-----+
|Total            |        6|   32|    2615|   2342|    0|
+-----------------+---------+-----+--------+-------+-----+
|Available        |      280|  220|  106400|  53200|    0|
+-----------------+---------+-----+--------+-------+-----+
|Utilization (%)  |        2|   14|       2|      4|    0|
+-----------------+---------+-----+--------+-------+-----+

+ Detail: 
    * Instance: 
    +----------------------------------------------------------------------------------+-----------------------------------------------------------------------+---------+----+------+------+-----+
    |                                     Instance                                     |                                 Module                                | BRAM_18K| DSP|  FF  |  LUT | URAM|
    +----------------------------------------------------------------------------------+-----------------------------------------------------------------------+---------+----+------+------+-----+
    |grp_compute_output_buffer_2d_array_array_ap_fixed_19_8_5_3_0_8u_config6_s_fu_158  |compute_output_buffer_2d_array_array_ap_fixed_19_8_5_3_0_8u_config6_s  |        6|  32|  2579|  2249|    0|
    +----------------------------------------------------------------------------------+-----------------------------------------------------------------------+---------+----+------+------+-----+
    |Total                                                                             |                                                                       |        6|  32|  2579|  2249|    0|
    +----------------------------------------------------------------------------------+-----------------------------------------------------------------------+---------+----+------+------+-----+

    * DSP: 
    N/A

    * Memory: 
    N/A

    * FIFO: 
    N/A

    * Expression: 
    +---------------------+----------+----+---+----+------------+------------+
    |    Variable Name    | Operation| DSP| FF| LUT| Bitwidth P0| Bitwidth P1|
    +---------------------+----------+----+---+----+------------+------------+
    |add_ln51_fu_280_p2   |         +|   0|  0|  14|           6|           1|
    |ap_block_state2      |       and|   0|  0|   2|           1|           1|
    |icmp_ln51_fu_274_p2  |      icmp|   0|  0|  10|           6|           6|
    |ap_block_state1      |        or|   0|  0|   2|           1|           1|
    +---------------------+----------+----+---+----+------------+------------+
    |Total                |          |   0|  0|  28|          14|           9|
    +---------------------+----------+----+---+----+------------+------------+

    * Multiplexer: 
    +-----------------------+----+-----------+-----+-----------+
    |          Name         | LUT| Input Size| Bits| Total Bits|
    +-----------------------+----+-----------+-----+-----------+
    |ap_NS_fsm              |  20|          4|    1|          4|
    |ap_done                |   9|          2|    1|          2|
    |indvar_flatten_fu_148  |   9|          2|    6|         12|
    |layer19_out_blk_n      |   9|          2|    1|          2|
    |layer6_out_write       |   9|          2|    1|          2|
    |real_start             |   9|          2|    1|          2|
    +-----------------------+----+-----------+-----+-----------+
    |Total                  |  65|         14|   11|         24|
    +-----------------------+----+-----------+-----+-----------+

    * Register: 
    +-----------------------------------------------------------------------------------------------+---+----+-----+-----------+
    |                                              Name                                             | FF| LUT| Bits| Const Bits|
    +-----------------------------------------------------------------------------------------------+---+----+-----+-----------+
    |ap_CS_fsm                                                                                      |  3|   0|    3|          0|
    |ap_done_reg                                                                                    |  1|   0|    1|          0|
    |grp_compute_output_buffer_2d_array_array_ap_fixed_19_8_5_3_0_8u_config6_s_fu_158_ap_start_reg  |  1|   0|    1|          0|
    |indvar_flatten_fu_148                                                                          |  6|   0|    6|          0|
    |start_once_reg                                                                                 |  1|   0|    1|          0|
    |trunc_ln57_2_reg_344                                                                           |  6|   0|    6|          0|
    |trunc_ln57_3_reg_349                                                                           |  6|   0|    6|          0|
    |trunc_ln57_5_reg_354                                                                           |  6|   0|    6|          0|
    |trunc_ln57_reg_339                                                                             |  6|   0|    6|          0|
    +-----------------------------------------------------------------------------------------------+---+----+-----+-----------+
    |Total                                                                                          | 36|   0|   36|          0|
    +-----------------------------------------------------------------------------------------------+---+----+-----+-----------+



================================================================
== Interface
================================================================
* Summary: 
+----------------------------+-----+-----+------------+------------------------------------------------------------------------+--------------+
|          RTL Ports         | Dir | Bits|  Protocol  |                              Source Object                             |    C Type    |
+----------------------------+-----+-----+------------+------------------------------------------------------------------------+--------------+
|ap_clk                      |   in|    1|  ap_ctrl_hs|  conv_2d_cl<array<ap_ufixed,4u>,array<ap_fixed<19,8,5,3,0>,8u>,config6>|  return value|
|ap_rst                      |   in|    1|  ap_ctrl_hs|  conv_2d_cl<array<ap_ufixed,4u>,array<ap_fixed<19,8,5,3,0>,8u>,config6>|  return value|
|ap_start                    |   in|    1|  ap_ctrl_hs|  conv_2d_cl<array<ap_ufixed,4u>,array<ap_fixed<19,8,5,3,0>,8u>,config6>|  return value|
|start_full_n                |   in|    1|  ap_ctrl_hs|  conv_2d_cl<array<ap_ufixed,4u>,array<ap_fixed<19,8,5,3,0>,8u>,config6>|  return value|
|ap_done                     |  out|    1|  ap_ctrl_hs|  conv_2d_cl<array<ap_ufixed,4u>,array<ap_fixed<19,8,5,3,0>,8u>,config6>|  return value|
|ap_continue                 |   in|    1|  ap_ctrl_hs|  conv_2d_cl<array<ap_ufixed,4u>,array<ap_fixed<19,8,5,3,0>,8u>,config6>|  return value|
|ap_idle                     |  out|    1|  ap_ctrl_hs|  conv_2d_cl<array<ap_ufixed,4u>,array<ap_fixed<19,8,5,3,0>,8u>,config6>|  return value|
|ap_ready                    |  out|    1|  ap_ctrl_hs|  conv_2d_cl<array<ap_ufixed,4u>,array<ap_fixed<19,8,5,3,0>,8u>,config6>|  return value|
|start_out                   |  out|    1|  ap_ctrl_hs|  conv_2d_cl<array<ap_ufixed,4u>,array<ap_fixed<19,8,5,3,0>,8u>,config6>|  return value|
|start_write                 |  out|    1|  ap_ctrl_hs|  conv_2d_cl<array<ap_ufixed,4u>,array<ap_fixed<19,8,5,3,0>,8u>,config6>|  return value|
|layer19_out_dout            |   in|   24|     ap_fifo|                                                             layer19_out|       pointer|
|layer19_out_num_data_valid  |   in|    7|     ap_fifo|                                                             layer19_out|       pointer|
|layer19_out_fifo_cap        |   in|    7|     ap_fifo|                                                             layer19_out|       pointer|
|layer19_out_empty_n         |   in|    1|     ap_fifo|                                                             layer19_out|       pointer|
|layer19_out_read            |  out|    1|     ap_fifo|                                                             layer19_out|       pointer|
|layer6_out_din              |  out|  152|     ap_fifo|                                                              layer6_out|       pointer|
|layer6_out_num_data_valid   |   in|    5|     ap_fifo|                                                              layer6_out|       pointer|
|layer6_out_fifo_cap         |   in|    5|     ap_fifo|                                                              layer6_out|       pointer|
|layer6_out_full_n           |   in|    1|     ap_fifo|                                                              layer6_out|       pointer|
|layer6_out_write            |  out|    1|     ap_fifo|                                                              layer6_out|       pointer|
+----------------------------+-----+-----+------------+------------------------------------------------------------------------+--------------+

