

================================================================
== Vitis HLS Report for 'conv_2d_cl_array_ap_fixed_1u_array_ap_fixed_27_11_5_3_0_4u_config2_s'
================================================================
* Date:           Thu Jul  2 23:53:12 2026

* Version:        2022.2 (Build 3670227 on Oct 13 2022)
* Project:        myproject_prj
* Solution:       solution1 (Vivado IP Flow Target)
* Product family: zynq
* Target device:  xc7z020-clg400-1


================================================================
== Performance Estimates
================================================================
+ Timing: 
    * Summary: 
    +--------+---------+----------+------------+
    |  Clock |  Target | Estimated| Uncertainty|
    +--------+---------+----------+------------+
    |ap_clk  |  5.00 ns|  4.842 ns|     1.35 ns|
    +--------+---------+----------+------------+

+ Latency: 
    * Summary: 
    +---------+---------+----------+-----------+-----+------+---------+
    |  Latency (cycles) |  Latency (absolute)  |  Interval  | Pipeline|
    |   min   |   max   |    min   |    max    | min |  max |   Type  |
    +---------+---------+----------+-----------+-----+------+---------+
    |      701|     2201|  3.505 us|  11.005 us|  701|  2201|       no|
    +---------+---------+----------+-----------+-----+------+---------+

    + Detail: 
        * Instance: 
        +----------------------------------------------------------------------------------+------------------------------------------------------------------------+---------+---------+-----------+----------+-----+-----+---------+
        |                                                                                  |                                                                        |  Latency (cycles) |  Latency (absolute)  |  Interval | Pipeline|
        |                                     Instance                                     |                                 Module                                 |   min   |   max   |    min    |    max   | min | max |   Type  |
        +----------------------------------------------------------------------------------+------------------------------------------------------------------------+---------+---------+-----------+----------+-----+-----+---------+
        |grp_compute_output_buffer_2d_array_array_ap_fixed_27_11_5_3_0_4u_config2_s_fu_78  |compute_output_buffer_2d_array_array_ap_fixed_27_11_5_3_0_4u_config2_s  |        5|       20|  25.000 ns|  0.100 us|    5|   20|       no|
        +----------------------------------------------------------------------------------+------------------------------------------------------------------------+---------+---------+-----------+----------+-----+-----+---------+

        * Loop: 
        +----------------------------------+---------+---------+----------+-----------+-----------+------+----------+
        |                                  |  Latency (cycles) | Iteration|  Initiation Interval  | Trip |          |
        |             Loop Name            |   min   |   max   |  Latency |  achieved |   target  | Count| Pipelined|
        +----------------------------------+---------+---------+----------+-----------+-----------+------+----------+
        |- ReadInputHeight_ReadInputWidth  |      700|     2200|    7 ~ 22|          -|          -|   100|        no|
        +----------------------------------+---------+---------+----------+-----------+-----------+------+----------+



================================================================
== Utilization Estimates
================================================================
* Summary: 
+-----------------+---------+-----+--------+-------+-----+
|       Name      | BRAM_18K| DSP |   FF   |  LUT  | URAM|
+-----------------+---------+-----+--------+-------+-----+
|DSP              |        -|    -|       -|      -|    -|
|Expression       |        -|    -|       0|     28|    -|
|FIFO             |        -|    -|       -|      -|    -|
|Instance         |        1|    4|    1161|   1037|    -|
|Memory           |        -|    -|       -|      -|    -|
|Multiplexer      |        -|    -|       -|     65|    -|
|Register         |        -|    -|      29|      -|    -|
+-----------------+---------+-----+--------+-------+-----+
|Total            |        1|    4|    1190|   1130|    0|
+-----------------+---------+-----+--------+-------+-----+
|Available        |      280|  220|  106400|  53200|    0|
+-----------------+---------+-----+--------+-------+-----+
|Utilization (%)  |       ~0|    1|       1|      2|    0|
+-----------------+---------+-----+--------+-------+-----+

+ Detail: 
    * Instance: 
    +----------------------------------------------------------------------------------+------------------------------------------------------------------------+---------+----+------+------+-----+
    |                                     Instance                                     |                                 Module                                 | BRAM_18K| DSP|  FF  |  LUT | URAM|
    +----------------------------------------------------------------------------------+------------------------------------------------------------------------+---------+----+------+------+-----+
    |grp_compute_output_buffer_2d_array_array_ap_fixed_27_11_5_3_0_4u_config2_s_fu_78  |compute_output_buffer_2d_array_array_ap_fixed_27_11_5_3_0_4u_config2_s  |        1|   4|  1161|  1037|    0|
    +----------------------------------------------------------------------------------+------------------------------------------------------------------------+---------+----+------+------+-----+
    |Total                                                                             |                                                                        |        1|   4|  1161|  1037|    0|
    +----------------------------------------------------------------------------------+------------------------------------------------------------------------+---------+----+------+------+-----+

    * DSP: 
    N/A

    * Memory: 
    N/A

    * FIFO: 
    N/A

    * Expression: 
    +---------------------+----------+----+---+----+------------+------------+
    |    Variable Name    | Operation| DSP| FF| LUT| Bitwidth P0| Bitwidth P1|
    +---------------------+----------+----+---+----+------------+------------+
    |add_ln51_fu_132_p2   |         +|   0|  0|  14|           7|           1|
    |ap_block_state2      |       and|   0|  0|   2|           1|           1|
    |icmp_ln51_fu_126_p2  |      icmp|   0|  0|  10|           7|           6|
    |ap_block_state1      |        or|   0|  0|   2|           1|           1|
    +---------------------+----------+----+---+----+------------+------------+
    |Total                |          |   0|  0|  28|          16|           9|
    +---------------------+----------+----+---+----+------------+------------+

    * Multiplexer: 
    +----------------------+----+-----------+-----+-----------+
    |         Name         | LUT| Input Size| Bits| Total Bits|
    +----------------------+----+-----------+-----+-----------+
    |ap_NS_fsm             |  20|          4|    1|          4|
    |ap_done               |   9|          2|    1|          2|
    |indvar_flatten_fu_68  |   9|          2|    7|         14|
    |layer18_out_blk_n     |   9|          2|    1|          2|
    |layer2_out_write      |   9|          2|    1|          2|
    |real_start            |   9|          2|    1|          2|
    +----------------------+----+-----------+-----+-----------+
    |Total                 |  65|         14|   12|         26|
    +----------------------+----+-----------+-----+-----------+

    * Register: 
    +-----------------------------------------------------------------------------------------------+----+----+-----+-----------+
    |                                              Name                                             | FF | LUT| Bits| Const Bits|
    +-----------------------------------------------------------------------------------------------+----+----+-----+-----------+
    |ap_CS_fsm                                                                                      |   3|   0|    3|          0|
    |ap_done_reg                                                                                    |   1|   0|    1|          0|
    |grp_compute_output_buffer_2d_array_array_ap_fixed_27_11_5_3_0_4u_config2_s_fu_78_ap_start_reg  |   1|   0|    1|          0|
    |indvar_flatten_fu_68                                                                           |   7|   0|    7|          0|
    |layer18_out_read_reg_153                                                                       |  16|   0|   16|          0|
    |start_once_reg                                                                                 |   1|   0|    1|          0|
    +-----------------------------------------------------------------------------------------------+----+----+-----+-----------+
    |Total                                                                                          |  29|   0|   29|          0|
    +-----------------------------------------------------------------------------------------------+----+----+-----+-----------+



================================================================
== Interface
================================================================
* Summary: 
+----------------------------+-----+-----+------------+------------------------------------------------------------------------+--------------+
|          RTL Ports         | Dir | Bits|  Protocol  |                              Source Object                             |    C Type    |
+----------------------------+-----+-----+------------+------------------------------------------------------------------------+--------------+
|ap_clk                      |   in|    1|  ap_ctrl_hs|  conv_2d_cl<array<ap_fixed,1u>,array<ap_fixed<27,11,5,3,0>,4u>,config2>|  return value|
|ap_rst                      |   in|    1|  ap_ctrl_hs|  conv_2d_cl<array<ap_fixed,1u>,array<ap_fixed<27,11,5,3,0>,4u>,config2>|  return value|
|ap_start                    |   in|    1|  ap_ctrl_hs|  conv_2d_cl<array<ap_fixed,1u>,array<ap_fixed<27,11,5,3,0>,4u>,config2>|  return value|
|start_full_n                |   in|    1|  ap_ctrl_hs|  conv_2d_cl<array<ap_fixed,1u>,array<ap_fixed<27,11,5,3,0>,4u>,config2>|  return value|
|ap_done                     |  out|    1|  ap_ctrl_hs|  conv_2d_cl<array<ap_fixed,1u>,array<ap_fixed<27,11,5,3,0>,4u>,config2>|  return value|
|ap_continue                 |   in|    1|  ap_ctrl_hs|  conv_2d_cl<array<ap_fixed,1u>,array<ap_fixed<27,11,5,3,0>,4u>,config2>|  return value|
|ap_idle                     |  out|    1|  ap_ctrl_hs|  conv_2d_cl<array<ap_fixed,1u>,array<ap_fixed<27,11,5,3,0>,4u>,config2>|  return value|
|ap_ready                    |  out|    1|  ap_ctrl_hs|  conv_2d_cl<array<ap_fixed,1u>,array<ap_fixed<27,11,5,3,0>,4u>,config2>|  return value|
|start_out                   |  out|    1|  ap_ctrl_hs|  conv_2d_cl<array<ap_fixed,1u>,array<ap_fixed<27,11,5,3,0>,4u>,config2>|  return value|
|start_write                 |  out|    1|  ap_ctrl_hs|  conv_2d_cl<array<ap_fixed,1u>,array<ap_fixed<27,11,5,3,0>,4u>,config2>|  return value|
|layer18_out_dout            |   in|   16|     ap_fifo|                                                             layer18_out|       pointer|
|layer18_out_num_data_valid  |   in|    8|     ap_fifo|                                                             layer18_out|       pointer|
|layer18_out_fifo_cap        |   in|    8|     ap_fifo|                                                             layer18_out|       pointer|
|layer18_out_empty_n         |   in|    1|     ap_fifo|                                                             layer18_out|       pointer|
|layer18_out_read            |  out|    1|     ap_fifo|                                                             layer18_out|       pointer|
|layer2_out_din              |  out|  108|     ap_fifo|                                                              layer2_out|       pointer|
|layer2_out_num_data_valid   |   in|    7|     ap_fifo|                                                              layer2_out|       pointer|
|layer2_out_fifo_cap         |   in|    7|     ap_fifo|                                                              layer2_out|       pointer|
|layer2_out_full_n           |   in|    1|     ap_fifo|                                                              layer2_out|       pointer|
|layer2_out_write            |  out|    1|     ap_fifo|                                                              layer2_out|       pointer|
+----------------------------+-----+-----+------------+------------------------------------------------------------------------+--------------+

