

================================================================
== Vitis HLS Report for 'dense_array_ap_ufixed_32u_array_ap_fixed_16_5_0_0_0_10u_config15_s'
================================================================
* Date:           Thu Jul  2 23:53:19 2026

* Version:        2022.2 (Build 3670227 on Oct 13 2022)
* Project:        myproject_prj
* Solution:       solution1 (Vivado IP Flow Target)
* Product family: zynq
* Target device:  xc7z020-clg400-1


================================================================
== Performance Estimates
================================================================
+ Timing: 
    * Summary: 
    +--------+---------+----------+------------+
    |  Clock |  Target | Estimated| Uncertainty|
    +--------+---------+----------+------------+
    |ap_clk  |  5.00 ns|  3.413 ns|     1.35 ns|
    +--------+---------+----------+------------+

+ Latency: 
    * Summary: 
    +---------+---------+----------+----------+-----+-----+------------------------------------------+
    |  Latency (cycles) |  Latency (absolute) |  Interval |                 Pipeline                 |
    |   min   |   max   |    min   |    max   | min | max |                   Type                   |
    +---------+---------+----------+----------+-----+-----+------------------------------------------+
    |       23|       24|  0.115 us|  0.120 us|   16|   16|  loop rewind stp(delay=0 clock cycles(s))|
    +---------+---------+----------+----------+-----+-----+------------------------------------------+

    + Detail: 
        * Instance: 
        N/A

        * Loop: 
        +-------------+---------+---------+----------+-----------+-----------+------+----------+
        |             |  Latency (cycles) | Iteration|  Initiation Interval  | Trip |          |
        |  Loop Name  |   min   |   max   |  Latency |  achieved |   target  | Count| Pipelined|
        +-------------+---------+---------+----------+-----------+-----------+------+----------+
        |- ReuseLoop  |       23|       23|         9|          1|          1|    16|       yes|
        +-------------+---------+---------+----------+-----------+-----------+------+----------+



================================================================
== Utilization Estimates
================================================================
* Summary: 
+-----------------+---------+-----+--------+-------+-----+
|       Name      | BRAM_18K| DSP |   FF   |  LUT  | URAM|
+-----------------+---------+-----+--------+-------+-----+
|DSP              |        -|   10|       -|      -|    -|
|Expression       |        -|    -|       0|    266|    -|
|FIFO             |        -|    -|       -|      -|    -|
|Instance         |        -|   10|       0|    130|    -|
|Memory           |        4|    -|       0|      0|    -|
|Multiplexer      |        -|    -|       -|    783|    -|
|Register         |        -|    -|    1050|     32|    -|
+-----------------+---------+-----+--------+-------+-----+
|Total            |        4|   20|    1050|   1211|    0|
+-----------------+---------+-----+--------+-------+-----+
|Available        |      280|  220|  106400|  53200|    0|
+-----------------+---------+-----+--------+-------+-----+
|Utilization (%)  |        1|    9|      ~0|      2|    0|
+-----------------+---------+-----+--------+-------+-----+

+ Detail: 
    * Instance: 
    +------------------------+-------------------+---------+----+---+----+-----+
    |        Instance        |       Module      | BRAM_18K| DSP| FF| LUT| URAM|
    +------------------------+-------------------+---------+----+---+----+-----+
    |mul_6s_6ns_12_3_1_U359  |mul_6s_6ns_12_3_1  |        0|   1|  0|   0|    0|
    |mul_6s_6ns_12_3_1_U360  |mul_6s_6ns_12_3_1  |        0|   1|  0|   0|    0|
    |mul_6s_6ns_12_3_1_U361  |mul_6s_6ns_12_3_1  |        0|   1|  0|   0|    0|
    |mul_6s_6ns_12_3_1_U362  |mul_6s_6ns_12_3_1  |        0|   1|  0|   0|    0|
    |mul_6s_6ns_12_3_1_U363  |mul_6s_6ns_12_3_1  |        0|   1|  0|   0|    0|
    |mul_6s_6ns_12_3_1_U364  |mul_6s_6ns_12_3_1  |        0|   1|  0|   0|    0|
    |mul_6s_6ns_12_3_1_U365  |mul_6s_6ns_12_3_1  |        0|   1|  0|   0|    0|
    |mul_6s_6ns_12_3_1_U366  |mul_6s_6ns_12_3_1  |        0|   1|  0|   0|    0|
    |mul_6s_6ns_12_3_1_U367  |mul_6s_6ns_12_3_1  |        0|   1|  0|   0|    0|
    |mul_6s_6ns_12_3_1_U368  |mul_6s_6ns_12_3_1  |        0|   1|  0|   0|    0|
    |mux_164_6_1_1_U357      |mux_164_6_1_1      |        0|   0|  0|  65|    0|
    |mux_164_6_1_1_U358      |mux_164_6_1_1      |        0|   0|  0|  65|    0|
    +------------------------+-------------------+---------+----+---+----+-----+
    |Total                   |                   |        0|  10|  0| 130|    0|
    +------------------------+-------------------+---------+----+---+----+-----+

    * DSP: 
    +-----------------------------------+------------------------------+--------------+
    |              Instance             |            Module            |  Expression  |
    +-----------------------------------+------------------------------+--------------+
    |mac_muladd_6s_6ns_12s_13_3_1_U369  |mac_muladd_6s_6ns_12s_13_3_1  |  i0 + i1 * i2|
    |mac_muladd_6s_6ns_12s_13_3_1_U370  |mac_muladd_6s_6ns_12s_13_3_1  |  i0 + i1 * i2|
    |mac_muladd_6s_6ns_12s_13_3_1_U371  |mac_muladd_6s_6ns_12s_13_3_1  |  i0 + i1 * i2|
    |mac_muladd_6s_6ns_12s_13_3_1_U372  |mac_muladd_6s_6ns_12s_13_3_1  |  i0 + i1 * i2|
    |mac_muladd_6s_6ns_12s_13_3_1_U373  |mac_muladd_6s_6ns_12s_13_3_1  |  i0 + i1 * i2|
    |mac_muladd_6s_6ns_12s_13_3_1_U374  |mac_muladd_6s_6ns_12s_13_3_1  |  i0 + i1 * i2|
    |mac_muladd_6s_6ns_12s_13_3_1_U375  |mac_muladd_6s_6ns_12s_13_3_1  |  i0 + i1 * i2|
    |mac_muladd_6s_6ns_12s_13_3_1_U376  |mac_muladd_6s_6ns_12s_13_3_1  |  i0 + i1 * i2|
    |mac_muladd_6s_6ns_12s_13_3_1_U377  |mac_muladd_6s_6ns_12s_13_3_1  |  i0 + i1 * i2|
    |mac_muladd_6s_6ns_12s_13_3_1_U378  |mac_muladd_6s_6ns_12s_13_3_1  |  i0 + i1 * i2|
    +-----------------------------------+------------------------------+--------------+

    * Memory: 
    +-------+----------------------------------------------------------------------------------+---------+---+----+-----+------+-----+------+-------------+
    | Memory|                                      Module                                      | BRAM_18K| FF| LUT| URAM| Words| Bits| Banks| W*Bits*Banks|
    +-------+----------------------------------------------------------------------------------+---------+---+----+-----+------+-----+------+-------------+
    |w15_U  |dense_array_ap_ufixed_32u_array_ap_fixed_16_5_0_0_0_10u_config15_s_w15_ROM_NPAem  |        4|  0|   0|    0|    16|  120|     1|         1920|
    +-------+----------------------------------------------------------------------------------+---------+---+----+-----+------+-----+------+-------------+
    |Total  |                                                                                  |        4|  0|   0|    0|    16|  120|     1|         1920|
    +-------+----------------------------------------------------------------------------------+---------+---+----+-----+------+-----+------+-------------+

    * FIFO: 
    N/A

    * Expression: 
    +-----------------------------------+----------+----+---+----+------------+------------+
    |           Variable Name           | Operation| DSP| FF| LUT| Bitwidth P0| Bitwidth P1|
    +-----------------------------------+----------+----+---+----+------------+------------+
    |res_V_1_fu_2038_p2                 |         +|   0|  0|  23|          16|          16|
    |res_V_2_fu_2047_p2                 |         +|   0|  0|  23|          16|          16|
    |res_V_3_fu_2056_p2                 |         +|   0|  0|  23|          16|          16|
    |res_V_4_fu_2065_p2                 |         +|   0|  0|  23|          16|          16|
    |res_V_5_fu_2074_p2                 |         +|   0|  0|  23|          16|          16|
    |res_V_6_fu_2083_p2                 |         +|   0|  0|  23|          16|          16|
    |res_V_7_fu_2092_p2                 |         +|   0|  0|  23|          16|          16|
    |res_V_8_fu_2101_p2                 |         +|   0|  0|  23|          16|          16|
    |res_V_9_fu_2110_p2                 |         +|   0|  0|  23|          16|          16|
    |res_V_fu_2029_p2                   |         +|   0|  0|  23|          16|          16|
    |w_index_fu_1237_p2                 |         +|   0|  0|  13|           4|           1|
    |ap_block_state10_pp0_stage0_iter8  |       and|   0|  0|   2|           1|           1|
    |ap_block_state3_pp0_stage0_iter1   |       and|   0|  0|   2|           1|           1|
    |ap_condition_106                   |       and|   0|  0|   2|           1|           1|
    |ap_condition_521                   |       and|   0|  0|   2|           1|           1|
    |icmp_ln46_fu_1243_p2               |      icmp|   0|  0|   9|           4|           2|
    |ap_block_pp0_stage0_01001          |        or|   0|  0|   2|           1|           1|
    |ap_block_state1                    |        or|   0|  0|   2|           1|           1|
    |ap_enable_pp0                      |       xor|   0|  0|   2|           1|           2|
    +-----------------------------------+----------+----+---+----+------------+------------+
    |Total                              |          |   0|  0| 266|         175|         171|
    +-----------------------------------+----------+----+---+----+------------+------------+

    * Multiplexer: 
    +-------------------------------------+----+-----------+-----+-----------+
    |                 Name                | LUT| Input Size| Bits| Total Bits|
    +-------------------------------------+----+-----------+-----+-----------+
    |ap_NS_fsm                            |  14|          3|    1|          3|
    |ap_done                              |   9|          2|    1|          2|
    |ap_enable_reg_pp0_iter1              |   9|          2|    1|          2|
    |ap_enable_reg_pp0_iter8              |   9|          2|    1|          2|
    |ap_phi_mux_do_init_phi_fu_238_p6     |  14|          3|    1|          3|
    |ap_phi_mux_res_V22_phi_fu_1101_p6    |  14|          3|   16|         48|
    |ap_phi_mux_res_V_120_phi_fu_1115_p6  |  14|          3|   16|         48|
    |ap_phi_mux_res_V_218_phi_fu_1129_p6  |  14|          3|   16|         48|
    |ap_phi_mux_res_V_316_phi_fu_1143_p6  |  14|          3|   16|         48|
    |ap_phi_mux_res_V_414_phi_fu_1157_p6  |  14|          3|   16|         48|
    |ap_phi_mux_res_V_512_phi_fu_1171_p6  |  14|          3|   16|         48|
    |ap_phi_mux_res_V_610_phi_fu_1185_p6  |  14|          3|   16|         48|
    |ap_phi_mux_res_V_78_phi_fu_1199_p6   |  14|          3|   16|         48|
    |ap_phi_mux_res_V_86_phi_fu_1213_p6   |  14|          3|   16|         48|
    |ap_phi_mux_res_V_94_phi_fu_1227_p6   |  14|          3|   16|         48|
    |ap_phi_mux_w_index3_phi_fu_254_p6    |  14|          3|    4|         12|
    |data_V_1_phi_reg_1061                |  14|          3|    6|         18|
    |data_V_2_phi_reg_713                 |  14|          3|    6|         18|
    |data_V_32_phi_reg_1049               |  14|          3|    6|         18|
    |data_V_33_phi_reg_1037               |  14|          3|    6|         18|
    |data_V_34_phi_reg_1025               |  14|          3|    6|         18|
    |data_V_35_phi_reg_1013               |  14|          3|    6|         18|
    |data_V_36_phi_reg_1001               |  14|          3|    6|         18|
    |data_V_37_phi_reg_989                |  14|          3|    6|         18|
    |data_V_38_phi_reg_977                |  14|          3|    6|         18|
    |data_V_39_phi_reg_965                |  14|          3|    6|         18|
    |data_V_40_phi_reg_953                |  14|          3|    6|         18|
    |data_V_41_phi_reg_941                |  14|          3|    6|         18|
    |data_V_42_phi_reg_929                |  14|          3|    6|         18|
    |data_V_43_phi_reg_917                |  14|          3|    6|         18|
    |data_V_44_phi_reg_905                |  14|          3|    6|         18|
    |data_V_45_phi_reg_893                |  14|          3|    6|         18|
    |data_V_46_phi_reg_881                |  14|          3|    6|         18|
    |data_V_47_phi_reg_869                |  14|          3|    6|         18|
    |data_V_48_phi_reg_857                |  14|          3|    6|         18|
    |data_V_49_phi_reg_845                |  14|          3|    6|         18|
    |data_V_50_phi_reg_833                |  14|          3|    6|         18|
    |data_V_51_phi_reg_821                |  14|          3|    6|         18|
    |data_V_52_phi_reg_809                |  14|          3|    6|         18|
    |data_V_53_phi_reg_797                |  14|          3|    6|         18|
    |data_V_54_phi_reg_785                |  14|          3|    6|         18|
    |data_V_55_phi_reg_773                |  14|          3|    6|         18|
    |data_V_56_phi_reg_761                |  14|          3|    6|         18|
    |data_V_57_phi_reg_749                |  14|          3|    6|         18|
    |data_V_58_phi_reg_737                |  14|          3|    6|         18|
    |data_V_59_phi_reg_725                |  14|          3|    6|         18|
    |data_V_60_phi_reg_1073               |  14|          3|    6|         18|
    |layer14_out_blk_n                    |   9|          2|    1|          2|
    |layer15_out_blk_n                    |   9|          2|    1|          2|
    |p_phi_reg_1085                       |  14|          3|    6|         18|
    |real_start                           |   9|          2|    1|          2|
    |res_V22_reg_1097                     |   9|          2|   16|         32|
    |res_V_120_reg_1111                   |   9|          2|   16|         32|
    |res_V_218_reg_1125                   |   9|          2|   16|         32|
    |res_V_316_reg_1139                   |   9|          2|   16|         32|
    |res_V_414_reg_1153                   |   9|          2|   16|         32|
    |res_V_512_reg_1167                   |   9|          2|   16|         32|
    |res_V_610_reg_1181                   |   9|          2|   16|         32|
    |res_V_78_reg_1195                    |   9|          2|   16|         32|
    |res_V_86_reg_1209                    |   9|          2|   16|         32|
    |res_V_94_reg_1223                    |   9|          2|   16|         32|
    |w_index3_reg_250                     |   9|          2|    4|          8|
    +-------------------------------------+----+-----------+-----+-----------+
    |Total                                | 783|        169|  528|       1414|
    +-------------------------------------+----+-----------+-----+-----------+

    * Register: 
    +--------------------------------+----+----+-----+-----------+
    |              Name              | FF | LUT| Bits| Const Bits|
    +--------------------------------+----+----+-----+-----------+
    |a_V_38_reg_2237                 |   6|   0|    6|          0|
    |a_V_reg_2227                    |   6|   0|    6|          0|
    |a_V_reg_2227_pp0_iter3_reg      |   6|   0|    6|          0|
    |add_ln813_163_reg_2520          |  13|   0|   13|          0|
    |add_ln813_165_reg_2525          |  13|   0|   13|          0|
    |add_ln813_167_reg_2530          |  13|   0|   13|          0|
    |add_ln813_169_reg_2535          |  13|   0|   13|          0|
    |add_ln813_171_reg_2540          |  13|   0|   13|          0|
    |add_ln813_173_reg_2545          |  13|   0|   13|          0|
    |add_ln813_175_reg_2550          |  13|   0|   13|          0|
    |add_ln813_177_reg_2555          |  13|   0|   13|          0|
    |add_ln813_179_reg_2560          |  13|   0|   13|          0|
    |add_ln813_reg_2515              |  13|   0|   13|          0|
    |ap_CS_fsm                       |   2|   0|    2|          0|
    |ap_done_reg                     |   1|   0|    1|          0|
    |ap_enable_reg_pp0_iter1         |   1|   0|    1|          0|
    |ap_enable_reg_pp0_iter2         |   1|   0|    1|          0|
    |ap_enable_reg_pp0_iter3         |   1|   0|    1|          0|
    |ap_enable_reg_pp0_iter4         |   1|   0|    1|          0|
    |ap_enable_reg_pp0_iter5         |   1|   0|    1|          0|
    |ap_enable_reg_pp0_iter6         |   1|   0|    1|          0|
    |ap_enable_reg_pp0_iter7         |   1|   0|    1|          0|
    |ap_enable_reg_pp0_iter8         |   1|   0|    1|          0|
    |data_V_1_phi_reg_1061           |   6|   0|    6|          0|
    |data_V_2_phi_reg_713            |   6|   0|    6|          0|
    |data_V_32_phi_reg_1049          |   6|   0|    6|          0|
    |data_V_33_phi_reg_1037          |   6|   0|    6|          0|
    |data_V_34_phi_reg_1025          |   6|   0|    6|          0|
    |data_V_35_phi_reg_1013          |   6|   0|    6|          0|
    |data_V_36_phi_reg_1001          |   6|   0|    6|          0|
    |data_V_37_phi_reg_989           |   6|   0|    6|          0|
    |data_V_38_phi_reg_977           |   6|   0|    6|          0|
    |data_V_39_phi_reg_965           |   6|   0|    6|          0|
    |data_V_40_phi_reg_953           |   6|   0|    6|          0|
    |data_V_41_phi_reg_941           |   6|   0|    6|          0|
    |data_V_42_phi_reg_929           |   6|   0|    6|          0|
    |data_V_43_phi_reg_917           |   6|   0|    6|          0|
    |data_V_44_phi_reg_905           |   6|   0|    6|          0|
    |data_V_45_phi_reg_893           |   6|   0|    6|          0|
    |data_V_46_phi_reg_881           |   6|   0|    6|          0|
    |data_V_47_phi_reg_869           |   6|   0|    6|          0|
    |data_V_48_phi_reg_857           |   6|   0|    6|          0|
    |data_V_49_phi_reg_845           |   6|   0|    6|          0|
    |data_V_50_phi_reg_833           |   6|   0|    6|          0|
    |data_V_51_phi_reg_821           |   6|   0|    6|          0|
    |data_V_52_phi_reg_809           |   6|   0|    6|          0|
    |data_V_53_phi_reg_797           |   6|   0|    6|          0|
    |data_V_54_phi_reg_785           |   6|   0|    6|          0|
    |data_V_55_phi_reg_773           |   6|   0|    6|          0|
    |data_V_56_phi_reg_761           |   6|   0|    6|          0|
    |data_V_57_phi_reg_749           |   6|   0|    6|          0|
    |data_V_58_phi_reg_737           |   6|   0|    6|          0|
    |data_V_59_phi_reg_725           |   6|   0|    6|          0|
    |data_V_60_phi_reg_1073          |   6|   0|    6|          0|
    |do_init_reg_234                 |   1|   0|    1|          0|
    |icmp_ln46_reg_2218              |   1|   0|    1|          0|
    |p_phi_reg_1085                  |   6|   0|    6|          0|
    |r_V_200_reg_2465                |  12|   0|   12|          0|
    |r_V_202_reg_2470                |  12|   0|   12|          0|
    |r_V_204_reg_2475                |  12|   0|   12|          0|
    |r_V_206_reg_2480                |  12|   0|   12|          0|
    |r_V_208_reg_2485                |  12|   0|   12|          0|
    |r_V_210_reg_2490                |  12|   0|   12|          0|
    |r_V_212_reg_2495                |  12|   0|   12|          0|
    |r_V_214_reg_2500                |  12|   0|   12|          0|
    |r_V_216_reg_2505                |  12|   0|   12|          0|
    |r_V_218_reg_2510                |  12|   0|   12|          0|
    |res_V22_reg_1097                |  16|   0|   16|          0|
    |res_V_120_reg_1111              |  16|   0|   16|          0|
    |res_V_1_reg_2571                |  16|   0|   16|          0|
    |res_V_218_reg_1125              |  16|   0|   16|          0|
    |res_V_2_reg_2577                |  16|   0|   16|          0|
    |res_V_316_reg_1139              |  16|   0|   16|          0|
    |res_V_3_reg_2583                |  16|   0|   16|          0|
    |res_V_414_reg_1153              |  16|   0|   16|          0|
    |res_V_4_reg_2589                |  16|   0|   16|          0|
    |res_V_512_reg_1167              |  16|   0|   16|          0|
    |res_V_5_reg_2595                |  16|   0|   16|          0|
    |res_V_610_reg_1181              |  16|   0|   16|          0|
    |res_V_6_reg_2601                |  16|   0|   16|          0|
    |res_V_78_reg_1195               |  16|   0|   16|          0|
    |res_V_7_reg_2607                |  16|   0|   16|          0|
    |res_V_86_reg_1209               |  16|   0|   16|          0|
    |res_V_8_reg_2613                |  16|   0|   16|          0|
    |res_V_94_reg_1223               |  16|   0|   16|          0|
    |res_V_9_reg_2619                |  16|   0|   16|          0|
    |res_V_reg_2565                  |  16|   0|   16|          0|
    |start_once_reg                  |   1|   0|    1|          0|
    |w_V_161_reg_2242                |   6|   0|    6|          0|
    |w_V_162_reg_2247                |   6|   0|    6|          0|
    |w_V_162_reg_2247_pp0_iter3_reg  |   6|   0|    6|          0|
    |w_V_163_reg_2252                |   6|   0|    6|          0|
    |w_V_164_reg_2257                |   6|   0|    6|          0|
    |w_V_164_reg_2257_pp0_iter3_reg  |   6|   0|    6|          0|
    |w_V_165_reg_2262                |   6|   0|    6|          0|
    |w_V_166_reg_2267                |   6|   0|    6|          0|
    |w_V_166_reg_2267_pp0_iter3_reg  |   6|   0|    6|          0|
    |w_V_167_reg_2272                |   6|   0|    6|          0|
    |w_V_168_reg_2277                |   6|   0|    6|          0|
    |w_V_168_reg_2277_pp0_iter3_reg  |   6|   0|    6|          0|
    |w_V_169_reg_2282                |   6|   0|    6|          0|
    |w_V_170_reg_2287                |   6|   0|    6|          0|
    |w_V_170_reg_2287_pp0_iter3_reg  |   6|   0|    6|          0|
    |w_V_171_reg_2292                |   6|   0|    6|          0|
    |w_V_172_reg_2297                |   6|   0|    6|          0|
    |w_V_172_reg_2297_pp0_iter3_reg  |   6|   0|    6|          0|
    |w_V_173_reg_2302                |   6|   0|    6|          0|
    |w_V_174_reg_2307                |   6|   0|    6|          0|
    |w_V_174_reg_2307_pp0_iter3_reg  |   6|   0|    6|          0|
    |w_V_175_reg_2312                |   6|   0|    6|          0|
    |w_V_176_reg_2317                |   6|   0|    6|          0|
    |w_V_176_reg_2317_pp0_iter3_reg  |   6|   0|    6|          0|
    |w_V_177_reg_2322                |   6|   0|    6|          0|
    |w_V_178_reg_2327                |   6|   0|    6|          0|
    |w_V_178_reg_2327_pp0_iter3_reg  |   6|   0|    6|          0|
    |w_V_179_reg_2332                |   6|   0|    6|          0|
    |w_V_reg_2232                    |   6|   0|    6|          0|
    |w_V_reg_2232_pp0_iter3_reg      |   6|   0|    6|          0|
    |w_index3_reg_250                |   4|   0|    4|          0|
    |w_index3_reg_250_pp0_iter1_reg  |   4|   0|    4|          0|
    |w_index_reg_2213                |   4|   0|    4|          0|
    |icmp_ln46_reg_2218              |  64|  32|    1|          0|
    +--------------------------------+----+----+-----+-----------+
    |Total                           |1050|  32|  987|          0|
    +--------------------------------+----+----+-----+-----------+



================================================================
== Interface
================================================================
* Summary: 
+----------------------------+-----+-----+------------+----------------------------------------------------------------------+--------------+
|          RTL Ports         | Dir | Bits|  Protocol  |                             Source Object                            |    C Type    |
+----------------------------+-----+-----+------------+----------------------------------------------------------------------+--------------+
|ap_clk                      |   in|    1|  ap_ctrl_hs|  dense<array<ap_ufixed,32u>,array<ap_fixed<16,5,0,0,0>,10u>,config15>|  return value|
|ap_rst                      |   in|    1|  ap_ctrl_hs|  dense<array<ap_ufixed,32u>,array<ap_fixed<16,5,0,0,0>,10u>,config15>|  return value|
|ap_start                    |   in|    1|  ap_ctrl_hs|  dense<array<ap_ufixed,32u>,array<ap_fixed<16,5,0,0,0>,10u>,config15>|  return value|
|start_full_n                |   in|    1|  ap_ctrl_hs|  dense<array<ap_ufixed,32u>,array<ap_fixed<16,5,0,0,0>,10u>,config15>|  return value|
|ap_done                     |  out|    1|  ap_ctrl_hs|  dense<array<ap_ufixed,32u>,array<ap_fixed<16,5,0,0,0>,10u>,config15>|  return value|
|ap_continue                 |   in|    1|  ap_ctrl_hs|  dense<array<ap_ufixed,32u>,array<ap_fixed<16,5,0,0,0>,10u>,config15>|  return value|
|ap_idle                     |  out|    1|  ap_ctrl_hs|  dense<array<ap_ufixed,32u>,array<ap_fixed<16,5,0,0,0>,10u>,config15>|  return value|
|ap_ready                    |  out|    1|  ap_ctrl_hs|  dense<array<ap_ufixed,32u>,array<ap_fixed<16,5,0,0,0>,10u>,config15>|  return value|
|start_out                   |  out|    1|  ap_ctrl_hs|  dense<array<ap_ufixed,32u>,array<ap_fixed<16,5,0,0,0>,10u>,config15>|  return value|
|start_write                 |  out|    1|  ap_ctrl_hs|  dense<array<ap_ufixed,32u>,array<ap_fixed<16,5,0,0,0>,10u>,config15>|  return value|
|layer14_out_dout            |   in|  192|     ap_fifo|                                                           layer14_out|       pointer|
|layer14_out_num_data_valid  |   in|    2|     ap_fifo|                                                           layer14_out|       pointer|
|layer14_out_fifo_cap        |   in|    2|     ap_fifo|                                                           layer14_out|       pointer|
|layer14_out_empty_n         |   in|    1|     ap_fifo|                                                           layer14_out|       pointer|
|layer14_out_read            |  out|    1|     ap_fifo|                                                           layer14_out|       pointer|
|layer15_out_din             |  out|  160|     ap_fifo|                                                           layer15_out|       pointer|
|layer15_out_num_data_valid  |   in|    2|     ap_fifo|                                                           layer15_out|       pointer|
|layer15_out_fifo_cap        |   in|    2|     ap_fifo|                                                           layer15_out|       pointer|
|layer15_out_full_n          |   in|    1|     ap_fifo|                                                           layer15_out|       pointer|
|layer15_out_write           |  out|    1|     ap_fifo|                                                           layer15_out|       pointer|
+----------------------------+-----+-----+------------+----------------------------------------------------------------------+--------------+

