

================================================================
== Vitis HLS Report for 'myproject'
================================================================
* Date:           Thu Jul  2 23:53:21 2026

* Version:        2022.2 (Build 3670227 on Oct 13 2022)
* Project:        myproject_prj
* Solution:       solution1 (Vivado IP Flow Target)
* Product family: zynq
* Target device:  xc7z020-clg400-1


================================================================
== Performance Estimates
================================================================
+ Timing: 
    * Summary: 
    +--------+---------+----------+------------+
    |  Clock |  Target | Estimated| Uncertainty|
    +--------+---------+----------+------------+
    |ap_clk  |  5.00 ns|  4.842 ns|     1.35 ns|
    +--------+---------+----------+------------+

+ Latency: 
    * Summary: 
    +---------+---------+-----------+-----------+-----+------+----------+
    |  Latency (cycles) |   Latency (absolute)  |  Interval  | Pipeline |
    |   min   |   max   |    min    |    max    | min |  max |   Type   |
    +---------+---------+-----------+-----------+-----+------+----------+
    |     2198|     2209|  10.990 us|  11.045 us|  702|  2202|  dataflow|
    +---------+---------+-----------+-----------+-----+------+----------+

    + Detail: 
        * Instance: 
        +-------------------------------------------------------------------------+------------------------------------------------------------------------+---------+---------+-----------+-----------+-----+------+------------------------------------------+
        |                                                                         |                                                                        |  Latency (cycles) |   Latency (absolute)  |  Interval  |                 Pipeline                 |
        |                                 Instance                                |                                 Module                                 |   min   |   max   |    min    |    max    | min |  max |                   Type                   |
        +-------------------------------------------------------------------------+------------------------------------------------------------------------+---------+---------+-----------+-----------+-----+------+------------------------------------------+
        |zeropad2d_cl_array_ap_fixed_1u_array_ap_fixed_16_5_5_3_0_1u_config18_U0  |zeropad2d_cl_array_ap_fixed_1u_array_ap_fixed_16_5_5_3_0_1u_config18_s  |      113|      113|   0.565 us|   0.565 us|  113|   113|                                        no|
        |conv_2d_cl_array_ap_fixed_1u_array_ap_fixed_27_11_5_3_0_4u_config2_U0    |conv_2d_cl_array_ap_fixed_1u_array_ap_fixed_27_11_5_3_0_4u_config2_s    |      701|     2201|   3.505 us|  11.005 us|  701|  2201|                                        no|
        |relu_array_ap_fixed_4u_array_ap_ufixed_6_0_4_0_0_4u_relu_config4_U0      |relu_array_ap_fixed_4u_array_ap_ufixed_6_0_4_0_0_4u_relu_config4_s      |       68|       68|   0.340 us|   0.340 us|   68|    68|                                        no|
        |pooling2d_cl_array_ap_ufixed_4u_array_ap_ufixed_6_0_4_0_0_4u_config5_U0  |pooling2d_cl_array_ap_ufixed_4u_array_ap_ufixed_6_0_4_0_0_4u_config5_s  |      133|      133|   0.665 us|   0.665 us|  133|   133|                                        no|
        |zeropad2d_cl_array_array_ap_ufixed_6_0_4_0_0_4u_config19_U0              |zeropad2d_cl_array_array_ap_ufixed_6_0_4_0_0_4u_config19_s              |       49|       49|   0.245 us|   0.245 us|   49|    49|                                        no|
        |conv_2d_cl_array_ap_ufixed_4u_array_ap_fixed_19_8_5_3_0_8u_config6_U0    |conv_2d_cl_array_ap_ufixed_4u_array_ap_fixed_19_8_5_3_0_8u_config6_s    |      253|      865|   1.265 us|   4.325 us|  253|   865|                                        no|
        |relu_array_ap_fixed_8u_array_ap_ufixed_6_0_4_0_0_8u_relu_config8_U0      |relu_array_ap_fixed_8u_array_ap_ufixed_6_0_4_0_0_8u_relu_config8_s      |       20|       20|   0.100 us|   0.100 us|   20|    20|                                        no|
        |pooling2d_cl_array_ap_ufixed_8u_array_ap_ufixed_6_0_4_0_0_8u_config9_U0  |pooling2d_cl_array_ap_ufixed_8u_array_ap_ufixed_6_0_4_0_0_8u_config9_s  |       37|       37|   0.185 us|   0.185 us|   37|    37|                                        no|
        |dense_array_ap_ufixed_8u_array_ap_fixed_18_7_5_3_0_32u_config11_U0       |dense_array_ap_ufixed_8u_array_ap_fixed_18_7_5_3_0_32u_config11_s       |       73|      130|   0.365 us|   0.650 us|   73|   130|                                        no|
        |normalize_array_ap_fixed_32u_array_ap_fixed_35_13_5_3_0_32u_config13_U0  |normalize_array_ap_fixed_32u_array_ap_fixed_35_13_5_3_0_32u_config13_s  |       19|       19|  95.000 ns|  95.000 ns|   19|    19|                                        no|
        |relu_array_ap_fixed_32u_array_ap_ufixed_6_0_4_0_0_32u_relu_config14_U0   |relu_array_ap_fixed_32u_array_ap_ufixed_6_0_4_0_0_32u_relu_config14_s   |        3|        3|  15.000 ns|  15.000 ns|    3|     3|                                        no|
        |dense_array_ap_ufixed_32u_array_ap_fixed_16_5_0_0_0_10u_config15_U0      |dense_array_ap_ufixed_32u_array_ap_fixed_16_5_0_0_0_10u_config15_s      |       23|       24|   0.115 us|   0.120 us|   16|    16|  loop rewind stp(delay=0 clock cycles(s))|
        |linear_array_array_ap_fixed_16_5_5_3_0_10u_linear_config16_U0            |linear_array_array_ap_fixed_16_5_5_3_0_10u_linear_config16_s            |        0|        0|       0 ns|       0 ns|    0|     0|                                        no|
        |softmax_array_array_ap_fixed_16_5_5_3_0_10u_softmax_config17_U0          |softmax_array_array_ap_fixed_16_5_5_3_0_10u_softmax_config17_s          |       28|       28|   0.140 us|   0.140 us|   28|    28|                                        no|
        +-------------------------------------------------------------------------+------------------------------------------------------------------------+---------+---------+-----------+-----------+-----+------+------------------------------------------+

        * Loop: 
        N/A



================================================================
== Utilization Estimates
================================================================
* Summary: 
+-----------------+---------+-----+--------+-------+-----+
|       Name      | BRAM_18K| DSP |   FF   |  LUT  | URAM|
+-----------------+---------+-----+--------+-------+-----+
|DSP              |        -|    -|       -|      -|    -|
|Expression       |        -|    -|       0|      2|    -|
|FIFO             |       18|    -|    1523|    937|    -|
|Instance         |       38|  187|   19746|  17628|    -|
|Memory           |        -|    -|       -|      -|    -|
|Multiplexer      |        -|    -|       -|      -|    -|
|Register         |        -|    -|       -|      -|    -|
+-----------------+---------+-----+--------+-------+-----+
|Total            |       56|  187|   21269|  18567|    0|
+-----------------+---------+-----+--------+-------+-----+
|Available        |      280|  220|  106400|  53200|    0|
+-----------------+---------+-----+--------+-------+-----+
|Utilization (%)  |       20|   85|      19|     34|    0|
+-----------------+---------+-----+--------+-------+-----+

+ Detail: 
    * Instance: 
    +-------------------------------------------------------------------------+------------------------------------------------------------------------+---------+-----+------+------+-----+
    |                                 Instance                                |                                 Module                                 | BRAM_18K| DSP |  FF  |  LUT | URAM|
    +-------------------------------------------------------------------------+------------------------------------------------------------------------+---------+-----+------+------+-----+
    |conv_2d_cl_array_ap_fixed_1u_array_ap_fixed_27_11_5_3_0_4u_config2_U0    |conv_2d_cl_array_ap_fixed_1u_array_ap_fixed_27_11_5_3_0_4u_config2_s    |        1|    4|  1190|  1130|    0|
    |conv_2d_cl_array_ap_ufixed_4u_array_ap_fixed_19_8_5_3_0_8u_config6_U0    |conv_2d_cl_array_ap_ufixed_4u_array_ap_fixed_19_8_5_3_0_8u_config6_s    |        6|   32|  2615|  2342|    0|
    |dense_array_ap_ufixed_32u_array_ap_fixed_16_5_0_0_0_10u_config15_U0      |dense_array_ap_ufixed_32u_array_ap_fixed_16_5_0_0_0_10u_config15_s      |        4|   20|  1050|  1211|    0|
    |dense_array_ap_ufixed_8u_array_ap_fixed_18_7_5_3_0_32u_config11_U0       |dense_array_ap_ufixed_8u_array_ap_fixed_18_7_5_3_0_32u_config11_s       |       22|  128|  4468|  2224|    0|
    |linear_array_array_ap_fixed_16_5_5_3_0_10u_linear_config16_U0            |linear_array_array_ap_fixed_16_5_5_3_0_10u_linear_config16_s            |        0|    0|     3|    38|    0|
    |normalize_array_ap_fixed_32u_array_ap_fixed_35_13_5_3_0_32u_config13_U0  |normalize_array_ap_fixed_32u_array_ap_fixed_35_13_5_3_0_32u_config13_s  |        0|    2|  2769|  1683|    0|
    |pooling2d_cl_array_ap_ufixed_4u_array_ap_ufixed_6_0_4_0_0_4u_config5_U0  |pooling2d_cl_array_ap_ufixed_4u_array_ap_ufixed_6_0_4_0_0_4u_config5_s  |        0|    0|   928|   948|    0|
    |pooling2d_cl_array_ap_ufixed_8u_array_ap_ufixed_6_0_4_0_0_8u_config9_U0  |pooling2d_cl_array_ap_ufixed_8u_array_ap_ufixed_6_0_4_0_0_8u_config9_s  |        0|    0|  1350|  1342|    0|
    |relu_array_ap_fixed_32u_array_ap_ufixed_6_0_4_0_0_32u_relu_config14_U0   |relu_array_ap_fixed_32u_array_ap_ufixed_6_0_4_0_0_32u_relu_config14_s   |        0|    0|  3462|  2911|    0|
    |relu_array_ap_fixed_4u_array_ap_ufixed_6_0_4_0_0_4u_relu_config4_U0      |relu_array_ap_fixed_4u_array_ap_ufixed_6_0_4_0_0_4u_relu_config4_s      |        0|    0|   307|   426|    0|
    |relu_array_ap_fixed_8u_array_ap_ufixed_6_0_4_0_0_8u_relu_config8_U0      |relu_array_ap_fixed_8u_array_ap_ufixed_6_0_4_0_0_8u_relu_config8_s      |        0|    0|   397|   716|    0|
    |softmax_array_array_ap_fixed_16_5_5_3_0_10u_softmax_config17_U0          |softmax_array_array_ap_fixed_16_5_5_3_0_10u_softmax_config17_s          |        5|    1|  1077|  1823|    0|
    |zeropad2d_cl_array_ap_fixed_1u_array_ap_fixed_16_5_5_3_0_1u_config18_U0  |zeropad2d_cl_array_ap_fixed_1u_array_ap_fixed_16_5_5_3_0_1u_config18_s  |        0|    0|    65|   432|    0|
    |zeropad2d_cl_array_array_ap_ufixed_6_0_4_0_0_4u_config19_U0              |zeropad2d_cl_array_array_ap_ufixed_6_0_4_0_0_4u_config19_s              |        0|    0|    65|   402|    0|
    +-------------------------------------------------------------------------+------------------------------------------------------------------------+---------+-----+------+------+-----+
    |Total                                                                    |                                                                        |       38|  187| 19746| 17628|    0|
    +-------------------------------------------------------------------------+------------------------------------------------------------------------+---------+-----+------+------+-----+

    * DSP: 
    N/A

    * Memory: 
    N/A

    * FIFO: 
    +---------------+---------+-----+----+-----+------+------+---------+
    |      Name     | BRAM_18K|  FF | LUT| URAM| Depth| Bits | Size:D*B|
    +---------------+---------+-----+----+-----+------+------+---------+
    |layer11_out_U  |        0|   99|   0|    -|     1|   576|      576|
    |layer13_out_U  |        0|   99|   0|    -|     1|  1120|     1120|
    |layer14_out_U  |        0|   99|   0|    -|     1|   192|      192|
    |layer15_out_U  |        0|   99|   0|    -|     1|   160|      160|
    |layer16_out_U  |        0|   99|   0|    -|     1|   160|      160|
    |layer18_out_U  |        1|  164|   0|    -|   100|    16|     1600|
    |layer19_out_U  |        0|   99|   0|    -|    36|    24|      864|
    |layer2_out_U   |        6|  155|   0|    -|    64|   108|     6912|
    |layer4_out_U   |        2|  155|   0|    -|    64|    24|     1536|
    |layer5_out_U   |        0|   99|   0|    -|    16|    24|      384|
    |layer6_out_U   |        9|  158|   0|    -|    16|   152|     2432|
    |layer8_out_U   |        0|   99|   0|    -|    16|    48|      768|
    |layer9_out_U   |        0|   99|   0|    -|     4|    48|      192|
    +---------------+---------+-----+----+-----+------+------+---------+
    |Total          |       18| 1523|   0|    0|   321|  2652|    16896|
    +---------------+---------+-----+----+-----+------+------+---------+

    * Expression: 
    +--------------+----------+----+---+----+------------+------------+
    | Variable Name| Operation| DSP| FF| LUT| Bitwidth P0| Bitwidth P1|
    +--------------+----------+----+---+----+------------+------------+
    |ap_idle       |       and|   0|  0|   2|           1|           1|
    +--------------+----------+----+---+----+------------+------------+
    |Total         |          |   0|  0|   2|           1|           1|
    +--------------+----------+----+---+----+------------+------------+

    * Multiplexer: 
    N/A

    * Register: 
    N/A



================================================================
== Interface
================================================================
* Summary: 
+--------------------+-----+-----+------------+--------------+--------------+
|      RTL Ports     | Dir | Bits|  Protocol  | Source Object|    C Type    |
+--------------------+-----+-----+------------+--------------+--------------+
|img_input_TDATA     |   in|   16|        axis|     img_input|       pointer|
|img_input_TVALID    |   in|    1|        axis|     img_input|       pointer|
|img_input_TREADY    |  out|    1|        axis|     img_input|       pointer|
|layer17_out_TDATA   |  out|  160|        axis|   layer17_out|       pointer|
|layer17_out_TVALID  |  out|    1|        axis|   layer17_out|       pointer|
|layer17_out_TREADY  |   in|    1|        axis|   layer17_out|       pointer|
|ap_clk              |   in|    1|  ap_ctrl_hs|     myproject|  return value|
|ap_rst_n            |   in|    1|  ap_ctrl_hs|     myproject|  return value|
|ap_start            |   in|    1|  ap_ctrl_hs|     myproject|  return value|
|ap_done             |  out|    1|  ap_ctrl_hs|     myproject|  return value|
|ap_ready            |  out|    1|  ap_ctrl_hs|     myproject|  return value|
|ap_idle             |  out|    1|  ap_ctrl_hs|     myproject|  return value|
+--------------------+-----+-----+------------+--------------+--------------+

