

================================================================
== Vitis HLS Report for 'pooling2d_cl_array_ap_ufixed_8u_array_ap_ufixed_6_0_4_0_0_8u_config9_s'
================================================================
* Date:           Thu Jul  2 23:53:15 2026

* Version:        2022.2 (Build 3670227 on Oct 13 2022)
* Project:        myproject_prj
* Solution:       solution1 (Vivado IP Flow Target)
* Product family: zynq
* Target device:  xc7z020-clg400-1


================================================================
== Performance Estimates
================================================================
+ Timing: 
    * Summary: 
    +--------+---------+----------+------------+
    |  Clock |  Target | Estimated| Uncertainty|
    +--------+---------+----------+------------+
    |ap_clk  |  5.00 ns|  3.451 ns|     1.35 ns|
    +--------+---------+----------+------------+

+ Latency: 
    * Summary: 
    +---------+---------+----------+----------+-----+-----+---------+
    |  Latency (cycles) |  Latency (absolute) |  Interval | Pipeline|
    |   min   |   max   |    min   |    max   | min | max |   Type  |
    +---------+---------+----------+----------+-----+-----+---------+
    |       37|       37|  0.185 us|  0.185 us|   37|   37|       no|
    +---------+---------+----------+----------+-----+-----+---------+

    + Detail: 
        * Instance: 
        N/A

        * Loop: 
        +----------------------------------+---------+---------+----------+-----------+-----------+------+----------+
        |                                  |  Latency (cycles) | Iteration|  Initiation Interval  | Trip |          |
        |             Loop Name            |   min   |   max   |  Latency |  achieved |   target  | Count| Pipelined|
        +----------------------------------+---------+---------+----------+-----------+-----------+------+----------+
        |- ReadInputHeight_ReadInputWidth  |       35|       35|         6|          2|          1|    16|       yes|
        +----------------------------------+---------+---------+----------+-----------+-----------+------+----------+



================================================================
== Utilization Estimates
================================================================
* Summary: 
+-----------------+---------+-----+--------+-------+-----+
|       Name      | BRAM_18K| DSP |   FF   |  LUT  | URAM|
+-----------------+---------+-----+--------+-------+-----+
|DSP              |        -|    -|       -|      -|    -|
|Expression       |        -|    -|       0|    863|    -|
|FIFO             |        -|    -|       -|      -|    -|
|Instance         |        -|    -|       -|      -|    -|
|Memory           |        -|    -|     512|    256|    -|
|Multiplexer      |        -|    -|       -|    191|    -|
|Register         |        -|    -|     838|     32|    -|
+-----------------+---------+-----+--------+-------+-----+
|Total            |        0|    0|    1350|   1342|    0|
+-----------------+---------+-----+--------+-------+-----+
|Available        |      280|  220|  106400|  53200|    0|
+-----------------+---------+-----+--------+-------+-----+
|Utilization (%)  |        0|    0|       1|      2|    0|
+-----------------+---------+-----+--------+-------+-----+

+ Detail: 
    * Instance: 
    N/A

    * DSP: 
    N/A

    * Memory: 
    +----------------------------------------------------------------------+----------------------------------------------------------------------------------+---------+----+----+-----+------+-----+------+-------------+
    |                                Memory                                |                                      Module                                      | BRAM_18K| FF | LUT| URAM| Words| Bits| Banks| W*Bits*Banks|
    +----------------------------------------------------------------------+----------------------------------------------------------------------------------+---------+----+----+-----+------+-----+------+-------------+
    |void_pooling2d_cl_stream_stream_array_ap_ufixed_8u_0_line_buffer_7_U  |pooling2d_cl_array_ap_ufixed_8u_array_ap_ufixed_6_0_4_0_0_8u_config9_s_void_prcU  |        0|  64|  32|    0|     4|    6|     1|           24|
    |void_pooling2d_cl_stream_stream_array_ap_ufixed_8u_0_line_buffer_6_U  |pooling2d_cl_array_ap_ufixed_8u_array_ap_ufixed_6_0_4_0_0_8u_config9_s_void_prcU  |        0|  64|  32|    0|     4|    6|     1|           24|
    |void_pooling2d_cl_stream_stream_array_ap_ufixed_8u_0_line_buffer_5_U  |pooling2d_cl_array_ap_ufixed_8u_array_ap_ufixed_6_0_4_0_0_8u_config9_s_void_prcU  |        0|  64|  32|    0|     4|    6|     1|           24|
    |void_pooling2d_cl_stream_stream_array_ap_ufixed_8u_0_line_buffer_4_U  |pooling2d_cl_array_ap_ufixed_8u_array_ap_ufixed_6_0_4_0_0_8u_config9_s_void_prcU  |        0|  64|  32|    0|     4|    6|     1|           24|
    |void_pooling2d_cl_stream_stream_array_ap_ufixed_8u_0_line_buffer_3_U  |pooling2d_cl_array_ap_ufixed_8u_array_ap_ufixed_6_0_4_0_0_8u_config9_s_void_prcU  |        0|  64|  32|    0|     4|    6|     1|           24|
    |void_pooling2d_cl_stream_stream_array_ap_ufixed_8u_0_line_buffer_2_U  |pooling2d_cl_array_ap_ufixed_8u_array_ap_ufixed_6_0_4_0_0_8u_config9_s_void_prcU  |        0|  64|  32|    0|     4|    6|     1|           24|
    |void_pooling2d_cl_stream_stream_array_ap_ufixed_8u_0_line_buffer_1_U  |pooling2d_cl_array_ap_ufixed_8u_array_ap_ufixed_6_0_4_0_0_8u_config9_s_void_prcU  |        0|  64|  32|    0|     4|    6|     1|           24|
    |void_pooling2d_cl_stream_stream_array_ap_ufixed_8u_0_line_buffer_U    |pooling2d_cl_array_ap_ufixed_8u_array_ap_ufixed_6_0_4_0_0_8u_config9_s_void_prcU  |        0|  64|  32|    0|     4|    6|     1|           24|
    +----------------------------------------------------------------------+----------------------------------------------------------------------------------+---------+----+----+-----+------+-----+------+-------------+
    |Total                                                                 |                                                                                  |        0| 512| 256|    0|    32|   48|     8|          192|
    +----------------------------------------------------------------------+----------------------------------------------------------------------------------+---------+----+----+-----+------+-----+------+-------------+

    * FIFO: 
    N/A

    * Expression: 
    +----------------------------------+----------+----+---+----+------------+------------+
    |           Variable Name          | Operation| DSP| FF| LUT| Bitwidth P0| Bitwidth P1|
    +----------------------------------+----------+----+---+----+------------+------------+
    |add_ln109_fu_208_p2               |         +|   0|  0|  13|           5|           1|
    |add_ln76_fu_218_p2                |         +|   0|  0|  39|          32|           1|
    |add_ln80_fu_253_p2                |         +|   0|  0|  39|          32|           1|
    |add_ln86_fu_1189_p2               |         +|   0|  0|  39|          32|          32|
    |add_ln91_fu_425_p2                |         +|   0|  0|  39|          32|          32|
    |and_ln55_1_fu_606_p2              |       and|   0|  0|   2|           1|           1|
    |and_ln55_fu_601_p2                |       and|   0|  0|   2|           1|           1|
    |ap_block_pp0_stage1_01001         |       and|   0|  0|   2|           1|           1|
    |ap_block_state6_pp0_stage1_iter2  |       and|   0|  0|   2|           1|           1|
    |ap_condition_1158                 |       and|   0|  0|   2|           1|           1|
    |ap_condition_1164                 |       and|   0|  0|   2|           1|           1|
    |ap_condition_1168                 |       and|   0|  0|   2|           1|           1|
    |ap_condition_1176                 |       and|   0|  0|   2|           1|           1|
    |ap_condition_1180                 |       and|   0|  0|   2|           1|           1|
    |ap_condition_186                  |       and|   0|  0|   2|           1|           1|
    |ap_condition_284                  |       and|   0|  0|   2|           1|           1|
    |ap_condition_289                  |       and|   0|  0|   2|           1|           1|
    |ap_condition_376                  |       and|   0|  0|   2|           1|           1|
    |ap_condition_378                  |       and|   0|  0|   2|           1|           1|
    |ap_condition_450                  |       and|   0|  0|   2|           1|           1|
    |ap_predicate_op231_write_state6   |       and|   0|  0|   2|           1|           1|
    |grp_fu_188_p2                     |      icmp|   0|  0|  18|          32|           1|
    |icmp_ln109_fu_202_p2              |      icmp|   0|  0|  10|           5|           6|
    |icmp_ln1651_10_fu_1200_p2         |      icmp|   0|  0|  11|          11|          11|
    |icmp_ln1651_11_fu_712_p2          |      icmp|   0|  0|  11|          11|          11|
    |icmp_ln1651_12_fu_732_p2          |      icmp|   0|  0|  11|          11|          11|
    |icmp_ln1651_13_fu_1236_p2         |      icmp|   0|  0|  11|          11|          11|
    |icmp_ln1651_14_fu_782_p2          |      icmp|   0|  0|  11|          11|          11|
    |icmp_ln1651_15_fu_802_p2          |      icmp|   0|  0|  11|          11|          11|
    |icmp_ln1651_16_fu_1272_p2         |      icmp|   0|  0|  11|          11|          11|
    |icmp_ln1651_17_fu_852_p2          |      icmp|   0|  0|  11|          11|          11|
    |icmp_ln1651_18_fu_872_p2          |      icmp|   0|  0|  11|          11|          11|
    |icmp_ln1651_19_fu_1308_p2         |      icmp|   0|  0|  11|          11|          11|
    |icmp_ln1651_20_fu_922_p2          |      icmp|   0|  0|  11|          11|          11|
    |icmp_ln1651_21_fu_942_p2          |      icmp|   0|  0|  11|          11|          11|
    |icmp_ln1651_22_fu_1344_p2         |      icmp|   0|  0|  11|          11|          11|
    |icmp_ln1651_23_fu_992_p2          |      icmp|   0|  0|  11|          11|          11|
    |icmp_ln1651_24_fu_1012_p2         |      icmp|   0|  0|  11|          11|          11|
    |icmp_ln1651_25_fu_1380_p2         |      icmp|   0|  0|  11|          11|          11|
    |icmp_ln1651_26_fu_1062_p2         |      icmp|   0|  0|  11|          11|          11|
    |icmp_ln1651_27_fu_1082_p2         |      icmp|   0|  0|  11|          11|          11|
    |icmp_ln1651_28_fu_1416_p2         |      icmp|   0|  0|  11|          11|          11|
    |icmp_ln1651_29_fu_1132_p2         |      icmp|   0|  0|  11|          11|          11|
    |icmp_ln1651_30_fu_1152_p2         |      icmp|   0|  0|  11|          11|          11|
    |icmp_ln1651_31_fu_1452_p2         |      icmp|   0|  0|  11|          11|          11|
    |icmp_ln1651_9_fu_662_p2           |      icmp|   0|  0|  11|          11|          11|
    |icmp_ln1651_fu_642_p2             |      icmp|   0|  0|  11|          11|          11|
    |icmp_ln55_2_fu_595_p2             |      icmp|   0|  0|  18|          32|           1|
    |icmp_ln55_3_fu_239_p2             |      icmp|   0|  0|  18|          32|           1|
    |icmp_ln55_fu_233_p2               |      icmp|   0|  0|  18|          32|           1|
    |icmp_ln76_fu_244_p2               |      icmp|   0|  0|  18|          32|           3|
    |icmp_ln80_fu_442_p2               |      icmp|   0|  0|  18|          32|           3|
    |ap_block_pp0_stage0_11001         |        or|   0|  0|   2|           1|           1|
    |p_Val2_108_fu_1264_p3             |    select|   0|  0|   6|           1|           6|
    |p_Val2_109_fu_1300_p3             |    select|   0|  0|   6|           1|           6|
    |p_Val2_110_fu_1336_p3             |    select|   0|  0|   6|           1|           6|
    |p_Val2_111_fu_1372_p3             |    select|   0|  0|   6|           1|           6|
    |p_Val2_112_fu_1408_p3             |    select|   0|  0|   6|           1|           6|
    |p_Val2_113_fu_1444_p3             |    select|   0|  0|   6|           1|           6|
    |p_Val2_114_fu_1480_p3             |    select|   0|  0|   6|           1|           6|
    |p_Val2_s_fu_1228_p3               |    select|   0|  0|   6|           1|           6|
    |select_ln66_11_fu_724_p3          |    select|   0|  0|  11|           1|          11|
    |select_ln66_12_fu_744_p3          |    select|   0|  0|  11|           1|          11|
    |select_ln66_14_fu_794_p3          |    select|   0|  0|  11|           1|          11|
    |select_ln66_15_fu_814_p3          |    select|   0|  0|  11|           1|          11|
    |select_ln66_17_fu_864_p3          |    select|   0|  0|  11|           1|          11|
    |select_ln66_18_fu_884_p3          |    select|   0|  0|  11|           1|          11|
    |select_ln66_20_fu_934_p3          |    select|   0|  0|  11|           1|          11|
    |select_ln66_21_fu_954_p3          |    select|   0|  0|  11|           1|          11|
    |select_ln66_23_fu_1004_p3         |    select|   0|  0|  11|           1|          11|
    |select_ln66_24_fu_1024_p3         |    select|   0|  0|  11|           1|          11|
    |select_ln66_26_fu_1074_p3         |    select|   0|  0|  11|           1|          11|
    |select_ln66_27_fu_1094_p3         |    select|   0|  0|  11|           1|          11|
    |select_ln66_29_fu_1144_p3         |    select|   0|  0|  11|           1|          11|
    |select_ln66_30_fu_1164_p3         |    select|   0|  0|  11|           1|          11|
    |select_ln66_9_fu_674_p3           |    select|   0|  0|  11|           1|          11|
    |select_ln66_fu_654_p3             |    select|   0|  0|  11|           1|          11|
    |select_ln86_fu_1182_p3            |    select|   0|  0|   2|           1|           2|
    |select_ln91_fu_418_p3             |    select|   0|  0|   2|           1|           2|
    |ap_enable_pp0                     |       xor|   0|  0|   2|           1|           2|
    |xor_ln1651_10_fu_1204_p2          |       xor|   0|  0|   2|           1|           2|
    |xor_ln1651_11_fu_718_p2           |       xor|   0|  0|   2|           1|           2|
    |xor_ln1651_12_fu_738_p2           |       xor|   0|  0|   2|           1|           2|
    |xor_ln1651_13_fu_1240_p2          |       xor|   0|  0|   2|           1|           2|
    |xor_ln1651_14_fu_788_p2           |       xor|   0|  0|   2|           1|           2|
    |xor_ln1651_15_fu_808_p2           |       xor|   0|  0|   2|           1|           2|
    |xor_ln1651_16_fu_1276_p2          |       xor|   0|  0|   2|           1|           2|
    |xor_ln1651_17_fu_858_p2           |       xor|   0|  0|   2|           1|           2|
    |xor_ln1651_18_fu_878_p2           |       xor|   0|  0|   2|           1|           2|
    |xor_ln1651_19_fu_1312_p2          |       xor|   0|  0|   2|           1|           2|
    |xor_ln1651_20_fu_928_p2           |       xor|   0|  0|   2|           1|           2|
    |xor_ln1651_21_fu_948_p2           |       xor|   0|  0|   2|           1|           2|
    |xor_ln1651_22_fu_1348_p2          |       xor|   0|  0|   2|           1|           2|
    |xor_ln1651_23_fu_998_p2           |       xor|   0|  0|   2|           1|           2|
    |xor_ln1651_24_fu_1018_p2          |       xor|   0|  0|   2|           1|           2|
    |xor_ln1651_25_fu_1384_p2          |       xor|   0|  0|   2|           1|           2|
    |xor_ln1651_26_fu_1068_p2          |       xor|   0|  0|   2|           1|           2|
    |xor_ln1651_27_fu_1088_p2          |       xor|   0|  0|   2|           1|           2|
    |xor_ln1651_28_fu_1420_p2          |       xor|   0|  0|   2|           1|           2|
    |xor_ln1651_29_fu_1138_p2          |       xor|   0|  0|   2|           1|           2|
    |xor_ln1651_30_fu_1158_p2          |       xor|   0|  0|   2|           1|           2|
    |xor_ln1651_31_fu_1456_p2          |       xor|   0|  0|   2|           1|           2|
    |xor_ln1651_9_fu_668_p2            |       xor|   0|  0|   2|           1|           2|
    |xor_ln1651_fu_648_p2              |       xor|   0|  0|   2|           1|           2|
    +----------------------------------+----------+----+---+----+------------+------------+
    |Total                             |          |   0|  0| 863|         662|         642|
    +----------------------------------+----------+----+---+----+------------+------------+

    * Multiplexer: 
    +-----------------------------------------+----+-----------+-----+-----------+
    |                   Name                  | LUT| Input Size| Bits| Total Bits|
    +-----------------------------------------+----+-----------+-----+-----------+
    |ap_NS_fsm                                |  14|          3|    1|          3|
    |ap_done_int                              |   9|          2|    1|          2|
    |ap_enable_reg_pp0_iter0                  |   9|          2|    1|          2|
    |ap_enable_reg_pp0_iter1                  |   9|          2|    1|          2|
    |ap_phi_mux_storemerge_phi_fu_177_p4      |   9|          2|   32|         64|
    |ap_phi_reg_pp0_iter2_storemerge_reg_173  |   9|          2|   32|         64|
    |ap_sig_allocacmp_indvar_flatten_load     |   9|          2|    5|         10|
    |ap_sig_allocacmp_pX_load                 |  14|          3|   32|         96|
    |ap_sig_allocacmp_pY_load_1               |  14|          3|   32|         96|
    |ap_sig_allocacmp_sX_load                 |   9|          2|   32|         64|
    |ap_sig_allocacmp_sY_load_1               |   9|          2|   32|         64|
    |grp_load_fu_184_p1                       |  14|          3|   32|         96|
    |indvar_flatten_fu_156                    |   9|          2|    5|         10|
    |layer8_out_blk_n                         |   9|          2|    1|          2|
    |layer9_out_blk_n                         |   9|          2|    1|          2|
    |pX                                       |   9|          2|   32|         64|
    |pY                                       |   9|          2|   32|         64|
    |real_start                               |   9|          2|    1|          2|
    |sX                                       |   9|          2|   32|         64|
    +-----------------------------------------+----+-----------+-----+-----------+
    |Total                                    | 191|         42|  337|        771|
    +-----------------------------------------+----+-----------+-----+-----------+

    * Register: 
    +--------------------------------------------------------------------------------------+----+----+-----+-----------+
    |                                         Name                                         | FF | LUT| Bits| Const Bits|
    +--------------------------------------------------------------------------------------+----+----+-----+-----------+
    |add_ln76_reg_1523                                                                     |  32|   0|   32|          0|
    |add_ln80_reg_1548                                                                     |  32|   0|   32|          0|
    |add_ln86_reg_1769                                                                     |  32|   0|   32|          0|
    |add_ln91_reg_1650                                                                     |  32|   0|   32|          0|
    |and_ln55_1_reg_1669                                                                   |   1|   0|    1|          0|
    |ap_CS_fsm                                                                             |   2|   0|    2|          0|
    |ap_done_reg                                                                           |   1|   0|    1|          0|
    |ap_enable_reg_pp0_iter0_reg                                                           |   1|   0|    1|          0|
    |ap_enable_reg_pp0_iter1                                                               |   1|   0|    1|          0|
    |ap_enable_reg_pp0_iter2                                                               |   1|   0|    1|          0|
    |ap_loop_exit_ready_pp0_iter1_reg                                                      |   1|   0|    1|          0|
    |ap_phi_reg_pp0_iter1_storemerge_reg_173                                               |  32|   0|   32|          0|
    |ap_phi_reg_pp0_iter2_storemerge_reg_173                                               |  32|   0|   32|          0|
    |icmp_ln109_reg_1514                                                                   |   1|   0|    1|          0|
    |icmp_ln55_3_reg_1539                                                                  |   1|   0|    1|          0|
    |icmp_ln55_reg_1534                                                                    |   1|   0|    1|          0|
    |icmp_ln55_reg_1534_pp0_iter1_reg                                                      |   1|   0|    1|          0|
    |icmp_ln76_reg_1544                                                                    |   1|   0|    1|          0|
    |icmp_ln76_reg_1544_pp0_iter1_reg                                                      |   1|   0|    1|          0|
    |icmp_ln80_reg_1655                                                                    |   1|   0|    1|          0|
    |icmp_ln86_reg_1664                                                                    |   1|   0|    1|          0|
    |indvar_flatten_fu_156                                                                 |   5|   0|    5|          0|
    |pX                                                                                    |  32|   0|   32|          0|
    |pX_load_reg_1518                                                                      |  32|   0|   32|          0|
    |pY                                                                                    |  32|   0|   32|          0|
    |p_0_reg_1644                                                                          |   6|   0|    6|          0|
    |p_1_reg_1620                                                                          |   6|   0|    6|          0|
    |p_2_reg_1626                                                                          |   6|   0|    6|          0|
    |p_3_reg_1632                                                                          |   6|   0|    6|          0|
    |p_4_reg_1602                                                                          |   6|   0|    6|          0|
    |p_5_reg_1608                                                                          |   6|   0|    6|          0|
    |p_6_reg_1614                                                                          |   6|   0|    6|          0|
    |p_Val2_108_reg_1779                                                                   |   6|   0|    6|          0|
    |p_Val2_109_reg_1784                                                                   |   6|   0|    6|          0|
    |p_Val2_110_reg_1789                                                                   |   6|   0|    6|          0|
    |p_Val2_111_reg_1794                                                                   |   6|   0|    6|          0|
    |p_Val2_112_reg_1799                                                                   |   6|   0|    6|          0|
    |p_Val2_113_reg_1804                                                                   |   6|   0|    6|          0|
    |p_Val2_114_reg_1809                                                                   |   6|   0|    6|          0|
    |p_Val2_s_reg_1774                                                                     |   6|   0|    6|          0|
    |p_ZZN4nnet22compute_pool_buffer_2dINS_5arrayI9ap_ufixedILi6ELi0EL9ap_q_mode4EL9ap     |   6|   0|    6|          0|
    |p_ZZN4nnet22compute_pool_buffer_2dINS_5arrayI9ap_ufixedILi6ELi0EL9ap_q_mode4EL9ap_1   |   6|   0|    6|          0|
    |p_ZZN4nnet22compute_pool_buffer_2dINS_5arrayI9ap_ufixedILi6ELi0EL9ap_q_mode4EL9ap_10  |   6|   0|    6|          0|
    |p_ZZN4nnet22compute_pool_buffer_2dINS_5arrayI9ap_ufixedILi6ELi0EL9ap_q_mode4EL9ap_11  |   6|   0|    6|          0|
    |p_ZZN4nnet22compute_pool_buffer_2dINS_5arrayI9ap_ufixedILi6ELi0EL9ap_q_mode4EL9ap_12  |   6|   0|    6|          0|
    |p_ZZN4nnet22compute_pool_buffer_2dINS_5arrayI9ap_ufixedILi6ELi0EL9ap_q_mode4EL9ap_13  |   6|   0|    6|          0|
    |p_ZZN4nnet22compute_pool_buffer_2dINS_5arrayI9ap_ufixedILi6ELi0EL9ap_q_mode4EL9ap_2   |   6|   0|    6|          0|
    |p_ZZN4nnet22compute_pool_buffer_2dINS_5arrayI9ap_ufixedILi6ELi0EL9ap_q_mode4EL9ap_3   |   6|   0|    6|          0|
    |p_ZZN4nnet22compute_pool_buffer_2dINS_5arrayI9ap_ufixedILi6ELi0EL9ap_q_mode4EL9ap_4   |   6|   0|    6|          0|
    |p_ZZN4nnet22compute_pool_buffer_2dINS_5arrayI9ap_ufixedILi6ELi0EL9ap_q_mode4EL9ap_5   |   6|   0|    6|          0|
    |p_ZZN4nnet22compute_pool_buffer_2dINS_5arrayI9ap_ufixedILi6ELi0EL9ap_q_mode4EL9ap_6   |   6|   0|    6|          0|
    |p_ZZN4nnet22compute_pool_buffer_2dINS_5arrayI9ap_ufixedILi6ELi0EL9ap_q_mode4EL9ap_7   |   6|   0|    6|          0|
    |p_ZZN4nnet22compute_pool_buffer_2dINS_5arrayI9ap_ufixedILi6ELi0EL9ap_q_mode4EL9ap_8   |   6|   0|    6|          0|
    |p_ZZN4nnet22compute_pool_buffer_2dINS_5arrayI9ap_ufixedILi6ELi0EL9ap_q_mode4EL9ap_9   |   6|   0|    6|          0|
    |p_s_reg_1638                                                                          |   6|   0|    6|          0|
    |sX                                                                                    |  32|   0|   32|          0|
    |sX_load_reg_1529                                                                      |  32|   0|   32|          0|
    |sY                                                                                    |  32|   0|   32|          0|
    |sY_load_1_reg_1659                                                                    |  32|   0|   32|          0|
    |select_ln66_11_reg_1685                                                               |   6|   0|   11|          5|
    |select_ln66_12_reg_1691                                                               |   6|   0|   11|          5|
    |select_ln66_14_reg_1697                                                               |   6|   0|   11|          5|
    |select_ln66_15_reg_1703                                                               |   6|   0|   11|          5|
    |select_ln66_17_reg_1709                                                               |   6|   0|   11|          5|
    |select_ln66_18_reg_1715                                                               |   6|   0|   11|          5|
    |select_ln66_20_reg_1721                                                               |   6|   0|   11|          5|
    |select_ln66_21_reg_1727                                                               |   6|   0|   11|          5|
    |select_ln66_23_reg_1733                                                               |   6|   0|   11|          5|
    |select_ln66_24_reg_1739                                                               |   6|   0|   11|          5|
    |select_ln66_26_reg_1745                                                               |   6|   0|   11|          5|
    |select_ln66_27_reg_1751                                                               |   6|   0|   11|          5|
    |select_ln66_29_reg_1757                                                               |   6|   0|   11|          5|
    |select_ln66_30_reg_1763                                                               |   6|   0|   11|          5|
    |select_ln66_9_reg_1679                                                                |   6|   0|   11|          5|
    |select_ln66_reg_1673                                                                  |   6|   0|   11|          5|
    |start_once_reg                                                                        |   1|   0|    1|          0|
    |trunc_ln115_1_reg_1584                                                                |   6|   0|    6|          0|
    |trunc_ln115_2_reg_1590                                                                |   6|   0|    6|          0|
    |trunc_ln115_3_reg_1596                                                                |   6|   0|    6|          0|
    |trunc_ln115_6_reg_1560                                                                |   6|   0|    6|          0|
    |trunc_ln115_7_reg_1566                                                                |   6|   0|    6|          0|
    |trunc_ln115_9_reg_1572                                                                |   6|   0|    6|          0|
    |trunc_ln115_reg_1554                                                                  |   6|   0|    6|          0|
    |trunc_ln115_s_reg_1578                                                                |   6|   0|    6|          0|
    |void_compute_pool_buffer_2d_array_const_ap_shift_reg_n_filt_stream_kernel             |   6|   0|    6|          0|
    |void_compute_pool_buffer_2d_array_const_ap_shift_reg_n_filt_stream_kernel_1           |   6|   0|    6|          0|
    |icmp_ln109_reg_1514                                                                   |  64|  32|    1|          0|
    +--------------------------------------------------------------------------------------+----+----+-----+-----------+
    |Total                                                                                 | 838|  32|  855|         80|
    +--------------------------------------------------------------------------------------+----+----+-----+-----------+



================================================================
== Interface
================================================================
* Summary: 
+---------------------------+-----+-----+------------+--------------------------------------------------------------------------+--------------+
|         RTL Ports         | Dir | Bits|  Protocol  |                               Source Object                              |    C Type    |
+---------------------------+-----+-----+------------+--------------------------------------------------------------------------+--------------+
|ap_clk                     |   in|    1|  ap_ctrl_hs|  pooling2d_cl<array<ap_ufixed,8u>,array<ap_ufixed<6,0,4,0,0>,8u>,config9>|  return value|
|ap_rst                     |   in|    1|  ap_ctrl_hs|  pooling2d_cl<array<ap_ufixed,8u>,array<ap_ufixed<6,0,4,0,0>,8u>,config9>|  return value|
|ap_start                   |   in|    1|  ap_ctrl_hs|  pooling2d_cl<array<ap_ufixed,8u>,array<ap_ufixed<6,0,4,0,0>,8u>,config9>|  return value|
|start_full_n               |   in|    1|  ap_ctrl_hs|  pooling2d_cl<array<ap_ufixed,8u>,array<ap_ufixed<6,0,4,0,0>,8u>,config9>|  return value|
|ap_done                    |  out|    1|  ap_ctrl_hs|  pooling2d_cl<array<ap_ufixed,8u>,array<ap_ufixed<6,0,4,0,0>,8u>,config9>|  return value|
|ap_continue                |   in|    1|  ap_ctrl_hs|  pooling2d_cl<array<ap_ufixed,8u>,array<ap_ufixed<6,0,4,0,0>,8u>,config9>|  return value|
|ap_idle                    |  out|    1|  ap_ctrl_hs|  pooling2d_cl<array<ap_ufixed,8u>,array<ap_ufixed<6,0,4,0,0>,8u>,config9>|  return value|
|ap_ready                   |  out|    1|  ap_ctrl_hs|  pooling2d_cl<array<ap_ufixed,8u>,array<ap_ufixed<6,0,4,0,0>,8u>,config9>|  return value|
|start_out                  |  out|    1|  ap_ctrl_hs|  pooling2d_cl<array<ap_ufixed,8u>,array<ap_ufixed<6,0,4,0,0>,8u>,config9>|  return value|
|start_write                |  out|    1|  ap_ctrl_hs|  pooling2d_cl<array<ap_ufixed,8u>,array<ap_ufixed<6,0,4,0,0>,8u>,config9>|  return value|
|layer9_out_din             |  out|   48|     ap_fifo|                                                                layer9_out|       pointer|
|layer9_out_num_data_valid  |   in|    3|     ap_fifo|                                                                layer9_out|       pointer|
|layer9_out_fifo_cap        |   in|    3|     ap_fifo|                                                                layer9_out|       pointer|
|layer9_out_full_n          |   in|    1|     ap_fifo|                                                                layer9_out|       pointer|
|layer9_out_write           |  out|    1|     ap_fifo|                                                                layer9_out|       pointer|
|layer8_out_dout            |   in|   48|     ap_fifo|                                                                layer8_out|       pointer|
|layer8_out_num_data_valid  |   in|    5|     ap_fifo|                                                                layer8_out|       pointer|
|layer8_out_fifo_cap        |   in|    5|     ap_fifo|                                                                layer8_out|       pointer|
|layer8_out_empty_n         |   in|    1|     ap_fifo|                                                                layer8_out|       pointer|
|layer8_out_read            |  out|    1|     ap_fifo|                                                                layer8_out|       pointer|
+---------------------------+-----+-----+------------+--------------------------------------------------------------------------+--------------+

