

================================================================
== Vitis HLS Report for 'softmax_array_array_ap_fixed_16_5_5_3_0_10u_softmax_config17_s'
================================================================
* Date:           Thu Jul  2 23:53:20 2026

* Version:        2022.2 (Build 3670227 on Oct 13 2022)
* Project:        myproject_prj
* Solution:       solution1 (Vivado IP Flow Target)
* Product family: zynq
* Target device:  xc7z020-clg400-1


================================================================
== Performance Estimates
================================================================
+ Timing: 
    * Summary: 
    +--------+---------+----------+------------+
    |  Clock |  Target | Estimated| Uncertainty|
    +--------+---------+----------+------------+
    |ap_clk  |  5.00 ns|  4.302 ns|     1.35 ns|
    +--------+---------+----------+------------+

+ Latency: 
    * Summary: 
    +---------+---------+----------+----------+-----+-----+---------+
    |  Latency (cycles) |  Latency (absolute) |  Interval | Pipeline|
    |   min   |   max   |    min   |    max   | min | max |   Type  |
    +---------+---------+----------+----------+-----+-----+---------+
    |       28|       28|  0.140 us|  0.140 us|   28|   28|       no|
    +---------+---------+----------+----------+-----+-----+---------+

    + Detail: 
        * Instance: 
        +---------------------------------------------------------------------------------+-----------------------------------------------------------------------+---------+---------+----------+----------+-----+-----+---------+
        |                                                                                 |                                                                       |  Latency (cycles) |  Latency (absolute) |  Interval | Pipeline|
        |                                     Instance                                    |                                 Module                                |   min   |   max   |    min   |    max   | min | max |   Type  |
        +---------------------------------------------------------------------------------+-----------------------------------------------------------------------+---------+---------+----------+----------+-----+-----+---------+
        |grp_softmax_stable_array_array_ap_fixed_16_5_5_3_0_10u_softmax_config17_s_fu_26  |softmax_stable_array_array_ap_fixed_16_5_5_3_0_10u_softmax_config17_s  |       26|       26|  0.130 us|  0.130 us|   26|   26|       no|
        +---------------------------------------------------------------------------------+-----------------------------------------------------------------------+---------+---------+----------+----------+-----+-----+---------+

        * Loop: 
        N/A



================================================================
== Utilization Estimates
================================================================
* Summary: 
+-----------------+---------+-----+--------+-------+-----+
|       Name      | BRAM_18K| DSP |   FF   |  LUT  | URAM|
+-----------------+---------+-----+--------+-------+-----+
|DSP              |        -|    -|       -|      -|    -|
|Expression       |        -|    -|       0|      4|    -|
|FIFO             |        -|    -|       -|      -|    -|
|Instance         |        5|    1|    1072|   1781|    -|
|Memory           |        -|    -|       -|      -|    -|
|Multiplexer      |        -|    -|       -|     38|    -|
|Register         |        -|    -|       5|      -|    -|
+-----------------+---------+-----+--------+-------+-----+
|Total            |        5|    1|    1077|   1823|    0|
+-----------------+---------+-----+--------+-------+-----+
|Available        |      280|  220|  106400|  53200|    0|
+-----------------+---------+-----+--------+-------+-----+
|Utilization (%)  |        1|   ~0|       1|      3|    0|
+-----------------+---------+-----+--------+-------+-----+

+ Detail: 
    * Instance: 
    +---------------------------------------------------------------------------------+-----------------------------------------------------------------------+---------+----+------+------+-----+
    |                                     Instance                                    |                                 Module                                | BRAM_18K| DSP|  FF  |  LUT | URAM|
    +---------------------------------------------------------------------------------+-----------------------------------------------------------------------+---------+----+------+------+-----+
    |grp_softmax_stable_array_array_ap_fixed_16_5_5_3_0_10u_softmax_config17_s_fu_26  |softmax_stable_array_array_ap_fixed_16_5_5_3_0_10u_softmax_config17_s  |        5|   1|  1072|  1781|    0|
    +---------------------------------------------------------------------------------+-----------------------------------------------------------------------+---------+----+------+------+-----+
    |Total                                                                            |                                                                       |        5|   1|  1072|  1781|    0|
    +---------------------------------------------------------------------------------+-----------------------------------------------------------------------+---------+----+------+------+-----+

    * DSP: 
    N/A

    * Memory: 
    N/A

    * FIFO: 
    N/A

    * Expression: 
    +----------------------------------------------------------------------------------------------------+----------+----+---+----+------------+------------+
    |                                            Variable Name                                           | Operation| DSP| FF| LUT| Bitwidth P0| Bitwidth P1|
    +----------------------------------------------------------------------------------------------------+----------+----+---+----+------------+------------+
    |grp_softmax_stable_array_array_ap_fixed_16_5_5_3_0_10u_softmax_config17_s_fu_26_layer17_out_TREADY  |       and|   0|  0|   2|           1|           1|
    |ap_block_state1                                                                                     |        or|   0|  0|   2|           1|           1|
    +----------------------------------------------------------------------------------------------------+----------+----+---+----+------------+------------+
    |Total                                                                                               |          |   0|  0|   4|           2|           2|
    +----------------------------------------------------------------------------------------------------+----------+----+---+----+------------+------------+

    * Multiplexer: 
    +------------------+----+-----------+-----+-----------+
    |       Name       | LUT| Input Size| Bits| Total Bits|
    +------------------+----+-----------+-----+-----------+
    |ap_NS_fsm         |  20|          4|    1|          4|
    |ap_done           |   9|          2|    1|          2|
    |layer16_out_read  |   9|          2|    1|          2|
    +------------------+----+-----------+-----+-----------+
    |Total             |  38|          8|    3|          8|
    +------------------+----+-----------+-----+-----------+

    * Register: 
    +----------------------------------------------------------------------------------------------+---+----+-----+-----------+
    |                                             Name                                             | FF| LUT| Bits| Const Bits|
    +----------------------------------------------------------------------------------------------+---+----+-----+-----------+
    |ap_CS_fsm                                                                                     |  3|   0|    3|          0|
    |ap_done_reg                                                                                   |  1|   0|    1|          0|
    |grp_softmax_stable_array_array_ap_fixed_16_5_5_3_0_10u_softmax_config17_s_fu_26_ap_start_reg  |  1|   0|    1|          0|
    +----------------------------------------------------------------------------------------------+---+----+-----+-----------+
    |Total                                                                                         |  5|   0|    5|          0|
    +----------------------------------------------------------------------------------------------+---+----+-----+-----------+



================================================================
== Interface
================================================================
* Summary: 
+----------------------------+-----+-----+------------+-----------------------------------------------------------------+--------------+
|          RTL Ports         | Dir | Bits|  Protocol  |                          Source Object                          |    C Type    |
+----------------------------+-----+-----+------------+-----------------------------------------------------------------+--------------+
|ap_clk                      |   in|    1|  ap_ctrl_hs|  softmax<array,array<ap_fixed<16,5,5,3,0>,10u>,softmax_config17>|  return value|
|ap_rst                      |   in|    1|  ap_ctrl_hs|  softmax<array,array<ap_fixed<16,5,5,3,0>,10u>,softmax_config17>|  return value|
|ap_start                    |   in|    1|  ap_ctrl_hs|  softmax<array,array<ap_fixed<16,5,5,3,0>,10u>,softmax_config17>|  return value|
|ap_done                     |  out|    1|  ap_ctrl_hs|  softmax<array,array<ap_fixed<16,5,5,3,0>,10u>,softmax_config17>|  return value|
|ap_continue                 |   in|    1|  ap_ctrl_hs|  softmax<array,array<ap_fixed<16,5,5,3,0>,10u>,softmax_config17>|  return value|
|ap_idle                     |  out|    1|  ap_ctrl_hs|  softmax<array,array<ap_fixed<16,5,5,3,0>,10u>,softmax_config17>|  return value|
|ap_ready                    |  out|    1|  ap_ctrl_hs|  softmax<array,array<ap_fixed<16,5,5,3,0>,10u>,softmax_config17>|  return value|
|layer16_out_dout            |   in|  160|     ap_fifo|                                                      layer16_out|       pointer|
|layer16_out_num_data_valid  |   in|    2|     ap_fifo|                                                      layer16_out|       pointer|
|layer16_out_fifo_cap        |   in|    2|     ap_fifo|                                                      layer16_out|       pointer|
|layer16_out_empty_n         |   in|    1|     ap_fifo|                                                      layer16_out|       pointer|
|layer16_out_read            |  out|    1|     ap_fifo|                                                      layer16_out|       pointer|
|layer17_out_TDATA           |  out|  160|        axis|                                                      layer17_out|       pointer|
|layer17_out_TVALID          |  out|    1|        axis|                                                      layer17_out|       pointer|
|layer17_out_TREADY          |   in|    1|        axis|                                                      layer17_out|       pointer|
+----------------------------+-----+-----+------------+-----------------------------------------------------------------+--------------+

