

================================================================
== Vitis HLS Report for 'zeropad2d_cl_array_array_ap_ufixed_6_0_4_0_0_4u_config19_s'
================================================================
* Date:           Thu Jul  2 23:53:13 2026

* Version:        2022.2 (Build 3670227 on Oct 13 2022)
* Project:        myproject_prj
* Solution:       solution1 (Vivado IP Flow Target)
* Product family: zynq
* Target device:  xc7z020-clg400-1


================================================================
== Performance Estimates
================================================================
+ Timing: 
    * Summary: 
    +--------+---------+----------+------------+
    |  Clock |  Target | Estimated| Uncertainty|
    +--------+---------+----------+------------+
    |ap_clk  |  5.00 ns|  3.238 ns|     1.35 ns|
    +--------+---------+----------+------------+

+ Latency: 
    * Summary: 
    +---------+---------+----------+----------+-----+-----+---------+
    |  Latency (cycles) |  Latency (absolute) |  Interval | Pipeline|
    |   min   |   max   |    min   |    max   | min | max |   Type  |
    +---------+---------+----------+----------+-----+-----+---------+
    |       49|       49|  0.245 us|  0.245 us|   49|   49|       no|
    +---------+---------+----------+----------+-----+-----+---------+

    + Detail: 
        * Instance: 
        +-----------------------------------------------------------------------------------------+-------------------------------------------------------------------------------+---------+---------+-----------+-----------+-----+-----+---------+
        |                                                                                         |                                                                               |  Latency (cycles) |   Latency (absolute)  |  Interval | Pipeline|
        |                                         Instance                                        |                                     Module                                    |   min   |   max   |    min    |    max    | min | max |   Type  |
        +-----------------------------------------------------------------------------------------+-------------------------------------------------------------------------------+---------+---------+-----------+-----------+-----+-----+---------+
        |grp_zeropad2d_cl_array_array_ap_ufixed_6_0_4_0_0_4u_config19_Pipeline_PadTopWidth_fu_22  |zeropad2d_cl_array_array_ap_ufixed_6_0_4_0_0_4u_config19_Pipeline_PadTopWidth  |        8|        8|  40.000 ns|  40.000 ns|    8|    8|       no|
        |grp_zeropad2d_cl_array_array_ap_ufixed_6_0_4_0_0_4u_config19_Pipeline_PadMain_fu_28      |zeropad2d_cl_array_array_ap_ufixed_6_0_4_0_0_4u_config19_Pipeline_PadMain      |       26|       26|   0.130 us|   0.130 us|   26|   26|       no|
        |grp_zeropad2d_cl_array_array_ap_ufixed_4u_config19_Pipeline_PadBottomWidth_fu_36         |zeropad2d_cl_array_array_ap_ufixed_4u_config19_Pipeline_PadBottomWidth         |        8|        8|  40.000 ns|  40.000 ns|    8|    8|       no|
        +-----------------------------------------------------------------------------------------+-------------------------------------------------------------------------------+---------+---------+-----------+-----------+-----+-----+---------+

        * Loop: 
        N/A



================================================================
== Utilization Estimates
================================================================
* Summary: 
+-----------------+---------+-----+--------+-------+-----+
|       Name      | BRAM_18K| DSP |   FF   |  LUT  | URAM|
+-----------------+---------+-----+--------+-------+-----+
|DSP              |        -|    -|       -|      -|    -|
|Expression       |        -|    -|       0|      2|    -|
|FIFO             |        -|    -|       -|      -|    -|
|Instance         |        -|    -|      52|    291|    -|
|Memory           |        -|    -|       -|      -|    -|
|Multiplexer      |        -|    -|       -|    109|    -|
|Register         |        -|    -|      13|      -|    -|
+-----------------+---------+-----+--------+-------+-----+
|Total            |        0|    0|      65|    402|    0|
+-----------------+---------+-----+--------+-------+-----+
|Available        |      280|  220|  106400|  53200|    0|
+-----------------+---------+-----+--------+-------+-----+
|Utilization (%)  |        0|    0|      ~0|     ~0|    0|
+-----------------+---------+-----+--------+-------+-----+

+ Detail: 
    * Instance: 
    +-----------------------------------------------------------------------------------------+-------------------------------------------------------------------------------+---------+----+----+-----+-----+
    |                                         Instance                                        |                                     Module                                    | BRAM_18K| DSP| FF | LUT | URAM|
    +-----------------------------------------------------------------------------------------+-------------------------------------------------------------------------------+---------+----+----+-----+-----+
    |grp_zeropad2d_cl_array_array_ap_ufixed_4u_config19_Pipeline_PadBottomWidth_fu_36         |zeropad2d_cl_array_array_ap_ufixed_4u_config19_Pipeline_PadBottomWidth         |        0|   0|   6|   68|    0|
    |grp_zeropad2d_cl_array_array_ap_ufixed_6_0_4_0_0_4u_config19_Pipeline_PadMain_fu_28      |zeropad2d_cl_array_array_ap_ufixed_6_0_4_0_0_4u_config19_Pipeline_PadMain      |        0|   0|  40|  155|    0|
    |grp_zeropad2d_cl_array_array_ap_ufixed_6_0_4_0_0_4u_config19_Pipeline_PadTopWidth_fu_22  |zeropad2d_cl_array_array_ap_ufixed_6_0_4_0_0_4u_config19_Pipeline_PadTopWidth  |        0|   0|   6|   68|    0|
    +-----------------------------------------------------------------------------------------+-------------------------------------------------------------------------------+---------+----+----+-----+-----+
    |Total                                                                                    |                                                                               |        0|   0|  52|  291|    0|
    +-----------------------------------------------------------------------------------------+-------------------------------------------------------------------------------+---------+----+----+-----+-----+

    * DSP: 
    N/A

    * Memory: 
    N/A

    * FIFO: 
    N/A

    * Expression: 
    +-----------------+----------+----+---+----+------------+------------+
    |  Variable Name  | Operation| DSP| FF| LUT| Bitwidth P0| Bitwidth P1|
    +-----------------+----------+----+---+----+------------+------------+
    |ap_block_state1  |        or|   0|  0|   2|           1|           1|
    +-----------------+----------+----+---+----+------------+------------+
    |Total            |          |   0|  0|   2|           1|           1|
    +-----------------+----------+----+---+----+------------+------------+

    * Multiplexer: 
    +-------------------+----+-----------+-----+-----------+
    |        Name       | LUT| Input Size| Bits| Total Bits|
    +-------------------+----+-----------+-----+-----------+
    |ap_NS_fsm          |  48|          9|    1|          9|
    |ap_done            |   9|          2|    1|          2|
    |layer19_out_din    |  14|          3|   24|         72|
    |layer19_out_write  |  20|          4|    1|          4|
    |layer5_out_read    |   9|          2|    1|          2|
    |real_start         |   9|          2|    1|          2|
    +-------------------+----+-----------+-----+-----------+
    |Total              | 109|         22|   29|         91|
    +-------------------+----+-----------+-----+-----------+

    * Register: 
    +------------------------------------------------------------------------------------------------------+---+----+-----+-----------+
    |                                                 Name                                                 | FF| LUT| Bits| Const Bits|
    +------------------------------------------------------------------------------------------------------+---+----+-----+-----------+
    |ap_CS_fsm                                                                                             |  8|   0|    8|          0|
    |ap_done_reg                                                                                           |  1|   0|    1|          0|
    |grp_zeropad2d_cl_array_array_ap_ufixed_4u_config19_Pipeline_PadBottomWidth_fu_36_ap_start_reg         |  1|   0|    1|          0|
    |grp_zeropad2d_cl_array_array_ap_ufixed_6_0_4_0_0_4u_config19_Pipeline_PadMain_fu_28_ap_start_reg      |  1|   0|    1|          0|
    |grp_zeropad2d_cl_array_array_ap_ufixed_6_0_4_0_0_4u_config19_Pipeline_PadTopWidth_fu_22_ap_start_reg  |  1|   0|    1|          0|
    |start_once_reg                                                                                        |  1|   0|    1|          0|
    +------------------------------------------------------------------------------------------------------+---+----+-----+-----------+
    |Total                                                                                                 | 13|   0|   13|          0|
    +------------------------------------------------------------------------------------------------------+---+----+-----+-----------+



================================================================
== Interface
================================================================
* Summary: 
+----------------------------+-----+-----+------------+-------------------------------------------------------------+--------------+
|          RTL Ports         | Dir | Bits|  Protocol  |                        Source Object                        |    C Type    |
+----------------------------+-----+-----+------------+-------------------------------------------------------------+--------------+
|ap_clk                      |   in|    1|  ap_ctrl_hs|  zeropad2d_cl<array,array<ap_ufixed<6,0,4,0,0>,4u>,config19>|  return value|
|ap_rst                      |   in|    1|  ap_ctrl_hs|  zeropad2d_cl<array,array<ap_ufixed<6,0,4,0,0>,4u>,config19>|  return value|
|ap_start                    |   in|    1|  ap_ctrl_hs|  zeropad2d_cl<array,array<ap_ufixed<6,0,4,0,0>,4u>,config19>|  return value|
|start_full_n                |   in|    1|  ap_ctrl_hs|  zeropad2d_cl<array,array<ap_ufixed<6,0,4,0,0>,4u>,config19>|  return value|
|ap_done                     |  out|    1|  ap_ctrl_hs|  zeropad2d_cl<array,array<ap_ufixed<6,0,4,0,0>,4u>,config19>|  return value|
|ap_continue                 |   in|    1|  ap_ctrl_hs|  zeropad2d_cl<array,array<ap_ufixed<6,0,4,0,0>,4u>,config19>|  return value|
|ap_idle                     |  out|    1|  ap_ctrl_hs|  zeropad2d_cl<array,array<ap_ufixed<6,0,4,0,0>,4u>,config19>|  return value|
|ap_ready                    |  out|    1|  ap_ctrl_hs|  zeropad2d_cl<array,array<ap_ufixed<6,0,4,0,0>,4u>,config19>|  return value|
|start_out                   |  out|    1|  ap_ctrl_hs|  zeropad2d_cl<array,array<ap_ufixed<6,0,4,0,0>,4u>,config19>|  return value|
|start_write                 |  out|    1|  ap_ctrl_hs|  zeropad2d_cl<array,array<ap_ufixed<6,0,4,0,0>,4u>,config19>|  return value|
|layer5_out_dout             |   in|   24|     ap_fifo|                                                   layer5_out|       pointer|
|layer5_out_num_data_valid   |   in|    5|     ap_fifo|                                                   layer5_out|       pointer|
|layer5_out_fifo_cap         |   in|    5|     ap_fifo|                                                   layer5_out|       pointer|
|layer5_out_empty_n          |   in|    1|     ap_fifo|                                                   layer5_out|       pointer|
|layer5_out_read             |  out|    1|     ap_fifo|                                                   layer5_out|       pointer|
|layer19_out_din             |  out|   24|     ap_fifo|                                                  layer19_out|       pointer|
|layer19_out_num_data_valid  |   in|    7|     ap_fifo|                                                  layer19_out|       pointer|
|layer19_out_fifo_cap        |   in|    7|     ap_fifo|                                                  layer19_out|       pointer|
|layer19_out_full_n          |   in|    1|     ap_fifo|                                                  layer19_out|       pointer|
|layer19_out_write           |  out|    1|     ap_fifo|                                                  layer19_out|       pointer|
+----------------------------+-----+-----+------------+-------------------------------------------------------------+--------------+

