Copyright 1986-2019 Xilinx, Inc. All Rights Reserved.
----------------------------------------------------------------------------------------------------------------------------------------------------------------------
| Tool Version     : Vivado v.2019.2 (lin64) Build 2708876 Wed Nov  6 21:39:14 MST 2019
| Date             : Fri Jul  3 00:01:16 2026
| Host             : yvan-B550-GAMING-X-V2 running 64-bit Ubuntu 22.04.5 LTS
| Command          : report_power -file design_1_wrapper_power_routed.rpt -pb design_1_wrapper_power_summary_routed.pb -rpx design_1_wrapper_power_routed.rpx
| Design           : design_1_wrapper
| Device           : xc7z020clg400-1
| Design State     : routed
| Grade            : commercial
| Process          : typical
| Characterization : Production
----------------------------------------------------------------------------------------------------------------------------------------------------------------------

Power Report

Table of Contents
-----------------
1. Summary
1.1 On-Chip Components
1.2 Power Supply Summary
1.3 Confidence Level
2. Settings
2.1 Environment
2.2 Clock Constraints
3. Detailed Reports
3.1 By Hierarchy

1. Summary
----------

+--------------------------+--------------+
| Total On-Chip Power (W)  | 2.280        |
| Design Power Budget (W)  | Unspecified* |
| Power Budget Margin (W)  | NA           |
| Dynamic (W)              | 2.119        |
| Device Static (W)        | 0.161        |
| Effective TJA (C/W)      | 11.5         |
| Max Ambient (C)          | 58.7         |
| Junction Temperature (C) | 51.3         |
| Confidence Level         | Medium       |
| Setting File             | ---          |
| Simulation Activity File | ---          |
| Design Nets Matched      | NA           |
+--------------------------+--------------+
* Specify Design Power Budget using, set_operating_conditions -design_power_budget <value in Watts>


1.1 On-Chip Components
----------------------

+--------------------------+-----------+----------+-----------+-----------------+
| On-Chip                  | Power (W) | Used     | Available | Utilization (%) |
+--------------------------+-----------+----------+-----------+-----------------+
| Clocks                   |     0.052 |        9 |       --- |             --- |
| Slice Logic              |     0.025 |    49768 |       --- |             --- |
|   LUT as Logic           |     0.019 |    15605 |     53200 |           29.33 |
|   CARRY4                 |     0.004 |     1698 |     13300 |           12.77 |
|   Register               |     0.002 |    25674 |    106400 |           24.13 |
|   LUT as Shift Register  |    <0.001 |      725 |     17400 |            4.17 |
|   F7/F8 Muxes            |    <0.001 |      108 |     53200 |            0.20 |
|   LUT as Distributed RAM |    <0.001 |       36 |     17400 |            0.21 |
|   Others                 |     0.000 |     1230 |       --- |             --- |
| Signals                  |     0.046 |    38698 |       --- |             --- |
| Block RAM                |     0.019 |       26 |       140 |           18.57 |
| MMCM                     |     0.116 |        1 |         4 |           25.00 |
| PLL                      |     0.135 |        1 |         4 |           25.00 |
| DSPs                     |     0.070 |      200 |       220 |           90.91 |
| I/O                      |     0.132 |        8 |       125 |            6.40 |
| PS7                      |     1.523 |        1 |       --- |             --- |
| Static Power             |     0.161 |          |           |                 |
| Total                    |     2.280 |          |           |                 |
+--------------------------+-----------+----------+-----------+-----------------+


1.2 Power Supply Summary
------------------------

+-----------+-------------+-----------+-------------+------------+
| Source    | Voltage (V) | Total (A) | Dynamic (A) | Static (A) |
+-----------+-------------+-----------+-------------+------------+
| Vccint    |       1.000 |     0.248 |       0.226 |      0.021 |
| Vccaux    |       1.800 |     0.150 |       0.132 |      0.018 |
| Vcco33    |       3.300 |     0.041 |       0.040 |      0.001 |
| Vcco25    |       2.500 |     0.000 |       0.000 |      0.000 |
| Vcco18    |       1.800 |     0.000 |       0.000 |      0.000 |
| Vcco15    |       1.500 |     0.000 |       0.000 |      0.000 |
| Vcco135   |       1.350 |     0.000 |       0.000 |      0.000 |
| Vcco12    |       1.200 |     0.000 |       0.000 |      0.000 |
| Vccaux_io |       1.800 |     0.000 |       0.000 |      0.000 |
| Vccbram   |       1.000 |     0.004 |       0.001 |      0.003 |
| MGTAVcc   |       1.000 |     0.000 |       0.000 |      0.000 |
| MGTAVtt   |       1.200 |     0.000 |       0.000 |      0.000 |
| MGTVccaux |       1.800 |     0.000 |       0.000 |      0.000 |
| Vccpint   |       1.000 |     0.761 |       0.723 |      0.038 |
| Vccpaux   |       1.800 |     0.060 |       0.050 |      0.010 |
| Vccpll    |       1.800 |     0.017 |       0.014 |      0.003 |
| Vcco_ddr  |       1.500 |     0.459 |       0.457 |      0.002 |
| Vcco_mio0 |       1.800 |     0.000 |       0.000 |      0.000 |
| Vcco_mio1 |       1.800 |     0.000 |       0.000 |      0.000 |
| Vccadc    |       1.800 |     0.020 |       0.000 |      0.020 |
+-----------+-------------+-----------+-------------+------------+


1.3 Confidence Level
--------------------

+-----------------------------+------------+------------------------------------------------+------------------------------------------------------------------------------------------------------------+
| User Input Data             | Confidence | Details                                        | Action                                                                                                     |
+-----------------------------+------------+------------------------------------------------+------------------------------------------------------------------------------------------------------------+
| Design implementation state | High       | Design is routed                               |                                                                                                            |
| Clock nodes activity        | High       | User specified more than 95% of clocks         |                                                                                                            |
| I/O nodes activity          | High       | User specified more than 95% of inputs         |                                                                                                            |
| Internal nodes activity     | Medium     | User specified less than 25% of internal nodes | Provide missing internal nodes activity with simulation results or by editing the "By Resource Type" views |
| Device models               | High       | Device models are Production                   |                                                                                                            |
|                             |            |                                                |                                                                                                            |
| Overall confidence level    | Medium     |                                                |                                                                                                            |
+-----------------------------+------------+------------------------------------------------+------------------------------------------------------------------------------------------------------------+


2. Settings
-----------

2.1 Environment
---------------

+-----------------------+------------------------+
| Ambient Temp (C)      | 25.0                   |
| ThetaJA (C/W)         | 11.5                   |
| Airflow (LFM)         | 250                    |
| Heat Sink             | none                   |
| ThetaSA (C/W)         | 0.0                    |
| Board Selection       | medium (10"x10")       |
| # of Board Layers     | 8to11 (8 to 11 Layers) |
| Board Temperature (C) | 25.0                   |
+-----------------------+------------------------+


2.2 Clock Constraints
---------------------

+-------------------------------+--------------------------------------------------------------+-----------------+
| Clock                         | Domain                                                       | Constraint (ns) |
+-------------------------------+--------------------------------------------------------------+-----------------+
| CLKFBIN                       | design_1_i/rgb2dvi_0/U0/ClockGenInternal.ClockGenX/CLKFBIN   |            13.5 |
| PixelClkIO                    | design_1_i/rgb2dvi_0/U0/ClockGenInternal.ClockGenX/PixelClk  |            13.5 |
| SerialClkIO                   | design_1_i/rgb2dvi_0/U0/ClockGenInternal.ClockGenX/SerialClk |             2.7 |
| clk_fpga_0                    | design_1_i/processing_system7_0/inst/FCLK_CLK0               |             8.0 |
| clk_fpga_0                    | design_1_i/processing_system7_0/inst/FCLK_CLK_unbuffered[0]  |             8.0 |
| clk_out1_design_1_clk_wiz_0_1 | design_1_i/clk_wiz_0/inst/clk_out1_design_1_clk_wiz_0_1      |            13.5 |
| clkfbout_design_1_clk_wiz_0_1 | design_1_i/clk_wiz_0/inst/clkfbout_design_1_clk_wiz_0_1      |            40.0 |
+-------------------------------+--------------------------------------------------------------+-----------------+


3. Detailed Reports
-------------------

3.1 By Hierarchy
----------------

+--------------------------+-----------+
| Name                     | Power (W) |
+--------------------------+-----------+
| design_1_wrapper         |     2.119 |
|   design_1_i             |     2.119 |
|     axi_dma_0            |     0.004 |
|       U0                 |     0.004 |
|     axi_interconnect_0   |     0.002 |
|     axi_interconnect_1   |     0.001 |
|     axi_interconnect_2   |     0.003 |
|       s00_couplers       |     0.002 |
|     axi_vdma_0           |     0.012 |
|       U0                 |     0.012 |
|     clk_wiz_0            |     0.117 |
|       inst               |     0.117 |
|     myproject_0          |     0.144 |
|       inst               |     0.144 |
|     processing_system7_0 |     1.525 |
|       inst               |     1.525 |
|     rgb2dvi_0            |     0.271 |
|       U0                 |     0.271 |
|     v_axi4s_vid_out_0    |     0.002 |
|       inst               |     0.002 |
|     v_tpg_0              |     0.036 |
|       inst               |     0.036 |
+--------------------------+-----------+


