

================================================================
== Vitis HLS Report for 'compute_output_buffer_2d_array_array_ap_fixed_27_11_5_3_0_4u_config2_s'
================================================================
* Date:           Thu Jul  2 23:53:12 2026

* Version:        2022.2 (Build 3670227 on Oct 13 2022)
* Project:        myproject_prj
* Solution:       solution1 (Vivado IP Flow Target)
* Product family: zynq
* Target device:  xc7z020-clg400-1


================================================================
== Performance Estimates
================================================================
+ Timing: 
    * Summary: 
    +--------+---------+----------+------------+
    |  Clock |  Target | Estimated| Uncertainty|
    +--------+---------+----------+------------+
    |ap_clk  |  5.00 ns|  4.842 ns|     1.35 ns|
    +--------+---------+----------+------------+

+ Latency: 
    * Summary: 
    +---------+---------+-----------+----------+-----+-----+---------+
    |  Latency (cycles) |  Latency (absolute)  |  Interval | Pipeline|
    |   min   |   max   |    min    |    max   | min | max |   Type  |
    +---------+---------+-----------+----------+-----+-----+---------+
    |        5|       20|  25.000 ns|  0.100 us|    5|   20|       no|
    +---------+---------+-----------+----------+-----+-----+---------+

    + Detail: 
        * Instance: 
        +-----------------------------------------------------------------------------------+------------------------------------------------------------------------+---------+---------+-----------+-----------+-----+-----+------------------------------------------+
        |                                                                                   |                                                                        |  Latency (cycles) |   Latency (absolute)  |  Interval |                 Pipeline                 |
        |                                      Instance                                     |                                 Module                                 |   min   |   max   |    min    |    max    | min | max |                   Type                   |
        +-----------------------------------------------------------------------------------+------------------------------------------------------------------------+---------+---------+-----------+-----------+-----+-----+------------------------------------------+
        |call_ln281_shift_line_buffer_array_ap_fixed_16_5_5_3_0_1u_config2_s_fu_91          |shift_line_buffer_array_ap_fixed_16_5_5_3_0_1u_config2_s                |        0|        0|       0 ns|       0 ns|    1|    1|                                       yes|
        |grp_dense_resource_rf_leq_nin_ap_fixed_ap_fixed_27_11_5_3_0_config2_mult_s_fu_119  |dense_resource_rf_leq_nin_ap_fixed_ap_fixed_27_11_5_3_0_config2_mult_s  |       13|       14|  65.000 ns|  70.000 ns|    9|    9|  loop rewind stp(delay=0 clock cycles(s))|
        +-----------------------------------------------------------------------------------+------------------------------------------------------------------------+---------+---------+-----------+-----------+-----+-----+------------------------------------------+

        * Loop: 
        N/A



================================================================
== Utilization Estimates
================================================================
* Summary: 
+-----------------+---------+-----+--------+-------+-----+
|       Name      | BRAM_18K| DSP |   FF   |  LUT  | URAM|
+-----------------+---------+-----+--------+-------+-----+
|DSP              |        -|    -|       -|      -|    -|
|Expression       |        -|    -|       0|    334|    -|
|FIFO             |        -|    -|       -|      -|    -|
|Instance         |        1|    4|     640|    605|    -|
|Memory           |        -|    -|       -|      -|    -|
|Multiplexer      |        -|    -|       -|     98|    -|
|Register         |        -|    -|     521|      -|    -|
+-----------------+---------+-----+--------+-------+-----+
|Total            |        1|    4|    1161|   1037|    0|
+-----------------+---------+-----+--------+-------+-----+
|Available        |      280|  220|  106400|  53200|    0|
+-----------------+---------+-----+--------+-------+-----+
|Utilization (%)  |       ~0|    1|       1|      1|    0|
+-----------------+---------+-----+--------+-------+-----+

+ Detail: 
    * Instance: 
    +-----------------------------------------------------------------------------------+------------------------------------------------------------------------+---------+----+-----+-----+-----+
    |                                      Instance                                     |                                 Module                                 | BRAM_18K| DSP|  FF | LUT | URAM|
    +-----------------------------------------------------------------------------------+------------------------------------------------------------------------+---------+----+-----+-----+-----+
    |grp_dense_resource_rf_leq_nin_ap_fixed_ap_fixed_27_11_5_3_0_config2_mult_s_fu_119  |dense_resource_rf_leq_nin_ap_fixed_ap_fixed_27_11_5_3_0_config2_mult_s  |        1|   4|  511|  487|    0|
    |call_ln281_shift_line_buffer_array_ap_fixed_16_5_5_3_0_1u_config2_s_fu_91          |shift_line_buffer_array_ap_fixed_16_5_5_3_0_1u_config2_s                |        0|   0|  129|  118|    0|
    +-----------------------------------------------------------------------------------+------------------------------------------------------------------------+---------+----+-----+-----+-----+
    |Total                                                                              |                                                                        |        1|   4|  640|  605|    0|
    +-----------------------------------------------------------------------------------+------------------------------------------------------------------------+---------+----+-----+-----+-----+

    * DSP: 
    N/A

    * Memory: 
    N/A

    * FIFO: 
    N/A

    * Expression: 
    +--------------------------------+----------+----+---+----+------------+------------+
    |          Variable Name         | Operation| DSP| FF| LUT| Bitwidth P0| Bitwidth P1|
    +--------------------------------+----------+----+---+----+------------+------------+
    |add_ln303_fu_240_p2             |         +|   0|  0|  39|          32|           1|
    |add_ln307_fu_262_p2             |         +|   0|  0|  39|          32|           1|
    |add_ln313_fu_294_p2             |         +|   0|  0|  39|          32|           1|
    |add_ln318_fu_250_p2             |         +|   0|  0|  39|          32|           1|
    |and_ln284_1_fu_209_p2           |       and|   0|  0|   2|           1|           1|
    |and_ln284_fu_203_p2             |       and|   0|  0|   2|           1|           1|
    |ap_block_state4                 |       and|   0|  0|   2|           1|           1|
    |ap_predicate_op33_write_state4  |       and|   0|  0|   2|           1|           1|
    |grp_fu_143_p2                   |      icmp|   0|  0|  18|          32|           2|
    |icmp_ln284_2_fu_181_p2          |      icmp|   0|  0|  17|          31|           1|
    |icmp_ln284_3_fu_197_p2          |      icmp|   0|  0|  17|          31|           1|
    |icmp_ln284_fu_152_p2            |      icmp|   0|  0|  18|          32|           2|
    |icmp_ln303_fu_245_p2            |      icmp|   0|  0|  18|          32|           4|
    |icmp_ln307_fu_289_p2            |      icmp|   0|  0|  18|          32|           4|
    |select_ln313_fu_299_p3          |    select|   0|  0|  32|           1|           2|
    |select_ln318_fu_255_p3          |    select|   0|  0|  32|           1|           2|
    +--------------------------------+----------+----+---+----+------------+------------+
    |Total                           |          |   0|  0| 334|         324|          26|
    +--------------------------------+----------+----+---+----+------------+------------+

    * Multiplexer: 
    +------------------------------------+----+-----------+-----+-----------+
    |                Name                | LUT| Input Size| Bits| Total Bits|
    +------------------------------------+----+-----------+-----+-----------+
    |ap_NS_fsm                           |  48|          9|    1|          9|
    |ap_phi_mux_storemerge_phi_fu_84_p4  |  14|          3|   32|         96|
    |layer2_out_blk_n                    |   9|          2|    1|          2|
    |pX_3                                |   9|          2|   32|         64|
    |pY_3                                |   9|          2|   32|         64|
    |sX_3                                |   9|          2|   32|         64|
    +------------------------------------+----+-----------+-----+-----------+
    |Total                               |  98|         20|  130|        299|
    +------------------------------------+----+-----------+-----+-----------+

    * Register: 
    +------------------------------------------------------------------------------------------------+----+----+-----+-----------+
    |                                              Name                                              | FF | LUT| Bits| Const Bits|
    +------------------------------------------------------------------------------------------------+----+----+-----+-----------+
    |add_ln303_reg_365                                                                               |  32|   0|   32|          0|
    |add_ln307_reg_380                                                                               |  32|   0|   32|          0|
    |and_ln284_1_reg_341                                                                             |   1|   0|    1|          0|
    |ap_CS_fsm                                                                                       |   8|   0|    8|          0|
    |grp_dense_resource_rf_leq_nin_ap_fixed_ap_fixed_27_11_5_3_0_config2_mult_s_fu_119_ap_start_reg  |   1|   0|    1|          0|
    |icmp_ln284_reg_327                                                                              |   1|   0|    1|          0|
    |icmp_ln303_reg_371                                                                              |   1|   0|    1|          0|
    |icmp_ln307_reg_386                                                                              |   1|   0|    1|          0|
    |pX_3                                                                                            |  32|   0|   32|          0|
    |pY_3                                                                                            |  32|   0|   32|          0|
    |res_out_V_1_reg_350                                                                             |  27|   0|   27|          0|
    |res_out_V_2_reg_355                                                                             |  27|   0|   27|          0|
    |res_out_V_3_reg_360                                                                             |  27|   0|   27|          0|
    |res_out_V_reg_345                                                                               |  27|   0|   27|          0|
    |sX_3                                                                                            |  32|   0|   32|          0|
    |sY_3                                                                                            |  32|   0|   32|          0|
    |select_ln313_reg_390                                                                            |  32|   0|   32|          0|
    |select_ln318_reg_375                                                                            |  32|   0|   32|          0|
    |void_compute_output_buffer_2d_array_const_ap_shift_reg_n_chan_stream_weig_10                    |  16|   0|   16|          0|
    |void_compute_output_buffer_2d_array_const_ap_shift_reg_n_chan_stream_weig_11                    |  16|   0|   16|          0|
    |void_compute_output_buffer_2d_array_const_ap_shift_reg_n_chan_stream_weig_12                    |  16|   0|   16|          0|
    |void_compute_output_buffer_2d_array_const_ap_shift_reg_n_chan_stream_weig_13                    |  16|   0|   16|          0|
    |void_compute_output_buffer_2d_array_const_ap_shift_reg_n_chan_stream_weig_14                    |  16|   0|   16|          0|
    |void_compute_output_buffer_2d_array_const_ap_shift_reg_n_chan_stream_weig_15                    |  16|   0|   16|          0|
    |void_compute_output_buffer_2d_array_const_ap_shift_reg_n_chan_stream_weig_16                    |  16|   0|   16|          0|
    |void_compute_output_buffer_2d_array_const_ap_shift_reg_n_chan_stream_weig_17                    |  16|   0|   16|          0|
    |void_compute_output_buffer_2d_array_const_ap_shift_reg_n_chan_stream_weig_18                    |  16|   0|   16|          0|
    +------------------------------------------------------------------------------------------------+----+----+-----+-----------+
    |Total                                                                                           | 521|   0|  521|          0|
    +------------------------------------------------------------------------------------------------+----+----+-----+-----------+



================================================================
== Interface
================================================================
* Summary: 
+---------------------------+-----+-----+------------+-------------------------------------------------------------------------+--------------+
|         RTL Ports         | Dir | Bits|  Protocol  |                              Source Object                              |    C Type    |
+---------------------------+-----+-----+------------+-------------------------------------------------------------------------+--------------+
|ap_clk                     |   in|    1|  ap_ctrl_hs|  compute_output_buffer_2d<array,array<ap_fixed<27,11,5,3,0>,4u>,config2>|  return value|
|ap_rst                     |   in|    1|  ap_ctrl_hs|  compute_output_buffer_2d<array,array<ap_fixed<27,11,5,3,0>,4u>,config2>|  return value|
|ap_start                   |   in|    1|  ap_ctrl_hs|  compute_output_buffer_2d<array,array<ap_fixed<27,11,5,3,0>,4u>,config2>|  return value|
|ap_done                    |  out|    1|  ap_ctrl_hs|  compute_output_buffer_2d<array,array<ap_fixed<27,11,5,3,0>,4u>,config2>|  return value|
|ap_idle                    |  out|    1|  ap_ctrl_hs|  compute_output_buffer_2d<array,array<ap_fixed<27,11,5,3,0>,4u>,config2>|  return value|
|ap_ready                   |  out|    1|  ap_ctrl_hs|  compute_output_buffer_2d<array,array<ap_fixed<27,11,5,3,0>,4u>,config2>|  return value|
|p_read                     |   in|   16|     ap_none|                                                                   p_read|        scalar|
|layer2_out_din             |  out|  108|     ap_fifo|                                                               layer2_out|       pointer|
|layer2_out_num_data_valid  |   in|    7|     ap_fifo|                                                               layer2_out|       pointer|
|layer2_out_fifo_cap        |   in|    7|     ap_fifo|                                                               layer2_out|       pointer|
|layer2_out_full_n          |   in|    1|     ap_fifo|                                                               layer2_out|       pointer|
|layer2_out_write           |  out|    1|     ap_fifo|                                                               layer2_out|       pointer|
+---------------------------+-----+-----+------------+-------------------------------------------------------------------------+--------------+

============================================================
+ Verbose Summary: Synthesis Manager
============================================================
InlineROM: 1
ExposeGlobal: 0
============================================================
+ Verbose Summary: CDFG Model
============================================================
IsTopModel: 0
ResetActiveHigh: 1
IsCombinational: 2
IsDatapathOnly: 2
HasWiredReturn: 1
HasMFsm: 0
HasVarLatency: 1
IsPipeline: 0
IsRtlPipelined: 0
IsInstanceOverlapped: 0
IsDontTouch: 0
HasImplIP: 0
IsGatedGlobalClock: 0


============================================================
+ Verbose Summary: Schedule
============================================================
* Number of FSM states : 8
* Pipeline : 0
* Dataflow Pipeline: 0

* FSM state transitions: 
1 --> 2 
2 --> 4 3 
3 --> 4 
4 --> 5 
5 --> 6 7 
6 --> 8 
7 --> 8 
8 --> 

* FSM state operations: 

State 1 <SV = 0> <Delay = 3.23>
ST_1 : Operation 9 [1/1] (0.00ns)   --->   "%p_read_5 = read i16 @_ssdm_op_Read.ap_auto.i16, i16 %p_read"   --->   Operation 9 'read' 'p_read_5' <Predicate = true> <Delay = 0.00>
ST_1 : Operation 10 [1/1] (3.23ns)   --->   "%call_ln281 = call void @shift_line_buffer<array<ap_fixed<16, 5, 5, 3, 0>, 1u>, config2>, i16 %p_read_5, i16 %void_compute_output_buffer_2d_array_const_ap_shift_reg_n_chan_stream_weig_17, i16 %void_compute_output_buffer_2d_array_const_ap_shift_reg_n_chan_stream_weig_18, i16 %void_compute_output_buffer_2d_array_const_ap_shift_reg_n_chan_stream_weig_14, i16 %void_compute_output_buffer_2d_array_const_ap_shift_reg_n_chan_stream_weig_15, i16 %void_compute_output_buffer_2d_array_const_ap_shift_reg_n_chan_stream_weig_11, i16 %void_compute_output_buffer_2d_array_const_ap_shift_reg_n_chan_stream_weig_12, i16 %void_compute_output_buffer_2d_array_const_ap_shift_reg_n_chan_stream_weig_16, i16 %void_compute_output_buffer_2d_array_const_ap_shift_reg_n_chan_stream_weig_13, i16 %void_compute_output_buffer_2d_array_const_ap_shift_reg_n_chan_stream_weig_10, i16 %void_conv_2d_buffer_resource_cl_stream_stream_weight_t_bias_t_line_buffer_1, i16 %void_conv_2d_buffer_resource_cl_stream_stream_weight_t_bias_t_line_buffer" [firmware/nnet_utils/nnet_conv_stream.h:281]   --->   Operation 10 'call' 'call_ln281' <Predicate = true> <Delay = 3.23> <CoreType = "Generic">   --->   Core 0 '' <Latency = 0> <II = 1> <Delay = 1.00> <Generic> <Opcode : >

State 2 <SV = 1> <Delay = 4.42>
ST_2 : Operation 11 [1/1] (0.00ns)   --->   "%specinterface_ln0 = specinterface void @_ssdm_op_SpecInterface, i108 %layer2_out, void @empty_21, i32 0, i32 0, void @empty_10, i32 0, i32 0, void @empty_10, void @empty_10, void @empty_10, i32 0, i32 0, i32 0, i32 0, void @empty_10, void @empty_10, i32 4294967295, i32 0"   --->   Operation 11 'specinterface' 'specinterface_ln0' <Predicate = true> <Delay = 0.00>
ST_2 : Operation 12 [1/1] (0.00ns)   --->   "%sX_3_load = load i32 %sX_3" [firmware/nnet_utils/nnet_conv_stream.h:284]   --->   Operation 12 'load' 'sX_3_load' <Predicate = true> <Delay = 0.00>
ST_2 : Operation 13 [1/1] (2.47ns)   --->   "%icmp_ln284 = icmp_eq  i32 %sX_3_load, i32 2" [firmware/nnet_utils/nnet_conv_stream.h:284]   --->   Operation 13 'icmp' 'icmp_ln284' <Predicate = true> <Delay = 2.47> <CoreInst = "Cmp">   --->   Core 9 'Cmp' <Latency = 0> <II = 1> <Delay = 2.47> <FuncUnit> <Opcode : 'icmp'> <InPorts = 2> <OutPorts = 1>
ST_2 : Operation 14 [1/1] (0.00ns)   --->   "%sY_3_load = load i32 %sY_3" [firmware/nnet_utils/nnet_conv_stream.h:284]   --->   Operation 14 'load' 'sY_3_load' <Predicate = true> <Delay = 0.00>
ST_2 : Operation 15 [1/1] (0.00ns)   --->   "%pY_3_load = load i32 %pY_3" [firmware/nnet_utils/nnet_conv_stream.h:284]   --->   Operation 15 'load' 'pY_3_load' <Predicate = true> <Delay = 0.00>
ST_2 : Operation 16 [1/1] (0.00ns)   --->   "%pX_3_load = load i32 %pX_3" [firmware/nnet_utils/nnet_conv_stream.h:284]   --->   Operation 16 'load' 'pX_3_load' <Predicate = true> <Delay = 0.00>
ST_2 : Operation 17 [1/1] (0.00ns)   --->   "%br_ln284 = br i1 %icmp_ln284, void %if.end, void %land.lhs.true" [firmware/nnet_utils/nnet_conv_stream.h:284]   --->   Operation 17 'br' 'br_ln284' <Predicate = true> <Delay = 0.00>
ST_2 : Operation 18 [1/1] (2.47ns)   --->   "%icmp_ln284_1 = icmp_eq  i32 %sY_3_load, i32 2" [firmware/nnet_utils/nnet_conv_stream.h:284]   --->   Operation 18 'icmp' 'icmp_ln284_1' <Predicate = (icmp_ln284)> <Delay = 2.47> <CoreInst = "Cmp">   --->   Core 9 'Cmp' <Latency = 0> <II = 1> <Delay = 2.47> <FuncUnit> <Opcode : 'icmp'> <InPorts = 2> <OutPorts = 1>
ST_2 : Operation 19 [1/1] (0.00ns)   --->   "%tmp_223 = partselect i31 @_ssdm_op_PartSelect.i31.i32.i32.i32, i32 %pY_3_load, i32 1, i32 31" [firmware/nnet_utils/nnet_conv_stream.h:284]   --->   Operation 19 'partselect' 'tmp_223' <Predicate = (icmp_ln284)> <Delay = 0.00>
ST_2 : Operation 20 [1/1] (2.47ns)   --->   "%icmp_ln284_2 = icmp_sgt  i31 %tmp_223, i31 0" [firmware/nnet_utils/nnet_conv_stream.h:284]   --->   Operation 20 'icmp' 'icmp_ln284_2' <Predicate = (icmp_ln284)> <Delay = 2.47> <CoreInst = "Cmp">   --->   Core 9 'Cmp' <Latency = 0> <II = 1> <Delay = 2.47> <FuncUnit> <Opcode : 'icmp'> <InPorts = 2> <OutPorts = 1>
ST_2 : Operation 21 [1/1] (0.00ns)   --->   "%tmp_224 = partselect i31 @_ssdm_op_PartSelect.i31.i32.i32.i32, i32 %pX_3_load, i32 1, i32 31" [firmware/nnet_utils/nnet_conv_stream.h:284]   --->   Operation 21 'partselect' 'tmp_224' <Predicate = (icmp_ln284)> <Delay = 0.00>
ST_2 : Operation 22 [1/1] (2.47ns)   --->   "%icmp_ln284_3 = icmp_sgt  i31 %tmp_224, i31 0" [firmware/nnet_utils/nnet_conv_stream.h:284]   --->   Operation 22 'icmp' 'icmp_ln284_3' <Predicate = (icmp_ln284)> <Delay = 2.47> <CoreInst = "Cmp">   --->   Core 9 'Cmp' <Latency = 0> <II = 1> <Delay = 2.47> <FuncUnit> <Opcode : 'icmp'> <InPorts = 2> <OutPorts = 1>
ST_2 : Operation 23 [1/1] (0.00ns) (grouped into LUT with out node and_ln284_1)   --->   "%and_ln284 = and i1 %icmp_ln284_2, i1 %icmp_ln284_3" [firmware/nnet_utils/nnet_conv_stream.h:284]   --->   Operation 23 'and' 'and_ln284' <Predicate = (icmp_ln284)> <Delay = 0.00> <CoreInst = "LogicGate">   --->   Core 74 'LogicGate' <Latency = 0> <II = 1> <Delay = 0.97> <FuncUnit> <Opcode : 'and' 'or' 'xor'> <InPorts = 2> <OutPorts = 1>
ST_2 : Operation 24 [1/1] (0.97ns) (out node of the LUT)   --->   "%and_ln284_1 = and i1 %and_ln284, i1 %icmp_ln284_1" [firmware/nnet_utils/nnet_conv_stream.h:284]   --->   Operation 24 'and' 'and_ln284_1' <Predicate = (icmp_ln284)> <Delay = 0.97> <CoreInst = "LogicGate">   --->   Core 74 'LogicGate' <Latency = 0> <II = 1> <Delay = 0.97> <FuncUnit> <Opcode : 'and' 'or' 'xor'> <InPorts = 2> <OutPorts = 1>
ST_2 : Operation 25 [1/1] (0.00ns)   --->   "%br_ln284 = br i1 %and_ln284_1, void %if.end, void %if.then" [firmware/nnet_utils/nnet_conv_stream.h:284]   --->   Operation 25 'br' 'br_ln284' <Predicate = (icmp_ln284)> <Delay = 0.00>
ST_2 : Operation 26 [2/2] (0.00ns)   --->   "%tmp = call i108 @dense_resource_rf_leq_nin<ap_fixed,ap_fixed<27,11,5,3,0>,config2_mult>, i24 %w2, i16 %void_compute_output_buffer_2d_array_const_ap_shift_reg_n_chan_stream_weig_18, i16 %void_compute_output_buffer_2d_array_const_ap_shift_reg_n_chan_stream_weig_17, i16 %void_compute_output_buffer_2d_array_const_ap_shift_reg_n_chan_stream_weig_16, i16 %void_compute_output_buffer_2d_array_const_ap_shift_reg_n_chan_stream_weig_15, i16 %void_compute_output_buffer_2d_array_const_ap_shift_reg_n_chan_stream_weig_14, i16 %void_compute_output_buffer_2d_array_const_ap_shift_reg_n_chan_stream_weig_13, i16 %void_compute_output_buffer_2d_array_const_ap_shift_reg_n_chan_stream_weig_12, i16 %void_compute_output_buffer_2d_array_const_ap_shift_reg_n_chan_stream_weig_11, i16 %void_compute_output_buffer_2d_array_const_ap_shift_reg_n_chan_stream_weig_10" [firmware/nnet_utils/nnet_dense.h:65]   --->   Operation 26 'call' 'tmp' <Predicate = (icmp_ln284 & and_ln284_1)> <Delay = 0.00> <CoreType = "Generic">   --->   Core 0 '' <Latency = 0> <II = 1> <Delay = 1.00> <Generic> <Opcode : >

State 3 <SV = 2> <Delay = 2.07>
ST_3 : Operation 27 [1/2] (2.07ns)   --->   "%tmp = call i108 @dense_resource_rf_leq_nin<ap_fixed,ap_fixed<27,11,5,3,0>,config2_mult>, i24 %w2, i16 %void_compute_output_buffer_2d_array_const_ap_shift_reg_n_chan_stream_weig_18, i16 %void_compute_output_buffer_2d_array_const_ap_shift_reg_n_chan_stream_weig_17, i16 %void_compute_output_buffer_2d_array_const_ap_shift_reg_n_chan_stream_weig_16, i16 %void_compute_output_buffer_2d_array_const_ap_shift_reg_n_chan_stream_weig_15, i16 %void_compute_output_buffer_2d_array_const_ap_shift_reg_n_chan_stream_weig_14, i16 %void_compute_output_buffer_2d_array_const_ap_shift_reg_n_chan_stream_weig_13, i16 %void_compute_output_buffer_2d_array_const_ap_shift_reg_n_chan_stream_weig_12, i16 %void_compute_output_buffer_2d_array_const_ap_shift_reg_n_chan_stream_weig_11, i16 %void_compute_output_buffer_2d_array_const_ap_shift_reg_n_chan_stream_weig_10" [firmware/nnet_utils/nnet_dense.h:65]   --->   Operation 27 'call' 'tmp' <Predicate = true> <Delay = 2.07> <CoreType = "Generic">   --->   Core 0 '' <Latency = 0> <II = 1> <Delay = 1.00> <Generic> <Opcode : >
ST_3 : Operation 28 [1/1] (0.00ns)   --->   "%res_out_V = extractvalue i108 %tmp" [firmware/nnet_utils/nnet_dense.h:65]   --->   Operation 28 'extractvalue' 'res_out_V' <Predicate = true> <Delay = 0.00>
ST_3 : Operation 29 [1/1] (0.00ns)   --->   "%res_out_V_1 = extractvalue i108 %tmp" [firmware/nnet_utils/nnet_dense.h:65]   --->   Operation 29 'extractvalue' 'res_out_V_1' <Predicate = true> <Delay = 0.00>
ST_3 : Operation 30 [1/1] (0.00ns)   --->   "%res_out_V_2 = extractvalue i108 %tmp" [firmware/nnet_utils/nnet_dense.h:65]   --->   Operation 30 'extractvalue' 'res_out_V_2' <Predicate = true> <Delay = 0.00>
ST_3 : Operation 31 [1/1] (0.00ns)   --->   "%res_out_V_3 = extractvalue i108 %tmp" [firmware/nnet_utils/nnet_dense.h:65]   --->   Operation 31 'extractvalue' 'res_out_V_3' <Predicate = true> <Delay = 0.00>

State 4 <SV = 3> <Delay = 2.55>
ST_4 : Operation 32 [1/1] (0.00ns)   --->   "%p_0 = bitconcatenate i108 @_ssdm_op_BitConcatenate.i108.i27.i27.i27.i27, i27 %res_out_V_3, i27 %res_out_V_2, i27 %res_out_V_1, i27 %res_out_V" [firmware/nnet_utils/nnet_conv_stream.h:299]   --->   Operation 32 'bitconcatenate' 'p_0' <Predicate = (icmp_ln284 & and_ln284_1)> <Delay = 0.00>
ST_4 : Operation 33 [1/1] (1.82ns)   --->   "%write_ln299 = write void @_ssdm_op_Write.ap_fifo.volatile.i108P0A, i108 %layer2_out, i108 %p_0" [firmware/nnet_utils/nnet_conv_stream.h:299]   --->   Operation 33 'write' 'write_ln299' <Predicate = (icmp_ln284 & and_ln284_1)> <Delay = 1.82> <CoreInst = "FIFO">   --->   Core 78 'FIFO' <Latency = 0> <II = 1> <Delay = 3.56> <Storage> <Opcode : 'read' 'write' 'nbread' 'nbwrite'> <Ports = 0> <Width = 108> <Depth = 64> <FIFO>
ST_4 : Operation 34 [1/1] (0.00ns)   --->   "%br_ln300 = br void %if.end" [firmware/nnet_utils/nnet_conv_stream.h:300]   --->   Operation 34 'br' 'br_ln300' <Predicate = (icmp_ln284 & and_ln284_1)> <Delay = 0.00>
ST_4 : Operation 35 [1/1] (2.55ns)   --->   "%add_ln303 = add i32 %pX_3_load, i32 1" [firmware/nnet_utils/nnet_conv_stream.h:303]   --->   Operation 35 'add' 'add_ln303' <Predicate = true> <Delay = 2.55> <CoreInst = "Adder">   --->   Core 1 'Adder' <Latency = 0> <II = 1> <Delay = 2.55> <FuncUnit> <Opcode : 'add' 'sub'> <InPorts = 2> <OutPorts = 1>

State 5 <SV = 4> <Delay = 3.25>
ST_5 : Operation 36 [1/1] (2.47ns)   --->   "%icmp_ln303 = icmp_eq  i32 %add_ln303, i32 10" [firmware/nnet_utils/nnet_conv_stream.h:303]   --->   Operation 36 'icmp' 'icmp_ln303' <Predicate = true> <Delay = 2.47> <CoreInst = "Cmp">   --->   Core 9 'Cmp' <Latency = 0> <II = 1> <Delay = 2.47> <FuncUnit> <Opcode : 'icmp'> <InPorts = 2> <OutPorts = 1>
ST_5 : Operation 37 [1/1] (0.00ns)   --->   "%br_ln303 = br i1 %icmp_ln303, void %if.else28, void %if.then17" [firmware/nnet_utils/nnet_conv_stream.h:303]   --->   Operation 37 'br' 'br_ln303' <Predicate = true> <Delay = 0.00>
ST_5 : Operation 38 [1/1] (2.55ns)   --->   "%add_ln318 = add i32 %sX_3_load, i32 1" [firmware/nnet_utils/nnet_conv_stream.h:318]   --->   Operation 38 'add' 'add_ln318' <Predicate = (!icmp_ln284 & !icmp_ln303)> <Delay = 2.55> <CoreInst = "Adder">   --->   Core 1 'Adder' <Latency = 0> <II = 1> <Delay = 2.55> <FuncUnit> <Opcode : 'add' 'sub'> <InPorts = 2> <OutPorts = 1>
ST_5 : Operation 39 [1/1] (0.69ns)   --->   "%select_ln318 = select i1 %icmp_ln284, i32 2, i32 %add_ln318" [firmware/nnet_utils/nnet_conv_stream.h:318]   --->   Operation 39 'select' 'select_ln318' <Predicate = (!icmp_ln303)> <Delay = 0.69> <CoreInst = "Sel">   --->   Core 73 'Sel' <Latency = 0> <II = 1> <Delay = 0.69> <FuncUnit> <Opcode : 'select'> <InPorts = 3> <OutPorts = 1>
ST_5 : Operation 40 [1/1] (2.55ns)   --->   "%add_ln307 = add i32 %pY_3_load, i32 1" [firmware/nnet_utils/nnet_conv_stream.h:307]   --->   Operation 40 'add' 'add_ln307' <Predicate = (icmp_ln303)> <Delay = 2.55> <CoreInst = "Adder">   --->   Core 1 'Adder' <Latency = 0> <II = 1> <Delay = 2.55> <FuncUnit> <Opcode : 'add' 'sub'> <InPorts = 2> <OutPorts = 1>

State 6 <SV = 5> <Delay = 1.58>
ST_6 : Operation 41 [1/1] (1.58ns)   --->   "%store_ln316 = store i32 %add_ln303, i32 %pX_3" [firmware/nnet_utils/nnet_conv_stream.h:316]   --->   Operation 41 'store' 'store_ln316' <Predicate = true> <Delay = 1.58>
ST_6 : Operation 42 [1/1] (1.58ns)   --->   "%store_ln318 = store i32 %select_ln318, i32 %sX_3" [firmware/nnet_utils/nnet_conv_stream.h:318]   --->   Operation 42 'store' 'store_ln318' <Predicate = true> <Delay = 1.58>
ST_6 : Operation 43 [1/1] (0.00ns)   --->   "%br_ln0 = br void %if.end39"   --->   Operation 43 'br' 'br_ln0' <Predicate = true> <Delay = 0.00>

State 7 <SV = 5> <Delay = 3.25>
ST_7 : Operation 44 [1/1] (1.58ns)   --->   "%store_ln305 = store i32 0, i32 %pX_3" [firmware/nnet_utils/nnet_conv_stream.h:305]   --->   Operation 44 'store' 'store_ln305' <Predicate = true> <Delay = 1.58>
ST_7 : Operation 45 [1/1] (1.58ns)   --->   "%store_ln306 = store i32 0, i32 %sX_3" [firmware/nnet_utils/nnet_conv_stream.h:306]   --->   Operation 45 'store' 'store_ln306' <Predicate = true> <Delay = 1.58>
ST_7 : Operation 46 [1/1] (2.47ns)   --->   "%icmp_ln307 = icmp_eq  i32 %add_ln307, i32 10" [firmware/nnet_utils/nnet_conv_stream.h:307]   --->   Operation 46 'icmp' 'icmp_ln307' <Predicate = true> <Delay = 2.47> <CoreInst = "Cmp">   --->   Core 9 'Cmp' <Latency = 0> <II = 1> <Delay = 2.47> <FuncUnit> <Opcode : 'icmp'> <InPorts = 2> <OutPorts = 1>
ST_7 : Operation 47 [1/1] (0.00ns)   --->   "%br_ln307 = br i1 %icmp_ln307, void %if.else, void %if.then20" [firmware/nnet_utils/nnet_conv_stream.h:307]   --->   Operation 47 'br' 'br_ln307' <Predicate = true> <Delay = 0.00>
ST_7 : Operation 48 [1/1] (2.47ns)   --->   "%icmp_ln313 = icmp_eq  i32 %sY_3_load, i32 2" [firmware/nnet_utils/nnet_conv_stream.h:313]   --->   Operation 48 'icmp' 'icmp_ln313' <Predicate = (!icmp_ln307)> <Delay = 2.47> <CoreInst = "Cmp">   --->   Core 9 'Cmp' <Latency = 0> <II = 1> <Delay = 2.47> <FuncUnit> <Opcode : 'icmp'> <InPorts = 2> <OutPorts = 1>
ST_7 : Operation 49 [1/1] (2.55ns)   --->   "%add_ln313 = add i32 %sY_3_load, i32 1" [firmware/nnet_utils/nnet_conv_stream.h:313]   --->   Operation 49 'add' 'add_ln313' <Predicate = (!icmp_ln307)> <Delay = 2.55> <CoreInst = "Adder">   --->   Core 1 'Adder' <Latency = 0> <II = 1> <Delay = 2.55> <FuncUnit> <Opcode : 'add' 'sub'> <InPorts = 2> <OutPorts = 1>
ST_7 : Operation 50 [1/1] (0.69ns)   --->   "%select_ln313 = select i1 %icmp_ln313, i32 2, i32 %add_ln313" [firmware/nnet_utils/nnet_conv_stream.h:313]   --->   Operation 50 'select' 'select_ln313' <Predicate = (!icmp_ln307)> <Delay = 0.69> <CoreInst = "Sel">   --->   Core 73 'Sel' <Latency = 0> <II = 1> <Delay = 0.69> <FuncUnit> <Opcode : 'select'> <InPorts = 3> <OutPorts = 1>

State 8 <SV = 6> <Delay = 1.58>
ST_8 : Operation 51 [1/1] (1.58ns)   --->   "%store_ln311 = store i32 %add_ln307, i32 %pY_3" [firmware/nnet_utils/nnet_conv_stream.h:311]   --->   Operation 51 'store' 'store_ln311' <Predicate = (icmp_ln303 & !icmp_ln307)> <Delay = 1.58>
ST_8 : Operation 52 [1/1] (1.58ns)   --->   "%br_ln0 = br void %if.end27"   --->   Operation 52 'br' 'br_ln0' <Predicate = (icmp_ln303 & !icmp_ln307)> <Delay = 1.58>
ST_8 : Operation 53 [1/1] (1.58ns)   --->   "%store_ln308 = store i32 0, i32 %pY_3" [firmware/nnet_utils/nnet_conv_stream.h:308]   --->   Operation 53 'store' 'store_ln308' <Predicate = (icmp_ln303 & icmp_ln307)> <Delay = 1.58>
ST_8 : Operation 54 [1/1] (1.58ns)   --->   "%br_ln310 = br void %if.end27" [firmware/nnet_utils/nnet_conv_stream.h:310]   --->   Operation 54 'br' 'br_ln310' <Predicate = (icmp_ln303 & icmp_ln307)> <Delay = 1.58>
ST_8 : Operation 55 [1/1] (0.00ns)   --->   "%storemerge = phi i32 %select_ln313, void %if.else, i32 0, void %if.then20" [firmware/nnet_utils/nnet_conv_stream.h:313]   --->   Operation 55 'phi' 'storemerge' <Predicate = (icmp_ln303)> <Delay = 0.00>
ST_8 : Operation 56 [1/1] (0.00ns)   --->   "%store_ln309 = store i32 %storemerge, i32 %sY_3" [firmware/nnet_utils/nnet_conv_stream.h:309]   --->   Operation 56 'store' 'store_ln309' <Predicate = (icmp_ln303)> <Delay = 0.00>
ST_8 : Operation 57 [1/1] (0.00ns)   --->   "%br_ln315 = br void %if.end39" [firmware/nnet_utils/nnet_conv_stream.h:315]   --->   Operation 57 'br' 'br_ln315' <Predicate = (icmp_ln303)> <Delay = 0.00>
ST_8 : Operation 58 [1/1] (0.00ns)   --->   "%ret_ln320 = ret" [firmware/nnet_utils/nnet_conv_stream.h:320]   --->   Operation 58 'ret' 'ret_ln320' <Predicate = true> <Delay = 0.00>


============================================================
+ Verbose Summary: Binding
============================================================
STG Binding: 
---------------- STG Properties BEGIN ----------------
- Is combinational: 0
- Is one-state seq: 0
- Is datapath-only: 0
- Is pipelined: 0
- Is top level: 0
Port [ Return ] is wired: 1; IO mode=ap_ctrl_hs:ce=0
Port [ p_read]:  wired=1; compound=0; hidden=0; nouse=0; global=0; static=0; extern=0; dir=0; type=0; pingpong=0; private_global=0; IO mode=ap_none:ce=0
Port [ layer2_out]:  wired=1; compound=1; hidden=0; nouse=0; global=0; static=0; extern=0; dir=1; type=3; pingpong=0; private_global=0; IO mode=ap_fifo:ce=0
Port [ void_compute_output_buffer_2d_array_const_ap_shift_reg_n_chan_stream_weig_17]:  wired=0; compound=0; hidden=1; nouse=0; global=1; static=1; extern=0; dir=2; type=0; pingpong=0; private_global=1; IO mode=ap_ovld:ce=0
Port [ void_compute_output_buffer_2d_array_const_ap_shift_reg_n_chan_stream_weig_18]:  wired=0; compound=0; hidden=1; nouse=0; global=1; static=1; extern=0; dir=2; type=0; pingpong=0; private_global=1; IO mode=ap_ovld:ce=0
Port [ void_compute_output_buffer_2d_array_const_ap_shift_reg_n_chan_stream_weig_14]:  wired=0; compound=0; hidden=1; nouse=0; global=1; static=1; extern=0; dir=2; type=0; pingpong=0; private_global=1; IO mode=ap_ovld:ce=0
Port [ void_compute_output_buffer_2d_array_const_ap_shift_reg_n_chan_stream_weig_15]:  wired=0; compound=0; hidden=1; nouse=0; global=1; static=1; extern=0; dir=2; type=0; pingpong=0; private_global=1; IO mode=ap_ovld:ce=0
Port [ void_compute_output_buffer_2d_array_const_ap_shift_reg_n_chan_stream_weig_11]:  wired=0; compound=0; hidden=1; nouse=0; global=1; static=1; extern=0; dir=2; type=0; pingpong=0; private_global=1; IO mode=ap_ovld:ce=0
Port [ void_compute_output_buffer_2d_array_const_ap_shift_reg_n_chan_stream_weig_12]:  wired=0; compound=0; hidden=1; nouse=0; global=1; static=1; extern=0; dir=2; type=0; pingpong=0; private_global=1; IO mode=ap_ovld:ce=0
Port [ void_compute_output_buffer_2d_array_const_ap_shift_reg_n_chan_stream_weig_16]:  wired=0; compound=0; hidden=1; nouse=0; global=1; static=1; extern=0; dir=2; type=0; pingpong=0; private_global=1; IO mode=ap_ovld:ce=0
Port [ void_compute_output_buffer_2d_array_const_ap_shift_reg_n_chan_stream_weig_13]:  wired=0; compound=0; hidden=1; nouse=0; global=1; static=1; extern=0; dir=2; type=0; pingpong=0; private_global=1; IO mode=ap_ovld:ce=0
Port [ void_compute_output_buffer_2d_array_const_ap_shift_reg_n_chan_stream_weig_10]:  wired=0; compound=0; hidden=1; nouse=0; global=1; static=1; extern=0; dir=2; type=0; pingpong=0; private_global=1; IO mode=ap_ovld:ce=0
Port [ void_conv_2d_buffer_resource_cl_stream_stream_weight_t_bias_t_line_buffer_1]:  wired=0; compound=1; hidden=1; nouse=1; global=1; static=1; extern=0; dir=3; type=1; pingpong=0; private_global=0; MemPort=[2]; IO mode=ap_memory:ce=0
Port [ void_conv_2d_buffer_resource_cl_stream_stream_weight_t_bias_t_line_buffer]:  wired=0; compound=1; hidden=1; nouse=1; global=1; static=1; extern=0; dir=3; type=1; pingpong=0; private_global=0; MemPort=[2]; IO mode=ap_memory:ce=0
Port [ sX_3]:  wired=0; compound=0; hidden=1; nouse=0; global=1; static=1; extern=0; dir=2; type=0; pingpong=0; private_global=1; IO mode=ap_ovld:ce=0
Port [ sY_3]:  wired=0; compound=0; hidden=1; nouse=0; global=1; static=1; extern=0; dir=2; type=0; pingpong=0; private_global=1; IO mode=ap_ovld:ce=0
Port [ pY_3]:  wired=0; compound=0; hidden=1; nouse=0; global=1; static=1; extern=0; dir=2; type=0; pingpong=0; private_global=1; IO mode=ap_ovld:ce=0
Port [ pX_3]:  wired=0; compound=0; hidden=1; nouse=0; global=1; static=1; extern=0; dir=2; type=0; pingpong=0; private_global=1; IO mode=ap_ovld:ce=0
Port [ w2]:  wired=0; compound=1; hidden=1; nouse=1; global=1; static=1; extern=0; dir=0; type=1; pingpong=0; private_global=0; MemPort=[1]; IO mode=ap_memory:ce=0
---------------- STG Properties END ------------------

---------------- Datapath Model BEGIN ----------------

<LifeTime>
<method=bitvector/>
p_read_5          (read          ) [ 000000000]
call_ln281        (call          ) [ 000000000]
specinterface_ln0 (specinterface ) [ 000000000]
sX_3_load         (load          ) [ 000111000]
icmp_ln284        (icmp          ) [ 001111000]
sY_3_load         (load          ) [ 000111010]
pY_3_load         (load          ) [ 000111000]
pX_3_load         (load          ) [ 000110000]
br_ln284          (br            ) [ 000000000]
icmp_ln284_1      (icmp          ) [ 000000000]
tmp_223           (partselect    ) [ 000000000]
icmp_ln284_2      (icmp          ) [ 000000000]
tmp_224           (partselect    ) [ 000000000]
icmp_ln284_3      (icmp          ) [ 000000000]
and_ln284         (and           ) [ 000000000]
and_ln284_1       (and           ) [ 001110000]
br_ln284          (br            ) [ 000000000]
tmp               (call          ) [ 000000000]
res_out_V         (extractvalue  ) [ 000010000]
res_out_V_1       (extractvalue  ) [ 000010000]
res_out_V_2       (extractvalue  ) [ 000010000]
res_out_V_3       (extractvalue  ) [ 000010000]
p_0               (bitconcatenate) [ 000000000]
write_ln299       (write         ) [ 000000000]
br_ln300          (br            ) [ 000000000]
add_ln303         (add           ) [ 000001100]
icmp_ln303        (icmp          ) [ 000001111]
br_ln303          (br            ) [ 000000000]
add_ln318         (add           ) [ 000000000]
select_ln318      (select        ) [ 000000100]
add_ln307         (add           ) [ 000000111]
store_ln316       (store         ) [ 000000000]
store_ln318       (store         ) [ 000000000]
br_ln0            (br            ) [ 000000000]
store_ln305       (store         ) [ 000000000]
store_ln306       (store         ) [ 000000000]
icmp_ln307        (icmp          ) [ 000000011]
br_ln307          (br            ) [ 000000000]
icmp_ln313        (icmp          ) [ 000000000]
add_ln313         (add           ) [ 000000000]
select_ln313      (select        ) [ 000000001]
store_ln311       (store         ) [ 000000000]
br_ln0            (br            ) [ 000000000]
store_ln308       (store         ) [ 000000000]
br_ln310          (br            ) [ 000000000]
storemerge        (phi           ) [ 000000001]
store_ln309       (store         ) [ 000000000]
br_ln315          (br            ) [ 000000000]
ret_ln320         (ret           ) [ 000000000]
</LifeTime>

<model>

<comp_list>
<comp id="0" class="1000" name="p_read">
<pin_list>
<pin id="1" dir="1" index="0" bw="1" slack="0"/>
</pin_list>
<bind>
<StgValue><ssdm name="p_read"/></StgValue>
</bind>
</comp>

<comp id="2" class="1000" name="layer2_out">
<pin_list>
<pin id="3" dir="1" index="0" bw="1" slack="0"/>
</pin_list>
<bind>
<StgValue><ssdm name="layer2_out"/></StgValue>
</bind>
</comp>

<comp id="4" class="1000" name="void_compute_output_buffer_2d_array_const_ap_shift_reg_n_chan_stream_weig_17">
<pin_list>
<pin id="5" dir="1" index="0" bw="1" slack="0"/>
</pin_list>
<bind>
<StgValue><ssdm name="void_compute_output_buffer_2d_array_const_ap_shift_reg_n_chan_stream_weig_17"/></StgValue>
</bind>
</comp>

<comp id="6" class="1000" name="void_compute_output_buffer_2d_array_const_ap_shift_reg_n_chan_stream_weig_18">
<pin_list>
<pin id="7" dir="1" index="0" bw="1" slack="0"/>
</pin_list>
<bind>
<StgValue><ssdm name="void_compute_output_buffer_2d_array_const_ap_shift_reg_n_chan_stream_weig_18"/></StgValue>
</bind>
</comp>

<comp id="8" class="1000" name="void_compute_output_buffer_2d_array_const_ap_shift_reg_n_chan_stream_weig_14">
<pin_list>
<pin id="9" dir="1" index="0" bw="1" slack="0"/>
</pin_list>
<bind>
<StgValue><ssdm name="void_compute_output_buffer_2d_array_const_ap_shift_reg_n_chan_stream_weig_14"/></StgValue>
</bind>
</comp>

<comp id="10" class="1000" name="void_compute_output_buffer_2d_array_const_ap_shift_reg_n_chan_stream_weig_15">
<pin_list>
<pin id="11" dir="1" index="0" bw="1" slack="0"/>
</pin_list>
<bind>
<StgValue><ssdm name="void_compute_output_buffer_2d_array_const_ap_shift_reg_n_chan_stream_weig_15"/></StgValue>
</bind>
</comp>

<comp id="12" class="1000" name="void_compute_output_buffer_2d_array_const_ap_shift_reg_n_chan_stream_weig_11">
<pin_list>
<pin id="13" dir="1" index="0" bw="1" slack="0"/>
</pin_list>
<bind>
<StgValue><ssdm name="void_compute_output_buffer_2d_array_const_ap_shift_reg_n_chan_stream_weig_11"/></StgValue>
</bind>
</comp>

<comp id="14" class="1000" name="void_compute_output_buffer_2d_array_const_ap_shift_reg_n_chan_stream_weig_12">
<pin_list>
<pin id="15" dir="1" index="0" bw="1" slack="0"/>
</pin_list>
<bind>
<StgValue><ssdm name="void_compute_output_buffer_2d_array_const_ap_shift_reg_n_chan_stream_weig_12"/></StgValue>
</bind>
</comp>

<comp id="16" class="1000" name="void_compute_output_buffer_2d_array_const_ap_shift_reg_n_chan_stream_weig_16">
<pin_list>
<pin id="17" dir="1" index="0" bw="1" slack="0"/>
</pin_list>
<bind>
<StgValue><ssdm name="void_compute_output_buffer_2d_array_const_ap_shift_reg_n_chan_stream_weig_16"/></StgValue>
</bind>
</comp>

<comp id="18" class="1000" name="void_compute_output_buffer_2d_array_const_ap_shift_reg_n_chan_stream_weig_13">
<pin_list>
<pin id="19" dir="1" index="0" bw="1" slack="0"/>
</pin_list>
<bind>
<StgValue><ssdm name="void_compute_output_buffer_2d_array_const_ap_shift_reg_n_chan_stream_weig_13"/></StgValue>
</bind>
</comp>

<comp id="20" class="1000" name="void_compute_output_buffer_2d_array_const_ap_shift_reg_n_chan_stream_weig_10">
<pin_list>
<pin id="21" dir="1" index="0" bw="1" slack="0"/>
</pin_list>
<bind>
<StgValue><ssdm name="void_compute_output_buffer_2d_array_const_ap_shift_reg_n_chan_stream_weig_10"/></StgValue>
</bind>
</comp>

<comp id="22" class="1000" name="void_conv_2d_buffer_resource_cl_stream_stream_weight_t_bias_t_line_buffer_1">
<pin_list>
<pin id="23" dir="1" index="0" bw="1" slack="0"/>
</pin_list>
<bind>
<StgValue><ssdm name="void_conv_2d_buffer_resource_cl_stream_stream_weight_t_bias_t_line_buffer_1"/><MemPortTyVec>2 </MemPortTyVec>
</StgValue>
</bind>
</comp>

<comp id="24" class="1000" name="void_conv_2d_buffer_resource_cl_stream_stream_weight_t_bias_t_line_buffer">
<pin_list>
<pin id="25" dir="1" index="0" bw="1" slack="0"/>
</pin_list>
<bind>
<StgValue><ssdm name="void_conv_2d_buffer_resource_cl_stream_stream_weight_t_bias_t_line_buffer"/><MemPortTyVec>2 </MemPortTyVec>
</StgValue>
</bind>
</comp>

<comp id="26" class="1000" name="sX_3">
<pin_list>
<pin id="27" dir="1" index="0" bw="1" slack="0"/>
</pin_list>
<bind>
<StgValue><ssdm name="sX_3"/></StgValue>
</bind>
</comp>

<comp id="28" class="1000" name="sY_3">
<pin_list>
<pin id="29" dir="1" index="0" bw="1" slack="0"/>
</pin_list>
<bind>
<StgValue><ssdm name="sY_3"/></StgValue>
</bind>
</comp>

<comp id="30" class="1000" name="pY_3">
<pin_list>
<pin id="31" dir="1" index="0" bw="1" slack="0"/>
</pin_list>
<bind>
<StgValue><ssdm name="pY_3"/></StgValue>
</bind>
</comp>

<comp id="32" class="1000" name="pX_3">
<pin_list>
<pin id="33" dir="1" index="0" bw="1" slack="0"/>
</pin_list>
<bind>
<StgValue><ssdm name="pX_3"/></StgValue>
</bind>
</comp>

<comp id="34" class="1000" name="w2">
<pin_list>
<pin id="35" dir="1" index="0" bw="1" slack="0"/>
</pin_list>
<bind>
<StgValue><ssdm name="w2"/><MemPortTyVec>1 </MemPortTyVec>
</StgValue>
</bind>
</comp>

<comp id="36" class="1001" name="const_36">
<pin_list>
<pin id="37" dir="1" index="0" bw="1" slack="0"/>
</pin_list>
<bind>
<StgValue><ssdm name="_ssdm_op_Read.ap_auto.i16"/></StgValue>
</bind>
</comp>

<comp id="38" class="1001" name="const_38">
<pin_list>
<pin id="39" dir="1" index="0" bw="1" slack="0"/>
</pin_list>
<bind>
<StgValue><ssdm name="shift_line_buffer<array<ap_fixed<16, 5, 5, 3, 0>, 1u>, config2>"/></StgValue>
</bind>
</comp>

<comp id="40" class="1001" name="const_40">
<pin_list>
<pin id="41" dir="1" index="0" bw="1" slack="2147483647"/>
</pin_list>
<bind>
<StgValue><ssdm name="_ssdm_op_SpecInterface"/></StgValue>
</bind>
</comp>

<comp id="42" class="1001" name="const_42">
<pin_list>
<pin id="43" dir="1" index="0" bw="1" slack="2147483647"/>
</pin_list>
<bind>
<StgValue><ssdm name="empty_21"/></StgValue>
</bind>
</comp>

<comp id="44" class="1001" name="const_44">
<pin_list>
<pin id="45" dir="1" index="0" bw="1" slack="0"/>
</pin_list>
<bind>
<StgValue><ssdm name=""/></StgValue>
</bind>
</comp>

<comp id="46" class="1001" name="const_46">
<pin_list>
<pin id="47" dir="1" index="0" bw="1" slack="2147483647"/>
</pin_list>
<bind>
<StgValue><ssdm name="empty_10"/></StgValue>
</bind>
</comp>

<comp id="48" class="1001" name="const_48">
<pin_list>
<pin id="49" dir="1" index="0" bw="1" slack="2147483647"/>
</pin_list>
<bind>
<StgValue><ssdm name=""/></StgValue>
</bind>
</comp>

<comp id="50" class="1001" name="const_50">
<pin_list>
<pin id="51" dir="1" index="0" bw="1" slack="0"/>
</pin_list>
<bind>
<StgValue><ssdm name=""/></StgValue>
</bind>
</comp>

<comp id="52" class="1001" name="const_52">
<pin_list>
<pin id="53" dir="1" index="0" bw="1" slack="0"/>
</pin_list>
<bind>
<StgValue><ssdm name="_ssdm_op_PartSelect.i31.i32.i32.i32"/></StgValue>
</bind>
</comp>

<comp id="54" class="1001" name="const_54">
<pin_list>
<pin id="55" dir="1" index="0" bw="1" slack="0"/>
</pin_list>
<bind>
<StgValue><ssdm name=""/></StgValue>
</bind>
</comp>

<comp id="56" class="1001" name="const_56">
<pin_list>
<pin id="57" dir="1" index="0" bw="1" slack="0"/>
</pin_list>
<bind>
<StgValue><ssdm name=""/></StgValue>
</bind>
</comp>

<comp id="58" class="1001" name="const_58">
<pin_list>
<pin id="59" dir="1" index="0" bw="1" slack="0"/>
</pin_list>
<bind>
<StgValue><ssdm name=""/></StgValue>
</bind>
</comp>

<comp id="60" class="1001" name="const_60">
<pin_list>
<pin id="61" dir="1" index="0" bw="1" slack="0"/>
</pin_list>
<bind>
<StgValue><ssdm name="dense_resource_rf_leq_nin<ap_fixed,ap_fixed<27,11,5,3,0>,config2_mult>"/></StgValue>
</bind>
</comp>

<comp id="62" class="1001" name="const_62">
<pin_list>
<pin id="63" dir="1" index="0" bw="1" slack="0"/>
</pin_list>
<bind>
<StgValue><ssdm name="_ssdm_op_BitConcatenate.i108.i27.i27.i27.i27"/></StgValue>
</bind>
</comp>

<comp id="64" class="1001" name="const_64">
<pin_list>
<pin id="65" dir="1" index="0" bw="1" slack="0"/>
</pin_list>
<bind>
<StgValue><ssdm name="_ssdm_op_Write.ap_fifo.volatile.i108P0A"/></StgValue>
</bind>
</comp>

<comp id="66" class="1001" name="const_66">
<pin_list>
<pin id="67" dir="1" index="0" bw="1" slack="0"/>
</pin_list>
<bind>
<StgValue><ssdm name=""/></StgValue>
</bind>
</comp>

<comp id="68" class="1004" name="p_read_5_read_fu_68">
<pin_list>
<pin id="69" dir="0" index="0" bw="16" slack="0"/>
<pin id="70" dir="0" index="1" bw="16" slack="0"/>
<pin id="71" dir="1" index="2" bw="16" slack="0"/>
</pin_list>
<bind>
<opcode="read(1150) " fcode="read"/>
<opset="p_read_5/1 "/>
</bind>
</comp>

<comp id="74" class="1004" name="write_ln299_write_fu_74">
<pin_list>
<pin id="75" dir="0" index="0" bw="0" slack="0"/>
<pin id="76" dir="0" index="1" bw="108" slack="0"/>
<pin id="77" dir="0" index="2" bw="108" slack="0"/>
<pin id="78" dir="1" index="3" bw="0" slack="2147483647"/>
</pin_list>
<bind>
<opcode="write(1151) " fcode="write"/>
<opset="write_ln299/4 "/>
</bind>
</comp>

<comp id="81" class="1005" name="storemerge_reg_81">
<pin_list>
<pin id="82" dir="0" index="0" bw="32" slack="2147483647"/>
<pin id="83" dir="1" index="1" bw="32" slack="2147483647"/>
</pin_list>
<bind>
<opset="storemerge (phireg) "/>
</bind>
</comp>

<comp id="84" class="1004" name="storemerge_phi_fu_84">
<pin_list>
<pin id="85" dir="0" index="0" bw="32" slack="1"/>
<pin id="86" dir="0" index="1" bw="0" slack="2147483647"/>
<pin id="87" dir="0" index="2" bw="1" slack="0"/>
<pin id="88" dir="0" index="3" bw="0" slack="2147483647"/>
<pin id="89" dir="1" index="4" bw="32" slack="0"/>
</pin_list>
<bind>
<opcode="phi(47) " fcode="phi"/>
<opset="storemerge/8 "/>
</bind>
</comp>

<comp id="91" class="1004" name="call_ln281_shift_line_buffer_array_ap_fixed_16_5_5_3_0_1u_config2_s_fu_91">
<pin_list>
<pin id="92" dir="0" index="0" bw="0" slack="0"/>
<pin id="93" dir="0" index="1" bw="16" slack="0"/>
<pin id="94" dir="0" index="2" bw="16" slack="0"/>
<pin id="95" dir="0" index="3" bw="16" slack="0"/>
<pin id="96" dir="0" index="4" bw="16" slack="0"/>
<pin id="97" dir="0" index="5" bw="16" slack="0"/>
<pin id="98" dir="0" index="6" bw="16" slack="0"/>
<pin id="99" dir="0" index="7" bw="16" slack="0"/>
<pin id="100" dir="0" index="8" bw="16" slack="0"/>
<pin id="101" dir="0" index="9" bw="16" slack="0"/>
<pin id="102" dir="0" index="10" bw="16" slack="0"/>
<pin id="103" dir="0" index="11" bw="16" slack="0"/>
<pin id="104" dir="0" index="12" bw="16" slack="0"/>
<pin id="105" dir="1" index="13" bw="0" slack="2147483647"/>
</pin_list>
<bind>
<opcode="call(48) " fcode="call"/>
<opset="call_ln281/1 "/>
</bind>
</comp>

<comp id="119" class="1004" name="grp_dense_resource_rf_leq_nin_ap_fixed_ap_fixed_27_11_5_3_0_config2_mult_s_fu_119">
<pin_list>
<pin id="120" dir="0" index="0" bw="108" slack="0"/>
<pin id="121" dir="0" index="1" bw="24" slack="0"/>
<pin id="122" dir="0" index="2" bw="16" slack="0"/>
<pin id="123" dir="0" index="3" bw="16" slack="0"/>
<pin id="124" dir="0" index="4" bw="16" slack="0"/>
<pin id="125" dir="0" index="5" bw="16" slack="0"/>
<pin id="126" dir="0" index="6" bw="16" slack="0"/>
<pin id="127" dir="0" index="7" bw="16" slack="0"/>
<pin id="128" dir="0" index="8" bw="16" slack="0"/>
<pin id="129" dir="0" index="9" bw="16" slack="0"/>
<pin id="130" dir="0" index="10" bw="16" slack="0"/>
<pin id="131" dir="1" index="11" bw="108" slack="0"/>
</pin_list>
<bind>
<opcode="call(48) " fcode="call"/>
<opset="tmp/2 "/>
</bind>
</comp>

<comp id="143" class="1004" name="grp_fu_143">
<pin_list>
<pin id="144" dir="0" index="0" bw="32" slack="0"/>
<pin id="145" dir="0" index="1" bw="32" slack="0"/>
<pin id="146" dir="1" index="2" bw="1" slack="0"/>
</pin_list>
<bind>
<opcode="icmp(45) " fcode="icmp"/>
<opset="icmp_ln284_1/2 icmp_ln313/7 "/>
</bind>
</comp>

<comp id="148" class="1004" name="sX_3_load_load_fu_148">
<pin_list>
<pin id="149" dir="0" index="0" bw="32" slack="0"/>
<pin id="150" dir="1" index="1" bw="32" slack="0"/>
</pin_list>
<bind>
<opcode="load(27) " fcode="load"/>
<opset="sX_3_load/2 "/>
</bind>
</comp>

<comp id="152" class="1004" name="icmp_ln284_fu_152">
<pin_list>
<pin id="153" dir="0" index="0" bw="32" slack="0"/>
<pin id="154" dir="0" index="1" bw="32" slack="0"/>
<pin id="155" dir="1" index="2" bw="1" slack="2"/>
</pin_list>
<bind>
<opcode="icmp(45) " fcode="icmp"/>
<opset="icmp_ln284/2 "/>
</bind>
</comp>

<comp id="158" class="1004" name="sY_3_load_load_fu_158">
<pin_list>
<pin id="159" dir="0" index="0" bw="32" slack="0"/>
<pin id="160" dir="1" index="1" bw="32" slack="0"/>
</pin_list>
<bind>
<opcode="load(27) " fcode="load"/>
<opset="sY_3_load/2 "/>
</bind>
</comp>

<comp id="163" class="1004" name="pY_3_load_load_fu_163">
<pin_list>
<pin id="164" dir="0" index="0" bw="32" slack="0"/>
<pin id="165" dir="1" index="1" bw="32" slack="0"/>
</pin_list>
<bind>
<opcode="load(27) " fcode="load"/>
<opset="pY_3_load/2 "/>
</bind>
</comp>

<comp id="167" class="1004" name="pX_3_load_load_fu_167">
<pin_list>
<pin id="168" dir="0" index="0" bw="32" slack="0"/>
<pin id="169" dir="1" index="1" bw="32" slack="0"/>
</pin_list>
<bind>
<opcode="load(27) " fcode="load"/>
<opset="pX_3_load/2 "/>
</bind>
</comp>

<comp id="171" class="1004" name="tmp_223_fu_171">
<pin_list>
<pin id="172" dir="0" index="0" bw="31" slack="0"/>
<pin id="173" dir="0" index="1" bw="32" slack="0"/>
<pin id="174" dir="0" index="2" bw="1" slack="0"/>
<pin id="175" dir="0" index="3" bw="6" slack="0"/>
<pin id="176" dir="1" index="4" bw="31" slack="0"/>
</pin_list>
<bind>
<opcode="partselect(1002) " fcode="partselect"/>
<opset="tmp_223/2 "/>
</bind>
</comp>

<comp id="181" class="1004" name="icmp_ln284_2_fu_181">
<pin_list>
<pin id="182" dir="0" index="0" bw="31" slack="0"/>
<pin id="183" dir="0" index="1" bw="31" slack="0"/>
<pin id="184" dir="1" index="2" bw="1" slack="0"/>
</pin_list>
<bind>
<opcode="icmp(45) " fcode="icmp"/>
<opset="icmp_ln284_2/2 "/>
</bind>
</comp>

<comp id="187" class="1004" name="tmp_224_fu_187">
<pin_list>
<pin id="188" dir="0" index="0" bw="31" slack="0"/>
<pin id="189" dir="0" index="1" bw="32" slack="0"/>
<pin id="190" dir="0" index="2" bw="1" slack="0"/>
<pin id="191" dir="0" index="3" bw="6" slack="0"/>
<pin id="192" dir="1" index="4" bw="31" slack="0"/>
</pin_list>
<bind>
<opcode="partselect(1002) " fcode="partselect"/>
<opset="tmp_224/2 "/>
</bind>
</comp>

<comp id="197" class="1004" name="icmp_ln284_3_fu_197">
<pin_list>
<pin id="198" dir="0" index="0" bw="31" slack="0"/>
<pin id="199" dir="0" index="1" bw="31" slack="0"/>
<pin id="200" dir="1" index="2" bw="1" slack="0"/>
</pin_list>
<bind>
<opcode="icmp(45) " fcode="icmp"/>
<opset="icmp_ln284_3/2 "/>
</bind>
</comp>

<comp id="203" class="1004" name="and_ln284_fu_203">
<pin_list>
<pin id="204" dir="0" index="0" bw="1" slack="0"/>
<pin id="205" dir="0" index="1" bw="1" slack="0"/>
<pin id="206" dir="1" index="2" bw="1" slack="0"/>
</pin_list>
<bind>
<opcode="and(23) " fcode="and"/>
<opset="and_ln284/2 "/>
</bind>
</comp>

<comp id="209" class="1004" name="and_ln284_1_fu_209">
<pin_list>
<pin id="210" dir="0" index="0" bw="1" slack="0"/>
<pin id="211" dir="0" index="1" bw="1" slack="0"/>
<pin id="212" dir="1" index="2" bw="1" slack="2"/>
</pin_list>
<bind>
<opcode="and(23) " fcode="and"/>
<opset="and_ln284_1/2 "/>
</bind>
</comp>

<comp id="215" class="1004" name="res_out_V_fu_215">
<pin_list>
<pin id="216" dir="0" index="0" bw="108" slack="0"/>
<pin id="217" dir="1" index="1" bw="27" slack="1"/>
</pin_list>
<bind>
<opcode="extractvalue(56) " fcode="extractvalue"/>
<opset="res_out_V/3 "/>
</bind>
</comp>

<comp id="219" class="1004" name="res_out_V_1_fu_219">
<pin_list>
<pin id="220" dir="0" index="0" bw="108" slack="0"/>
<pin id="221" dir="1" index="1" bw="27" slack="1"/>
</pin_list>
<bind>
<opcode="extractvalue(56) " fcode="extractvalue"/>
<opset="res_out_V_1/3 "/>
</bind>
</comp>

<comp id="223" class="1004" name="res_out_V_2_fu_223">
<pin_list>
<pin id="224" dir="0" index="0" bw="108" slack="0"/>
<pin id="225" dir="1" index="1" bw="27" slack="1"/>
</pin_list>
<bind>
<opcode="extractvalue(56) " fcode="extractvalue"/>
<opset="res_out_V_2/3 "/>
</bind>
</comp>

<comp id="227" class="1004" name="res_out_V_3_fu_227">
<pin_list>
<pin id="228" dir="0" index="0" bw="108" slack="0"/>
<pin id="229" dir="1" index="1" bw="27" slack="1"/>
</pin_list>
<bind>
<opcode="extractvalue(56) " fcode="extractvalue"/>
<opset="res_out_V_3/3 "/>
</bind>
</comp>

<comp id="231" class="1004" name="p_0_fu_231">
<pin_list>
<pin id="232" dir="0" index="0" bw="108" slack="0"/>
<pin id="233" dir="0" index="1" bw="27" slack="1"/>
<pin id="234" dir="0" index="2" bw="27" slack="1"/>
<pin id="235" dir="0" index="3" bw="27" slack="1"/>
<pin id="236" dir="0" index="4" bw="27" slack="1"/>
<pin id="237" dir="1" index="5" bw="108" slack="0"/>
</pin_list>
<bind>
<opcode="bitconcatenate(1004) " fcode="bitconcatenate"/>
<opset="p_0/4 "/>
</bind>
</comp>

<comp id="240" class="1004" name="add_ln303_fu_240">
<pin_list>
<pin id="241" dir="0" index="0" bw="32" slack="2147483647"/>
<pin id="242" dir="0" index="1" bw="1" slack="0"/>
<pin id="243" dir="1" index="2" bw="32" slack="1"/>
</pin_list>
<bind>
<opcode="add(8) " fcode="add"/>
<opset="add_ln303/4 "/>
</bind>
</comp>

<comp id="245" class="1004" name="icmp_ln303_fu_245">
<pin_list>
<pin id="246" dir="0" index="0" bw="32" slack="1"/>
<pin id="247" dir="0" index="1" bw="32" slack="0"/>
<pin id="248" dir="1" index="2" bw="1" slack="2"/>
</pin_list>
<bind>
<opcode="icmp(45) " fcode="icmp"/>
<opset="icmp_ln303/5 "/>
</bind>
</comp>

<comp id="250" class="1004" name="add_ln318_fu_250">
<pin_list>
<pin id="251" dir="0" index="0" bw="32" slack="2147483647"/>
<pin id="252" dir="0" index="1" bw="1" slack="0"/>
<pin id="253" dir="1" index="2" bw="32" slack="0"/>
</pin_list>
<bind>
<opcode="add(8) " fcode="add"/>
<opset="add_ln318/5 "/>
</bind>
</comp>

<comp id="255" class="1004" name="select_ln318_fu_255">
<pin_list>
<pin id="256" dir="0" index="0" bw="1" slack="3"/>
<pin id="257" dir="0" index="1" bw="32" slack="0"/>
<pin id="258" dir="0" index="2" bw="32" slack="0"/>
<pin id="259" dir="1" index="3" bw="32" slack="1"/>
</pin_list>
<bind>
<opcode="select(49) " fcode="select"/>
<opset="select_ln318/5 "/>
</bind>
</comp>

<comp id="262" class="1004" name="add_ln307_fu_262">
<pin_list>
<pin id="263" dir="0" index="0" bw="32" slack="2147483647"/>
<pin id="264" dir="0" index="1" bw="1" slack="0"/>
<pin id="265" dir="1" index="2" bw="32" slack="1"/>
</pin_list>
<bind>
<opcode="add(8) " fcode="add"/>
<opset="add_ln307/5 "/>
</bind>
</comp>

<comp id="267" class="1004" name="store_ln316_store_fu_267">
<pin_list>
<pin id="268" dir="0" index="0" bw="32" slack="2"/>
<pin id="269" dir="0" index="1" bw="32" slack="0"/>
<pin id="270" dir="1" index="2" bw="0" slack="2147483647"/>
</pin_list>
<bind>
<opcode="store(28) " fcode="store"/>
<opset="store_ln316/6 "/>
</bind>
</comp>

<comp id="272" class="1004" name="store_ln318_store_fu_272">
<pin_list>
<pin id="273" dir="0" index="0" bw="32" slack="1"/>
<pin id="274" dir="0" index="1" bw="32" slack="0"/>
<pin id="275" dir="1" index="2" bw="0" slack="2147483647"/>
</pin_list>
<bind>
<opcode="store(28) " fcode="store"/>
<opset="store_ln318/6 "/>
</bind>
</comp>

<comp id="277" class="1004" name="store_ln305_store_fu_277">
<pin_list>
<pin id="278" dir="0" index="0" bw="1" slack="0"/>
<pin id="279" dir="0" index="1" bw="32" slack="0"/>
<pin id="280" dir="1" index="2" bw="0" slack="2147483647"/>
</pin_list>
<bind>
<opcode="store(28) " fcode="store"/>
<opset="store_ln305/7 "/>
</bind>
</comp>

<comp id="283" class="1004" name="store_ln306_store_fu_283">
<pin_list>
<pin id="284" dir="0" index="0" bw="1" slack="0"/>
<pin id="285" dir="0" index="1" bw="32" slack="0"/>
<pin id="286" dir="1" index="2" bw="0" slack="2147483647"/>
</pin_list>
<bind>
<opcode="store(28) " fcode="store"/>
<opset="store_ln306/7 "/>
</bind>
</comp>

<comp id="289" class="1004" name="icmp_ln307_fu_289">
<pin_list>
<pin id="290" dir="0" index="0" bw="32" slack="1"/>
<pin id="291" dir="0" index="1" bw="32" slack="0"/>
<pin id="292" dir="1" index="2" bw="1" slack="1"/>
</pin_list>
<bind>
<opcode="icmp(45) " fcode="icmp"/>
<opset="icmp_ln307/7 "/>
</bind>
</comp>

<comp id="294" class="1004" name="add_ln313_fu_294">
<pin_list>
<pin id="295" dir="0" index="0" bw="32" slack="2147483647"/>
<pin id="296" dir="0" index="1" bw="1" slack="0"/>
<pin id="297" dir="1" index="2" bw="32" slack="0"/>
</pin_list>
<bind>
<opcode="add(8) " fcode="add"/>
<opset="add_ln313/7 "/>
</bind>
</comp>

<comp id="299" class="1004" name="select_ln313_fu_299">
<pin_list>
<pin id="300" dir="0" index="0" bw="1" slack="0"/>
<pin id="301" dir="0" index="1" bw="32" slack="0"/>
<pin id="302" dir="0" index="2" bw="32" slack="0"/>
<pin id="303" dir="1" index="3" bw="32" slack="1"/>
</pin_list>
<bind>
<opcode="select(49) " fcode="select"/>
<opset="select_ln313/7 "/>
</bind>
</comp>

<comp id="307" class="1004" name="store_ln311_store_fu_307">
<pin_list>
<pin id="308" dir="0" index="0" bw="32" slack="2"/>
<pin id="309" dir="0" index="1" bw="32" slack="0"/>
<pin id="310" dir="1" index="2" bw="0" slack="2147483647"/>
</pin_list>
<bind>
<opcode="store(28) " fcode="store"/>
<opset="store_ln311/8 "/>
</bind>
</comp>

<comp id="312" class="1004" name="store_ln308_store_fu_312">
<pin_list>
<pin id="313" dir="0" index="0" bw="1" slack="0"/>
<pin id="314" dir="0" index="1" bw="32" slack="0"/>
<pin id="315" dir="1" index="2" bw="0" slack="2147483647"/>
</pin_list>
<bind>
<opcode="store(28) " fcode="store"/>
<opset="store_ln308/8 "/>
</bind>
</comp>

<comp id="318" class="1004" name="store_ln309_store_fu_318">
<pin_list>
<pin id="319" dir="0" index="0" bw="32" slack="0"/>
<pin id="320" dir="0" index="1" bw="32" slack="0"/>
<pin id="321" dir="1" index="2" bw="0" slack="2147483647"/>
</pin_list>
<bind>
<opcode="store(28) " fcode="store"/>
<opset="store_ln309/8 "/>
</bind>
</comp>

<comp id="327" class="1005" name="icmp_ln284_reg_327">
<pin_list>
<pin id="328" dir="0" index="0" bw="1" slack="2"/>
<pin id="329" dir="1" index="1" bw="1" slack="3"/>
</pin_list>
<bind>
<opset="icmp_ln284 "/>
</bind>
</comp>

<comp id="341" class="1005" name="and_ln284_1_reg_341">
<pin_list>
<pin id="342" dir="0" index="0" bw="1" slack="2"/>
<pin id="343" dir="1" index="1" bw="1" slack="2147483647"/>
</pin_list>
<bind>
<opset="and_ln284_1 "/>
</bind>
</comp>

<comp id="345" class="1005" name="res_out_V_reg_345">
<pin_list>
<pin id="346" dir="0" index="0" bw="27" slack="1"/>
<pin id="347" dir="1" index="1" bw="27" slack="1"/>
</pin_list>
<bind>
<opset="res_out_V "/>
</bind>
</comp>

<comp id="350" class="1005" name="res_out_V_1_reg_350">
<pin_list>
<pin id="351" dir="0" index="0" bw="27" slack="1"/>
<pin id="352" dir="1" index="1" bw="27" slack="1"/>
</pin_list>
<bind>
<opset="res_out_V_1 "/>
</bind>
</comp>

<comp id="355" class="1005" name="res_out_V_2_reg_355">
<pin_list>
<pin id="356" dir="0" index="0" bw="27" slack="1"/>
<pin id="357" dir="1" index="1" bw="27" slack="1"/>
</pin_list>
<bind>
<opset="res_out_V_2 "/>
</bind>
</comp>

<comp id="360" class="1005" name="res_out_V_3_reg_360">
<pin_list>
<pin id="361" dir="0" index="0" bw="27" slack="1"/>
<pin id="362" dir="1" index="1" bw="27" slack="1"/>
</pin_list>
<bind>
<opset="res_out_V_3 "/>
</bind>
</comp>

<comp id="365" class="1005" name="add_ln303_reg_365">
<pin_list>
<pin id="366" dir="0" index="0" bw="32" slack="1"/>
<pin id="367" dir="1" index="1" bw="32" slack="1"/>
</pin_list>
<bind>
<opset="add_ln303 "/>
</bind>
</comp>

<comp id="371" class="1005" name="icmp_ln303_reg_371">
<pin_list>
<pin id="372" dir="0" index="0" bw="1" slack="2"/>
<pin id="373" dir="1" index="1" bw="1" slack="2147483647"/>
</pin_list>
<bind>
<opset="icmp_ln303 "/>
</bind>
</comp>

<comp id="375" class="1005" name="select_ln318_reg_375">
<pin_list>
<pin id="376" dir="0" index="0" bw="32" slack="1"/>
<pin id="377" dir="1" index="1" bw="32" slack="1"/>
</pin_list>
<bind>
<opset="select_ln318 "/>
</bind>
</comp>

<comp id="380" class="1005" name="add_ln307_reg_380">
<pin_list>
<pin id="381" dir="0" index="0" bw="32" slack="1"/>
<pin id="382" dir="1" index="1" bw="32" slack="1"/>
</pin_list>
<bind>
<opset="add_ln307 "/>
</bind>
</comp>

<comp id="386" class="1005" name="icmp_ln307_reg_386">
<pin_list>
<pin id="387" dir="0" index="0" bw="1" slack="1"/>
<pin id="388" dir="1" index="1" bw="1" slack="2147483647"/>
</pin_list>
<bind>
<opset="icmp_ln307 "/>
</bind>
</comp>

<comp id="390" class="1005" name="select_ln313_reg_390">
<pin_list>
<pin id="391" dir="0" index="0" bw="32" slack="1"/>
<pin id="392" dir="1" index="1" bw="32" slack="1"/>
</pin_list>
<bind>
<opset="select_ln313 "/>
</bind>
</comp>

</comp_list>

<net_list>
<net id="72"><net_src comp="36" pin="0"/><net_sink comp="68" pin=0"/></net>

<net id="73"><net_src comp="0" pin="0"/><net_sink comp="68" pin=1"/></net>

<net id="79"><net_src comp="64" pin="0"/><net_sink comp="74" pin=0"/></net>

<net id="80"><net_src comp="2" pin="0"/><net_sink comp="74" pin=1"/></net>

<net id="90"><net_src comp="44" pin="0"/><net_sink comp="84" pin=2"/></net>

<net id="106"><net_src comp="38" pin="0"/><net_sink comp="91" pin=0"/></net>

<net id="107"><net_src comp="68" pin="2"/><net_sink comp="91" pin=1"/></net>

<net id="108"><net_src comp="4" pin="0"/><net_sink comp="91" pin=2"/></net>

<net id="109"><net_src comp="6" pin="0"/><net_sink comp="91" pin=3"/></net>

<net id="110"><net_src comp="8" pin="0"/><net_sink comp="91" pin=4"/></net>

<net id="111"><net_src comp="10" pin="0"/><net_sink comp="91" pin=5"/></net>

<net id="112"><net_src comp="12" pin="0"/><net_sink comp="91" pin=6"/></net>

<net id="113"><net_src comp="14" pin="0"/><net_sink comp="91" pin=7"/></net>

<net id="114"><net_src comp="16" pin="0"/><net_sink comp="91" pin=8"/></net>

<net id="115"><net_src comp="18" pin="0"/><net_sink comp="91" pin=9"/></net>

<net id="116"><net_src comp="20" pin="0"/><net_sink comp="91" pin=10"/></net>

<net id="117"><net_src comp="22" pin="0"/><net_sink comp="91" pin=11"/></net>

<net id="118"><net_src comp="24" pin="0"/><net_sink comp="91" pin=12"/></net>

<net id="132"><net_src comp="60" pin="0"/><net_sink comp="119" pin=0"/></net>

<net id="133"><net_src comp="34" pin="0"/><net_sink comp="119" pin=1"/></net>

<net id="134"><net_src comp="6" pin="0"/><net_sink comp="119" pin=2"/></net>

<net id="135"><net_src comp="4" pin="0"/><net_sink comp="119" pin=3"/></net>

<net id="136"><net_src comp="16" pin="0"/><net_sink comp="119" pin=4"/></net>

<net id="137"><net_src comp="10" pin="0"/><net_sink comp="119" pin=5"/></net>

<net id="138"><net_src comp="8" pin="0"/><net_sink comp="119" pin=6"/></net>

<net id="139"><net_src comp="18" pin="0"/><net_sink comp="119" pin=7"/></net>

<net id="140"><net_src comp="14" pin="0"/><net_sink comp="119" pin=8"/></net>

<net id="141"><net_src comp="12" pin="0"/><net_sink comp="119" pin=9"/></net>

<net id="142"><net_src comp="20" pin="0"/><net_sink comp="119" pin=10"/></net>

<net id="147"><net_src comp="50" pin="0"/><net_sink comp="143" pin=1"/></net>

<net id="151"><net_src comp="26" pin="0"/><net_sink comp="148" pin=0"/></net>

<net id="156"><net_src comp="148" pin="1"/><net_sink comp="152" pin=0"/></net>

<net id="157"><net_src comp="50" pin="0"/><net_sink comp="152" pin=1"/></net>

<net id="161"><net_src comp="28" pin="0"/><net_sink comp="158" pin=0"/></net>

<net id="162"><net_src comp="158" pin="1"/><net_sink comp="143" pin=0"/></net>

<net id="166"><net_src comp="30" pin="0"/><net_sink comp="163" pin=0"/></net>

<net id="170"><net_src comp="32" pin="0"/><net_sink comp="167" pin=0"/></net>

<net id="177"><net_src comp="52" pin="0"/><net_sink comp="171" pin=0"/></net>

<net id="178"><net_src comp="163" pin="1"/><net_sink comp="171" pin=1"/></net>

<net id="179"><net_src comp="54" pin="0"/><net_sink comp="171" pin=2"/></net>

<net id="180"><net_src comp="56" pin="0"/><net_sink comp="171" pin=3"/></net>

<net id="185"><net_src comp="171" pin="4"/><net_sink comp="181" pin=0"/></net>

<net id="186"><net_src comp="58" pin="0"/><net_sink comp="181" pin=1"/></net>

<net id="193"><net_src comp="52" pin="0"/><net_sink comp="187" pin=0"/></net>

<net id="194"><net_src comp="167" pin="1"/><net_sink comp="187" pin=1"/></net>

<net id="195"><net_src comp="54" pin="0"/><net_sink comp="187" pin=2"/></net>

<net id="196"><net_src comp="56" pin="0"/><net_sink comp="187" pin=3"/></net>

<net id="201"><net_src comp="187" pin="4"/><net_sink comp="197" pin=0"/></net>

<net id="202"><net_src comp="58" pin="0"/><net_sink comp="197" pin=1"/></net>

<net id="207"><net_src comp="181" pin="2"/><net_sink comp="203" pin=0"/></net>

<net id="208"><net_src comp="197" pin="2"/><net_sink comp="203" pin=1"/></net>

<net id="213"><net_src comp="203" pin="2"/><net_sink comp="209" pin=0"/></net>

<net id="214"><net_src comp="143" pin="2"/><net_sink comp="209" pin=1"/></net>

<net id="218"><net_src comp="119" pin="11"/><net_sink comp="215" pin=0"/></net>

<net id="222"><net_src comp="119" pin="11"/><net_sink comp="219" pin=0"/></net>

<net id="226"><net_src comp="119" pin="11"/><net_sink comp="223" pin=0"/></net>

<net id="230"><net_src comp="119" pin="11"/><net_sink comp="227" pin=0"/></net>

<net id="238"><net_src comp="62" pin="0"/><net_sink comp="231" pin=0"/></net>

<net id="239"><net_src comp="231" pin="5"/><net_sink comp="74" pin=2"/></net>

<net id="244"><net_src comp="54" pin="0"/><net_sink comp="240" pin=1"/></net>

<net id="249"><net_src comp="66" pin="0"/><net_sink comp="245" pin=1"/></net>

<net id="254"><net_src comp="54" pin="0"/><net_sink comp="250" pin=1"/></net>

<net id="260"><net_src comp="50" pin="0"/><net_sink comp="255" pin=1"/></net>

<net id="261"><net_src comp="250" pin="2"/><net_sink comp="255" pin=2"/></net>

<net id="266"><net_src comp="54" pin="0"/><net_sink comp="262" pin=1"/></net>

<net id="271"><net_src comp="32" pin="0"/><net_sink comp="267" pin=1"/></net>

<net id="276"><net_src comp="26" pin="0"/><net_sink comp="272" pin=1"/></net>

<net id="281"><net_src comp="44" pin="0"/><net_sink comp="277" pin=0"/></net>

<net id="282"><net_src comp="32" pin="0"/><net_sink comp="277" pin=1"/></net>

<net id="287"><net_src comp="44" pin="0"/><net_sink comp="283" pin=0"/></net>

<net id="288"><net_src comp="26" pin="0"/><net_sink comp="283" pin=1"/></net>

<net id="293"><net_src comp="66" pin="0"/><net_sink comp="289" pin=1"/></net>

<net id="298"><net_src comp="54" pin="0"/><net_sink comp="294" pin=1"/></net>

<net id="304"><net_src comp="143" pin="2"/><net_sink comp="299" pin=0"/></net>

<net id="305"><net_src comp="50" pin="0"/><net_sink comp="299" pin=1"/></net>

<net id="306"><net_src comp="294" pin="2"/><net_sink comp="299" pin=2"/></net>

<net id="311"><net_src comp="30" pin="0"/><net_sink comp="307" pin=1"/></net>

<net id="316"><net_src comp="44" pin="0"/><net_sink comp="312" pin=0"/></net>

<net id="317"><net_src comp="30" pin="0"/><net_sink comp="312" pin=1"/></net>

<net id="322"><net_src comp="84" pin="4"/><net_sink comp="318" pin=0"/></net>

<net id="323"><net_src comp="28" pin="0"/><net_sink comp="318" pin=1"/></net>

<net id="330"><net_src comp="152" pin="2"/><net_sink comp="327" pin=0"/></net>

<net id="331"><net_src comp="327" pin="1"/><net_sink comp="255" pin=0"/></net>

<net id="344"><net_src comp="209" pin="2"/><net_sink comp="341" pin=0"/></net>

<net id="348"><net_src comp="215" pin="1"/><net_sink comp="345" pin=0"/></net>

<net id="349"><net_src comp="345" pin="1"/><net_sink comp="231" pin=4"/></net>

<net id="353"><net_src comp="219" pin="1"/><net_sink comp="350" pin=0"/></net>

<net id="354"><net_src comp="350" pin="1"/><net_sink comp="231" pin=3"/></net>

<net id="358"><net_src comp="223" pin="1"/><net_sink comp="355" pin=0"/></net>

<net id="359"><net_src comp="355" pin="1"/><net_sink comp="231" pin=2"/></net>

<net id="363"><net_src comp="227" pin="1"/><net_sink comp="360" pin=0"/></net>

<net id="364"><net_src comp="360" pin="1"/><net_sink comp="231" pin=1"/></net>

<net id="368"><net_src comp="240" pin="2"/><net_sink comp="365" pin=0"/></net>

<net id="369"><net_src comp="365" pin="1"/><net_sink comp="245" pin=0"/></net>

<net id="370"><net_src comp="365" pin="1"/><net_sink comp="267" pin=0"/></net>

<net id="374"><net_src comp="245" pin="2"/><net_sink comp="371" pin=0"/></net>

<net id="378"><net_src comp="255" pin="3"/><net_sink comp="375" pin=0"/></net>

<net id="379"><net_src comp="375" pin="1"/><net_sink comp="272" pin=0"/></net>

<net id="383"><net_src comp="262" pin="2"/><net_sink comp="380" pin=0"/></net>

<net id="384"><net_src comp="380" pin="1"/><net_sink comp="289" pin=0"/></net>

<net id="385"><net_src comp="380" pin="1"/><net_sink comp="307" pin=0"/></net>

<net id="389"><net_src comp="289" pin="2"/><net_sink comp="386" pin=0"/></net>

<net id="393"><net_src comp="299" pin="3"/><net_sink comp="390" pin=0"/></net>

<net id="394"><net_src comp="390" pin="1"/><net_sink comp="84" pin=0"/></net>

</net_list>

</model> 
---------------- Datapath Model END ------------------

* FSMD analyzer results:
  - Output states:
	Port: layer2_out | {4 }
	Port: void_compute_output_buffer_2d_array_const_ap_shift_reg_n_chan_stream_weig_17 | {1 }
	Port: void_compute_output_buffer_2d_array_const_ap_shift_reg_n_chan_stream_weig_18 | {1 }
	Port: void_compute_output_buffer_2d_array_const_ap_shift_reg_n_chan_stream_weig_14 | {1 }
	Port: void_compute_output_buffer_2d_array_const_ap_shift_reg_n_chan_stream_weig_15 | {1 }
	Port: void_compute_output_buffer_2d_array_const_ap_shift_reg_n_chan_stream_weig_11 | {1 }
	Port: void_compute_output_buffer_2d_array_const_ap_shift_reg_n_chan_stream_weig_12 | {1 }
	Port: void_compute_output_buffer_2d_array_const_ap_shift_reg_n_chan_stream_weig_16 | {1 }
	Port: void_compute_output_buffer_2d_array_const_ap_shift_reg_n_chan_stream_weig_13 | {1 }
	Port: void_compute_output_buffer_2d_array_const_ap_shift_reg_n_chan_stream_weig_10 | {1 }
	Port: void_conv_2d_buffer_resource_cl_stream_stream_weight_t_bias_t_line_buffer_1 | {1 }
	Port: void_conv_2d_buffer_resource_cl_stream_stream_weight_t_bias_t_line_buffer | {1 }
	Port: sX_3 | {6 7 }
	Port: sY_3 | {8 }
	Port: pY_3 | {8 }
	Port: pX_3 | {6 7 }
	Port: w2 | {}
 - Input state : 
	Port: compute_output_buffer_2d<array,array<ap_fixed<27,11,5,3,0>,4u>,config2> : p_read | {1 }
	Port: compute_output_buffer_2d<array,array<ap_fixed<27,11,5,3,0>,4u>,config2> : layer2_out | {}
	Port: compute_output_buffer_2d<array,array<ap_fixed<27,11,5,3,0>,4u>,config2> : void_compute_output_buffer_2d_array_const_ap_shift_reg_n_chan_stream_weig_17 | {1 2 3 }
	Port: compute_output_buffer_2d<array,array<ap_fixed<27,11,5,3,0>,4u>,config2> : void_compute_output_buffer_2d_array_const_ap_shift_reg_n_chan_stream_weig_18 | {2 3 }
	Port: compute_output_buffer_2d<array,array<ap_fixed<27,11,5,3,0>,4u>,config2> : void_compute_output_buffer_2d_array_const_ap_shift_reg_n_chan_stream_weig_14 | {1 2 3 }
	Port: compute_output_buffer_2d<array,array<ap_fixed<27,11,5,3,0>,4u>,config2> : void_compute_output_buffer_2d_array_const_ap_shift_reg_n_chan_stream_weig_15 | {2 3 }
	Port: compute_output_buffer_2d<array,array<ap_fixed<27,11,5,3,0>,4u>,config2> : void_compute_output_buffer_2d_array_const_ap_shift_reg_n_chan_stream_weig_11 | {1 2 3 }
	Port: compute_output_buffer_2d<array,array<ap_fixed<27,11,5,3,0>,4u>,config2> : void_compute_output_buffer_2d_array_const_ap_shift_reg_n_chan_stream_weig_12 | {2 3 }
	Port: compute_output_buffer_2d<array,array<ap_fixed<27,11,5,3,0>,4u>,config2> : void_compute_output_buffer_2d_array_const_ap_shift_reg_n_chan_stream_weig_16 | {1 2 3 }
	Port: compute_output_buffer_2d<array,array<ap_fixed<27,11,5,3,0>,4u>,config2> : void_compute_output_buffer_2d_array_const_ap_shift_reg_n_chan_stream_weig_13 | {1 2 3 }
	Port: compute_output_buffer_2d<array,array<ap_fixed<27,11,5,3,0>,4u>,config2> : void_compute_output_buffer_2d_array_const_ap_shift_reg_n_chan_stream_weig_10 | {1 2 3 }
	Port: compute_output_buffer_2d<array,array<ap_fixed<27,11,5,3,0>,4u>,config2> : void_conv_2d_buffer_resource_cl_stream_stream_weight_t_bias_t_line_buffer_1 | {1 }
	Port: compute_output_buffer_2d<array,array<ap_fixed<27,11,5,3,0>,4u>,config2> : void_conv_2d_buffer_resource_cl_stream_stream_weight_t_bias_t_line_buffer | {1 }
	Port: compute_output_buffer_2d<array,array<ap_fixed<27,11,5,3,0>,4u>,config2> : sX_3 | {2 }
	Port: compute_output_buffer_2d<array,array<ap_fixed<27,11,5,3,0>,4u>,config2> : sY_3 | {2 }
	Port: compute_output_buffer_2d<array,array<ap_fixed<27,11,5,3,0>,4u>,config2> : pY_3 | {2 }
	Port: compute_output_buffer_2d<array,array<ap_fixed<27,11,5,3,0>,4u>,config2> : pX_3 | {2 }
	Port: compute_output_buffer_2d<array,array<ap_fixed<27,11,5,3,0>,4u>,config2> : w2 | {2 3 }
  - Chain level:
	State 1
	State 2
		icmp_ln284 : 1
		br_ln284 : 2
		icmp_ln284_1 : 1
		tmp_223 : 1
		icmp_ln284_2 : 2
		tmp_224 : 1
		icmp_ln284_3 : 2
		and_ln284 : 3
		and_ln284_1 : 3
		br_ln284 : 3
	State 3
		res_out_V : 1
		res_out_V_1 : 1
		res_out_V_2 : 1
		res_out_V_3 : 1
	State 4
		write_ln299 : 1
	State 5
		br_ln303 : 1
		select_ln318 : 1
	State 6
	State 7
		br_ln307 : 1
		select_ln313 : 1
	State 8
		storemerge : 1
		store_ln309 : 2


============================================================
+ Verbose Summary: Datapath Resource usage 
============================================================

* Functional unit list:
|----------|-----------------------------------------------------------------------------------|---------|---------|---------|---------|
| Operation|                                  Functional Unit                                  |   DSP   |  Delay  |    FF   |   LUT   |
|----------|-----------------------------------------------------------------------------------|---------|---------|---------|---------|
|   call   |     call_ln281_shift_line_buffer_array_ap_fixed_16_5_5_3_0_1u_config2_s_fu_91     |    0    |    0    |    0    |    0    |
|          | grp_dense_resource_rf_leq_nin_ap_fixed_ap_fixed_27_11_5_3_0_config2_mult_s_fu_119 |    4    |  14.292 |   659   |   243   |
|----------|-----------------------------------------------------------------------------------|---------|---------|---------|---------|
|          |                                  add_ln303_fu_240                                 |    0    |    0    |    0    |    39   |
|    add   |                                  add_ln318_fu_250                                 |    0    |    0    |    0    |    39   |
|          |                                  add_ln307_fu_262                                 |    0    |    0    |    0    |    39   |
|          |                                  add_ln313_fu_294                                 |    0    |    0    |    0    |    39   |
|----------|-----------------------------------------------------------------------------------|---------|---------|---------|---------|
|          |                                     grp_fu_143                                    |    0    |    0    |    0    |    18   |
|          |                                 icmp_ln284_fu_152                                 |    0    |    0    |    0    |    18   |
|   icmp   |                                icmp_ln284_2_fu_181                                |    0    |    0    |    0    |    17   |
|          |                                icmp_ln284_3_fu_197                                |    0    |    0    |    0    |    17   |
|          |                                 icmp_ln303_fu_245                                 |    0    |    0    |    0    |    18   |
|          |                                 icmp_ln307_fu_289                                 |    0    |    0    |    0    |    18   |
|----------|-----------------------------------------------------------------------------------|---------|---------|---------|---------|
|  select  |                                select_ln318_fu_255                                |    0    |    0    |    0    |    32   |
|          |                                select_ln313_fu_299                                |    0    |    0    |    0    |    32   |
|----------|-----------------------------------------------------------------------------------|---------|---------|---------|---------|
|    and   |                                  and_ln284_fu_203                                 |    0    |    0    |    0    |    2    |
|          |                                 and_ln284_1_fu_209                                |    0    |    0    |    0    |    2    |
|----------|-----------------------------------------------------------------------------------|---------|---------|---------|---------|
|   read   |                                p_read_5_read_fu_68                                |    0    |    0    |    0    |    0    |
|----------|-----------------------------------------------------------------------------------|---------|---------|---------|---------|
|   write  |                              write_ln299_write_fu_74                              |    0    |    0    |    0    |    0    |
|----------|-----------------------------------------------------------------------------------|---------|---------|---------|---------|
|partselect|                                   tmp_223_fu_171                                  |    0    |    0    |    0    |    0    |
|          |                                   tmp_224_fu_187                                  |    0    |    0    |    0    |    0    |
|----------|-----------------------------------------------------------------------------------|---------|---------|---------|---------|
|          |                                  res_out_V_fu_215                                 |    0    |    0    |    0    |    0    |
|extractvalue|                                 res_out_V_1_fu_219                                |    0    |    0    |    0    |    0    |
|          |                                 res_out_V_2_fu_223                                |    0    |    0    |    0    |    0    |
|          |                                 res_out_V_3_fu_227                                |    0    |    0    |    0    |    0    |
|----------|-----------------------------------------------------------------------------------|---------|---------|---------|---------|
|bitconcatenate|                                     p_0_fu_231                                    |    0    |    0    |    0    |    0    |
|----------|-----------------------------------------------------------------------------------|---------|---------|---------|---------|
|   Total  |                                                                                   |    4    |  14.292 |   659   |   573   |
|----------|-----------------------------------------------------------------------------------|---------|---------|---------|---------|

Memories:
N/A

* Register list:
+--------------------+--------+
|                    |   FF   |
+--------------------+--------+
|  add_ln303_reg_365 |   32   |
|  add_ln307_reg_380 |   32   |
| and_ln284_1_reg_341|    1   |
| icmp_ln284_reg_327 |    1   |
| icmp_ln303_reg_371 |    1   |
| icmp_ln307_reg_386 |    1   |
| res_out_V_1_reg_350|   27   |
| res_out_V_2_reg_355|   27   |
| res_out_V_3_reg_360|   27   |
|  res_out_V_reg_345 |   27   |
|select_ln313_reg_390|   32   |
|select_ln318_reg_375|   32   |
|  storemerge_reg_81 |   32   |
+--------------------+--------+
|        Total       |   272  |
+--------------------+--------+

* Multiplexer (MUX) list: 
|--------|------|------|------|--------|
|  Comp  |  Pin | Size |  BW  | S x BW |
|--------|------|------|------|--------|
|  Total |      |      |      |    0   |
|--------|------|------|------|--------|



* Summary:
+-----------+--------+--------+--------+--------+
|           |   DSP  |  Delay |   FF   |   LUT  |
+-----------+--------+--------+--------+--------+
|  Function |    4   |   14   |   659  |   573  |
|   Memory  |    -   |    -   |    -   |    -   |
|Multiplexer|    -   |    -   |    -   |    -   |
|  Register |    -   |    -   |   272  |    -   |
+-----------+--------+--------+--------+--------+
|   Total   |    4   |   14   |   931  |   573  |
+-----------+--------+--------+--------+--------+
