

================================================================
== Vitis HLS Report for 'compute_output_buffer_2d_array_array_ap_fixed_19_8_5_3_0_8u_config6_s'
================================================================
* Date:           Thu Jul  2 23:53:03 2026

* Version:        2022.2 (Build 3670227 on Oct 13 2022)
* Project:        myproject_prj
* Solution:       solution1 (Vivado IP Flow Target)
* Product family: zynq
* Target device:  xc7z020-clg400-1


================================================================
== Performance Estimates
================================================================
+ Timing: 
    * Summary: 
    +--------+---------+----------+------------+
    |  Clock |  Target | Estimated| Uncertainty|
    +--------+---------+----------+------------+
    |ap_clk  |  5.00 ns|  4.842 ns|     1.35 ns|
    +--------+---------+----------+------------+

+ Latency: 
    * Summary: 
    +---------+---------+-----------+----------+-----+-----+---------+
    |  Latency (cycles) |  Latency (absolute)  |  Interval | Pipeline|
    |   min   |   max   |    min    |    max   | min | max |   Type  |
    +---------+---------+-----------+----------+-----+-----+---------+
    |        5|       22|  25.000 ns|  0.110 us|    5|   22|       no|
    +---------+---------+-----------+----------+-----+-----+---------+

    + Detail: 
        * Instance: 
        N/A

        * Loop: 
        N/A

============================================================
+ Verbose Summary: Synthesis Manager
============================================================
InlineROM: 1
ExposeGlobal: 0
============================================================
+ Verbose Summary: CDFG Model
============================================================
IsTopModel: 0
ResetActiveHigh: 1
IsCombinational: 0
IsDatapathOnly: 0
HasWiredReturn: 1
HasMFsm: 0
HasVarLatency: 1
IsPipeline: 0
IsRtlPipelined: 0
IsInstanceOverlapped: 0
IsDontTouch: 0
HasImplIP: 0
IsGatedGlobalClock: 0


============================================================
+ Verbose Summary: Schedule
============================================================
* Number of FSM states : 8
* Pipeline : 0
* Dataflow Pipeline: 0

* FSM state transitions: 
1 --> 2 
2 --> 4 3 
3 --> 4 
4 --> 5 
5 --> 6 7 
6 --> 8 
7 --> 8 
8 --> 

* FSM state operations: 

State 1 <SV = 0> <Delay = 3.23>
ST_1 : Operation 9 [1/1] (0.00ns)   --->   "%p_read_6 = read i6 @_ssdm_op_Read.ap_auto.i6, i6 %p_read3"   --->   Operation 9 'read' 'p_read_6' <Predicate = true> <Delay = 0.00>
ST_1 : Operation 10 [1/1] (0.00ns)   --->   "%p_read26 = read i6 @_ssdm_op_Read.ap_auto.i6, i6 %p_read2"   --->   Operation 10 'read' 'p_read26' <Predicate = true> <Delay = 0.00>
ST_1 : Operation 11 [1/1] (0.00ns)   --->   "%p_read15 = read i6 @_ssdm_op_Read.ap_auto.i6, i6 %p_read1"   --->   Operation 11 'read' 'p_read15' <Predicate = true> <Delay = 0.00>
ST_1 : Operation 12 [1/1] (0.00ns)   --->   "%p_read_7 = read i6 @_ssdm_op_Read.ap_auto.i6, i6 %p_read"   --->   Operation 12 'read' 'p_read_7' <Predicate = true> <Delay = 0.00>
ST_1 : Operation 13 [1/1] (3.23ns)   --->   "%call_ln281 = call void @shift_line_buffer<array<ap_ufixed<6, 0, 4, 0, 0>, 4u>, config6>, i6 %p_read_7, i6 %p_read15, i6 %p_read26, i6 %p_read_6, i6 %void_compute_output_buffer_2d_array_const_ap_shift_reg_n_chan_stream_weig_5, i6 %void_compute_output_buffer_2d_array_const_ap_shift_reg_n_chan_stream_weig_9, i6 %void_compute_output_buffer_2d_array_const_ap_shift_reg_n_chan_stream_weig_4, i6 %void_compute_output_buffer_2d_array_const_ap_shift_reg_n_chan_stream_weig_8, i6 %void_compute_output_buffer_2d_array_const_ap_shift_reg_n_chan_stream_weig_3, i6 %void_compute_output_buffer_2d_array_const_ap_shift_reg_n_chan_stream_weig_7, i6 %void_compute_output_buffer_2d_array_const_ap_shift_reg_n_chan_stream_weig_2, i6 %void_compute_output_buffer_2d_array_const_ap_shift_reg_n_chan_stream_weig_6, i6 %p_ZZN4nnet24compute_output_buffer_2dINS_5arrayI9ap_ufixedILi6ELi0EL9ap_q_mode4EL9_19, i6 %p_ZZN4nnet24compute_output_buffer_2dINS_5arrayI9ap_ufixedILi6ELi0EL9ap_q_mode4EL9_23, i6 %p_ZZN4nnet24compute_output_buffer_2dINS_5arrayI9ap_ufixedILi6ELi0EL9ap_q_mode4EL9_18, i6 %p_ZZN4nnet24compute_output_buffer_2dINS_5arrayI9ap_ufixedILi6ELi0EL9ap_q_mode4EL9_22, i6 %p_ZZN4nnet24compute_output_buffer_2dINS_5arrayI9ap_ufixedILi6ELi0EL9ap_q_mode4EL9_17, i6 %p_ZZN4nnet24compute_output_buffer_2dINS_5arrayI9ap_ufixedILi6ELi0EL9ap_q_mode4EL9_21, i6 %p_ZZN4nnet24compute_output_buffer_2dINS_5arrayI9ap_ufixedILi6ELi0EL9ap_q_mode4EL9_16, i6 %p_ZZN4nnet24compute_output_buffer_2dINS_5arrayI9ap_ufixedILi6ELi0EL9ap_q_mode4EL9_20, i6 %p_ZZN4nnet24compute_output_buffer_2dINS_5arrayI9ap_ufixedILi6ELi0EL9ap_q_mode4EL9_7, i6 %p_ZZN4nnet24compute_output_buffer_2dINS_5arrayI9ap_ufixedILi6ELi0EL9ap_q_mode4EL9_11, i6 %p_ZZN4nnet24compute_output_buffer_2dINS_5arrayI9ap_ufixedILi6ELi0EL9ap_q_mode4EL9_6, i6 %p_ZZN4nnet24compute_output_buffer_2dINS_5arrayI9ap_ufixedILi6ELi0EL9ap_q_mode4EL9_10, i6 %p_ZZN4nnet24compute_output_buffer_2dINS_5arrayI9ap_ufixedILi6ELi0EL9ap_q_mode4EL9_5, i6 %p_ZZN4nnet24compute_output_buffer_2dINS_5arrayI9ap_ufixedILi6ELi0EL9ap_q_mode4EL9_9, i6 %p_ZZN4nnet24compute_output_buffer_2dINS_5arrayI9ap_ufixedILi6ELi0EL9ap_q_mode4EL9_4, i6 %p_ZZN4nnet24compute_output_buffer_2dINS_5arrayI9ap_ufixedILi6ELi0EL9ap_q_mode4EL9_8, i6 %void_compute_output_buffer_2d_array_const_ap_shift_reg_n_chan_stream_weig_1, i6 %void_compute_output_buffer_2d_array_const_ap_shift_reg_n_chan_stream_weig, i6 %p_ZZN4nnet24compute_output_buffer_2dINS_5arrayI9ap_ufixedILi6ELi0EL9ap_q_mode4EL9_25, i6 %p_ZZN4nnet24compute_output_buffer_2dINS_5arrayI9ap_ufixedILi6ELi0EL9ap_q_mode4EL9_24, i6 %p_ZZN4nnet24compute_output_buffer_2dINS_5arrayI9ap_ufixedILi6ELi0EL9ap_q_mode4EL9_15, i6 %p_ZZN4nnet24compute_output_buffer_2dINS_5arrayI9ap_ufixedILi6ELi0EL9ap_q_mode4EL9_14, i6 %p_ZZN4nnet24compute_output_buffer_2dINS_5arrayI9ap_ufixedILi6ELi0EL9ap_q_mode4EL9_13, i6 %p_ZZN4nnet24compute_output_buffer_2dINS_5arrayI9ap_ufixedILi6ELi0EL9ap_q_mode4EL9_12, i6 %p_ZZN4nnet24compute_output_buffer_2dINS_5arrayI9ap_ufixedILi6ELi0EL9ap_q_mode4EL9_3, i6 %p_ZZN4nnet24compute_output_buffer_2dINS_5arrayI9ap_ufixedILi6ELi0EL9ap_q_mode4EL9_2, i6 %p_ZZN4nnet24compute_output_buffer_2dINS_5arrayI9ap_ufixedILi6ELi0EL9ap_q_mode4EL9_1, i6 %p_ZZN4nnet24compute_output_buffer_2dINS_5arrayI9ap_ufixedILi6ELi0EL9ap_q_mode4EL9, i6 %p_ZZN4nnet26conv_2d_buffer_resource_clINS_5arrayI9ap_ufixedILi6ELi0EL9ap_q_mode4E_7, i6 %p_ZZN4nnet26conv_2d_buffer_resource_clINS_5arrayI9ap_ufixedILi6ELi0EL9ap_q_mode4E_3, i6 %p_ZZN4nnet26conv_2d_buffer_resource_clINS_5arrayI9ap_ufixedILi6ELi0EL9ap_q_mode4E_6, i6 %p_ZZN4nnet26conv_2d_buffer_resource_clINS_5arrayI9ap_ufixedILi6ELi0EL9ap_q_mode4E_2, i6 %p_ZZN4nnet26conv_2d_buffer_resource_clINS_5arrayI9ap_ufixedILi6ELi0EL9ap_q_mode4E_5, i6 %p_ZZN4nnet26conv_2d_buffer_resource_clINS_5arrayI9ap_ufixedILi6ELi0EL9ap_q_mode4E_1, i6 %p_ZZN4nnet26conv_2d_buffer_resource_clINS_5arrayI9ap_ufixedILi6ELi0EL9ap_q_mode4E_4, i6 %p_ZZN4nnet26conv_2d_buffer_resource_clINS_5arrayI9ap_ufixedILi6ELi0EL9ap_q_mode4E" [firmware/nnet_utils/nnet_conv_stream.h:281]   --->   Operation 13 'call' 'call_ln281' <Predicate = true> <Delay = 3.23> <CoreType = "Generic">   --->   Core 0 '' <Latency = 0> <II = 1> <Delay = 1.00> <Generic> <Opcode : >

State 2 <SV = 1> <Delay = 4.42>
ST_2 : Operation 14 [1/1] (0.00ns)   --->   "%specinterface_ln0 = specinterface void @_ssdm_op_SpecInterface, i152 %layer6_out, void @empty_21, i32 0, i32 0, void @empty_10, i32 0, i32 0, void @empty_10, void @empty_10, void @empty_10, i32 0, i32 0, i32 0, i32 0, void @empty_10, void @empty_10, i32 4294967295, i32 0"   --->   Operation 14 'specinterface' 'specinterface_ln0' <Predicate = true> <Delay = 0.00>
ST_2 : Operation 15 [1/1] (0.00ns)   --->   "%sX_2_load = load i32 %sX_2" [firmware/nnet_utils/nnet_conv_stream.h:284]   --->   Operation 15 'load' 'sX_2_load' <Predicate = true> <Delay = 0.00>
ST_2 : Operation 16 [1/1] (2.47ns)   --->   "%icmp_ln284 = icmp_eq  i32 %sX_2_load, i32 2" [firmware/nnet_utils/nnet_conv_stream.h:284]   --->   Operation 16 'icmp' 'icmp_ln284' <Predicate = true> <Delay = 2.47> <CoreInst = "Cmp">   --->   Core 9 'Cmp' <Latency = 0> <II = 1> <Delay = 2.47> <FuncUnit> <Opcode : 'icmp'> <InPorts = 2> <OutPorts = 1>
ST_2 : Operation 17 [1/1] (0.00ns)   --->   "%sY_2_load = load i32 %sY_2" [firmware/nnet_utils/nnet_conv_stream.h:284]   --->   Operation 17 'load' 'sY_2_load' <Predicate = true> <Delay = 0.00>
ST_2 : Operation 18 [1/1] (0.00ns)   --->   "%pY_2_load = load i32 %pY_2" [firmware/nnet_utils/nnet_conv_stream.h:284]   --->   Operation 18 'load' 'pY_2_load' <Predicate = true> <Delay = 0.00>
ST_2 : Operation 19 [1/1] (0.00ns)   --->   "%pX_2_load = load i32 %pX_2" [firmware/nnet_utils/nnet_conv_stream.h:284]   --->   Operation 19 'load' 'pX_2_load' <Predicate = true> <Delay = 0.00>
ST_2 : Operation 20 [1/1] (0.00ns)   --->   "%br_ln284 = br i1 %icmp_ln284, void %if.end, void %land.lhs.true" [firmware/nnet_utils/nnet_conv_stream.h:284]   --->   Operation 20 'br' 'br_ln284' <Predicate = true> <Delay = 0.00>
ST_2 : Operation 21 [1/1] (2.47ns)   --->   "%icmp_ln284_1 = icmp_eq  i32 %sY_2_load, i32 2" [firmware/nnet_utils/nnet_conv_stream.h:284]   --->   Operation 21 'icmp' 'icmp_ln284_1' <Predicate = (icmp_ln284)> <Delay = 2.47> <CoreInst = "Cmp">   --->   Core 9 'Cmp' <Latency = 0> <II = 1> <Delay = 2.47> <FuncUnit> <Opcode : 'icmp'> <InPorts = 2> <OutPorts = 1>
ST_2 : Operation 22 [1/1] (0.00ns)   --->   "%tmp_225 = partselect i31 @_ssdm_op_PartSelect.i31.i32.i32.i32, i32 %pY_2_load, i32 1, i32 31" [firmware/nnet_utils/nnet_conv_stream.h:284]   --->   Operation 22 'partselect' 'tmp_225' <Predicate = (icmp_ln284)> <Delay = 0.00>
ST_2 : Operation 23 [1/1] (2.47ns)   --->   "%icmp_ln284_4 = icmp_sgt  i31 %tmp_225, i31 0" [firmware/nnet_utils/nnet_conv_stream.h:284]   --->   Operation 23 'icmp' 'icmp_ln284_4' <Predicate = (icmp_ln284)> <Delay = 2.47> <CoreInst = "Cmp">   --->   Core 9 'Cmp' <Latency = 0> <II = 1> <Delay = 2.47> <FuncUnit> <Opcode : 'icmp'> <InPorts = 2> <OutPorts = 1>
ST_2 : Operation 24 [1/1] (0.00ns)   --->   "%tmp_226 = partselect i31 @_ssdm_op_PartSelect.i31.i32.i32.i32, i32 %pX_2_load, i32 1, i32 31" [firmware/nnet_utils/nnet_conv_stream.h:284]   --->   Operation 24 'partselect' 'tmp_226' <Predicate = (icmp_ln284)> <Delay = 0.00>
ST_2 : Operation 25 [1/1] (2.47ns)   --->   "%icmp_ln284_5 = icmp_sgt  i31 %tmp_226, i31 0" [firmware/nnet_utils/nnet_conv_stream.h:284]   --->   Operation 25 'icmp' 'icmp_ln284_5' <Predicate = (icmp_ln284)> <Delay = 2.47> <CoreInst = "Cmp">   --->   Core 9 'Cmp' <Latency = 0> <II = 1> <Delay = 2.47> <FuncUnit> <Opcode : 'icmp'> <InPorts = 2> <OutPorts = 1>
ST_2 : Operation 26 [1/1] (0.00ns) (grouped into LUT with out node and_ln284_1)   --->   "%and_ln284 = and i1 %icmp_ln284_4, i1 %icmp_ln284_5" [firmware/nnet_utils/nnet_conv_stream.h:284]   --->   Operation 26 'and' 'and_ln284' <Predicate = (icmp_ln284)> <Delay = 0.00> <CoreInst = "LogicGate">   --->   Core 74 'LogicGate' <Latency = 0> <II = 1> <Delay = 0.97> <FuncUnit> <Opcode : 'and' 'or' 'xor'> <InPorts = 2> <OutPorts = 1>
ST_2 : Operation 27 [1/1] (0.97ns) (out node of the LUT)   --->   "%and_ln284_1 = and i1 %and_ln284, i1 %icmp_ln284_1" [firmware/nnet_utils/nnet_conv_stream.h:284]   --->   Operation 27 'and' 'and_ln284_1' <Predicate = (icmp_ln284)> <Delay = 0.97> <CoreInst = "LogicGate">   --->   Core 74 'LogicGate' <Latency = 0> <II = 1> <Delay = 0.97> <FuncUnit> <Opcode : 'and' 'or' 'xor'> <InPorts = 2> <OutPorts = 1>
ST_2 : Operation 28 [1/1] (0.00ns)   --->   "%br_ln284 = br i1 %and_ln284_1, void %if.end, void %if.then" [firmware/nnet_utils/nnet_conv_stream.h:284]   --->   Operation 28 'br' 'br_ln284' <Predicate = (icmp_ln284)> <Delay = 0.00>
ST_2 : Operation 29 [2/2] (0.00ns)   --->   "%tmp = call i152 @dense_resource_rf_leq_nin<ap_ufixed,ap_fixed<19,8,5,3,0>,config6_mult>, i192 %w6, i6 %void_compute_output_buffer_2d_array_const_ap_shift_reg_n_chan_stream_weig_9, i6 %void_compute_output_buffer_2d_array_const_ap_shift_reg_n_chan_stream_weig_8, i6 %void_compute_output_buffer_2d_array_const_ap_shift_reg_n_chan_stream_weig_7, i6 %void_compute_output_buffer_2d_array_const_ap_shift_reg_n_chan_stream_weig_6, i6 %void_compute_output_buffer_2d_array_const_ap_shift_reg_n_chan_stream_weig_5, i6 %void_compute_output_buffer_2d_array_const_ap_shift_reg_n_chan_stream_weig_4, i6 %void_compute_output_buffer_2d_array_const_ap_shift_reg_n_chan_stream_weig_3, i6 %void_compute_output_buffer_2d_array_const_ap_shift_reg_n_chan_stream_weig_2, i6 %void_compute_output_buffer_2d_array_const_ap_shift_reg_n_chan_stream_weig_1, i6 %void_compute_output_buffer_2d_array_const_ap_shift_reg_n_chan_stream_weig, i6 %p_ZZN4nnet24compute_output_buffer_2dINS_5arrayI9ap_ufixedILi6ELi0EL9ap_q_mode4EL9_25, i6 %p_ZZN4nnet24compute_output_buffer_2dINS_5arrayI9ap_ufixedILi6ELi0EL9ap_q_mode4EL9_24, i6 %p_ZZN4nnet24compute_output_buffer_2dINS_5arrayI9ap_ufixedILi6ELi0EL9ap_q_mode4EL9_23, i6 %p_ZZN4nnet24compute_output_buffer_2dINS_5arrayI9ap_ufixedILi6ELi0EL9ap_q_mode4EL9_22, i6 %p_ZZN4nnet24compute_output_buffer_2dINS_5arrayI9ap_ufixedILi6ELi0EL9ap_q_mode4EL9_21, i6 %p_ZZN4nnet24compute_output_buffer_2dINS_5arrayI9ap_ufixedILi6ELi0EL9ap_q_mode4EL9_20, i6 %p_ZZN4nnet24compute_output_buffer_2dINS_5arrayI9ap_ufixedILi6ELi0EL9ap_q_mode4EL9_19, i6 %p_ZZN4nnet24compute_output_buffer_2dINS_5arrayI9ap_ufixedILi6ELi0EL9ap_q_mode4EL9_18, i6 %p_ZZN4nnet24compute_output_buffer_2dINS_5arrayI9ap_ufixedILi6ELi0EL9ap_q_mode4EL9_17, i6 %p_ZZN4nnet24compute_output_buffer_2dINS_5arrayI9ap_ufixedILi6ELi0EL9ap_q_mode4EL9_16, i6 %p_ZZN4nnet24compute_output_buffer_2dINS_5arrayI9ap_ufixedILi6ELi0EL9ap_q_mode4EL9_15, i6 %p_ZZN4nnet24compute_output_buffer_2dINS_5arrayI9ap_ufixedILi6ELi0EL9ap_q_mode4EL9_14, i6 %p_ZZN4nnet24compute_output_buffer_2dINS_5arrayI9ap_ufixedILi6ELi0EL9ap_q_mode4EL9_13, i6 %p_ZZN4nnet24compute_output_buffer_2dINS_5arrayI9ap_ufixedILi6ELi0EL9ap_q_mode4EL9_12, i6 %p_ZZN4nnet24compute_output_buffer_2dINS_5arrayI9ap_ufixedILi6ELi0EL9ap_q_mode4EL9_11, i6 %p_ZZN4nnet24compute_output_buffer_2dINS_5arrayI9ap_ufixedILi6ELi0EL9ap_q_mode4EL9_10, i6 %p_ZZN4nnet24compute_output_buffer_2dINS_5arrayI9ap_ufixedILi6ELi0EL9ap_q_mode4EL9_9, i6 %p_ZZN4nnet24compute_output_buffer_2dINS_5arrayI9ap_ufixedILi6ELi0EL9ap_q_mode4EL9_8, i6 %p_ZZN4nnet24compute_output_buffer_2dINS_5arrayI9ap_ufixedILi6ELi0EL9ap_q_mode4EL9_7, i6 %p_ZZN4nnet24compute_output_buffer_2dINS_5arrayI9ap_ufixedILi6ELi0EL9ap_q_mode4EL9_6, i6 %p_ZZN4nnet24compute_output_buffer_2dINS_5arrayI9ap_ufixedILi6ELi0EL9ap_q_mode4EL9_5, i6 %p_ZZN4nnet24compute_output_buffer_2dINS_5arrayI9ap_ufixedILi6ELi0EL9ap_q_mode4EL9_4, i6 %p_ZZN4nnet24compute_output_buffer_2dINS_5arrayI9ap_ufixedILi6ELi0EL9ap_q_mode4EL9_3, i6 %p_ZZN4nnet24compute_output_buffer_2dINS_5arrayI9ap_ufixedILi6ELi0EL9ap_q_mode4EL9_2, i6 %p_ZZN4nnet24compute_output_buffer_2dINS_5arrayI9ap_ufixedILi6ELi0EL9ap_q_mode4EL9_1, i6 %p_ZZN4nnet24compute_output_buffer_2dINS_5arrayI9ap_ufixedILi6ELi0EL9ap_q_mode4EL9" [firmware/nnet_utils/nnet_dense.h:65]   --->   Operation 29 'call' 'tmp' <Predicate = (icmp_ln284 & and_ln284_1)> <Delay = 0.00> <CoreType = "Generic">   --->   Core 0 '' <Latency = 0> <II = 1> <Delay = 1.00> <Generic> <Opcode : >

State 3 <SV = 2> <Delay = 2.07>
ST_3 : Operation 30 [1/2] (2.07ns)   --->   "%tmp = call i152 @dense_resource_rf_leq_nin<ap_ufixed,ap_fixed<19,8,5,3,0>,config6_mult>, i192 %w6, i6 %void_compute_output_buffer_2d_array_const_ap_shift_reg_n_chan_stream_weig_9, i6 %void_compute_output_buffer_2d_array_const_ap_shift_reg_n_chan_stream_weig_8, i6 %void_compute_output_buffer_2d_array_const_ap_shift_reg_n_chan_stream_weig_7, i6 %void_compute_output_buffer_2d_array_const_ap_shift_reg_n_chan_stream_weig_6, i6 %void_compute_output_buffer_2d_array_const_ap_shift_reg_n_chan_stream_weig_5, i6 %void_compute_output_buffer_2d_array_const_ap_shift_reg_n_chan_stream_weig_4, i6 %void_compute_output_buffer_2d_array_const_ap_shift_reg_n_chan_stream_weig_3, i6 %void_compute_output_buffer_2d_array_const_ap_shift_reg_n_chan_stream_weig_2, i6 %void_compute_output_buffer_2d_array_const_ap_shift_reg_n_chan_stream_weig_1, i6 %void_compute_output_buffer_2d_array_const_ap_shift_reg_n_chan_stream_weig, i6 %p_ZZN4nnet24compute_output_buffer_2dINS_5arrayI9ap_ufixedILi6ELi0EL9ap_q_mode4EL9_25, i6 %p_ZZN4nnet24compute_output_buffer_2dINS_5arrayI9ap_ufixedILi6ELi0EL9ap_q_mode4EL9_24, i6 %p_ZZN4nnet24compute_output_buffer_2dINS_5arrayI9ap_ufixedILi6ELi0EL9ap_q_mode4EL9_23, i6 %p_ZZN4nnet24compute_output_buffer_2dINS_5arrayI9ap_ufixedILi6ELi0EL9ap_q_mode4EL9_22, i6 %p_ZZN4nnet24compute_output_buffer_2dINS_5arrayI9ap_ufixedILi6ELi0EL9ap_q_mode4EL9_21, i6 %p_ZZN4nnet24compute_output_buffer_2dINS_5arrayI9ap_ufixedILi6ELi0EL9ap_q_mode4EL9_20, i6 %p_ZZN4nnet24compute_output_buffer_2dINS_5arrayI9ap_ufixedILi6ELi0EL9ap_q_mode4EL9_19, i6 %p_ZZN4nnet24compute_output_buffer_2dINS_5arrayI9ap_ufixedILi6ELi0EL9ap_q_mode4EL9_18, i6 %p_ZZN4nnet24compute_output_buffer_2dINS_5arrayI9ap_ufixedILi6ELi0EL9ap_q_mode4EL9_17, i6 %p_ZZN4nnet24compute_output_buffer_2dINS_5arrayI9ap_ufixedILi6ELi0EL9ap_q_mode4EL9_16, i6 %p_ZZN4nnet24compute_output_buffer_2dINS_5arrayI9ap_ufixedILi6ELi0EL9ap_q_mode4EL9_15, i6 %p_ZZN4nnet24compute_output_buffer_2dINS_5arrayI9ap_ufixedILi6ELi0EL9ap_q_mode4EL9_14, i6 %p_ZZN4nnet24compute_output_buffer_2dINS_5arrayI9ap_ufixedILi6ELi0EL9ap_q_mode4EL9_13, i6 %p_ZZN4nnet24compute_output_buffer_2dINS_5arrayI9ap_ufixedILi6ELi0EL9ap_q_mode4EL9_12, i6 %p_ZZN4nnet24compute_output_buffer_2dINS_5arrayI9ap_ufixedILi6ELi0EL9ap_q_mode4EL9_11, i6 %p_ZZN4nnet24compute_output_buffer_2dINS_5arrayI9ap_ufixedILi6ELi0EL9ap_q_mode4EL9_10, i6 %p_ZZN4nnet24compute_output_buffer_2dINS_5arrayI9ap_ufixedILi6ELi0EL9ap_q_mode4EL9_9, i6 %p_ZZN4nnet24compute_output_buffer_2dINS_5arrayI9ap_ufixedILi6ELi0EL9ap_q_mode4EL9_8, i6 %p_ZZN4nnet24compute_output_buffer_2dINS_5arrayI9ap_ufixedILi6ELi0EL9ap_q_mode4EL9_7, i6 %p_ZZN4nnet24compute_output_buffer_2dINS_5arrayI9ap_ufixedILi6ELi0EL9ap_q_mode4EL9_6, i6 %p_ZZN4nnet24compute_output_buffer_2dINS_5arrayI9ap_ufixedILi6ELi0EL9ap_q_mode4EL9_5, i6 %p_ZZN4nnet24compute_output_buffer_2dINS_5arrayI9ap_ufixedILi6ELi0EL9ap_q_mode4EL9_4, i6 %p_ZZN4nnet24compute_output_buffer_2dINS_5arrayI9ap_ufixedILi6ELi0EL9ap_q_mode4EL9_3, i6 %p_ZZN4nnet24compute_output_buffer_2dINS_5arrayI9ap_ufixedILi6ELi0EL9ap_q_mode4EL9_2, i6 %p_ZZN4nnet24compute_output_buffer_2dINS_5arrayI9ap_ufixedILi6ELi0EL9ap_q_mode4EL9_1, i6 %p_ZZN4nnet24compute_output_buffer_2dINS_5arrayI9ap_ufixedILi6ELi0EL9ap_q_mode4EL9" [firmware/nnet_utils/nnet_dense.h:65]   --->   Operation 30 'call' 'tmp' <Predicate = true> <Delay = 2.07> <CoreType = "Generic">   --->   Core 0 '' <Latency = 0> <II = 1> <Delay = 1.00> <Generic> <Opcode : >
ST_3 : Operation 31 [1/1] (0.00ns)   --->   "%res_out_V = extractvalue i152 %tmp" [firmware/nnet_utils/nnet_dense.h:65]   --->   Operation 31 'extractvalue' 'res_out_V' <Predicate = true> <Delay = 0.00>
ST_3 : Operation 32 [1/1] (0.00ns)   --->   "%res_out_V_1 = extractvalue i152 %tmp" [firmware/nnet_utils/nnet_dense.h:65]   --->   Operation 32 'extractvalue' 'res_out_V_1' <Predicate = true> <Delay = 0.00>
ST_3 : Operation 33 [1/1] (0.00ns)   --->   "%res_out_V_2 = extractvalue i152 %tmp" [firmware/nnet_utils/nnet_dense.h:65]   --->   Operation 33 'extractvalue' 'res_out_V_2' <Predicate = true> <Delay = 0.00>
ST_3 : Operation 34 [1/1] (0.00ns)   --->   "%res_out_V_3 = extractvalue i152 %tmp" [firmware/nnet_utils/nnet_dense.h:65]   --->   Operation 34 'extractvalue' 'res_out_V_3' <Predicate = true> <Delay = 0.00>
ST_3 : Operation 35 [1/1] (0.00ns)   --->   "%res_out_V_4 = extractvalue i152 %tmp" [firmware/nnet_utils/nnet_dense.h:65]   --->   Operation 35 'extractvalue' 'res_out_V_4' <Predicate = true> <Delay = 0.00>
ST_3 : Operation 36 [1/1] (0.00ns)   --->   "%res_out_V_5 = extractvalue i152 %tmp" [firmware/nnet_utils/nnet_dense.h:65]   --->   Operation 36 'extractvalue' 'res_out_V_5' <Predicate = true> <Delay = 0.00>
ST_3 : Operation 37 [1/1] (0.00ns)   --->   "%res_out_V_6 = extractvalue i152 %tmp" [firmware/nnet_utils/nnet_dense.h:65]   --->   Operation 37 'extractvalue' 'res_out_V_6' <Predicate = true> <Delay = 0.00>
ST_3 : Operation 38 [1/1] (0.00ns)   --->   "%res_out_V_7 = extractvalue i152 %tmp" [firmware/nnet_utils/nnet_dense.h:65]   --->   Operation 38 'extractvalue' 'res_out_V_7' <Predicate = true> <Delay = 0.00>

State 4 <SV = 3> <Delay = 2.55>
ST_4 : Operation 39 [1/1] (0.00ns)   --->   "%p_0 = bitconcatenate i152 @_ssdm_op_BitConcatenate.i152.i19.i19.i19.i19.i19.i19.i19.i19, i19 %res_out_V_7, i19 %res_out_V_6, i19 %res_out_V_5, i19 %res_out_V_4, i19 %res_out_V_3, i19 %res_out_V_2, i19 %res_out_V_1, i19 %res_out_V" [firmware/nnet_utils/nnet_conv_stream.h:299]   --->   Operation 39 'bitconcatenate' 'p_0' <Predicate = (icmp_ln284 & and_ln284_1)> <Delay = 0.00>
ST_4 : Operation 40 [1/1] (1.82ns)   --->   "%write_ln299 = write void @_ssdm_op_Write.ap_fifo.volatile.i152P0A, i152 %layer6_out, i152 %p_0" [firmware/nnet_utils/nnet_conv_stream.h:299]   --->   Operation 40 'write' 'write_ln299' <Predicate = (icmp_ln284 & and_ln284_1)> <Delay = 1.82> <CoreInst = "FIFO">   --->   Core 78 'FIFO' <Latency = 0> <II = 1> <Delay = 3.70> <Storage> <Opcode : 'read' 'write' 'nbread' 'nbwrite'> <Ports = 0> <Width = 152> <Depth = 16> <FIFO>
ST_4 : Operation 41 [1/1] (0.00ns)   --->   "%br_ln300 = br void %if.end" [firmware/nnet_utils/nnet_conv_stream.h:300]   --->   Operation 41 'br' 'br_ln300' <Predicate = (icmp_ln284 & and_ln284_1)> <Delay = 0.00>
ST_4 : Operation 42 [1/1] (2.55ns)   --->   "%add_ln303 = add i32 %pX_2_load, i32 1" [firmware/nnet_utils/nnet_conv_stream.h:303]   --->   Operation 42 'add' 'add_ln303' <Predicate = true> <Delay = 2.55> <CoreInst = "Adder">   --->   Core 1 'Adder' <Latency = 0> <II = 1> <Delay = 2.55> <FuncUnit> <Opcode : 'add' 'sub'> <InPorts = 2> <OutPorts = 1>

State 5 <SV = 4> <Delay = 3.25>
ST_5 : Operation 43 [1/1] (2.47ns)   --->   "%icmp_ln303 = icmp_eq  i32 %add_ln303, i32 6" [firmware/nnet_utils/nnet_conv_stream.h:303]   --->   Operation 43 'icmp' 'icmp_ln303' <Predicate = true> <Delay = 2.47> <CoreInst = "Cmp">   --->   Core 9 'Cmp' <Latency = 0> <II = 1> <Delay = 2.47> <FuncUnit> <Opcode : 'icmp'> <InPorts = 2> <OutPorts = 1>
ST_5 : Operation 44 [1/1] (0.00ns)   --->   "%br_ln303 = br i1 %icmp_ln303, void %if.else28, void %if.then17" [firmware/nnet_utils/nnet_conv_stream.h:303]   --->   Operation 44 'br' 'br_ln303' <Predicate = true> <Delay = 0.00>
ST_5 : Operation 45 [1/1] (2.55ns)   --->   "%add_ln318 = add i32 %sX_2_load, i32 1" [firmware/nnet_utils/nnet_conv_stream.h:318]   --->   Operation 45 'add' 'add_ln318' <Predicate = (!icmp_ln284 & !icmp_ln303)> <Delay = 2.55> <CoreInst = "Adder">   --->   Core 1 'Adder' <Latency = 0> <II = 1> <Delay = 2.55> <FuncUnit> <Opcode : 'add' 'sub'> <InPorts = 2> <OutPorts = 1>
ST_5 : Operation 46 [1/1] (0.69ns)   --->   "%select_ln318 = select i1 %icmp_ln284, i32 2, i32 %add_ln318" [firmware/nnet_utils/nnet_conv_stream.h:318]   --->   Operation 46 'select' 'select_ln318' <Predicate = (!icmp_ln303)> <Delay = 0.69> <CoreInst = "Sel">   --->   Core 73 'Sel' <Latency = 0> <II = 1> <Delay = 0.69> <FuncUnit> <Opcode : 'select'> <InPorts = 3> <OutPorts = 1>
ST_5 : Operation 47 [1/1] (2.55ns)   --->   "%add_ln307 = add i32 %pY_2_load, i32 1" [firmware/nnet_utils/nnet_conv_stream.h:307]   --->   Operation 47 'add' 'add_ln307' <Predicate = (icmp_ln303)> <Delay = 2.55> <CoreInst = "Adder">   --->   Core 1 'Adder' <Latency = 0> <II = 1> <Delay = 2.55> <FuncUnit> <Opcode : 'add' 'sub'> <InPorts = 2> <OutPorts = 1>

State 6 <SV = 5> <Delay = 1.58>
ST_6 : Operation 48 [1/1] (1.58ns)   --->   "%store_ln316 = store i32 %add_ln303, i32 %pX_2" [firmware/nnet_utils/nnet_conv_stream.h:316]   --->   Operation 48 'store' 'store_ln316' <Predicate = true> <Delay = 1.58>
ST_6 : Operation 49 [1/1] (1.58ns)   --->   "%store_ln318 = store i32 %select_ln318, i32 %sX_2" [firmware/nnet_utils/nnet_conv_stream.h:318]   --->   Operation 49 'store' 'store_ln318' <Predicate = true> <Delay = 1.58>
ST_6 : Operation 50 [1/1] (0.00ns)   --->   "%br_ln0 = br void %if.end39"   --->   Operation 50 'br' 'br_ln0' <Predicate = true> <Delay = 0.00>

State 7 <SV = 5> <Delay = 3.25>
ST_7 : Operation 51 [1/1] (1.58ns)   --->   "%store_ln305 = store i32 0, i32 %pX_2" [firmware/nnet_utils/nnet_conv_stream.h:305]   --->   Operation 51 'store' 'store_ln305' <Predicate = true> <Delay = 1.58>
ST_7 : Operation 52 [1/1] (1.58ns)   --->   "%store_ln306 = store i32 0, i32 %sX_2" [firmware/nnet_utils/nnet_conv_stream.h:306]   --->   Operation 52 'store' 'store_ln306' <Predicate = true> <Delay = 1.58>
ST_7 : Operation 53 [1/1] (2.47ns)   --->   "%icmp_ln307 = icmp_eq  i32 %add_ln307, i32 6" [firmware/nnet_utils/nnet_conv_stream.h:307]   --->   Operation 53 'icmp' 'icmp_ln307' <Predicate = true> <Delay = 2.47> <CoreInst = "Cmp">   --->   Core 9 'Cmp' <Latency = 0> <II = 1> <Delay = 2.47> <FuncUnit> <Opcode : 'icmp'> <InPorts = 2> <OutPorts = 1>
ST_7 : Operation 54 [1/1] (0.00ns)   --->   "%br_ln307 = br i1 %icmp_ln307, void %if.else, void %if.then20" [firmware/nnet_utils/nnet_conv_stream.h:307]   --->   Operation 54 'br' 'br_ln307' <Predicate = true> <Delay = 0.00>
ST_7 : Operation 55 [1/1] (2.47ns)   --->   "%icmp_ln313 = icmp_eq  i32 %sY_2_load, i32 2" [firmware/nnet_utils/nnet_conv_stream.h:313]   --->   Operation 55 'icmp' 'icmp_ln313' <Predicate = (!icmp_ln307)> <Delay = 2.47> <CoreInst = "Cmp">   --->   Core 9 'Cmp' <Latency = 0> <II = 1> <Delay = 2.47> <FuncUnit> <Opcode : 'icmp'> <InPorts = 2> <OutPorts = 1>
ST_7 : Operation 56 [1/1] (2.55ns)   --->   "%add_ln313 = add i32 %sY_2_load, i32 1" [firmware/nnet_utils/nnet_conv_stream.h:313]   --->   Operation 56 'add' 'add_ln313' <Predicate = (!icmp_ln307)> <Delay = 2.55> <CoreInst = "Adder">   --->   Core 1 'Adder' <Latency = 0> <II = 1> <Delay = 2.55> <FuncUnit> <Opcode : 'add' 'sub'> <InPorts = 2> <OutPorts = 1>
ST_7 : Operation 57 [1/1] (0.69ns)   --->   "%select_ln313 = select i1 %icmp_ln313, i32 2, i32 %add_ln313" [firmware/nnet_utils/nnet_conv_stream.h:313]   --->   Operation 57 'select' 'select_ln313' <Predicate = (!icmp_ln307)> <Delay = 0.69> <CoreInst = "Sel">   --->   Core 73 'Sel' <Latency = 0> <II = 1> <Delay = 0.69> <FuncUnit> <Opcode : 'select'> <InPorts = 3> <OutPorts = 1>

State 8 <SV = 6> <Delay = 1.58>
ST_8 : Operation 58 [1/1] (1.58ns)   --->   "%store_ln311 = store i32 %add_ln307, i32 %pY_2" [firmware/nnet_utils/nnet_conv_stream.h:311]   --->   Operation 58 'store' 'store_ln311' <Predicate = (icmp_ln303 & !icmp_ln307)> <Delay = 1.58>
ST_8 : Operation 59 [1/1] (1.58ns)   --->   "%br_ln0 = br void %if.end27"   --->   Operation 59 'br' 'br_ln0' <Predicate = (icmp_ln303 & !icmp_ln307)> <Delay = 1.58>
ST_8 : Operation 60 [1/1] (1.58ns)   --->   "%store_ln308 = store i32 0, i32 %pY_2" [firmware/nnet_utils/nnet_conv_stream.h:308]   --->   Operation 60 'store' 'store_ln308' <Predicate = (icmp_ln303 & icmp_ln307)> <Delay = 1.58>
ST_8 : Operation 61 [1/1] (1.58ns)   --->   "%br_ln310 = br void %if.end27" [firmware/nnet_utils/nnet_conv_stream.h:310]   --->   Operation 61 'br' 'br_ln310' <Predicate = (icmp_ln303 & icmp_ln307)> <Delay = 1.58>
ST_8 : Operation 62 [1/1] (0.00ns)   --->   "%storemerge = phi i32 %select_ln313, void %if.else, i32 0, void %if.then20" [firmware/nnet_utils/nnet_conv_stream.h:313]   --->   Operation 62 'phi' 'storemerge' <Predicate = (icmp_ln303)> <Delay = 0.00>
ST_8 : Operation 63 [1/1] (0.00ns)   --->   "%store_ln309 = store i32 %storemerge, i32 %sY_2" [firmware/nnet_utils/nnet_conv_stream.h:309]   --->   Operation 63 'store' 'store_ln309' <Predicate = (icmp_ln303)> <Delay = 0.00>
ST_8 : Operation 64 [1/1] (0.00ns)   --->   "%br_ln315 = br void %if.end39" [firmware/nnet_utils/nnet_conv_stream.h:315]   --->   Operation 64 'br' 'br_ln315' <Predicate = (icmp_ln303)> <Delay = 0.00>
ST_8 : Operation 65 [1/1] (0.00ns)   --->   "%ret_ln320 = ret" [firmware/nnet_utils/nnet_conv_stream.h:320]   --->   Operation 65 'ret' 'ret_ln320' <Predicate = true> <Delay = 0.00>


============================================================
+ Verbose Summary: Timing violations
============================================================
Target clock period: 5ns, clock uncertainty: 1.35ns.

 <State 1>: 3.23ns
The critical path consists of the following:
	wire read operation ('p_read_6') on port 'p_read3' [56]  (0 ns)
	'call' operation ('call_ln281', firmware/nnet_utils/nnet_conv_stream.h:281) to 'shift_line_buffer<array<ap_ufixed<6, 0, 4, 0, 0>, 4u>, config6>' [60]  (3.23 ns)

 <State 2>: 4.43ns
The critical path consists of the following:
	'load' operation ('sY_2_load', firmware/nnet_utils/nnet_conv_stream.h:284) on static variable 'sY_2' [63]  (0 ns)
	'icmp' operation ('icmp_ln284_1', firmware/nnet_utils/nnet_conv_stream.h:284) [68]  (2.47 ns)
	'and' operation ('and_ln284_1', firmware/nnet_utils/nnet_conv_stream.h:284) [74]  (0.978 ns)
	blocking operation 0.978 ns on control path)

 <State 3>: 2.08ns
The critical path consists of the following:
	'call' operation ('tmp', firmware/nnet_utils/nnet_dense.h:65) to 'dense_resource_rf_leq_nin<ap_ufixed,ap_fixed<19,8,5,3,0>,config6_mult>' [77]  (2.08 ns)

 <State 4>: 2.55ns
The critical path consists of the following:
	'add' operation ('add_ln303', firmware/nnet_utils/nnet_conv_stream.h:303) [90]  (2.55 ns)

 <State 5>: 3.25ns
The critical path consists of the following:
	'add' operation ('add_ln318', firmware/nnet_utils/nnet_conv_stream.h:318) [95]  (2.55 ns)
	'select' operation ('select_ln318', firmware/nnet_utils/nnet_conv_stream.h:318) [96]  (0.698 ns)

 <State 6>: 1.59ns
The critical path consists of the following:
	'store' operation ('store_ln316', firmware/nnet_utils/nnet_conv_stream.h:316) of variable 'add_ln303', firmware/nnet_utils/nnet_conv_stream.h:303 on static variable 'pX_2' [94]  (1.59 ns)

 <State 7>: 3.25ns
The critical path consists of the following:
	'add' operation ('add_ln313', firmware/nnet_utils/nnet_conv_stream.h:313) [108]  (2.55 ns)
	'select' operation ('select_ln313', firmware/nnet_utils/nnet_conv_stream.h:313) [109]  (0.698 ns)

 <State 8>: 1.59ns
The critical path consists of the following:
	'store' operation ('store_ln308', firmware/nnet_utils/nnet_conv_stream.h:308) of constant 0 on static variable 'pY_2' [112]  (1.59 ns)


============================================================
+ Verbose Summary: Binding
============================================================
N/A
* FSMD analyzer results:
  - Output states:
 - Input state : 
  - Chain level:
	State 1
	State 2
	State 3
	State 4
	State 5
	State 6
	State 7
	State 8


============================================================
+ Verbose Summary: Datapath Resource usage 
============================================================
N/A
