

================================================================
== Vitis HLS Report for 'dense_resource_rf_leq_nin_ap_fixed_ap_fixed_27_11_5_3_0_config2_mult_s'
================================================================
* Date:           Thu Jul  2 23:53:01 2026

* Version:        2022.2 (Build 3670227 on Oct 13 2022)
* Project:        myproject_prj
* Solution:       solution1 (Vivado IP Flow Target)
* Product family: zynq
* Target device:  xc7z020-clg400-1


================================================================
== Performance Estimates
================================================================
+ Timing: 
    * Summary: 
    +--------+---------+----------+------------+
    |  Clock |  Target | Estimated| Uncertainty|
    +--------+---------+----------+------------+
    |ap_clk  |  5.00 ns|  4.842 ns|     1.35 ns|
    +--------+---------+----------+------------+

+ Latency: 
    * Summary: 
    +---------+---------+-----------+-----------+-----+-----+------------------------------------------+
    |  Latency (cycles) |   Latency (absolute)  |  Interval |                 Pipeline                 |
    |   min   |   max   |    min    |    max    | min | max |                   Type                   |
    +---------+---------+-----------+-----------+-----+-----+------------------------------------------+
    |       13|       14|  65.000 ns|  70.000 ns|    9|    9|  loop rewind stp(delay=0 clock cycles(s))|
    +---------+---------+-----------+-----------+-----+-----+------------------------------------------+

    + Detail: 
        * Instance: 
        N/A

        * Loop: 
        +-------------+---------+---------+----------+-----------+-----------+------+----------+
        |             |  Latency (cycles) | Iteration|  Initiation Interval  | Trip |          |
        |  Loop Name  |   min   |   max   |  Latency |  achieved |   target  | Count| Pipelined|
        +-------------+---------+---------+----------+-----------+-----------+------+----------+
        |- ReuseLoop  |       13|       13|         6|          1|          1|     9|       yes|
        +-------------+---------+---------+----------+-----------+-----------+------+----------+

============================================================
+ Verbose Summary: Synthesis Manager
============================================================
InlineROM: 1
ExposeGlobal: 0
============================================================
+ Verbose Summary: CDFG Model
============================================================
IsTopModel: 0
ResetActiveHigh: 1
IsCombinational: 0
IsDatapathOnly: 0
HasWiredReturn: 1
HasMFsm: 2
HasVarLatency: 1
IsPipeline: 0
IsRtlPipelined: 0
IsInstanceOverlapped: 0
IsDontTouch: 0
HasImplIP: 0
IsGatedGlobalClock: 0

+ Individual pipeline summary: 
  * Pipeline-0: initiation interval (II) = 1, depth = 6


============================================================
+ Verbose Summary: Schedule
============================================================
* Number of FSM states : 6
* Pipeline : 1
  Pipeline-0 : II = 1, D = 6, States = { 1 2 3 4 5 6 }
* Dataflow Pipeline: 0

* FSM state transitions: 
1 --> 2 
2 --> 3 
3 --> 4 
4 --> 5 
5 --> 6 
6 --> 

* FSM state operations: 

State 1 <SV = 0> <Delay = 4.84>
ST_1 : Operation 8 [1/1] (1.58ns)   --->   "%br_ln46 = br void %rewind_header" [firmware/nnet_utils/nnet_dense_resource.h:46]   --->   Operation 8 'br' 'br_ln46' <Predicate = true> <Delay = 1.58>
ST_1 : Operation 9 [1/1] (0.00ns)   --->   "%do_init = phi i1 1, void %entry, i1 0, void %for.body12.split.i, i1 1, void %dense_resource_rf_leq_nin<ap_fixed<16, 5, 5, 3, 0>, ap_fixed<27, 11, 5, 3, 0>, config2_mult>.exit"   --->   Operation 9 'phi' 'do_init' <Predicate = true> <Delay = 0.00>
ST_1 : Operation 10 [1/1] (0.00ns)   --->   "%void_compute_output_buffer_2d_array_const_ap_shift_reg_n_chan_stream_weig_79 = phi i16 0, void %entry, i16 %void_compute_output_buffer_2d_array_const_ap_shift_reg_n_chan_stream_weig_61, void %for.body12.split.i, i16 0, void %dense_resource_rf_leq_nin<ap_fixed<16, 5, 5, 3, 0>, ap_fixed<27, 11, 5, 3, 0>, config2_mult>.exit"   --->   Operation 10 'phi' 'void_compute_output_buffer_2d_array_const_ap_shift_reg_n_chan_stream_weig_79' <Predicate = true> <Delay = 0.00>
ST_1 : Operation 11 [1/1] (0.00ns)   --->   "%void_compute_output_buffer_2d_array_const_ap_shift_reg_n_chan_stream_weig_80 = phi i16 0, void %entry, i16 %void_compute_output_buffer_2d_array_const_ap_shift_reg_n_chan_stream_weig_62, void %for.body12.split.i, i16 0, void %dense_resource_rf_leq_nin<ap_fixed<16, 5, 5, 3, 0>, ap_fixed<27, 11, 5, 3, 0>, config2_mult>.exit"   --->   Operation 11 'phi' 'void_compute_output_buffer_2d_array_const_ap_shift_reg_n_chan_stream_weig_80' <Predicate = true> <Delay = 0.00>
ST_1 : Operation 12 [1/1] (0.00ns)   --->   "%void_compute_output_buffer_2d_array_const_ap_shift_reg_n_chan_stream_weig_81 = phi i16 0, void %entry, i16 %void_compute_output_buffer_2d_array_const_ap_shift_reg_n_chan_stream_weig_63, void %for.body12.split.i, i16 0, void %dense_resource_rf_leq_nin<ap_fixed<16, 5, 5, 3, 0>, ap_fixed<27, 11, 5, 3, 0>, config2_mult>.exit"   --->   Operation 12 'phi' 'void_compute_output_buffer_2d_array_const_ap_shift_reg_n_chan_stream_weig_81' <Predicate = true> <Delay = 0.00>
ST_1 : Operation 13 [1/1] (0.00ns)   --->   "%void_compute_output_buffer_2d_array_const_ap_shift_reg_n_chan_stream_weig_82 = phi i16 0, void %entry, i16 %void_compute_output_buffer_2d_array_const_ap_shift_reg_n_chan_stream_weig_64, void %for.body12.split.i, i16 0, void %dense_resource_rf_leq_nin<ap_fixed<16, 5, 5, 3, 0>, ap_fixed<27, 11, 5, 3, 0>, config2_mult>.exit"   --->   Operation 13 'phi' 'void_compute_output_buffer_2d_array_const_ap_shift_reg_n_chan_stream_weig_82' <Predicate = true> <Delay = 0.00>
ST_1 : Operation 14 [1/1] (0.00ns)   --->   "%void_compute_output_buffer_2d_array_const_ap_shift_reg_n_chan_stream_weig_83 = phi i16 0, void %entry, i16 %void_compute_output_buffer_2d_array_const_ap_shift_reg_n_chan_stream_weig_65, void %for.body12.split.i, i16 0, void %dense_resource_rf_leq_nin<ap_fixed<16, 5, 5, 3, 0>, ap_fixed<27, 11, 5, 3, 0>, config2_mult>.exit"   --->   Operation 14 'phi' 'void_compute_output_buffer_2d_array_const_ap_shift_reg_n_chan_stream_weig_83' <Predicate = true> <Delay = 0.00>
ST_1 : Operation 15 [1/1] (0.00ns)   --->   "%void_compute_output_buffer_2d_array_const_ap_shift_reg_n_chan_stream_weig_84 = phi i16 0, void %entry, i16 %void_compute_output_buffer_2d_array_const_ap_shift_reg_n_chan_stream_weig_66, void %for.body12.split.i, i16 0, void %dense_resource_rf_leq_nin<ap_fixed<16, 5, 5, 3, 0>, ap_fixed<27, 11, 5, 3, 0>, config2_mult>.exit"   --->   Operation 15 'phi' 'void_compute_output_buffer_2d_array_const_ap_shift_reg_n_chan_stream_weig_84' <Predicate = true> <Delay = 0.00>
ST_1 : Operation 16 [1/1] (0.00ns)   --->   "%void_compute_output_buffer_2d_array_const_ap_shift_reg_n_chan_stream_weig_85 = phi i16 0, void %entry, i16 %void_compute_output_buffer_2d_array_const_ap_shift_reg_n_chan_stream_weig_67, void %for.body12.split.i, i16 0, void %dense_resource_rf_leq_nin<ap_fixed<16, 5, 5, 3, 0>, ap_fixed<27, 11, 5, 3, 0>, config2_mult>.exit"   --->   Operation 16 'phi' 'void_compute_output_buffer_2d_array_const_ap_shift_reg_n_chan_stream_weig_85' <Predicate = true> <Delay = 0.00>
ST_1 : Operation 17 [1/1] (0.00ns)   --->   "%void_compute_output_buffer_2d_array_const_ap_shift_reg_n_chan_stream_weig_86 = phi i16 0, void %entry, i16 %void_compute_output_buffer_2d_array_const_ap_shift_reg_n_chan_stream_weig_68, void %for.body12.split.i, i16 0, void %dense_resource_rf_leq_nin<ap_fixed<16, 5, 5, 3, 0>, ap_fixed<27, 11, 5, 3, 0>, config2_mult>.exit"   --->   Operation 17 'phi' 'void_compute_output_buffer_2d_array_const_ap_shift_reg_n_chan_stream_weig_86' <Predicate = true> <Delay = 0.00>
ST_1 : Operation 18 [1/1] (0.00ns)   --->   "%void_compute_output_buffer_2d_array_const_ap_shift_reg_n_chan_stream_weig_87 = phi i16 0, void %entry, i16 %void_compute_output_buffer_2d_array_const_ap_shift_reg_n_chan_stream_weig_69, void %for.body12.split.i, i16 0, void %dense_resource_rf_leq_nin<ap_fixed<16, 5, 5, 3, 0>, ap_fixed<27, 11, 5, 3, 0>, config2_mult>.exit"   --->   Operation 18 'phi' 'void_compute_output_buffer_2d_array_const_ap_shift_reg_n_chan_stream_weig_87' <Predicate = true> <Delay = 0.00>
ST_1 : Operation 19 [1/1] (0.00ns)   --->   "%w_index3 = phi i4 0, void %entry, i4 %w_index, void %for.body12.split.i, i4 0, void %dense_resource_rf_leq_nin<ap_fixed<16, 5, 5, 3, 0>, ap_fixed<27, 11, 5, 3, 0>, config2_mult>.exit"   --->   Operation 19 'phi' 'w_index3' <Predicate = true> <Delay = 0.00>
ST_1 : Operation 20 [1/1] (1.58ns)   --->   "%br_ln0 = br i1 %do_init, void %for.body12.split.i, void %rewind_init"   --->   Operation 20 'br' 'br_ln0' <Predicate = true> <Delay = 1.58>
ST_1 : Operation 21 [1/1] (0.00ns)   --->   "%specmemcore_ln0 = specmemcore void @_ssdm_op_SpecMemCore, i24 %w2, i64 666, i64 38, i64 18446744073709551615"   --->   Operation 21 'specmemcore' 'specmemcore_ln0' <Predicate = (do_init)> <Delay = 0.00>
ST_1 : Operation 22 [1/1] (0.00ns)   --->   "%void_compute_output_buffer_2d_array_const_ap_shift_reg_n_chan_stream_weig_70 = load i16 %void_compute_output_buffer_2d_array_const_ap_shift_reg_n_chan_stream_weig_18"   --->   Operation 22 'load' 'void_compute_output_buffer_2d_array_const_ap_shift_reg_n_chan_stream_weig_70' <Predicate = (do_init)> <Delay = 0.00>
ST_1 : Operation 23 [1/1] (0.00ns)   --->   "%void_compute_output_buffer_2d_array_const_ap_shift_reg_n_chan_stream_weig_71 = load i16 %void_compute_output_buffer_2d_array_const_ap_shift_reg_n_chan_stream_weig_17"   --->   Operation 23 'load' 'void_compute_output_buffer_2d_array_const_ap_shift_reg_n_chan_stream_weig_71' <Predicate = (do_init)> <Delay = 0.00>
ST_1 : Operation 24 [1/1] (0.00ns)   --->   "%void_compute_output_buffer_2d_array_const_ap_shift_reg_n_chan_stream_weig_72 = load i16 %void_compute_output_buffer_2d_array_const_ap_shift_reg_n_chan_stream_weig_16"   --->   Operation 24 'load' 'void_compute_output_buffer_2d_array_const_ap_shift_reg_n_chan_stream_weig_72' <Predicate = (do_init)> <Delay = 0.00>
ST_1 : Operation 25 [1/1] (0.00ns)   --->   "%void_compute_output_buffer_2d_array_const_ap_shift_reg_n_chan_stream_weig_73 = load i16 %void_compute_output_buffer_2d_array_const_ap_shift_reg_n_chan_stream_weig_15"   --->   Operation 25 'load' 'void_compute_output_buffer_2d_array_const_ap_shift_reg_n_chan_stream_weig_73' <Predicate = (do_init)> <Delay = 0.00>
ST_1 : Operation 26 [1/1] (0.00ns)   --->   "%void_compute_output_buffer_2d_array_const_ap_shift_reg_n_chan_stream_weig_74 = load i16 %void_compute_output_buffer_2d_array_const_ap_shift_reg_n_chan_stream_weig_14"   --->   Operation 26 'load' 'void_compute_output_buffer_2d_array_const_ap_shift_reg_n_chan_stream_weig_74' <Predicate = (do_init)> <Delay = 0.00>
ST_1 : Operation 27 [1/1] (0.00ns)   --->   "%void_compute_output_buffer_2d_array_const_ap_shift_reg_n_chan_stream_weig_75 = load i16 %void_compute_output_buffer_2d_array_const_ap_shift_reg_n_chan_stream_weig_13"   --->   Operation 27 'load' 'void_compute_output_buffer_2d_array_const_ap_shift_reg_n_chan_stream_weig_75' <Predicate = (do_init)> <Delay = 0.00>
ST_1 : Operation 28 [1/1] (0.00ns)   --->   "%void_compute_output_buffer_2d_array_const_ap_shift_reg_n_chan_stream_weig_76 = load i16 %void_compute_output_buffer_2d_array_const_ap_shift_reg_n_chan_stream_weig_12"   --->   Operation 28 'load' 'void_compute_output_buffer_2d_array_const_ap_shift_reg_n_chan_stream_weig_76' <Predicate = (do_init)> <Delay = 0.00>
ST_1 : Operation 29 [1/1] (0.00ns)   --->   "%void_compute_output_buffer_2d_array_const_ap_shift_reg_n_chan_stream_weig_77 = load i16 %void_compute_output_buffer_2d_array_const_ap_shift_reg_n_chan_stream_weig_11"   --->   Operation 29 'load' 'void_compute_output_buffer_2d_array_const_ap_shift_reg_n_chan_stream_weig_77' <Predicate = (do_init)> <Delay = 0.00>
ST_1 : Operation 30 [1/1] (0.00ns)   --->   "%void_compute_output_buffer_2d_array_const_ap_shift_reg_n_chan_stream_weig_78 = load i16 %void_compute_output_buffer_2d_array_const_ap_shift_reg_n_chan_stream_weig_10"   --->   Operation 30 'load' 'void_compute_output_buffer_2d_array_const_ap_shift_reg_n_chan_stream_weig_78' <Predicate = (do_init)> <Delay = 0.00>
ST_1 : Operation 31 [1/1] (1.58ns)   --->   "%br_ln46 = br void %for.body12.split.i" [firmware/nnet_utils/nnet_dense_resource.h:46]   --->   Operation 31 'br' 'br_ln46' <Predicate = (do_init)> <Delay = 1.58>
ST_1 : Operation 32 [1/1] (0.00ns)   --->   "%void_compute_output_buffer_2d_array_const_ap_shift_reg_n_chan_stream_weig_61 = phi i16 %void_compute_output_buffer_2d_array_const_ap_shift_reg_n_chan_stream_weig_78, void %rewind_init, i16 %void_compute_output_buffer_2d_array_const_ap_shift_reg_n_chan_stream_weig_79, void %rewind_header"   --->   Operation 32 'phi' 'void_compute_output_buffer_2d_array_const_ap_shift_reg_n_chan_stream_weig_61' <Predicate = true> <Delay = 0.00>
ST_1 : Operation 33 [1/1] (0.00ns)   --->   "%void_compute_output_buffer_2d_array_const_ap_shift_reg_n_chan_stream_weig_62 = phi i16 %void_compute_output_buffer_2d_array_const_ap_shift_reg_n_chan_stream_weig_77, void %rewind_init, i16 %void_compute_output_buffer_2d_array_const_ap_shift_reg_n_chan_stream_weig_80, void %rewind_header"   --->   Operation 33 'phi' 'void_compute_output_buffer_2d_array_const_ap_shift_reg_n_chan_stream_weig_62' <Predicate = true> <Delay = 0.00>
ST_1 : Operation 34 [1/1] (0.00ns)   --->   "%void_compute_output_buffer_2d_array_const_ap_shift_reg_n_chan_stream_weig_63 = phi i16 %void_compute_output_buffer_2d_array_const_ap_shift_reg_n_chan_stream_weig_76, void %rewind_init, i16 %void_compute_output_buffer_2d_array_const_ap_shift_reg_n_chan_stream_weig_81, void %rewind_header"   --->   Operation 34 'phi' 'void_compute_output_buffer_2d_array_const_ap_shift_reg_n_chan_stream_weig_63' <Predicate = true> <Delay = 0.00>
ST_1 : Operation 35 [1/1] (0.00ns)   --->   "%void_compute_output_buffer_2d_array_const_ap_shift_reg_n_chan_stream_weig_64 = phi i16 %void_compute_output_buffer_2d_array_const_ap_shift_reg_n_chan_stream_weig_75, void %rewind_init, i16 %void_compute_output_buffer_2d_array_const_ap_shift_reg_n_chan_stream_weig_82, void %rewind_header"   --->   Operation 35 'phi' 'void_compute_output_buffer_2d_array_const_ap_shift_reg_n_chan_stream_weig_64' <Predicate = true> <Delay = 0.00>
ST_1 : Operation 36 [1/1] (0.00ns)   --->   "%void_compute_output_buffer_2d_array_const_ap_shift_reg_n_chan_stream_weig_65 = phi i16 %void_compute_output_buffer_2d_array_const_ap_shift_reg_n_chan_stream_weig_74, void %rewind_init, i16 %void_compute_output_buffer_2d_array_const_ap_shift_reg_n_chan_stream_weig_83, void %rewind_header"   --->   Operation 36 'phi' 'void_compute_output_buffer_2d_array_const_ap_shift_reg_n_chan_stream_weig_65' <Predicate = true> <Delay = 0.00>
ST_1 : Operation 37 [1/1] (0.00ns)   --->   "%void_compute_output_buffer_2d_array_const_ap_shift_reg_n_chan_stream_weig_66 = phi i16 %void_compute_output_buffer_2d_array_const_ap_shift_reg_n_chan_stream_weig_73, void %rewind_init, i16 %void_compute_output_buffer_2d_array_const_ap_shift_reg_n_chan_stream_weig_84, void %rewind_header"   --->   Operation 37 'phi' 'void_compute_output_buffer_2d_array_const_ap_shift_reg_n_chan_stream_weig_66' <Predicate = true> <Delay = 0.00>
ST_1 : Operation 38 [1/1] (0.00ns)   --->   "%void_compute_output_buffer_2d_array_const_ap_shift_reg_n_chan_stream_weig_67 = phi i16 %void_compute_output_buffer_2d_array_const_ap_shift_reg_n_chan_stream_weig_72, void %rewind_init, i16 %void_compute_output_buffer_2d_array_const_ap_shift_reg_n_chan_stream_weig_85, void %rewind_header"   --->   Operation 38 'phi' 'void_compute_output_buffer_2d_array_const_ap_shift_reg_n_chan_stream_weig_67' <Predicate = true> <Delay = 0.00>
ST_1 : Operation 39 [1/1] (0.00ns)   --->   "%void_compute_output_buffer_2d_array_const_ap_shift_reg_n_chan_stream_weig_68 = phi i16 %void_compute_output_buffer_2d_array_const_ap_shift_reg_n_chan_stream_weig_71, void %rewind_init, i16 %void_compute_output_buffer_2d_array_const_ap_shift_reg_n_chan_stream_weig_86, void %rewind_header"   --->   Operation 39 'phi' 'void_compute_output_buffer_2d_array_const_ap_shift_reg_n_chan_stream_weig_68' <Predicate = true> <Delay = 0.00>
ST_1 : Operation 40 [1/1] (0.00ns)   --->   "%void_compute_output_buffer_2d_array_const_ap_shift_reg_n_chan_stream_weig_69 = phi i16 %void_compute_output_buffer_2d_array_const_ap_shift_reg_n_chan_stream_weig_70, void %rewind_init, i16 %void_compute_output_buffer_2d_array_const_ap_shift_reg_n_chan_stream_weig_87, void %rewind_header"   --->   Operation 40 'phi' 'void_compute_output_buffer_2d_array_const_ap_shift_reg_n_chan_stream_weig_69' <Predicate = true> <Delay = 0.00>
ST_1 : Operation 41 [1/1] (0.00ns)   --->   "%zext_ln46 = zext i4 %w_index3" [firmware/nnet_utils/nnet_dense_resource.h:46]   --->   Operation 41 'zext' 'zext_ln46' <Predicate = true> <Delay = 0.00>
ST_1 : Operation 42 [1/1] (0.00ns)   --->   "%w2_addr = getelementptr i24 %w2, i64 0, i64 %zext_ln46" [firmware/nnet_utils/nnet_dense_resource.h:59]   --->   Operation 42 'getelementptr' 'w2_addr' <Predicate = true> <Delay = 0.00>
ST_1 : Operation 43 [2/2] (3.25ns)   --->   "%w2_load = load i4 %w2_addr" [firmware/nnet_utils/nnet_dense_resource.h:59]   --->   Operation 43 'load' 'w2_load' <Predicate = true> <Delay = 3.25> <CoreInst = "ROM_nP_BRAM">   --->   Core 103 'ROM_nP_BRAM' <Latency = 1> <II = 1> <Delay = 3.25> <Storage> <Opcode : 'load'> <Ports = 0> <Width = 24> <Depth = 9> <ROM>
ST_1 : Operation 44 [1/1] (1.73ns)   --->   "%w_index = add i4 %w_index3, i4 1" [firmware/nnet_utils/nnet_dense_resource.h:46]   --->   Operation 44 'add' 'w_index' <Predicate = true> <Delay = 1.73> <CoreInst = "Adder">   --->   Core 1 'Adder' <Latency = 0> <II = 1> <Delay = 1.73> <FuncUnit> <Opcode : 'add' 'sub'> <InPorts = 2> <OutPorts = 1>
ST_1 : Operation 45 [1/1] (1.30ns)   --->   "%icmp_ln46 = icmp_eq  i4 %w_index3, i4 8" [firmware/nnet_utils/nnet_dense_resource.h:46]   --->   Operation 45 'icmp' 'icmp_ln46' <Predicate = true> <Delay = 1.30> <CoreInst = "Cmp">   --->   Core 9 'Cmp' <Latency = 0> <II = 1> <Delay = 1.30> <FuncUnit> <Opcode : 'icmp'> <InPorts = 2> <OutPorts = 1>
ST_1 : Operation 46 [1/1] (0.00ns)   --->   "%br_ln46 = br i1 %icmp_ln46, void %rewind_header, void %dense_resource_rf_leq_nin<ap_fixed<16, 5, 5, 3, 0>, ap_fixed<27, 11, 5, 3, 0>, config2_mult>.exit" [firmware/nnet_utils/nnet_dense_resource.h:46]   --->   Operation 46 'br' 'br_ln46' <Predicate = true> <Delay = 0.00>
ST_1 : Operation 47 [1/1] (0.00ns)   --->   "%br_ln0 = br void %rewind_header"   --->   Operation 47 'br' 'br_ln0' <Predicate = (icmp_ln46)> <Delay = 0.00>

State 2 <SV = 1> <Delay = 3.25>
ST_2 : Operation 48 [1/1] (2.42ns)   --->   "%a_V = mux i16 @_ssdm_op_Mux.ap_auto.9i16.i4, i16 %void_compute_output_buffer_2d_array_const_ap_shift_reg_n_chan_stream_weig_69, i16 %void_compute_output_buffer_2d_array_const_ap_shift_reg_n_chan_stream_weig_68, i16 %void_compute_output_buffer_2d_array_const_ap_shift_reg_n_chan_stream_weig_67, i16 %void_compute_output_buffer_2d_array_const_ap_shift_reg_n_chan_stream_weig_66, i16 %void_compute_output_buffer_2d_array_const_ap_shift_reg_n_chan_stream_weig_65, i16 %void_compute_output_buffer_2d_array_const_ap_shift_reg_n_chan_stream_weig_64, i16 %void_compute_output_buffer_2d_array_const_ap_shift_reg_n_chan_stream_weig_63, i16 %void_compute_output_buffer_2d_array_const_ap_shift_reg_n_chan_stream_weig_62, i16 %void_compute_output_buffer_2d_array_const_ap_shift_reg_n_chan_stream_weig_61, i4 %w_index3" [firmware/nnet_utils/nnet_dense_resource.h:46]   --->   Operation 48 'mux' 'a_V' <Predicate = true> <Delay = 2.42> <CoreInst = "Multiplexer">   --->   Core 76 'Multiplexer' <Latency = 0> <II = 1> <Delay = 2.42> <FuncUnit> <Opcode : 'mux'> <InPorts = 2> <OutPorts = 1>
ST_2 : Operation 49 [1/2] (3.25ns)   --->   "%w2_load = load i4 %w2_addr" [firmware/nnet_utils/nnet_dense_resource.h:59]   --->   Operation 49 'load' 'w2_load' <Predicate = true> <Delay = 3.25> <CoreInst = "ROM_nP_BRAM">   --->   Core 103 'ROM_nP_BRAM' <Latency = 1> <II = 1> <Delay = 3.25> <Storage> <Opcode : 'load'> <Ports = 0> <Width = 24> <Depth = 9> <ROM>
ST_2 : Operation 50 [1/1] (0.00ns)   --->   "%w_V = trunc i24 %w2_load" [firmware/nnet_utils/nnet_dense_resource.h:59]   --->   Operation 50 'trunc' 'w_V' <Predicate = true> <Delay = 0.00>
ST_2 : Operation 51 [1/1] (0.00ns)   --->   "%w_V_32 = partselect i6 @_ssdm_op_PartSelect.i6.i24.i32.i32, i24 %w2_load, i32 6, i32 11" [firmware/nnet_utils/nnet_dense_resource.h:59]   --->   Operation 51 'partselect' 'w_V_32' <Predicate = true> <Delay = 0.00>
ST_2 : Operation 52 [1/1] (0.00ns)   --->   "%w_V_33 = partselect i6 @_ssdm_op_PartSelect.i6.i24.i32.i32, i24 %w2_load, i32 12, i32 17" [firmware/nnet_utils/nnet_dense_resource.h:59]   --->   Operation 52 'partselect' 'w_V_33' <Predicate = true> <Delay = 0.00>
ST_2 : Operation 53 [1/1] (0.00ns)   --->   "%w_V_34 = partselect i6 @_ssdm_op_PartSelect.i6.i24.i32.i32, i24 %w2_load, i32 18, i32 23" [firmware/nnet_utils/nnet_dense_resource.h:59]   --->   Operation 53 'partselect' 'w_V_34' <Predicate = true> <Delay = 0.00>

State 3 <SV = 2> <Delay = 3.89>
ST_3 : Operation 54 [1/1] (0.00ns)   --->   "%sext_ln1273 = sext i6 %w_V"   --->   Operation 54 'sext' 'sext_ln1273' <Predicate = true> <Delay = 0.00>
ST_3 : Operation 55 [1/1] (0.00ns)   --->   "%sext_ln1273_32 = sext i16 %a_V"   --->   Operation 55 'sext' 'sext_ln1273_32' <Predicate = true> <Delay = 0.00>
ST_3 : Operation 56 [3/3] (3.89ns) (root node of the DSP)   --->   "%mul_ln1270 = mul i21 %sext_ln1273_32, i21 %sext_ln1273"   --->   Operation 56 'mul' 'mul_ln1270' <Predicate = true> <Delay = 3.89> <CoreInst = "DSP48">   --->   Core 119 'DSP48' <Latency = 2> <II = 1> <Delay = 3.89> <IPBlock> <Opcode : 'mul' 'add' 'sub' 'select'> <InPorts = 0> <OutPorts = 1> <Sync> <CReg>
ST_3 : Operation 57 [1/1] (0.00ns)   --->   "%sext_ln1273_33 = sext i6 %w_V_32"   --->   Operation 57 'sext' 'sext_ln1273_33' <Predicate = true> <Delay = 0.00>
ST_3 : Operation 58 [3/3] (3.89ns) (root node of the DSP)   --->   "%mul_ln1270_10 = mul i21 %sext_ln1273_32, i21 %sext_ln1273_33"   --->   Operation 58 'mul' 'mul_ln1270_10' <Predicate = true> <Delay = 3.89> <CoreInst = "DSP48">   --->   Core 119 'DSP48' <Latency = 2> <II = 1> <Delay = 3.89> <IPBlock> <Opcode : 'mul' 'add' 'sub' 'select'> <InPorts = 0> <OutPorts = 1> <Sync> <CReg>
ST_3 : Operation 59 [1/1] (0.00ns)   --->   "%sext_ln1273_34 = sext i6 %w_V_33"   --->   Operation 59 'sext' 'sext_ln1273_34' <Predicate = true> <Delay = 0.00>
ST_3 : Operation 60 [3/3] (3.89ns) (root node of the DSP)   --->   "%mul_ln1270_11 = mul i21 %sext_ln1273_32, i21 %sext_ln1273_34"   --->   Operation 60 'mul' 'mul_ln1270_11' <Predicate = true> <Delay = 3.89> <CoreInst = "DSP48">   --->   Core 119 'DSP48' <Latency = 2> <II = 1> <Delay = 3.89> <IPBlock> <Opcode : 'mul' 'add' 'sub' 'select'> <InPorts = 0> <OutPorts = 1> <Sync> <CReg>
ST_3 : Operation 61 [1/1] (0.00ns)   --->   "%sext_ln1273_35 = sext i6 %w_V_34"   --->   Operation 61 'sext' 'sext_ln1273_35' <Predicate = true> <Delay = 0.00>
ST_3 : Operation 62 [3/3] (3.89ns) (root node of the DSP)   --->   "%mul_ln1270_12 = mul i21 %sext_ln1273_32, i21 %sext_ln1273_35"   --->   Operation 62 'mul' 'mul_ln1270_12' <Predicate = true> <Delay = 3.89> <CoreInst = "DSP48">   --->   Core 119 'DSP48' <Latency = 2> <II = 1> <Delay = 3.89> <IPBlock> <Opcode : 'mul' 'add' 'sub' 'select'> <InPorts = 0> <OutPorts = 1> <Sync> <CReg>

State 4 <SV = 3> <Delay = 3.89>
ST_4 : Operation 63 [2/3] (3.89ns) (root node of the DSP)   --->   "%mul_ln1270 = mul i21 %sext_ln1273_32, i21 %sext_ln1273"   --->   Operation 63 'mul' 'mul_ln1270' <Predicate = true> <Delay = 3.89> <CoreInst = "DSP48">   --->   Core 119 'DSP48' <Latency = 2> <II = 1> <Delay = 3.89> <IPBlock> <Opcode : 'mul' 'add' 'sub' 'select'> <InPorts = 0> <OutPorts = 1> <Sync> <CReg>
ST_4 : Operation 64 [2/3] (3.89ns) (root node of the DSP)   --->   "%mul_ln1270_10 = mul i21 %sext_ln1273_32, i21 %sext_ln1273_33"   --->   Operation 64 'mul' 'mul_ln1270_10' <Predicate = true> <Delay = 3.89> <CoreInst = "DSP48">   --->   Core 119 'DSP48' <Latency = 2> <II = 1> <Delay = 3.89> <IPBlock> <Opcode : 'mul' 'add' 'sub' 'select'> <InPorts = 0> <OutPorts = 1> <Sync> <CReg>
ST_4 : Operation 65 [2/3] (3.89ns) (root node of the DSP)   --->   "%mul_ln1270_11 = mul i21 %sext_ln1273_32, i21 %sext_ln1273_34"   --->   Operation 65 'mul' 'mul_ln1270_11' <Predicate = true> <Delay = 3.89> <CoreInst = "DSP48">   --->   Core 119 'DSP48' <Latency = 2> <II = 1> <Delay = 3.89> <IPBlock> <Opcode : 'mul' 'add' 'sub' 'select'> <InPorts = 0> <OutPorts = 1> <Sync> <CReg>
ST_4 : Operation 66 [2/3] (3.89ns) (root node of the DSP)   --->   "%mul_ln1270_12 = mul i21 %sext_ln1273_32, i21 %sext_ln1273_35"   --->   Operation 66 'mul' 'mul_ln1270_12' <Predicate = true> <Delay = 3.89> <CoreInst = "DSP48">   --->   Core 119 'DSP48' <Latency = 2> <II = 1> <Delay = 3.89> <IPBlock> <Opcode : 'mul' 'add' 'sub' 'select'> <InPorts = 0> <OutPorts = 1> <Sync> <CReg>

State 5 <SV = 4> <Delay = 0.00>
ST_5 : Operation 67 [1/3] (0.00ns) (root node of the DSP)   --->   "%mul_ln1270 = mul i21 %sext_ln1273_32, i21 %sext_ln1273"   --->   Operation 67 'mul' 'mul_ln1270' <Predicate = true> <Delay = 0.00> <CoreInst = "DSP48">   --->   Core 119 'DSP48' <Latency = 2> <II = 1> <Delay = 3.89> <IPBlock> <Opcode : 'mul' 'add' 'sub' 'select'> <InPorts = 0> <OutPorts = 1> <Sync> <CReg>
ST_5 : Operation 68 [1/3] (0.00ns) (root node of the DSP)   --->   "%mul_ln1270_10 = mul i21 %sext_ln1273_32, i21 %sext_ln1273_33"   --->   Operation 68 'mul' 'mul_ln1270_10' <Predicate = true> <Delay = 0.00> <CoreInst = "DSP48">   --->   Core 119 'DSP48' <Latency = 2> <II = 1> <Delay = 3.89> <IPBlock> <Opcode : 'mul' 'add' 'sub' 'select'> <InPorts = 0> <OutPorts = 1> <Sync> <CReg>
ST_5 : Operation 69 [1/3] (0.00ns) (root node of the DSP)   --->   "%mul_ln1270_11 = mul i21 %sext_ln1273_32, i21 %sext_ln1273_34"   --->   Operation 69 'mul' 'mul_ln1270_11' <Predicate = true> <Delay = 0.00> <CoreInst = "DSP48">   --->   Core 119 'DSP48' <Latency = 2> <II = 1> <Delay = 3.89> <IPBlock> <Opcode : 'mul' 'add' 'sub' 'select'> <InPorts = 0> <OutPorts = 1> <Sync> <CReg>
ST_5 : Operation 70 [1/3] (0.00ns) (root node of the DSP)   --->   "%mul_ln1270_12 = mul i21 %sext_ln1273_32, i21 %sext_ln1273_35"   --->   Operation 70 'mul' 'mul_ln1270_12' <Predicate = true> <Delay = 0.00> <CoreInst = "DSP48">   --->   Core 119 'DSP48' <Latency = 2> <II = 1> <Delay = 3.89> <IPBlock> <Opcode : 'mul' 'add' 'sub' 'select'> <InPorts = 0> <OutPorts = 1> <Sync> <CReg>

State 6 <SV = 5> <Delay = 2.07>
ST_6 : Operation 71 [1/1] (0.00ns)   --->   "%empty_87 = phi i16 1472, void %entry, i16 %x_V, void %for.body12.split.i, i16 1472, void %dense_resource_rf_leq_nin<ap_fixed<16, 5, 5, 3, 0>, ap_fixed<27, 11, 5, 3, 0>, config2_mult>.exit"   --->   Operation 71 'phi' 'empty_87' <Predicate = true> <Delay = 0.00>
ST_6 : Operation 72 [1/1] (0.00ns)   --->   "%empty_88 = phi i16 512, void %entry, i16 %x_V_8, void %for.body12.split.i, i16 512, void %dense_resource_rf_leq_nin<ap_fixed<16, 5, 5, 3, 0>, ap_fixed<27, 11, 5, 3, 0>, config2_mult>.exit"   --->   Operation 72 'phi' 'empty_88' <Predicate = true> <Delay = 0.00>
ST_6 : Operation 73 [1/1] (0.00ns)   --->   "%empty_89 = phi i16 576, void %entry, i16 %x_V_9, void %for.body12.split.i, i16 576, void %dense_resource_rf_leq_nin<ap_fixed<16, 5, 5, 3, 0>, ap_fixed<27, 11, 5, 3, 0>, config2_mult>.exit"   --->   Operation 73 'phi' 'empty_89' <Predicate = true> <Delay = 0.00>
ST_6 : Operation 74 [1/1] (0.00ns)   --->   "%empty_90 = phi i16 320, void %entry, i16 %x_V_10, void %for.body12.split.i, i16 320, void %dense_resource_rf_leq_nin<ap_fixed<16, 5, 5, 3, 0>, ap_fixed<27, 11, 5, 3, 0>, config2_mult>.exit"   --->   Operation 74 'phi' 'empty_90' <Predicate = true> <Delay = 0.00>
ST_6 : Operation 75 [1/1] (0.00ns)   --->   "%empty = speclooptripcount i32 @_ssdm_op_SpecLoopTripCount, i64 9, i64 9, i64 9"   --->   Operation 75 'speclooptripcount' 'empty' <Predicate = true> <Delay = 0.00>
ST_6 : Operation 76 [1/1] (0.00ns)   --->   "%specpipeline_ln47 = specpipeline void @_ssdm_op_SpecPipeline, i32 1, i32 0, i32 0, i32 0, void @empty_10" [firmware/nnet_utils/nnet_dense_resource.h:47]   --->   Operation 76 'specpipeline' 'specpipeline_ln47' <Predicate = true> <Delay = 0.00>
ST_6 : Operation 77 [1/1] (0.00ns)   --->   "%specloopname_ln49 = specloopname void @_ssdm_op_SpecLoopName, void @empty_18" [firmware/nnet_utils/nnet_dense_resource.h:49]   --->   Operation 77 'specloopname' 'specloopname_ln49' <Predicate = true> <Delay = 0.00>
ST_6 : Operation 78 [1/1] (0.00ns)   --->   "%trunc_ln = partselect i16 @_ssdm_op_PartSelect.i16.i21.i32.i32, i21 %mul_ln1270, i32 5, i32 20"   --->   Operation 78 'partselect' 'trunc_ln' <Predicate = true> <Delay = 0.00>
ST_6 : Operation 79 [1/1] (2.07ns)   --->   "%x_V = add i16 %trunc_ln, i16 %empty_87"   --->   Operation 79 'add' 'x_V' <Predicate = true> <Delay = 2.07> <CoreInst = "Adder">   --->   Core 1 'Adder' <Latency = 0> <II = 1> <Delay = 2.07> <FuncUnit> <Opcode : 'add' 'sub'> <InPorts = 2> <OutPorts = 1>
ST_6 : Operation 80 [1/1] (0.00ns)   --->   "%trunc_ln818_s = partselect i16 @_ssdm_op_PartSelect.i16.i21.i32.i32, i21 %mul_ln1270_10, i32 5, i32 20"   --->   Operation 80 'partselect' 'trunc_ln818_s' <Predicate = true> <Delay = 0.00>
ST_6 : Operation 81 [1/1] (2.07ns)   --->   "%x_V_8 = add i16 %trunc_ln818_s, i16 %empty_88"   --->   Operation 81 'add' 'x_V_8' <Predicate = true> <Delay = 2.07> <CoreInst = "Adder">   --->   Core 1 'Adder' <Latency = 0> <II = 1> <Delay = 2.07> <FuncUnit> <Opcode : 'add' 'sub'> <InPorts = 2> <OutPorts = 1>
ST_6 : Operation 82 [1/1] (0.00ns)   --->   "%trunc_ln818_1 = partselect i16 @_ssdm_op_PartSelect.i16.i21.i32.i32, i21 %mul_ln1270_11, i32 5, i32 20"   --->   Operation 82 'partselect' 'trunc_ln818_1' <Predicate = true> <Delay = 0.00>
ST_6 : Operation 83 [1/1] (2.07ns)   --->   "%x_V_9 = add i16 %trunc_ln818_1, i16 %empty_89"   --->   Operation 83 'add' 'x_V_9' <Predicate = true> <Delay = 2.07> <CoreInst = "Adder">   --->   Core 1 'Adder' <Latency = 0> <II = 1> <Delay = 2.07> <FuncUnit> <Opcode : 'add' 'sub'> <InPorts = 2> <OutPorts = 1>
ST_6 : Operation 84 [1/1] (0.00ns)   --->   "%trunc_ln818_2 = partselect i16 @_ssdm_op_PartSelect.i16.i21.i32.i32, i21 %mul_ln1270_12, i32 5, i32 20"   --->   Operation 84 'partselect' 'trunc_ln818_2' <Predicate = true> <Delay = 0.00>
ST_6 : Operation 85 [1/1] (2.07ns)   --->   "%x_V_10 = add i16 %trunc_ln818_2, i16 %empty_90"   --->   Operation 85 'add' 'x_V_10' <Predicate = true> <Delay = 2.07> <CoreInst = "Adder">   --->   Core 1 'Adder' <Latency = 0> <II = 1> <Delay = 2.07> <FuncUnit> <Opcode : 'add' 'sub'> <InPorts = 2> <OutPorts = 1>
ST_6 : Operation 86 [1/1] (0.00ns)   --->   "%shl_ln = bitconcatenate i21 @_ssdm_op_BitConcatenate.i21.i16.i5, i16 %x_V, i5 0"   --->   Operation 86 'bitconcatenate' 'shl_ln' <Predicate = (icmp_ln46)> <Delay = 0.00>
ST_6 : Operation 87 [1/1] (0.00ns)   --->   "%sext_ln110 = sext i21 %shl_ln" [firmware/nnet_utils/nnet_mult.h:110]   --->   Operation 87 'sext' 'sext_ln110' <Predicate = (icmp_ln46)> <Delay = 0.00>
ST_6 : Operation 88 [1/1] (0.00ns)   --->   "%shl_ln838_1 = bitconcatenate i21 @_ssdm_op_BitConcatenate.i21.i16.i5, i16 %x_V_8, i5 0"   --->   Operation 88 'bitconcatenate' 'shl_ln838_1' <Predicate = (icmp_ln46)> <Delay = 0.00>
ST_6 : Operation 89 [1/1] (0.00ns)   --->   "%sext_ln110_1 = sext i21 %shl_ln838_1" [firmware/nnet_utils/nnet_mult.h:110]   --->   Operation 89 'sext' 'sext_ln110_1' <Predicate = (icmp_ln46)> <Delay = 0.00>
ST_6 : Operation 90 [1/1] (0.00ns)   --->   "%shl_ln838_2 = bitconcatenate i21 @_ssdm_op_BitConcatenate.i21.i16.i5, i16 %x_V_9, i5 0"   --->   Operation 90 'bitconcatenate' 'shl_ln838_2' <Predicate = (icmp_ln46)> <Delay = 0.00>
ST_6 : Operation 91 [1/1] (0.00ns)   --->   "%sext_ln110_2 = sext i21 %shl_ln838_2" [firmware/nnet_utils/nnet_mult.h:110]   --->   Operation 91 'sext' 'sext_ln110_2' <Predicate = (icmp_ln46)> <Delay = 0.00>
ST_6 : Operation 92 [1/1] (0.00ns)   --->   "%shl_ln838_3 = bitconcatenate i21 @_ssdm_op_BitConcatenate.i21.i16.i5, i16 %x_V_10, i5 0"   --->   Operation 92 'bitconcatenate' 'shl_ln838_3' <Predicate = (icmp_ln46)> <Delay = 0.00>
ST_6 : Operation 93 [1/1] (0.00ns)   --->   "%sext_ln84 = sext i21 %shl_ln838_3" [firmware/nnet_utils/nnet_dense_resource.h:84]   --->   Operation 93 'sext' 'sext_ln84' <Predicate = (icmp_ln46)> <Delay = 0.00>
ST_6 : Operation 94 [1/1] (0.00ns)   --->   "%mrv_i = insertvalue i108 <undef>, i27 %sext_ln110" [firmware/nnet_utils/nnet_dense_resource.h:84]   --->   Operation 94 'insertvalue' 'mrv_i' <Predicate = (icmp_ln46)> <Delay = 0.00>
ST_6 : Operation 95 [1/1] (0.00ns)   --->   "%mrv_1_i = insertvalue i108 %mrv_i, i27 %sext_ln110_1" [firmware/nnet_utils/nnet_dense_resource.h:84]   --->   Operation 95 'insertvalue' 'mrv_1_i' <Predicate = (icmp_ln46)> <Delay = 0.00>
ST_6 : Operation 96 [1/1] (0.00ns)   --->   "%mrv_2_i = insertvalue i108 %mrv_1_i, i27 %sext_ln110_2" [firmware/nnet_utils/nnet_dense_resource.h:84]   --->   Operation 96 'insertvalue' 'mrv_2_i' <Predicate = (icmp_ln46)> <Delay = 0.00>
ST_6 : Operation 97 [1/1] (0.00ns)   --->   "%mrv_3_i = insertvalue i108 %mrv_2_i, i27 %sext_ln84" [firmware/nnet_utils/nnet_dense_resource.h:84]   --->   Operation 97 'insertvalue' 'mrv_3_i' <Predicate = (icmp_ln46)> <Delay = 0.00>
ST_6 : Operation 98 [1/1] (0.00ns)   --->   "%return_ln84 = return void @_ssdm_op_Return, i108 %mrv_3_i" [firmware/nnet_utils/nnet_dense_resource.h:84]   --->   Operation 98 'return' 'return_ln84' <Predicate = (icmp_ln46)> <Delay = 0.00>


============================================================
+ Verbose Summary: Timing violations
============================================================
Target clock period: 5ns, clock uncertainty: 1.35ns.

 <State 1>: 4.84ns
The critical path consists of the following:
	multiplexor before 'phi' operation ('w_index') with incoming values : ('w_index', firmware/nnet_utils/nnet_dense_resource.h:46) [27]  (1.59 ns)
	'phi' operation ('w_index') with incoming values : ('w_index', firmware/nnet_utils/nnet_dense_resource.h:46) [27]  (0 ns)
	'getelementptr' operation ('w2_addr', firmware/nnet_utils/nnet_dense_resource.h:59) [56]  (0 ns)
	'load' operation ('w2_load', firmware/nnet_utils/nnet_dense_resource.h:59) on array 'w2' [57]  (3.25 ns)

 <State 2>: 3.25ns
The critical path consists of the following:
	'load' operation ('w2_load', firmware/nnet_utils/nnet_dense_resource.h:59) on array 'w2' [57]  (3.25 ns)

 <State 3>: 3.89ns
The critical path consists of the following:
	'mul' operation of DSP[61] ('mul_ln1270') [61]  (3.89 ns)

 <State 4>: 3.89ns
The critical path consists of the following:
	'mul' operation of DSP[61] ('mul_ln1270') [61]  (3.89 ns)

 <State 5>: 0ns
The critical path consists of the following:

 <State 6>: 2.08ns
The critical path consists of the following:
	'phi' operation ('x.V') with incoming values : ('x.V') [23]  (0 ns)
	'add' operation ('x.V') [63]  (2.08 ns)


============================================================
+ Verbose Summary: Binding
============================================================
N/A
* FSMD analyzer results:
  - Output states:
 - Input state : 
  - Chain level:
	State 1
	State 2
	State 3
	State 4
	State 5
	State 6


============================================================
+ Verbose Summary: Datapath Resource usage 
============================================================
N/A
