

================================================================
== Vitis HLS Report for 'dense_array_array_ap_fixed_18_7_5_3_0_32u_config11_Pipeline_DataPrepare'
================================================================
* Date:           Thu Jul  2 23:53:04 2026

* Version:        2022.2 (Build 3670227 on Oct 13 2022)
* Project:        myproject_prj
* Solution:       solution1 (Vivado IP Flow Target)
* Product family: zynq
* Target device:  xc7z020-clg400-1


================================================================
== Performance Estimates
================================================================
+ Timing: 
    * Summary: 
    +--------+---------+----------+------------+
    |  Clock |  Target | Estimated| Uncertainty|
    +--------+---------+----------+------------+
    |ap_clk  |  5.00 ns|  3.238 ns|     1.35 ns|
    +--------+---------+----------+------------+

+ Latency: 
    * Summary: 
    +---------+---------+-----------+-----------+-----+-----+---------+
    |  Latency (cycles) |   Latency (absolute)  |  Interval | Pipeline|
    |   min   |   max   |    min    |    max    | min | max |   Type  |
    +---------+---------+-----------+-----------+-----+-----+---------+
    |        6|        6|  30.000 ns|  30.000 ns|    6|    6|       no|
    +---------+---------+-----------+-----------+-----+-----+---------+

    + Detail: 
        * Instance: 
        N/A

        * Loop: 
        +---------------+---------+---------+----------+-----------+-----------+------+----------+
        |               |  Latency (cycles) | Iteration|  Initiation Interval  | Trip |          |
        |   Loop Name   |   min   |   max   |  Latency |  achieved |   target  | Count| Pipelined|
        +---------------+---------+---------+----------+-----------+-----------+------+----------+
        |- DataPrepare  |        4|        4|         2|          1|          1|     4|       yes|
        +---------------+---------+---------+----------+-----------+-----------+------+----------+

============================================================
+ Verbose Summary: Synthesis Manager
============================================================
InlineROM: 1
ExposeGlobal: 0
============================================================
+ Verbose Summary: CDFG Model
============================================================
IsTopModel: 0
ResetActiveHigh: 1
IsCombinational: 0
IsDatapathOnly: 0
HasWiredReturn: 1
HasMFsm: 2
HasVarLatency: 1
IsPipeline: 0
IsRtlPipelined: 0
IsInstanceOverlapped: 0
IsDontTouch: 0
HasImplIP: 0
IsGatedGlobalClock: 0

+ Individual pipeline summary: 
  * Pipeline-0: initiation interval (II) = 1, depth = 2


============================================================
+ Verbose Summary: Schedule
============================================================
* Number of FSM states : 2
* Pipeline : 1
  Pipeline-0 : II = 1, D = 2, States = { 1 2 }
* Dataflow Pipeline: 0

* FSM state transitions: 
1 --> 2 
2 --> 

* FSM state operations: 

State 1 <SV = 0> <Delay = 3.23>
ST_1 : Operation 5 [1/1] (0.00ns)   --->   "%i_in = alloca i32 1"   --->   Operation 5 'alloca' 'i_in' <Predicate = true> <Delay = 0.00>
ST_1 : Operation 6 [1/1] (0.00ns)   --->   "%data_V = alloca i32 1"   --->   Operation 6 'alloca' 'data_V' <Predicate = true> <Delay = 0.00>
ST_1 : Operation 7 [1/1] (0.00ns)   --->   "%data_V_1 = alloca i32 1"   --->   Operation 7 'alloca' 'data_V_1' <Predicate = true> <Delay = 0.00>
ST_1 : Operation 8 [1/1] (0.00ns)   --->   "%data_V_2 = alloca i32 1"   --->   Operation 8 'alloca' 'data_V_2' <Predicate = true> <Delay = 0.00>
ST_1 : Operation 9 [1/1] (0.00ns)   --->   "%data_V_3 = alloca i32 1"   --->   Operation 9 'alloca' 'data_V_3' <Predicate = true> <Delay = 0.00>
ST_1 : Operation 10 [1/1] (0.00ns)   --->   "%data_V_4 = alloca i32 1"   --->   Operation 10 'alloca' 'data_V_4' <Predicate = true> <Delay = 0.00>
ST_1 : Operation 11 [1/1] (0.00ns)   --->   "%data_V_5 = alloca i32 1"   --->   Operation 11 'alloca' 'data_V_5' <Predicate = true> <Delay = 0.00>
ST_1 : Operation 12 [1/1] (0.00ns)   --->   "%data_V_6 = alloca i32 1"   --->   Operation 12 'alloca' 'data_V_6' <Predicate = true> <Delay = 0.00>
ST_1 : Operation 13 [1/1] (0.00ns)   --->   "%data_V_7 = alloca i32 1"   --->   Operation 13 'alloca' 'data_V_7' <Predicate = true> <Delay = 0.00>
ST_1 : Operation 14 [1/1] (0.00ns)   --->   "%data_V_8 = alloca i32 1"   --->   Operation 14 'alloca' 'data_V_8' <Predicate = true> <Delay = 0.00>
ST_1 : Operation 15 [1/1] (0.00ns)   --->   "%data_V_9 = alloca i32 1"   --->   Operation 15 'alloca' 'data_V_9' <Predicate = true> <Delay = 0.00>
ST_1 : Operation 16 [1/1] (0.00ns)   --->   "%data_V_10 = alloca i32 1"   --->   Operation 16 'alloca' 'data_V_10' <Predicate = true> <Delay = 0.00>
ST_1 : Operation 17 [1/1] (0.00ns)   --->   "%data_V_11 = alloca i32 1"   --->   Operation 17 'alloca' 'data_V_11' <Predicate = true> <Delay = 0.00>
ST_1 : Operation 18 [1/1] (0.00ns)   --->   "%data_V_12 = alloca i32 1"   --->   Operation 18 'alloca' 'data_V_12' <Predicate = true> <Delay = 0.00>
ST_1 : Operation 19 [1/1] (0.00ns)   --->   "%data_V_13 = alloca i32 1"   --->   Operation 19 'alloca' 'data_V_13' <Predicate = true> <Delay = 0.00>
ST_1 : Operation 20 [1/1] (0.00ns)   --->   "%data_V_14 = alloca i32 1"   --->   Operation 20 'alloca' 'data_V_14' <Predicate = true> <Delay = 0.00>
ST_1 : Operation 21 [1/1] (0.00ns)   --->   "%data_V_15 = alloca i32 1"   --->   Operation 21 'alloca' 'data_V_15' <Predicate = true> <Delay = 0.00>
ST_1 : Operation 22 [1/1] (0.00ns)   --->   "%data_V_16 = alloca i32 1"   --->   Operation 22 'alloca' 'data_V_16' <Predicate = true> <Delay = 0.00>
ST_1 : Operation 23 [1/1] (0.00ns)   --->   "%data_V_17 = alloca i32 1"   --->   Operation 23 'alloca' 'data_V_17' <Predicate = true> <Delay = 0.00>
ST_1 : Operation 24 [1/1] (0.00ns)   --->   "%data_V_18 = alloca i32 1"   --->   Operation 24 'alloca' 'data_V_18' <Predicate = true> <Delay = 0.00>
ST_1 : Operation 25 [1/1] (0.00ns)   --->   "%data_V_19 = alloca i32 1"   --->   Operation 25 'alloca' 'data_V_19' <Predicate = true> <Delay = 0.00>
ST_1 : Operation 26 [1/1] (0.00ns)   --->   "%data_V_20 = alloca i32 1"   --->   Operation 26 'alloca' 'data_V_20' <Predicate = true> <Delay = 0.00>
ST_1 : Operation 27 [1/1] (0.00ns)   --->   "%data_V_21 = alloca i32 1"   --->   Operation 27 'alloca' 'data_V_21' <Predicate = true> <Delay = 0.00>
ST_1 : Operation 28 [1/1] (0.00ns)   --->   "%data_V_22 = alloca i32 1"   --->   Operation 28 'alloca' 'data_V_22' <Predicate = true> <Delay = 0.00>
ST_1 : Operation 29 [1/1] (0.00ns)   --->   "%data_V_23 = alloca i32 1"   --->   Operation 29 'alloca' 'data_V_23' <Predicate = true> <Delay = 0.00>
ST_1 : Operation 30 [1/1] (0.00ns)   --->   "%data_V_24 = alloca i32 1"   --->   Operation 30 'alloca' 'data_V_24' <Predicate = true> <Delay = 0.00>
ST_1 : Operation 31 [1/1] (0.00ns)   --->   "%data_V_25 = alloca i32 1"   --->   Operation 31 'alloca' 'data_V_25' <Predicate = true> <Delay = 0.00>
ST_1 : Operation 32 [1/1] (0.00ns)   --->   "%data_V_26 = alloca i32 1"   --->   Operation 32 'alloca' 'data_V_26' <Predicate = true> <Delay = 0.00>
ST_1 : Operation 33 [1/1] (0.00ns)   --->   "%data_V_27 = alloca i32 1"   --->   Operation 33 'alloca' 'data_V_27' <Predicate = true> <Delay = 0.00>
ST_1 : Operation 34 [1/1] (0.00ns)   --->   "%data_V_28 = alloca i32 1"   --->   Operation 34 'alloca' 'data_V_28' <Predicate = true> <Delay = 0.00>
ST_1 : Operation 35 [1/1] (0.00ns)   --->   "%data_V_29 = alloca i32 1"   --->   Operation 35 'alloca' 'data_V_29' <Predicate = true> <Delay = 0.00>
ST_1 : Operation 36 [1/1] (0.00ns)   --->   "%data_V_30 = alloca i32 1"   --->   Operation 36 'alloca' 'data_V_30' <Predicate = true> <Delay = 0.00>
ST_1 : Operation 37 [1/1] (0.00ns)   --->   "%data_V_31 = alloca i32 1"   --->   Operation 37 'alloca' 'data_V_31' <Predicate = true> <Delay = 0.00>
ST_1 : Operation 38 [1/1] (0.00ns)   --->   "%specinterface_ln0 = specinterface void @_ssdm_op_SpecInterface, i48 %layer9_out, void @empty_21, i32 0, i32 0, void @empty_10, i32 0, i32 0, void @empty_10, void @empty_10, void @empty_10, i32 0, i32 0, i32 0, i32 0, void @empty_10, void @empty_10, i32 4294967295, i32 0"   --->   Operation 38 'specinterface' 'specinterface_ln0' <Predicate = true> <Delay = 0.00>
ST_1 : Operation 39 [1/1] (1.58ns)   --->   "%store_ln0 = store i3 0, i3 %i_in"   --->   Operation 39 'store' 'store_ln0' <Predicate = true> <Delay = 1.58>
ST_1 : Operation 40 [1/1] (0.00ns)   --->   "%br_ln0 = br void %for.body4.i"   --->   Operation 40 'br' 'br_ln0' <Predicate = true> <Delay = 0.00>
ST_1 : Operation 41 [1/1] (0.00ns)   --->   "%i_in_1 = load i3 %i_in" [firmware/nnet_utils/nnet_dense_stream.h:39]   --->   Operation 41 'load' 'i_in_1' <Predicate = true> <Delay = 0.00>
ST_1 : Operation 42 [1/1] (1.13ns)   --->   "%icmp_ln33 = icmp_eq  i3 %i_in_1, i3 4" [firmware/nnet_utils/nnet_dense_stream.h:33]   --->   Operation 42 'icmp' 'icmp_ln33' <Predicate = true> <Delay = 1.13> <CoreInst = "Cmp">   --->   Core 9 'Cmp' <Latency = 0> <II = 1> <Delay = 1.13> <FuncUnit> <Opcode : 'icmp'> <InPorts = 2> <OutPorts = 1>
ST_1 : Operation 43 [1/1] (0.00ns)   --->   "%empty = speclooptripcount i32 @_ssdm_op_SpecLoopTripCount, i64 4, i64 4, i64 4"   --->   Operation 43 'speclooptripcount' 'empty' <Predicate = true> <Delay = 0.00>
ST_1 : Operation 44 [1/1] (1.65ns)   --->   "%add_ln33 = add i3 %i_in_1, i3 1" [firmware/nnet_utils/nnet_dense_stream.h:33]   --->   Operation 44 'add' 'add_ln33' <Predicate = true> <Delay = 1.65> <CoreInst = "Adder">   --->   Core 1 'Adder' <Latency = 0> <II = 1> <Delay = 1.65> <FuncUnit> <Opcode : 'add' 'sub'> <InPorts = 2> <OutPorts = 1>
ST_1 : Operation 45 [1/1] (0.00ns)   --->   "%br_ln33 = br i1 %icmp_ln33, void %for.body4.i.split, void %dense_resource<ap_ufixed<6, 0, 4, 0, 0>, ap_fixed<18, 7, 5, 3, 0>, config11>.region_begin.exitStub" [firmware/nnet_utils/nnet_dense_stream.h:33]   --->   Operation 45 'br' 'br_ln33' <Predicate = true> <Delay = 0.00>
ST_1 : Operation 46 [1/1] (0.00ns)   --->   "%trunc_ln39 = trunc i3 %i_in_1" [firmware/nnet_utils/nnet_dense_stream.h:39]   --->   Operation 46 'trunc' 'trunc_ln39' <Predicate = (!icmp_ln33)> <Delay = 0.00>
ST_1 : Operation 47 [1/1] (0.95ns)   --->   "%switch_ln39 = switch i2 %trunc_ln39, void %arrayidx.i2.7.case.31, i2 0, void %for.body4.i.split.arrayidx.i2.7.exit_crit_edge1, i2 1, void %arrayidx.i2.7.case.15, i2 2, void %for.body4.i.split.arrayidx.i2.7.exit_crit_edge" [firmware/nnet_utils/nnet_dense_stream.h:39]   --->   Operation 47 'switch' 'switch_ln39' <Predicate = (!icmp_ln33)> <Delay = 0.95>
ST_1 : Operation 48 [1/1] (1.58ns)   --->   "%store_ln33 = store i3 %add_ln33, i3 %i_in" [firmware/nnet_utils/nnet_dense_stream.h:33]   --->   Operation 48 'store' 'store_ln33' <Predicate = (!icmp_ln33)> <Delay = 1.58>
ST_1 : Operation 49 [1/1] (0.00ns)   --->   "%br_ln33 = br void %for.body4.i" [firmware/nnet_utils/nnet_dense_stream.h:33]   --->   Operation 49 'br' 'br_ln33' <Predicate = (!icmp_ln33)> <Delay = 0.00>
ST_1 : Operation 97 [1/1] (0.00ns)   --->   "%data_V_load = load i6 %data_V"   --->   Operation 97 'load' 'data_V_load' <Predicate = (icmp_ln33)> <Delay = 0.00>
ST_1 : Operation 98 [1/1] (0.00ns)   --->   "%data_V_1_load = load i6 %data_V_1"   --->   Operation 98 'load' 'data_V_1_load' <Predicate = (icmp_ln33)> <Delay = 0.00>
ST_1 : Operation 99 [1/1] (0.00ns)   --->   "%data_V_2_load = load i6 %data_V_2"   --->   Operation 99 'load' 'data_V_2_load' <Predicate = (icmp_ln33)> <Delay = 0.00>
ST_1 : Operation 100 [1/1] (0.00ns)   --->   "%data_V_3_load = load i6 %data_V_3"   --->   Operation 100 'load' 'data_V_3_load' <Predicate = (icmp_ln33)> <Delay = 0.00>
ST_1 : Operation 101 [1/1] (0.00ns)   --->   "%data_V_4_load = load i6 %data_V_4"   --->   Operation 101 'load' 'data_V_4_load' <Predicate = (icmp_ln33)> <Delay = 0.00>
ST_1 : Operation 102 [1/1] (0.00ns)   --->   "%data_V_5_load = load i6 %data_V_5"   --->   Operation 102 'load' 'data_V_5_load' <Predicate = (icmp_ln33)> <Delay = 0.00>
ST_1 : Operation 103 [1/1] (0.00ns)   --->   "%data_V_6_load = load i6 %data_V_6"   --->   Operation 103 'load' 'data_V_6_load' <Predicate = (icmp_ln33)> <Delay = 0.00>
ST_1 : Operation 104 [1/1] (0.00ns)   --->   "%data_V_7_load = load i6 %data_V_7"   --->   Operation 104 'load' 'data_V_7_load' <Predicate = (icmp_ln33)> <Delay = 0.00>
ST_1 : Operation 105 [1/1] (0.00ns)   --->   "%data_V_8_load = load i6 %data_V_8"   --->   Operation 105 'load' 'data_V_8_load' <Predicate = (icmp_ln33)> <Delay = 0.00>
ST_1 : Operation 106 [1/1] (0.00ns)   --->   "%data_V_9_load = load i6 %data_V_9"   --->   Operation 106 'load' 'data_V_9_load' <Predicate = (icmp_ln33)> <Delay = 0.00>
ST_1 : Operation 107 [1/1] (0.00ns)   --->   "%data_V_10_load = load i6 %data_V_10"   --->   Operation 107 'load' 'data_V_10_load' <Predicate = (icmp_ln33)> <Delay = 0.00>
ST_1 : Operation 108 [1/1] (0.00ns)   --->   "%data_V_11_load = load i6 %data_V_11"   --->   Operation 108 'load' 'data_V_11_load' <Predicate = (icmp_ln33)> <Delay = 0.00>
ST_1 : Operation 109 [1/1] (0.00ns)   --->   "%data_V_12_load = load i6 %data_V_12"   --->   Operation 109 'load' 'data_V_12_load' <Predicate = (icmp_ln33)> <Delay = 0.00>
ST_1 : Operation 110 [1/1] (0.00ns)   --->   "%data_V_13_load = load i6 %data_V_13"   --->   Operation 110 'load' 'data_V_13_load' <Predicate = (icmp_ln33)> <Delay = 0.00>
ST_1 : Operation 111 [1/1] (0.00ns)   --->   "%data_V_14_load = load i6 %data_V_14"   --->   Operation 111 'load' 'data_V_14_load' <Predicate = (icmp_ln33)> <Delay = 0.00>
ST_1 : Operation 112 [1/1] (0.00ns)   --->   "%data_V_15_load = load i6 %data_V_15"   --->   Operation 112 'load' 'data_V_15_load' <Predicate = (icmp_ln33)> <Delay = 0.00>
ST_1 : Operation 113 [1/1] (0.00ns)   --->   "%data_V_16_load = load i6 %data_V_16"   --->   Operation 113 'load' 'data_V_16_load' <Predicate = (icmp_ln33)> <Delay = 0.00>
ST_1 : Operation 114 [1/1] (0.00ns)   --->   "%data_V_17_load = load i6 %data_V_17"   --->   Operation 114 'load' 'data_V_17_load' <Predicate = (icmp_ln33)> <Delay = 0.00>
ST_1 : Operation 115 [1/1] (0.00ns)   --->   "%data_V_18_load = load i6 %data_V_18"   --->   Operation 115 'load' 'data_V_18_load' <Predicate = (icmp_ln33)> <Delay = 0.00>
ST_1 : Operation 116 [1/1] (0.00ns)   --->   "%data_V_19_load = load i6 %data_V_19"   --->   Operation 116 'load' 'data_V_19_load' <Predicate = (icmp_ln33)> <Delay = 0.00>
ST_1 : Operation 117 [1/1] (0.00ns)   --->   "%data_V_20_load = load i6 %data_V_20"   --->   Operation 117 'load' 'data_V_20_load' <Predicate = (icmp_ln33)> <Delay = 0.00>
ST_1 : Operation 118 [1/1] (0.00ns)   --->   "%data_V_21_load = load i6 %data_V_21"   --->   Operation 118 'load' 'data_V_21_load' <Predicate = (icmp_ln33)> <Delay = 0.00>
ST_1 : Operation 119 [1/1] (0.00ns)   --->   "%data_V_22_load = load i6 %data_V_22"   --->   Operation 119 'load' 'data_V_22_load' <Predicate = (icmp_ln33)> <Delay = 0.00>
ST_1 : Operation 120 [1/1] (0.00ns)   --->   "%data_V_23_load = load i6 %data_V_23"   --->   Operation 120 'load' 'data_V_23_load' <Predicate = (icmp_ln33)> <Delay = 0.00>
ST_1 : Operation 121 [1/1] (0.00ns)   --->   "%data_V_24_load = load i6 %data_V_24"   --->   Operation 121 'load' 'data_V_24_load' <Predicate = (icmp_ln33)> <Delay = 0.00>
ST_1 : Operation 122 [1/1] (0.00ns)   --->   "%data_V_25_load = load i6 %data_V_25"   --->   Operation 122 'load' 'data_V_25_load' <Predicate = (icmp_ln33)> <Delay = 0.00>
ST_1 : Operation 123 [1/1] (0.00ns)   --->   "%data_V_26_load = load i6 %data_V_26"   --->   Operation 123 'load' 'data_V_26_load' <Predicate = (icmp_ln33)> <Delay = 0.00>
ST_1 : Operation 124 [1/1] (0.00ns)   --->   "%data_V_27_load = load i6 %data_V_27"   --->   Operation 124 'load' 'data_V_27_load' <Predicate = (icmp_ln33)> <Delay = 0.00>
ST_1 : Operation 125 [1/1] (0.00ns)   --->   "%data_V_28_load = load i6 %data_V_28"   --->   Operation 125 'load' 'data_V_28_load' <Predicate = (icmp_ln33)> <Delay = 0.00>
ST_1 : Operation 126 [1/1] (0.00ns)   --->   "%data_V_29_load = load i6 %data_V_29"   --->   Operation 126 'load' 'data_V_29_load' <Predicate = (icmp_ln33)> <Delay = 0.00>
ST_1 : Operation 127 [1/1] (0.00ns)   --->   "%data_V_30_load = load i6 %data_V_30"   --->   Operation 127 'load' 'data_V_30_load' <Predicate = (icmp_ln33)> <Delay = 0.00>
ST_1 : Operation 128 [1/1] (0.00ns)   --->   "%data_V_31_load = load i6 %data_V_31"   --->   Operation 128 'load' 'data_V_31_load' <Predicate = (icmp_ln33)> <Delay = 0.00>
ST_1 : Operation 129 [1/1] (0.00ns)   --->   "%write_ln0 = write void @_ssdm_op_Write.ap_auto.i6P0A, i6 %data_V_31_out, i6 %data_V_31_load"   --->   Operation 129 'write' 'write_ln0' <Predicate = (icmp_ln33)> <Delay = 0.00>
ST_1 : Operation 130 [1/1] (0.00ns)   --->   "%write_ln0 = write void @_ssdm_op_Write.ap_auto.i6P0A, i6 %data_V_30_out, i6 %data_V_30_load"   --->   Operation 130 'write' 'write_ln0' <Predicate = (icmp_ln33)> <Delay = 0.00>
ST_1 : Operation 131 [1/1] (0.00ns)   --->   "%write_ln0 = write void @_ssdm_op_Write.ap_auto.i6P0A, i6 %data_V_29_out, i6 %data_V_29_load"   --->   Operation 131 'write' 'write_ln0' <Predicate = (icmp_ln33)> <Delay = 0.00>
ST_1 : Operation 132 [1/1] (0.00ns)   --->   "%write_ln0 = write void @_ssdm_op_Write.ap_auto.i6P0A, i6 %data_V_28_out, i6 %data_V_28_load"   --->   Operation 132 'write' 'write_ln0' <Predicate = (icmp_ln33)> <Delay = 0.00>
ST_1 : Operation 133 [1/1] (0.00ns)   --->   "%write_ln0 = write void @_ssdm_op_Write.ap_auto.i6P0A, i6 %data_V_27_out, i6 %data_V_27_load"   --->   Operation 133 'write' 'write_ln0' <Predicate = (icmp_ln33)> <Delay = 0.00>
ST_1 : Operation 134 [1/1] (0.00ns)   --->   "%write_ln0 = write void @_ssdm_op_Write.ap_auto.i6P0A, i6 %data_V_26_out, i6 %data_V_26_load"   --->   Operation 134 'write' 'write_ln0' <Predicate = (icmp_ln33)> <Delay = 0.00>
ST_1 : Operation 135 [1/1] (0.00ns)   --->   "%write_ln0 = write void @_ssdm_op_Write.ap_auto.i6P0A, i6 %data_V_25_out, i6 %data_V_25_load"   --->   Operation 135 'write' 'write_ln0' <Predicate = (icmp_ln33)> <Delay = 0.00>
ST_1 : Operation 136 [1/1] (0.00ns)   --->   "%write_ln0 = write void @_ssdm_op_Write.ap_auto.i6P0A, i6 %data_V_24_out, i6 %data_V_24_load"   --->   Operation 136 'write' 'write_ln0' <Predicate = (icmp_ln33)> <Delay = 0.00>
ST_1 : Operation 137 [1/1] (0.00ns)   --->   "%write_ln0 = write void @_ssdm_op_Write.ap_auto.i6P0A, i6 %data_V_23_out, i6 %data_V_23_load"   --->   Operation 137 'write' 'write_ln0' <Predicate = (icmp_ln33)> <Delay = 0.00>
ST_1 : Operation 138 [1/1] (0.00ns)   --->   "%write_ln0 = write void @_ssdm_op_Write.ap_auto.i6P0A, i6 %data_V_22_out, i6 %data_V_22_load"   --->   Operation 138 'write' 'write_ln0' <Predicate = (icmp_ln33)> <Delay = 0.00>
ST_1 : Operation 139 [1/1] (0.00ns)   --->   "%write_ln0 = write void @_ssdm_op_Write.ap_auto.i6P0A, i6 %data_V_21_out, i6 %data_V_21_load"   --->   Operation 139 'write' 'write_ln0' <Predicate = (icmp_ln33)> <Delay = 0.00>
ST_1 : Operation 140 [1/1] (0.00ns)   --->   "%write_ln0 = write void @_ssdm_op_Write.ap_auto.i6P0A, i6 %data_V_20_out, i6 %data_V_20_load"   --->   Operation 140 'write' 'write_ln0' <Predicate = (icmp_ln33)> <Delay = 0.00>
ST_1 : Operation 141 [1/1] (0.00ns)   --->   "%write_ln0 = write void @_ssdm_op_Write.ap_auto.i6P0A, i6 %data_V_19_out, i6 %data_V_19_load"   --->   Operation 141 'write' 'write_ln0' <Predicate = (icmp_ln33)> <Delay = 0.00>
ST_1 : Operation 142 [1/1] (0.00ns)   --->   "%write_ln0 = write void @_ssdm_op_Write.ap_auto.i6P0A, i6 %data_V_18_out, i6 %data_V_18_load"   --->   Operation 142 'write' 'write_ln0' <Predicate = (icmp_ln33)> <Delay = 0.00>
ST_1 : Operation 143 [1/1] (0.00ns)   --->   "%write_ln0 = write void @_ssdm_op_Write.ap_auto.i6P0A, i6 %data_V_17_out, i6 %data_V_17_load"   --->   Operation 143 'write' 'write_ln0' <Predicate = (icmp_ln33)> <Delay = 0.00>
ST_1 : Operation 144 [1/1] (0.00ns)   --->   "%write_ln0 = write void @_ssdm_op_Write.ap_auto.i6P0A, i6 %data_V_16_out, i6 %data_V_16_load"   --->   Operation 144 'write' 'write_ln0' <Predicate = (icmp_ln33)> <Delay = 0.00>
ST_1 : Operation 145 [1/1] (0.00ns)   --->   "%write_ln0 = write void @_ssdm_op_Write.ap_auto.i6P0A, i6 %data_V_15_out, i6 %data_V_15_load"   --->   Operation 145 'write' 'write_ln0' <Predicate = (icmp_ln33)> <Delay = 0.00>
ST_1 : Operation 146 [1/1] (0.00ns)   --->   "%write_ln0 = write void @_ssdm_op_Write.ap_auto.i6P0A, i6 %data_V_14_out, i6 %data_V_14_load"   --->   Operation 146 'write' 'write_ln0' <Predicate = (icmp_ln33)> <Delay = 0.00>
ST_1 : Operation 147 [1/1] (0.00ns)   --->   "%write_ln0 = write void @_ssdm_op_Write.ap_auto.i6P0A, i6 %data_V_13_out, i6 %data_V_13_load"   --->   Operation 147 'write' 'write_ln0' <Predicate = (icmp_ln33)> <Delay = 0.00>
ST_1 : Operation 148 [1/1] (0.00ns)   --->   "%write_ln0 = write void @_ssdm_op_Write.ap_auto.i6P0A, i6 %data_V_12_out, i6 %data_V_12_load"   --->   Operation 148 'write' 'write_ln0' <Predicate = (icmp_ln33)> <Delay = 0.00>
ST_1 : Operation 149 [1/1] (0.00ns)   --->   "%write_ln0 = write void @_ssdm_op_Write.ap_auto.i6P0A, i6 %data_V_11_out, i6 %data_V_11_load"   --->   Operation 149 'write' 'write_ln0' <Predicate = (icmp_ln33)> <Delay = 0.00>
ST_1 : Operation 150 [1/1] (0.00ns)   --->   "%write_ln0 = write void @_ssdm_op_Write.ap_auto.i6P0A, i6 %data_V_10_out, i6 %data_V_10_load"   --->   Operation 150 'write' 'write_ln0' <Predicate = (icmp_ln33)> <Delay = 0.00>
ST_1 : Operation 151 [1/1] (0.00ns)   --->   "%write_ln0 = write void @_ssdm_op_Write.ap_auto.i6P0A, i6 %data_V_9_out, i6 %data_V_9_load"   --->   Operation 151 'write' 'write_ln0' <Predicate = (icmp_ln33)> <Delay = 0.00>
ST_1 : Operation 152 [1/1] (0.00ns)   --->   "%write_ln0 = write void @_ssdm_op_Write.ap_auto.i6P0A, i6 %data_V_8_out, i6 %data_V_8_load"   --->   Operation 152 'write' 'write_ln0' <Predicate = (icmp_ln33)> <Delay = 0.00>
ST_1 : Operation 153 [1/1] (0.00ns)   --->   "%write_ln0 = write void @_ssdm_op_Write.ap_auto.i6P0A, i6 %data_V_7_out, i6 %data_V_7_load"   --->   Operation 153 'write' 'write_ln0' <Predicate = (icmp_ln33)> <Delay = 0.00>
ST_1 : Operation 154 [1/1] (0.00ns)   --->   "%write_ln0 = write void @_ssdm_op_Write.ap_auto.i6P0A, i6 %data_V_6_out, i6 %data_V_6_load"   --->   Operation 154 'write' 'write_ln0' <Predicate = (icmp_ln33)> <Delay = 0.00>
ST_1 : Operation 155 [1/1] (0.00ns)   --->   "%write_ln0 = write void @_ssdm_op_Write.ap_auto.i6P0A, i6 %data_V_5_out, i6 %data_V_5_load"   --->   Operation 155 'write' 'write_ln0' <Predicate = (icmp_ln33)> <Delay = 0.00>
ST_1 : Operation 156 [1/1] (0.00ns)   --->   "%write_ln0 = write void @_ssdm_op_Write.ap_auto.i6P0A, i6 %data_V_4_out, i6 %data_V_4_load"   --->   Operation 156 'write' 'write_ln0' <Predicate = (icmp_ln33)> <Delay = 0.00>
ST_1 : Operation 157 [1/1] (0.00ns)   --->   "%write_ln0 = write void @_ssdm_op_Write.ap_auto.i6P0A, i6 %data_V_3_out, i6 %data_V_3_load"   --->   Operation 157 'write' 'write_ln0' <Predicate = (icmp_ln33)> <Delay = 0.00>
ST_1 : Operation 158 [1/1] (0.00ns)   --->   "%write_ln0 = write void @_ssdm_op_Write.ap_auto.i6P0A, i6 %data_V_2_out, i6 %data_V_2_load"   --->   Operation 158 'write' 'write_ln0' <Predicate = (icmp_ln33)> <Delay = 0.00>
ST_1 : Operation 159 [1/1] (0.00ns)   --->   "%write_ln0 = write void @_ssdm_op_Write.ap_auto.i6P0A, i6 %data_V_1_out, i6 %data_V_1_load"   --->   Operation 159 'write' 'write_ln0' <Predicate = (icmp_ln33)> <Delay = 0.00>
ST_1 : Operation 160 [1/1] (0.00ns)   --->   "%write_ln0 = write void @_ssdm_op_Write.ap_auto.i6P0A, i6 %data_V_out, i6 %data_V_load"   --->   Operation 160 'write' 'write_ln0' <Predicate = (icmp_ln33)> <Delay = 0.00>
ST_1 : Operation 161 [1/1] (0.00ns)   --->   "%ret_ln0 = ret"   --->   Operation 161 'ret' 'ret_ln0' <Predicate = (icmp_ln33)> <Delay = 0.00>

State 2 <SV = 1> <Delay = 1.82>
ST_2 : Operation 50 [1/1] (0.00ns)   --->   "%specpipeline_ln34 = specpipeline void @_ssdm_op_SpecPipeline, i32 4294967295, i32 0, i32 0, i32 0, void @empty_10" [firmware/nnet_utils/nnet_dense_stream.h:34]   --->   Operation 50 'specpipeline' 'specpipeline_ln34' <Predicate = true> <Delay = 0.00>
ST_2 : Operation 51 [1/1] (0.00ns)   --->   "%specloopname_ln33 = specloopname void @_ssdm_op_SpecLoopName, void @empty_13" [firmware/nnet_utils/nnet_dense_stream.h:33]   --->   Operation 51 'specloopname' 'specloopname_ln33' <Predicate = true> <Delay = 0.00>
ST_2 : Operation 52 [1/1] (1.82ns)   --->   "%layer9_out_read = read i48 @_ssdm_op_Read.ap_fifo.volatile.i48P0A, i48 %layer9_out" [firmware/nnet_utils/nnet_dense_stream.h:35]   --->   Operation 52 'read' 'layer9_out_read' <Predicate = true> <Delay = 1.82> <CoreInst = "FIFO_SRL">   --->   Core 81 'FIFO_SRL' <Latency = 0> <II = 1> <Delay = 3.63> <Storage> <Opcode : 'read' 'write' 'nbread' 'nbwrite'> <Ports = 0> <Width = 48> <Depth = 4> <FIFO>
ST_2 : Operation 53 [1/1] (0.00ns)   --->   "%trunc_ln35 = trunc i48 %layer9_out_read" [firmware/nnet_utils/nnet_dense_stream.h:35]   --->   Operation 53 'trunc' 'trunc_ln35' <Predicate = true> <Delay = 0.00>
ST_2 : Operation 54 [1/1] (0.00ns)   --->   "%trunc_ln35_6 = partselect i6 @_ssdm_op_PartSelect.i6.i48.i32.i32, i48 %layer9_out_read, i32 36, i32 41" [firmware/nnet_utils/nnet_dense_stream.h:35]   --->   Operation 54 'partselect' 'trunc_ln35_6' <Predicate = true> <Delay = 0.00>
ST_2 : Operation 55 [1/1] (0.00ns)   --->   "%trunc_ln35_7 = partselect i6 @_ssdm_op_PartSelect.i6.i48.i32.i32, i48 %layer9_out_read, i32 42, i32 47" [firmware/nnet_utils/nnet_dense_stream.h:35]   --->   Operation 55 'partselect' 'trunc_ln35_7' <Predicate = true> <Delay = 0.00>
ST_2 : Operation 56 [1/1] (0.00ns)   --->   "%trunc_ln35_9 = partselect i6 @_ssdm_op_PartSelect.i6.i48.i32.i32, i48 %layer9_out_read, i32 6, i32 11" [firmware/nnet_utils/nnet_dense_stream.h:35]   --->   Operation 56 'partselect' 'trunc_ln35_9' <Predicate = true> <Delay = 0.00>
ST_2 : Operation 57 [1/1] (0.00ns)   --->   "%trunc_ln35_s = partselect i6 @_ssdm_op_PartSelect.i6.i48.i32.i32, i48 %layer9_out_read, i32 12, i32 17" [firmware/nnet_utils/nnet_dense_stream.h:35]   --->   Operation 57 'partselect' 'trunc_ln35_s' <Predicate = true> <Delay = 0.00>
ST_2 : Operation 58 [1/1] (0.00ns)   --->   "%trunc_ln35_1 = partselect i6 @_ssdm_op_PartSelect.i6.i48.i32.i32, i48 %layer9_out_read, i32 18, i32 23" [firmware/nnet_utils/nnet_dense_stream.h:35]   --->   Operation 58 'partselect' 'trunc_ln35_1' <Predicate = true> <Delay = 0.00>
ST_2 : Operation 59 [1/1] (0.00ns)   --->   "%trunc_ln35_2 = partselect i6 @_ssdm_op_PartSelect.i6.i48.i32.i32, i48 %layer9_out_read, i32 24, i32 29" [firmware/nnet_utils/nnet_dense_stream.h:35]   --->   Operation 59 'partselect' 'trunc_ln35_2' <Predicate = true> <Delay = 0.00>
ST_2 : Operation 60 [1/1] (0.00ns)   --->   "%trunc_ln35_3 = partselect i6 @_ssdm_op_PartSelect.i6.i48.i32.i32, i48 %layer9_out_read, i32 30, i32 35" [firmware/nnet_utils/nnet_dense_stream.h:35]   --->   Operation 60 'partselect' 'trunc_ln35_3' <Predicate = true> <Delay = 0.00>
ST_2 : Operation 61 [1/1] (0.00ns)   --->   "%store_ln39 = store i6 %trunc_ln35_7, i6 %data_V_7" [firmware/nnet_utils/nnet_dense_stream.h:39]   --->   Operation 61 'store' 'store_ln39' <Predicate = (trunc_ln39 == 2)> <Delay = 0.00>
ST_2 : Operation 62 [1/1] (0.00ns)   --->   "%store_ln39 = store i6 %trunc_ln35_6, i6 %data_V_6" [firmware/nnet_utils/nnet_dense_stream.h:39]   --->   Operation 62 'store' 'store_ln39' <Predicate = (trunc_ln39 == 2)> <Delay = 0.00>
ST_2 : Operation 63 [1/1] (0.00ns)   --->   "%store_ln39 = store i6 %trunc_ln35_3, i6 %data_V_5" [firmware/nnet_utils/nnet_dense_stream.h:39]   --->   Operation 63 'store' 'store_ln39' <Predicate = (trunc_ln39 == 2)> <Delay = 0.00>
ST_2 : Operation 64 [1/1] (0.00ns)   --->   "%store_ln39 = store i6 %trunc_ln35_2, i6 %data_V_4" [firmware/nnet_utils/nnet_dense_stream.h:39]   --->   Operation 64 'store' 'store_ln39' <Predicate = (trunc_ln39 == 2)> <Delay = 0.00>
ST_2 : Operation 65 [1/1] (0.00ns)   --->   "%store_ln39 = store i6 %trunc_ln35_1, i6 %data_V_3" [firmware/nnet_utils/nnet_dense_stream.h:39]   --->   Operation 65 'store' 'store_ln39' <Predicate = (trunc_ln39 == 2)> <Delay = 0.00>
ST_2 : Operation 66 [1/1] (0.00ns)   --->   "%store_ln39 = store i6 %trunc_ln35_s, i6 %data_V_2" [firmware/nnet_utils/nnet_dense_stream.h:39]   --->   Operation 66 'store' 'store_ln39' <Predicate = (trunc_ln39 == 2)> <Delay = 0.00>
ST_2 : Operation 67 [1/1] (0.00ns)   --->   "%store_ln39 = store i6 %trunc_ln35_9, i6 %data_V_1" [firmware/nnet_utils/nnet_dense_stream.h:39]   --->   Operation 67 'store' 'store_ln39' <Predicate = (trunc_ln39 == 2)> <Delay = 0.00>
ST_2 : Operation 68 [1/1] (0.00ns)   --->   "%store_ln39 = store i6 %trunc_ln35, i6 %data_V" [firmware/nnet_utils/nnet_dense_stream.h:39]   --->   Operation 68 'store' 'store_ln39' <Predicate = (trunc_ln39 == 2)> <Delay = 0.00>
ST_2 : Operation 69 [1/1] (0.00ns)   --->   "%br_ln39 = br void %arrayidx.i2.7.exit" [firmware/nnet_utils/nnet_dense_stream.h:39]   --->   Operation 69 'br' 'br_ln39' <Predicate = (trunc_ln39 == 2)> <Delay = 0.00>
ST_2 : Operation 70 [1/1] (0.00ns)   --->   "%store_ln39 = store i6 %trunc_ln35_7, i6 %data_V_15" [firmware/nnet_utils/nnet_dense_stream.h:39]   --->   Operation 70 'store' 'store_ln39' <Predicate = (trunc_ln39 == 1)> <Delay = 0.00>
ST_2 : Operation 71 [1/1] (0.00ns)   --->   "%store_ln39 = store i6 %trunc_ln35_6, i6 %data_V_14" [firmware/nnet_utils/nnet_dense_stream.h:39]   --->   Operation 71 'store' 'store_ln39' <Predicate = (trunc_ln39 == 1)> <Delay = 0.00>
ST_2 : Operation 72 [1/1] (0.00ns)   --->   "%store_ln39 = store i6 %trunc_ln35_3, i6 %data_V_13" [firmware/nnet_utils/nnet_dense_stream.h:39]   --->   Operation 72 'store' 'store_ln39' <Predicate = (trunc_ln39 == 1)> <Delay = 0.00>
ST_2 : Operation 73 [1/1] (0.00ns)   --->   "%store_ln39 = store i6 %trunc_ln35_2, i6 %data_V_12" [firmware/nnet_utils/nnet_dense_stream.h:39]   --->   Operation 73 'store' 'store_ln39' <Predicate = (trunc_ln39 == 1)> <Delay = 0.00>
ST_2 : Operation 74 [1/1] (0.00ns)   --->   "%store_ln39 = store i6 %trunc_ln35_1, i6 %data_V_11" [firmware/nnet_utils/nnet_dense_stream.h:39]   --->   Operation 74 'store' 'store_ln39' <Predicate = (trunc_ln39 == 1)> <Delay = 0.00>
ST_2 : Operation 75 [1/1] (0.00ns)   --->   "%store_ln39 = store i6 %trunc_ln35_s, i6 %data_V_10" [firmware/nnet_utils/nnet_dense_stream.h:39]   --->   Operation 75 'store' 'store_ln39' <Predicate = (trunc_ln39 == 1)> <Delay = 0.00>
ST_2 : Operation 76 [1/1] (0.00ns)   --->   "%store_ln39 = store i6 %trunc_ln35_9, i6 %data_V_9" [firmware/nnet_utils/nnet_dense_stream.h:39]   --->   Operation 76 'store' 'store_ln39' <Predicate = (trunc_ln39 == 1)> <Delay = 0.00>
ST_2 : Operation 77 [1/1] (0.00ns)   --->   "%store_ln39 = store i6 %trunc_ln35, i6 %data_V_8" [firmware/nnet_utils/nnet_dense_stream.h:39]   --->   Operation 77 'store' 'store_ln39' <Predicate = (trunc_ln39 == 1)> <Delay = 0.00>
ST_2 : Operation 78 [1/1] (0.00ns)   --->   "%br_ln39 = br void %arrayidx.i2.7.exit" [firmware/nnet_utils/nnet_dense_stream.h:39]   --->   Operation 78 'br' 'br_ln39' <Predicate = (trunc_ln39 == 1)> <Delay = 0.00>
ST_2 : Operation 79 [1/1] (0.00ns)   --->   "%store_ln39 = store i6 %trunc_ln35_7, i6 %data_V_23" [firmware/nnet_utils/nnet_dense_stream.h:39]   --->   Operation 79 'store' 'store_ln39' <Predicate = (trunc_ln39 == 0)> <Delay = 0.00>
ST_2 : Operation 80 [1/1] (0.00ns)   --->   "%store_ln39 = store i6 %trunc_ln35_6, i6 %data_V_22" [firmware/nnet_utils/nnet_dense_stream.h:39]   --->   Operation 80 'store' 'store_ln39' <Predicate = (trunc_ln39 == 0)> <Delay = 0.00>
ST_2 : Operation 81 [1/1] (0.00ns)   --->   "%store_ln39 = store i6 %trunc_ln35_3, i6 %data_V_21" [firmware/nnet_utils/nnet_dense_stream.h:39]   --->   Operation 81 'store' 'store_ln39' <Predicate = (trunc_ln39 == 0)> <Delay = 0.00>
ST_2 : Operation 82 [1/1] (0.00ns)   --->   "%store_ln39 = store i6 %trunc_ln35_2, i6 %data_V_20" [firmware/nnet_utils/nnet_dense_stream.h:39]   --->   Operation 82 'store' 'store_ln39' <Predicate = (trunc_ln39 == 0)> <Delay = 0.00>
ST_2 : Operation 83 [1/1] (0.00ns)   --->   "%store_ln39 = store i6 %trunc_ln35_1, i6 %data_V_19" [firmware/nnet_utils/nnet_dense_stream.h:39]   --->   Operation 83 'store' 'store_ln39' <Predicate = (trunc_ln39 == 0)> <Delay = 0.00>
ST_2 : Operation 84 [1/1] (0.00ns)   --->   "%store_ln39 = store i6 %trunc_ln35_s, i6 %data_V_18" [firmware/nnet_utils/nnet_dense_stream.h:39]   --->   Operation 84 'store' 'store_ln39' <Predicate = (trunc_ln39 == 0)> <Delay = 0.00>
ST_2 : Operation 85 [1/1] (0.00ns)   --->   "%store_ln39 = store i6 %trunc_ln35_9, i6 %data_V_17" [firmware/nnet_utils/nnet_dense_stream.h:39]   --->   Operation 85 'store' 'store_ln39' <Predicate = (trunc_ln39 == 0)> <Delay = 0.00>
ST_2 : Operation 86 [1/1] (0.00ns)   --->   "%store_ln39 = store i6 %trunc_ln35, i6 %data_V_16" [firmware/nnet_utils/nnet_dense_stream.h:39]   --->   Operation 86 'store' 'store_ln39' <Predicate = (trunc_ln39 == 0)> <Delay = 0.00>
ST_2 : Operation 87 [1/1] (0.00ns)   --->   "%br_ln39 = br void %arrayidx.i2.7.exit" [firmware/nnet_utils/nnet_dense_stream.h:39]   --->   Operation 87 'br' 'br_ln39' <Predicate = (trunc_ln39 == 0)> <Delay = 0.00>
ST_2 : Operation 88 [1/1] (0.00ns)   --->   "%store_ln39 = store i6 %trunc_ln35_7, i6 %data_V_31" [firmware/nnet_utils/nnet_dense_stream.h:39]   --->   Operation 88 'store' 'store_ln39' <Predicate = (trunc_ln39 == 3)> <Delay = 0.00>
ST_2 : Operation 89 [1/1] (0.00ns)   --->   "%store_ln39 = store i6 %trunc_ln35_6, i6 %data_V_30" [firmware/nnet_utils/nnet_dense_stream.h:39]   --->   Operation 89 'store' 'store_ln39' <Predicate = (trunc_ln39 == 3)> <Delay = 0.00>
ST_2 : Operation 90 [1/1] (0.00ns)   --->   "%store_ln39 = store i6 %trunc_ln35_3, i6 %data_V_29" [firmware/nnet_utils/nnet_dense_stream.h:39]   --->   Operation 90 'store' 'store_ln39' <Predicate = (trunc_ln39 == 3)> <Delay = 0.00>
ST_2 : Operation 91 [1/1] (0.00ns)   --->   "%store_ln39 = store i6 %trunc_ln35_2, i6 %data_V_28" [firmware/nnet_utils/nnet_dense_stream.h:39]   --->   Operation 91 'store' 'store_ln39' <Predicate = (trunc_ln39 == 3)> <Delay = 0.00>
ST_2 : Operation 92 [1/1] (0.00ns)   --->   "%store_ln39 = store i6 %trunc_ln35_1, i6 %data_V_27" [firmware/nnet_utils/nnet_dense_stream.h:39]   --->   Operation 92 'store' 'store_ln39' <Predicate = (trunc_ln39 == 3)> <Delay = 0.00>
ST_2 : Operation 93 [1/1] (0.00ns)   --->   "%store_ln39 = store i6 %trunc_ln35_s, i6 %data_V_26" [firmware/nnet_utils/nnet_dense_stream.h:39]   --->   Operation 93 'store' 'store_ln39' <Predicate = (trunc_ln39 == 3)> <Delay = 0.00>
ST_2 : Operation 94 [1/1] (0.00ns)   --->   "%store_ln39 = store i6 %trunc_ln35_9, i6 %data_V_25" [firmware/nnet_utils/nnet_dense_stream.h:39]   --->   Operation 94 'store' 'store_ln39' <Predicate = (trunc_ln39 == 3)> <Delay = 0.00>
ST_2 : Operation 95 [1/1] (0.00ns)   --->   "%store_ln39 = store i6 %trunc_ln35, i6 %data_V_24" [firmware/nnet_utils/nnet_dense_stream.h:39]   --->   Operation 95 'store' 'store_ln39' <Predicate = (trunc_ln39 == 3)> <Delay = 0.00>
ST_2 : Operation 96 [1/1] (0.00ns)   --->   "%br_ln39 = br void %arrayidx.i2.7.exit" [firmware/nnet_utils/nnet_dense_stream.h:39]   --->   Operation 96 'br' 'br_ln39' <Predicate = (trunc_ln39 == 3)> <Delay = 0.00>


============================================================
+ Verbose Summary: Timing violations
============================================================
Target clock period: 5ns, clock uncertainty: 1.35ns.

 <State 1>: 3.24ns
The critical path consists of the following:
	'alloca' operation ('i_in') [34]  (0 ns)
	'load' operation ('i_in', firmware/nnet_utils/nnet_dense_stream.h:39) on local variable 'i_in' [71]  (0 ns)
	'add' operation ('add_ln33', firmware/nnet_utils/nnet_dense_stream.h:33) [74]  (1.65 ns)
	'store' operation ('store_ln33', firmware/nnet_utils/nnet_dense_stream.h:33) of variable 'add_ln33', firmware/nnet_utils/nnet_dense_stream.h:33 on local variable 'i_in' [131]  (1.59 ns)

 <State 2>: 1.83ns
The critical path consists of the following:
	fifo read operation ('layer9_out_read', firmware/nnet_utils/nnet_dense_stream.h:35) on port 'layer9_out' (firmware/nnet_utils/nnet_dense_stream.h:35) [79]  (1.83 ns)
	'store' operation ('store_ln39', firmware/nnet_utils/nnet_dense_stream.h:39) of variable 'trunc_ln35_7', firmware/nnet_utils/nnet_dense_stream.h:35 on local variable 'data_V_7' [91]  (0 ns)


============================================================
+ Verbose Summary: Binding
============================================================
N/A
* FSMD analyzer results:
  - Output states:
 - Input state : 
  - Chain level:
	State 1
	State 2


============================================================
+ Verbose Summary: Datapath Resource usage 
============================================================
N/A
