/home/yvan/Bureau/Projekt/PA2/MNIST/model_personDetection/hls4ml_prj_qat/myproject_prj/solution1/.autopilot/db/myproject.pp.0.cpp:28377:7: warning: Added loop label VITIS_LOOP_1211_1:   [xilinx-label-all-loops]
      for (i = 0; i < __N - 1; ++i) {
      ^~~
      VITIS_LOOP_1211_1: 
/home/yvan/Bureau/Projekt/PA2/MNIST/model_personDetection/hls4ml_prj_qat/myproject_prj/solution1/.autopilot/db/myproject.pp.0.cpp:28377:7: note: FIX-IT applied suggested code changes
/home/yvan/Bureau/Projekt/PA2/MNIST/model_personDetection/hls4ml_prj_qat/myproject_prj/solution1/.autopilot/db/myproject.pp.0.cpp:29351:5: warning: Added loop label VITIS_LOOP_676_1:   [xilinx-label-all-loops]
    for (unsigned i = low; i != high; ++i) {
    ^~~
    VITIS_LOOP_676_1: 
/home/yvan/Bureau/Projekt/PA2/MNIST/model_personDetection/hls4ml_prj_qat/myproject_prj/solution1/.autopilot/db/myproject.pp.0.cpp:29351:5: note: FIX-IT applied suggested code changes
/home/yvan/Bureau/Projekt/PA2/MNIST/model_personDetection/hls4ml_prj_qat/myproject_prj/solution1/.autopilot/db/myproject.pp.0.cpp:29365:5: warning: Added loop label VITIS_LOOP_690_1:   [xilinx-label-all-loops]
    for (unsigned i = low; i != high; ++i) {
    ^~~
    VITIS_LOOP_690_1: 
/home/yvan/Bureau/Projekt/PA2/MNIST/model_personDetection/hls4ml_prj_qat/myproject_prj/solution1/.autopilot/db/myproject.pp.0.cpp:29365:5: note: FIX-IT applied suggested code changes
/home/yvan/Bureau/Projekt/PA2/MNIST/model_personDetection/hls4ml_prj_qat/myproject_prj/solution1/.autopilot/db/myproject.pp.0.cpp:29379:5: warning: Added loop label VITIS_LOOP_704_1:   [xilinx-label-all-loops]
    for (unsigned i = low; i != high; ++i) {
    ^~~
    VITIS_LOOP_704_1: 
/home/yvan/Bureau/Projekt/PA2/MNIST/model_personDetection/hls4ml_prj_qat/myproject_prj/solution1/.autopilot/db/myproject.pp.0.cpp:29379:5: note: FIX-IT applied suggested code changes
/home/yvan/Bureau/Projekt/PA2/MNIST/model_personDetection/hls4ml_prj_qat/myproject_prj/solution1/.autopilot/db/myproject.pp.0.cpp:30978:7: warning: Added loop label VITIS_LOOP_1245_1:   [xilinx-label-all-loops]
      for (i = 0; i < __N - 1; ++i) {
      ^~~
      VITIS_LOOP_1245_1: 
/home/yvan/Bureau/Projekt/PA2/MNIST/model_personDetection/hls4ml_prj_qat/myproject_prj/solution1/.autopilot/db/myproject.pp.0.cpp:30978:7: note: FIX-IT applied suggested code changes
/home/yvan/Bureau/Projekt/PA2/MNIST/model_personDetection/hls4ml_prj_qat/myproject_prj/solution1/.autopilot/db/myproject.pp.0.cpp:32963:9: warning: Added loop label VITIS_LOOP_27_1:   [xilinx-label-all-loops]
        for (unsigned i = 0; i < N; i++) {
        ^~~
        VITIS_LOOP_27_1: 
/home/yvan/Bureau/Projekt/PA2/MNIST/model_personDetection/hls4ml_prj_qat/myproject_prj/solution1/.autopilot/db/myproject.pp.0.cpp:32963:9: note: FIX-IT applied suggested code changes
/home/yvan/Bureau/Projekt/PA2/MNIST/model_personDetection/hls4ml_prj_qat/myproject_prj/solution1/.autopilot/db/myproject.pp.0.cpp:32976:9: warning: Added loop label VITIS_LOOP_40_1:   [xilinx-label-all-loops]
        for (size_t i = 0; i < N; i++) {
        ^~~
        VITIS_LOOP_40_1: 
/home/yvan/Bureau/Projekt/PA2/MNIST/model_personDetection/hls4ml_prj_qat/myproject_prj/solution1/.autopilot/db/myproject.pp.0.cpp:32976:9: note: FIX-IT applied suggested code changes
/home/yvan/Bureau/Projekt/PA2/MNIST/model_personDetection/hls4ml_prj_qat/myproject_prj/solution1/.autopilot/db/myproject.pp.0.cpp:56179:5: warning: Added loop label VITIS_LOOP_265_1:   [xilinx-label-all-loops]
    for (typename std::vector<src_T>::const_iterator i = in_begin; i != in_end; ++i) {
    ^~~
    VITIS_LOOP_265_1: 
/home/yvan/Bureau/Projekt/PA2/MNIST/model_personDetection/hls4ml_prj_qat/myproject_prj/solution1/.autopilot/db/myproject.pp.0.cpp:56179:5: note: FIX-IT applied suggested code changes
/home/yvan/Bureau/Projekt/PA2/MNIST/model_personDetection/hls4ml_prj_qat/myproject_prj/solution1/.autopilot/db/myproject.pp.0.cpp:56189:5: warning: Added loop label VITIS_LOOP_275_1:   [xilinx-label-all-loops]
    for (auto i = 0; i < SIZE; i++)
    ^~~
    VITIS_LOOP_275_1: 
/home/yvan/Bureau/Projekt/PA2/MNIST/model_personDetection/hls4ml_prj_qat/myproject_prj/solution1/.autopilot/db/myproject.pp.0.cpp:56189:5: note: FIX-IT applied suggested code changes
/home/yvan/Bureau/Projekt/PA2/MNIST/model_personDetection/hls4ml_prj_qat/myproject_prj/solution1/.autopilot/db/myproject.pp.0.cpp:56200:5: warning: Added loop label VITIS_LOOP_286_1:   [xilinx-label-all-loops]
    for (int i = 0; i < SIZE; i++) {
    ^~~
    VITIS_LOOP_286_1: 
/home/yvan/Bureau/Projekt/PA2/MNIST/model_personDetection/hls4ml_prj_qat/myproject_prj/solution1/.autopilot/db/myproject.pp.0.cpp:56200:5: note: FIX-IT applied suggested code changes
/home/yvan/Bureau/Projekt/PA2/MNIST/model_personDetection/hls4ml_prj_qat/myproject_prj/solution1/.autopilot/db/myproject.pp.0.cpp:56207:5: warning: Added loop label VITIS_LOOP_293_1:   [xilinx-label-all-loops]
    for (int i = 0; i < SIZE / res_T::size; i++) {
    ^~~
    VITIS_LOOP_293_1: 
/home/yvan/Bureau/Projekt/PA2/MNIST/model_personDetection/hls4ml_prj_qat/myproject_prj/solution1/.autopilot/db/myproject.pp.0.cpp:56207:5: note: FIX-IT applied suggested code changes
/home/yvan/Bureau/Projekt/PA2/MNIST/model_personDetection/hls4ml_prj_qat/myproject_prj/solution1/.autopilot/db/myproject.pp.0.cpp:56209:9: warning: Added loop label VITIS_LOOP_295_2:   [xilinx-label-all-loops]
        for (int j = 0; j < res_T::size; j++) {
        ^~~
        VITIS_LOOP_295_2: 
/home/yvan/Bureau/Projekt/PA2/MNIST/model_personDetection/hls4ml_prj_qat/myproject_prj/solution1/.autopilot/db/myproject.pp.0.cpp:56209:9: note: FIX-IT applied suggested code changes
/home/yvan/Bureau/Projekt/PA2/MNIST/model_personDetection/hls4ml_prj_qat/myproject_prj/solution1/.autopilot/db/myproject.pp.0.cpp:56221:5: warning: Added loop label VITIS_LOOP_307_1:   [xilinx-label-all-loops]
    for (int i = 0; i < SIZE / data_T::size; i++) {
    ^~~
    VITIS_LOOP_307_1: 
/home/yvan/Bureau/Projekt/PA2/MNIST/model_personDetection/hls4ml_prj_qat/myproject_prj/solution1/.autopilot/db/myproject.pp.0.cpp:56221:5: note: FIX-IT applied suggested code changes
/home/yvan/Bureau/Projekt/PA2/MNIST/model_personDetection/hls4ml_prj_qat/myproject_prj/solution1/.autopilot/db/myproject.pp.0.cpp:56223:9: warning: Added loop label VITIS_LOOP_309_2:   [xilinx-label-all-loops]
        for (int j = 0; j < data_T::size; j++) {
        ^~~
        VITIS_LOOP_309_2: 
/home/yvan/Bureau/Projekt/PA2/MNIST/model_personDetection/hls4ml_prj_qat/myproject_prj/solution1/.autopilot/db/myproject.pp.0.cpp:56223:9: note: FIX-IT applied suggested code changes
/home/yvan/Bureau/Projekt/PA2/MNIST/model_personDetection/hls4ml_prj_qat/myproject_prj/solution1/.autopilot/db/myproject.pp.0.cpp:56238:5: warning: Added loop label VITIS_LOOP_324_1:   [xilinx-label-all-loops]
    for (int ii = 0; ii < nrows; ii++) {
    ^~~
    VITIS_LOOP_324_1: 
/home/yvan/Bureau/Projekt/PA2/MNIST/model_personDetection/hls4ml_prj_qat/myproject_prj/solution1/.autopilot/db/myproject.pp.0.cpp:56238:5: note: FIX-IT applied suggested code changes
/home/yvan/Bureau/Projekt/PA2/MNIST/model_personDetection/hls4ml_prj_qat/myproject_prj/solution1/.autopilot/db/myproject.pp.0.cpp:56258:5: warning: Added loop label VITIS_LOOP_344_1:   [xilinx-label-all-loops]
    for (int ii = 0; ii < nrows; ii++) {
    ^~~
    VITIS_LOOP_344_1: 
/home/yvan/Bureau/Projekt/PA2/MNIST/model_personDetection/hls4ml_prj_qat/myproject_prj/solution1/.autopilot/db/myproject.pp.0.cpp:56258:5: note: FIX-IT applied suggested code changes
/home/yvan/Bureau/Projekt/PA2/MNIST/model_personDetection/hls4ml_prj_qat/myproject_prj/solution1/.autopilot/db/myproject.pp.0.cpp:56259:9: warning: Added loop label VITIS_LOOP_345_2:   [xilinx-label-all-loops]
        for (int jj = 0; jj < ncols; jj++) {
        ^~~
        VITIS_LOOP_345_2: 
/home/yvan/Bureau/Projekt/PA2/MNIST/model_personDetection/hls4ml_prj_qat/myproject_prj/solution1/.autopilot/db/myproject.pp.0.cpp:56259:9: note: FIX-IT applied suggested code changes
/home/yvan/Bureau/Projekt/PA2/MNIST/model_personDetection/hls4ml_prj_qat/myproject_prj/solution1/.autopilot/db/myproject.pp.0.cpp:56274:5: warning: Added loop label VITIS_LOOP_360_1:   [xilinx-label-all-loops]
    for (int ii = 0; ii < N_IN; ii++) {
    ^~~
    VITIS_LOOP_360_1: 
/home/yvan/Bureau/Projekt/PA2/MNIST/model_personDetection/hls4ml_prj_qat/myproject_prj/solution1/.autopilot/db/myproject.pp.0.cpp:56274:5: note: FIX-IT applied suggested code changes
/home/yvan/Bureau/Projekt/PA2/MNIST/model_personDetection/hls4ml_prj_qat/myproject_prj/solution1/.autopilot/db/myproject.pp.0.cpp:56281:5: warning: Added loop label VITIS_LOOP_367_1:   [xilinx-label-all-loops]
    for (int ii = 0; ii < N_IN; ii++) {
    ^~~
    VITIS_LOOP_367_1: 
/home/yvan/Bureau/Projekt/PA2/MNIST/model_personDetection/hls4ml_prj_qat/myproject_prj/solution1/.autopilot/db/myproject.pp.0.cpp:56281:5: note: FIX-IT applied suggested code changes
/home/yvan/Bureau/Projekt/PA2/MNIST/model_personDetection/hls4ml_prj_qat/myproject_prj/solution1/.autopilot/db/myproject.pp.0.cpp:56591:5: warning: Added loop label VITIS_LOOP_136_1:   [xilinx-label-all-loops]
    for (int ii = 0; ii < CONFIG_T::out_width / CONFIG_T::reuse_factor; ii++) {
    ^~~
    VITIS_LOOP_136_1: 
/home/yvan/Bureau/Projekt/PA2/MNIST/model_personDetection/hls4ml_prj_qat/myproject_prj/solution1/.autopilot/db/myproject.pp.0.cpp:56591:5: note: FIX-IT applied suggested code changes
/home/yvan/Bureau/Projekt/PA2/MNIST/model_personDetection/hls4ml_prj_qat/myproject_prj/solution1/.autopilot/db/myproject.pp.0.cpp:56592:9: warning: Added loop label VITIS_LOOP_137_2:   [xilinx-label-all-loops]
        for (int ff = 0; ff < CONFIG_T::n_filt; ff++) {
        ^~~
        VITIS_LOOP_137_2: 
/home/yvan/Bureau/Projekt/PA2/MNIST/model_personDetection/hls4ml_prj_qat/myproject_prj/solution1/.autopilot/db/myproject.pp.0.cpp:56592:9: note: FIX-IT applied suggested code changes
/home/yvan/Bureau/Projekt/PA2/MNIST/model_personDetection/hls4ml_prj_qat/myproject_prj/solution1/.autopilot/db/myproject.pp.0.cpp:56613:5: warning: Added loop label VITIS_LOOP_158_3:   [xilinx-label-all-loops]
    for (int ii = 0; ii < CONFIG_T::out_width / CONFIG_T::reuse_factor; ii++) {
    ^~~
    VITIS_LOOP_158_3: 
/home/yvan/Bureau/Projekt/PA2/MNIST/model_personDetection/hls4ml_prj_qat/myproject_prj/solution1/.autopilot/db/myproject.pp.0.cpp:56613:5: note: FIX-IT applied suggested code changes
/home/yvan/Bureau/Projekt/PA2/MNIST/model_personDetection/hls4ml_prj_qat/myproject_prj/solution1/.autopilot/db/myproject.pp.0.cpp:56614:9: warning: Added loop label VITIS_LOOP_159_4:   [xilinx-label-all-loops]
        for (int ff = 0; ff < CONFIG_T::n_filt; ff++) {
        ^~~
        VITIS_LOOP_159_4: 
/home/yvan/Bureau/Projekt/PA2/MNIST/model_personDetection/hls4ml_prj_qat/myproject_prj/solution1/.autopilot/db/myproject.pp.0.cpp:56614:9: note: FIX-IT applied suggested code changes
/home/yvan/Bureau/Projekt/PA2/MNIST/model_personDetection/hls4ml_prj_qat/myproject_prj/solution1/.autopilot/db/myproject.pp.0.cpp:56732:2: warning: Added loop label VITIS_LOOP_31_1:   [xilinx-label-all-loops]
 for (int ii = 0; ii < CONFIG_T::n_in; ii++) {
 ^~~
 VITIS_LOOP_31_1: 
/home/yvan/Bureau/Projekt/PA2/MNIST/model_personDetection/hls4ml_prj_qat/myproject_prj/solution1/.autopilot/db/myproject.pp.0.cpp:56732:2: note: FIX-IT applied suggested code changes
/home/yvan/Bureau/Projekt/PA2/MNIST/model_personDetection/hls4ml_prj_qat/myproject_prj/solution1/.autopilot/db/myproject.pp.0.cpp:56744:5: warning: Added loop label VITIS_LOOP_43_1:   [xilinx-label-all-loops]
    for (int ii = 0; ii < CONFIG_T::n_in; ii++) {
    ^~~
    VITIS_LOOP_43_1: 
/home/yvan/Bureau/Projekt/PA2/MNIST/model_personDetection/hls4ml_prj_qat/myproject_prj/solution1/.autopilot/db/myproject.pp.0.cpp:56744:5: note: FIX-IT applied suggested code changes
/home/yvan/Bureau/Projekt/PA2/MNIST/model_personDetection/hls4ml_prj_qat/myproject_prj/solution1/.autopilot/db/myproject.pp.0.cpp:56758:5: warning: Added loop label VITIS_LOOP_57_1:   [xilinx-label-all-loops]
    for (int ii = 0; ii < CONFIG_T::n_in; ii++) {
    ^~~
    VITIS_LOOP_57_1: 
/home/yvan/Bureau/Projekt/PA2/MNIST/model_personDetection/hls4ml_prj_qat/myproject_prj/solution1/.autopilot/db/myproject.pp.0.cpp:56758:5: note: FIX-IT applied suggested code changes
/home/yvan/Bureau/Projekt/PA2/MNIST/model_personDetection/hls4ml_prj_qat/myproject_prj/solution1/.autopilot/db/myproject.pp.0.cpp:56785:5: warning: Added loop label VITIS_LOOP_84_1:   [xilinx-label-all-loops]
    for (int ii = 0; ii < N_TABLE; ii++) {
    ^~~
    VITIS_LOOP_84_1: 
/home/yvan/Bureau/Projekt/PA2/MNIST/model_personDetection/hls4ml_prj_qat/myproject_prj/solution1/.autopilot/db/myproject.pp.0.cpp:56785:5: note: FIX-IT applied suggested code changes
/home/yvan/Bureau/Projekt/PA2/MNIST/model_personDetection/hls4ml_prj_qat/myproject_prj/solution1/.autopilot/db/myproject.pp.0.cpp:56815:5: warning: Added loop label VITIS_LOOP_114_1:   [xilinx-label-all-loops]
    for (int ii = 0; ii < CONFIG_T::n_in; ii++) {
    ^~~
    VITIS_LOOP_114_1: 
/home/yvan/Bureau/Projekt/PA2/MNIST/model_personDetection/hls4ml_prj_qat/myproject_prj/solution1/.autopilot/db/myproject.pp.0.cpp:56815:5: note: FIX-IT applied suggested code changes
/home/yvan/Bureau/Projekt/PA2/MNIST/model_personDetection/hls4ml_prj_qat/myproject_prj/solution1/.autopilot/db/myproject.pp.0.cpp:56852:5: warning: Added loop label VITIS_LOOP_151_1:   [xilinx-label-all-loops]
    for (unsigned i = 0; i < CONFIG_T::table_size; i++) {
    ^~~
    VITIS_LOOP_151_1: 
/home/yvan/Bureau/Projekt/PA2/MNIST/model_personDetection/hls4ml_prj_qat/myproject_prj/solution1/.autopilot/db/myproject.pp.0.cpp:56852:5: note: FIX-IT applied suggested code changes
/home/yvan/Bureau/Projekt/PA2/MNIST/model_personDetection/hls4ml_prj_qat/myproject_prj/solution1/.autopilot/db/myproject.pp.0.cpp:56863:5: warning: Added loop label VITIS_LOOP_162_1:   [xilinx-label-all-loops]
    for (unsigned i = 0; i < CONFIG_T::table_size; i++) {
    ^~~
    VITIS_LOOP_162_1: 
/home/yvan/Bureau/Projekt/PA2/MNIST/model_personDetection/hls4ml_prj_qat/myproject_prj/solution1/.autopilot/db/myproject.pp.0.cpp:56863:5: note: FIX-IT applied suggested code changes
/home/yvan/Bureau/Projekt/PA2/MNIST/model_personDetection/hls4ml_prj_qat/myproject_prj/solution1/.autopilot/db/myproject.pp.0.cpp:56896:5: warning: Added loop label VITIS_LOOP_195_1:   [xilinx-label-all-loops]
    for (unsigned i = 0; i < CONFIG_T::n_in; i++) {
    ^~~
    VITIS_LOOP_195_1: 
/home/yvan/Bureau/Projekt/PA2/MNIST/model_personDetection/hls4ml_prj_qat/myproject_prj/solution1/.autopilot/db/myproject.pp.0.cpp:56896:5: note: FIX-IT applied suggested code changes
/home/yvan/Bureau/Projekt/PA2/MNIST/model_personDetection/hls4ml_prj_qat/myproject_prj/solution1/.autopilot/db/myproject.pp.0.cpp:56910:5: warning: Added loop label VITIS_LOOP_209_2:   [xilinx-label-all-loops]
    for (unsigned i = 0; i < CONFIG_T::n_in; i++) {
    ^~~
    VITIS_LOOP_209_2: 
/home/yvan/Bureau/Projekt/PA2/MNIST/model_personDetection/hls4ml_prj_qat/myproject_prj/solution1/.autopilot/db/myproject.pp.0.cpp:56910:5: note: FIX-IT applied suggested code changes
/home/yvan/Bureau/Projekt/PA2/MNIST/model_personDetection/hls4ml_prj_qat/myproject_prj/solution1/.autopilot/db/myproject.pp.0.cpp:56944:5: warning: Added loop label VITIS_LOOP_243_1:   [xilinx-label-all-loops]
    for (unsigned i = 0; i < CONFIG_T::n_in; i++) {
    ^~~
    VITIS_LOOP_243_1: 
/home/yvan/Bureau/Projekt/PA2/MNIST/model_personDetection/hls4ml_prj_qat/myproject_prj/solution1/.autopilot/db/myproject.pp.0.cpp:56944:5: note: FIX-IT applied suggested code changes
/home/yvan/Bureau/Projekt/PA2/MNIST/model_personDetection/hls4ml_prj_qat/myproject_prj/solution1/.autopilot/db/myproject.pp.0.cpp:56953:5: warning: Added loop label VITIS_LOOP_252_2:   [xilinx-label-all-loops]
    for (unsigned i = 0; i < CONFIG_T::n_in; i++) {
    ^~~
    VITIS_LOOP_252_2: 
/home/yvan/Bureau/Projekt/PA2/MNIST/model_personDetection/hls4ml_prj_qat/myproject_prj/solution1/.autopilot/db/myproject.pp.0.cpp:56953:5: note: FIX-IT applied suggested code changes
/home/yvan/Bureau/Projekt/PA2/MNIST/model_personDetection/hls4ml_prj_qat/myproject_prj/solution1/.autopilot/db/myproject.pp.0.cpp:56967:5: warning: Added loop label VITIS_LOOP_266_3:   [xilinx-label-all-loops]
    for (unsigned i = 0; i < CONFIG_T::n_in; i++) {
    ^~~
    VITIS_LOOP_266_3: 
/home/yvan/Bureau/Projekt/PA2/MNIST/model_personDetection/hls4ml_prj_qat/myproject_prj/solution1/.autopilot/db/myproject.pp.0.cpp:56967:5: note: FIX-IT applied suggested code changes
/home/yvan/Bureau/Projekt/PA2/MNIST/model_personDetection/hls4ml_prj_qat/myproject_prj/solution1/.autopilot/db/myproject.pp.0.cpp:56974:5: warning: Added loop label VITIS_LOOP_273_1:   [xilinx-label-all-loops]
    for (int ii = 0; ii < N_TABLE; ii++) {
    ^~~
    VITIS_LOOP_273_1: 
/home/yvan/Bureau/Projekt/PA2/MNIST/model_personDetection/hls4ml_prj_qat/myproject_prj/solution1/.autopilot/db/myproject.pp.0.cpp:56974:5: note: FIX-IT applied suggested code changes
/home/yvan/Bureau/Projekt/PA2/MNIST/model_personDetection/hls4ml_prj_qat/myproject_prj/solution1/.autopilot/db/myproject.pp.0.cpp:56987:5: warning: Added loop label VITIS_LOOP_286_1:   [xilinx-label-all-loops]
    for (int ii = 0; ii < N_TABLE; ii++) {
    ^~~
    VITIS_LOOP_286_1: 
/home/yvan/Bureau/Projekt/PA2/MNIST/model_personDetection/hls4ml_prj_qat/myproject_prj/solution1/.autopilot/db/myproject.pp.0.cpp:56987:5: note: FIX-IT applied suggested code changes
/home/yvan/Bureau/Projekt/PA2/MNIST/model_personDetection/hls4ml_prj_qat/myproject_prj/solution1/.autopilot/db/myproject.pp.0.cpp:57024:5: warning: Added loop label VITIS_LOOP_323_1:   [xilinx-label-all-loops]
    for (int ii = 0; ii < CONFIG_T::n_in; ii++) {
    ^~~
    VITIS_LOOP_323_1: 
/home/yvan/Bureau/Projekt/PA2/MNIST/model_personDetection/hls4ml_prj_qat/myproject_prj/solution1/.autopilot/db/myproject.pp.0.cpp:57024:5: note: FIX-IT applied suggested code changes
/home/yvan/Bureau/Projekt/PA2/MNIST/model_personDetection/hls4ml_prj_qat/myproject_prj/solution1/.autopilot/db/myproject.pp.0.cpp:57029:5: warning: Added loop label VITIS_LOOP_328_2:   [xilinx-label-all-loops]
    for (int ii = 0; ii < CONFIG_T::n_in; ii++) {
    ^~~
    VITIS_LOOP_328_2: 
/home/yvan/Bureau/Projekt/PA2/MNIST/model_personDetection/hls4ml_prj_qat/myproject_prj/solution1/.autopilot/db/myproject.pp.0.cpp:57029:5: note: FIX-IT applied suggested code changes
/home/yvan/Bureau/Projekt/PA2/MNIST/model_personDetection/hls4ml_prj_qat/myproject_prj/solution1/.autopilot/db/myproject.pp.0.cpp:57030:9: warning: Added loop label VITIS_LOOP_329_3:   [xilinx-label-all-loops]
        for (int jj = 0; jj < CONFIG_T::n_in; jj++) {
        ^~~
        VITIS_LOOP_329_3: 
/home/yvan/Bureau/Projekt/PA2/MNIST/model_personDetection/hls4ml_prj_qat/myproject_prj/solution1/.autopilot/db/myproject.pp.0.cpp:57030:9: note: FIX-IT applied suggested code changes
/home/yvan/Bureau/Projekt/PA2/MNIST/model_personDetection/hls4ml_prj_qat/myproject_prj/solution1/.autopilot/db/myproject.pp.0.cpp:57047:5: warning: Added loop label VITIS_LOOP_346_4:   [xilinx-label-all-loops]
    for (int ii = 0; ii < CONFIG_T::n_in; ii++) {
    ^~~
    VITIS_LOOP_346_4: 
/home/yvan/Bureau/Projekt/PA2/MNIST/model_personDetection/hls4ml_prj_qat/myproject_prj/solution1/.autopilot/db/myproject.pp.0.cpp:57047:5: note: FIX-IT applied suggested code changes
/home/yvan/Bureau/Projekt/PA2/MNIST/model_personDetection/hls4ml_prj_qat/myproject_prj/solution1/.autopilot/db/myproject.pp.0.cpp:57060:5: warning: Added loop label VITIS_LOOP_359_1:   [xilinx-label-all-loops]
    for (int i = 0; i < CONFIG_T::n_in; i++) {
    ^~~
    VITIS_LOOP_359_1: 
/home/yvan/Bureau/Projekt/PA2/MNIST/model_personDetection/hls4ml_prj_qat/myproject_prj/solution1/.autopilot/db/myproject.pp.0.cpp:57060:5: note: FIX-IT applied suggested code changes
/home/yvan/Bureau/Projekt/PA2/MNIST/model_personDetection/hls4ml_prj_qat/myproject_prj/solution1/.autopilot/db/myproject.pp.0.cpp:57068:5: warning: Added loop label VITIS_LOOP_367_2:   [xilinx-label-all-loops]
    for (int i = 1; i < CONFIG_T::n_in; i++) {
    ^~~
    VITIS_LOOP_367_2: 
/home/yvan/Bureau/Projekt/PA2/MNIST/model_personDetection/hls4ml_prj_qat/myproject_prj/solution1/.autopilot/db/myproject.pp.0.cpp:57068:5: note: FIX-IT applied suggested code changes
/home/yvan/Bureau/Projekt/PA2/MNIST/model_personDetection/hls4ml_prj_qat/myproject_prj/solution1/.autopilot/db/myproject.pp.0.cpp:57103:5: warning: Added loop label VITIS_LOOP_402_1:   [xilinx-label-all-loops]
    for (int ii = 0; ii < N_TABLE; ii++) {
    ^~~
    VITIS_LOOP_402_1: 
/home/yvan/Bureau/Projekt/PA2/MNIST/model_personDetection/hls4ml_prj_qat/myproject_prj/solution1/.autopilot/db/myproject.pp.0.cpp:57103:5: note: FIX-IT applied suggested code changes
/home/yvan/Bureau/Projekt/PA2/MNIST/model_personDetection/hls4ml_prj_qat/myproject_prj/solution1/.autopilot/db/myproject.pp.0.cpp:57133:5: warning: Added loop label VITIS_LOOP_432_1:   [xilinx-label-all-loops]
    for (int ii = 0; ii < CONFIG_T::n_in; ii++) {
    ^~~
    VITIS_LOOP_432_1: 
/home/yvan/Bureau/Projekt/PA2/MNIST/model_personDetection/hls4ml_prj_qat/myproject_prj/solution1/.autopilot/db/myproject.pp.0.cpp:57133:5: note: FIX-IT applied suggested code changes
/home/yvan/Bureau/Projekt/PA2/MNIST/model_personDetection/hls4ml_prj_qat/myproject_prj/solution1/.autopilot/db/myproject.pp.0.cpp:57160:2: warning: Added loop label VITIS_LOOP_459_1:   [xilinx-label-all-loops]
 for (int ii = 0; ii < CONFIG_T::n_in; ii++) {
 ^~~
 VITIS_LOOP_459_1: 
/home/yvan/Bureau/Projekt/PA2/MNIST/model_personDetection/hls4ml_prj_qat/myproject_prj/solution1/.autopilot/db/myproject.pp.0.cpp:57160:2: note: FIX-IT applied suggested code changes
/home/yvan/Bureau/Projekt/PA2/MNIST/model_personDetection/hls4ml_prj_qat/myproject_prj/solution1/.autopilot/db/myproject.pp.0.cpp:57174:2: warning: Added loop label VITIS_LOOP_473_1:   [xilinx-label-all-loops]
 for (int ii = 0; ii < CONFIG_T::n_in; ii++) {
 ^~~
 VITIS_LOOP_473_1: 
/home/yvan/Bureau/Projekt/PA2/MNIST/model_personDetection/hls4ml_prj_qat/myproject_prj/solution1/.autopilot/db/myproject.pp.0.cpp:57174:2: note: FIX-IT applied suggested code changes
/home/yvan/Bureau/Projekt/PA2/MNIST/model_personDetection/hls4ml_prj_qat/myproject_prj/solution1/.autopilot/db/myproject.pp.0.cpp:57190:5: warning: Added loop label VITIS_LOOP_489_1:   [xilinx-label-all-loops]
    for (int ii = 0; ii < CONFIG_T::n_in; ii++) {
    ^~~
    VITIS_LOOP_489_1: 
/home/yvan/Bureau/Projekt/PA2/MNIST/model_personDetection/hls4ml_prj_qat/myproject_prj/solution1/.autopilot/db/myproject.pp.0.cpp:57190:5: note: FIX-IT applied suggested code changes
/home/yvan/Bureau/Projekt/PA2/MNIST/model_personDetection/hls4ml_prj_qat/myproject_prj/solution1/.autopilot/db/myproject.pp.0.cpp:57208:5: warning: Added loop label VITIS_LOOP_507_1:   [xilinx-label-all-loops]
    for (int ii = 0; ii < CONFIG_T::n_in; ii++) {
    ^~~
    VITIS_LOOP_507_1: 
/home/yvan/Bureau/Projekt/PA2/MNIST/model_personDetection/hls4ml_prj_qat/myproject_prj/solution1/.autopilot/db/myproject.pp.0.cpp:57208:5: note: FIX-IT applied suggested code changes
/home/yvan/Bureau/Projekt/PA2/MNIST/model_personDetection/hls4ml_prj_qat/myproject_prj/solution1/.autopilot/db/myproject.pp.0.cpp:57225:5: warning: Added loop label VITIS_LOOP_524_1:   [xilinx-label-all-loops]
    for (int ii = 0; ii < CONFIG_T::n_in; ii++) {
    ^~~
    VITIS_LOOP_524_1: 
/home/yvan/Bureau/Projekt/PA2/MNIST/model_personDetection/hls4ml_prj_qat/myproject_prj/solution1/.autopilot/db/myproject.pp.0.cpp:57225:5: note: FIX-IT applied suggested code changes
/home/yvan/Bureau/Projekt/PA2/MNIST/model_personDetection/hls4ml_prj_qat/myproject_prj/solution1/.autopilot/db/myproject.pp.0.cpp:57242:5: warning: Added loop label VITIS_LOOP_541_1:   [xilinx-label-all-loops]
    for (int ii = 0; ii < N_TABLE; ii++) {
    ^~~
    VITIS_LOOP_541_1: 
/home/yvan/Bureau/Projekt/PA2/MNIST/model_personDetection/hls4ml_prj_qat/myproject_prj/solution1/.autopilot/db/myproject.pp.0.cpp:57242:5: note: FIX-IT applied suggested code changes
/home/yvan/Bureau/Projekt/PA2/MNIST/model_personDetection/hls4ml_prj_qat/myproject_prj/solution1/.autopilot/db/myproject.pp.0.cpp:57272:5: warning: Added loop label VITIS_LOOP_571_1:   [xilinx-label-all-loops]
    for (int ii = 0; ii < CONFIG_T::n_in; ii++) {
    ^~~
    VITIS_LOOP_571_1: 
/home/yvan/Bureau/Projekt/PA2/MNIST/model_personDetection/hls4ml_prj_qat/myproject_prj/solution1/.autopilot/db/myproject.pp.0.cpp:57272:5: note: FIX-IT applied suggested code changes
/home/yvan/Bureau/Projekt/PA2/MNIST/model_personDetection/hls4ml_prj_qat/myproject_prj/solution1/.autopilot/db/myproject.pp.0.cpp:57291:5: warning: Added loop label VITIS_LOOP_590_1:   [xilinx-label-all-loops]
    for (int ii = 0; ii < N_TABLE; ii++) {
    ^~~
    VITIS_LOOP_590_1: 
/home/yvan/Bureau/Projekt/PA2/MNIST/model_personDetection/hls4ml_prj_qat/myproject_prj/solution1/.autopilot/db/myproject.pp.0.cpp:57291:5: note: FIX-IT applied suggested code changes
/home/yvan/Bureau/Projekt/PA2/MNIST/model_personDetection/hls4ml_prj_qat/myproject_prj/solution1/.autopilot/db/myproject.pp.0.cpp:57321:5: warning: Added loop label VITIS_LOOP_620_1:   [xilinx-label-all-loops]
    for (int ii = 0; ii < CONFIG_T::n_in; ii++) {
    ^~~
    VITIS_LOOP_620_1: 
/home/yvan/Bureau/Projekt/PA2/MNIST/model_personDetection/hls4ml_prj_qat/myproject_prj/solution1/.autopilot/db/myproject.pp.0.cpp:57321:5: note: FIX-IT applied suggested code changes
/home/yvan/Bureau/Projekt/PA2/MNIST/model_personDetection/hls4ml_prj_qat/myproject_prj/solution1/.autopilot/db/myproject.pp.0.cpp:57340:5: warning: Added loop label VITIS_LOOP_639_1:   [xilinx-label-all-loops]
    for (int ii = 0; ii < N_TABLE; ii++) {
    ^~~
    VITIS_LOOP_639_1: 
/home/yvan/Bureau/Projekt/PA2/MNIST/model_personDetection/hls4ml_prj_qat/myproject_prj/solution1/.autopilot/db/myproject.pp.0.cpp:57340:5: note: FIX-IT applied suggested code changes
/home/yvan/Bureau/Projekt/PA2/MNIST/model_personDetection/hls4ml_prj_qat/myproject_prj/solution1/.autopilot/db/myproject.pp.0.cpp:57370:5: warning: Added loop label VITIS_LOOP_669_1:   [xilinx-label-all-loops]
    for (int ii = 0; ii < CONFIG_T::n_in; ii++) {
    ^~~
    VITIS_LOOP_669_1: 
/home/yvan/Bureau/Projekt/PA2/MNIST/model_personDetection/hls4ml_prj_qat/myproject_prj/solution1/.autopilot/db/myproject.pp.0.cpp:57370:5: note: FIX-IT applied suggested code changes
/home/yvan/Bureau/Projekt/PA2/MNIST/model_personDetection/hls4ml_prj_qat/myproject_prj/solution1/.autopilot/db/myproject.pp.0.cpp:57397:5: warning: Added loop label VITIS_LOOP_696_1:   [xilinx-label-all-loops]
    for (int ii = 0; ii < N_TABLE; ii++) {
    ^~~
    VITIS_LOOP_696_1: 
/home/yvan/Bureau/Projekt/PA2/MNIST/model_personDetection/hls4ml_prj_qat/myproject_prj/solution1/.autopilot/db/myproject.pp.0.cpp:57397:5: note: FIX-IT applied suggested code changes
/home/yvan/Bureau/Projekt/PA2/MNIST/model_personDetection/hls4ml_prj_qat/myproject_prj/solution1/.autopilot/db/myproject.pp.0.cpp:57426:5: warning: Added loop label VITIS_LOOP_725_1:   [xilinx-label-all-loops]
    for (int ii = 0; ii < CONFIG_T::n_in; ii++) {
    ^~~
    VITIS_LOOP_725_1: 
/home/yvan/Bureau/Projekt/PA2/MNIST/model_personDetection/hls4ml_prj_qat/myproject_prj/solution1/.autopilot/db/myproject.pp.0.cpp:57426:5: note: FIX-IT applied suggested code changes
/home/yvan/Bureau/Projekt/PA2/MNIST/model_personDetection/hls4ml_prj_qat/myproject_prj/solution1/.autopilot/db/myproject.pp.0.cpp:57447:5: warning: Added loop label VITIS_LOOP_746_1:   [xilinx-label-all-loops]
    for (int ii = 0; ii < CONFIG_T::n_in; ii++) {
    ^~~
    VITIS_LOOP_746_1: 
/home/yvan/Bureau/Projekt/PA2/MNIST/model_personDetection/hls4ml_prj_qat/myproject_prj/solution1/.autopilot/db/myproject.pp.0.cpp:57447:5: note: FIX-IT applied suggested code changes
/home/yvan/Bureau/Projekt/PA2/MNIST/model_personDetection/hls4ml_prj_qat/myproject_prj/solution1/.autopilot/db/myproject.pp.0.cpp:57465:5: warning: Added loop label VITIS_LOOP_764_1:   [xilinx-label-all-loops]
    for (int ii = 0; ii < CONFIG_T::n_in; ii++) {
    ^~~
    VITIS_LOOP_764_1: 
/home/yvan/Bureau/Projekt/PA2/MNIST/model_personDetection/hls4ml_prj_qat/myproject_prj/solution1/.autopilot/db/myproject.pp.0.cpp:57465:5: note: FIX-IT applied suggested code changes
/home/yvan/Bureau/Projekt/PA2/MNIST/model_personDetection/hls4ml_prj_qat/myproject_prj/solution1/.autopilot/db/myproject.pp.0.cpp:57485:5: warning: Added loop label VITIS_LOOP_784_1:   [xilinx-label-all-loops]
    for (int ii = 0; ii < CONFIG_T::n_in; ii++) {
    ^~~
    VITIS_LOOP_784_1: 
/home/yvan/Bureau/Projekt/PA2/MNIST/model_personDetection/hls4ml_prj_qat/myproject_prj/solution1/.autopilot/db/myproject.pp.0.cpp:57485:5: note: FIX-IT applied suggested code changes
/home/yvan/Bureau/Projekt/PA2/MNIST/model_personDetection/hls4ml_prj_qat/myproject_prj/solution1/.autopilot/db/myproject.pp.0.cpp:57581:9: warning: Added loop label VITIS_LOOP_73_1:   [xilinx-label-all-loops]
        for (int i = 0; i < N / data_T::size; i++) {
        ^~~
        VITIS_LOOP_73_1: 
/home/yvan/Bureau/Projekt/PA2/MNIST/model_personDetection/hls4ml_prj_qat/myproject_prj/solution1/.autopilot/db/myproject.pp.0.cpp:57581:9: note: FIX-IT applied suggested code changes
/home/yvan/Bureau/Projekt/PA2/MNIST/model_personDetection/hls4ml_prj_qat/myproject_prj/solution1/.autopilot/db/myproject.pp.0.cpp:57588:13: warning: Added loop label VITIS_LOOP_80_2:   [xilinx-label-all-loops]
            for (int j = 0; j < data_T::size; j++) {
            ^~~
            VITIS_LOOP_80_2: 
/home/yvan/Bureau/Projekt/PA2/MNIST/model_personDetection/hls4ml_prj_qat/myproject_prj/solution1/.autopilot/db/myproject.pp.0.cpp:57588:13: note: FIX-IT applied suggested code changes
/home/yvan/Bureau/Projekt/PA2/MNIST/model_personDetection/hls4ml_prj_qat/myproject_prj/solution1/.autopilot/db/myproject.pp.0.cpp:57597:9: warning: Added loop label VITIS_LOOP_89_3:   [xilinx-label-all-loops]
        for (int i = 0; i < N / data_T::size; i++) {
        ^~~
        VITIS_LOOP_89_3: 
/home/yvan/Bureau/Projekt/PA2/MNIST/model_personDetection/hls4ml_prj_qat/myproject_prj/solution1/.autopilot/db/myproject.pp.0.cpp:57597:9: note: FIX-IT applied suggested code changes
/home/yvan/Bureau/Projekt/PA2/MNIST/model_personDetection/hls4ml_prj_qat/myproject_prj/solution1/.autopilot/db/myproject.pp.0.cpp:57606:13: warning: Added loop label VITIS_LOOP_98_4:   [xilinx-label-all-loops]
            for (int j = 0; j < pack_diff; j++) {
            ^~~
            VITIS_LOOP_98_4: 
/home/yvan/Bureau/Projekt/PA2/MNIST/model_personDetection/hls4ml_prj_qat/myproject_prj/solution1/.autopilot/db/myproject.pp.0.cpp:57606:13: note: FIX-IT applied suggested code changes
/home/yvan/Bureau/Projekt/PA2/MNIST/model_personDetection/hls4ml_prj_qat/myproject_prj/solution1/.autopilot/db/myproject.pp.0.cpp:57610:17: warning: Added loop label VITIS_LOOP_102_5:   [xilinx-label-all-loops]
                for (int k = 0; k < res_T::size; k++) {
                ^~~
                VITIS_LOOP_102_5: 
/home/yvan/Bureau/Projekt/PA2/MNIST/model_personDetection/hls4ml_prj_qat/myproject_prj/solution1/.autopilot/db/myproject.pp.0.cpp:57610:17: note: FIX-IT applied suggested code changes
/home/yvan/Bureau/Projekt/PA2/MNIST/model_personDetection/hls4ml_prj_qat/myproject_prj/solution1/.autopilot/db/myproject.pp.0.cpp:57621:9: warning: Added loop label VITIS_LOOP_113_6:   [xilinx-label-all-loops]
        for (int i = 0; i < N / data_T::size; i++) {
        ^~~
        VITIS_LOOP_113_6: 
/home/yvan/Bureau/Projekt/PA2/MNIST/model_personDetection/hls4ml_prj_qat/myproject_prj/solution1/.autopilot/db/myproject.pp.0.cpp:57621:9: note: FIX-IT applied suggested code changes
/home/yvan/Bureau/Projekt/PA2/MNIST/model_personDetection/hls4ml_prj_qat/myproject_prj/solution1/.autopilot/db/myproject.pp.0.cpp:57625:13: warning: Added loop label VITIS_LOOP_117_7:   [xilinx-label-all-loops]
            for (int j = 0; j < data_T::size; j++) {
            ^~~
            VITIS_LOOP_117_7: 
/home/yvan/Bureau/Projekt/PA2/MNIST/model_personDetection/hls4ml_prj_qat/myproject_prj/solution1/.autopilot/db/myproject.pp.0.cpp:57625:13: note: FIX-IT applied suggested code changes
/home/yvan/Bureau/Projekt/PA2/MNIST/model_personDetection/hls4ml_prj_qat/myproject_prj/solution1/.autopilot/db/myproject.pp.0.cpp:57649:9: warning: Added loop label VITIS_LOOP_141_1:   [xilinx-label-all-loops]
        for (int j = 0; j < n_dupl; j++) {
        ^~~
        VITIS_LOOP_141_1: 
/home/yvan/Bureau/Projekt/PA2/MNIST/model_personDetection/hls4ml_prj_qat/myproject_prj/solution1/.autopilot/db/myproject.pp.0.cpp:57649:9: note: FIX-IT applied suggested code changes
/home/yvan/Bureau/Projekt/PA2/MNIST/model_personDetection/hls4ml_prj_qat/myproject_prj/solution1/.autopilot/db/myproject.pp.0.cpp:57653:13: warning: Added loop label VITIS_LOOP_145_2:   [xilinx-label-all-loops]
            for (int k = 0; k < res_T::size; k++) {
            ^~~
            VITIS_LOOP_145_2: 
/home/yvan/Bureau/Projekt/PA2/MNIST/model_personDetection/hls4ml_prj_qat/myproject_prj/solution1/.autopilot/db/myproject.pp.0.cpp:57653:13: note: FIX-IT applied suggested code changes
/home/yvan/Bureau/Projekt/PA2/MNIST/model_personDetection/hls4ml_prj_qat/myproject_prj/solution1/.autopilot/db/myproject.pp.0.cpp:57672:9: warning: Added loop label VITIS_LOOP_164_1:   [xilinx-label-all-loops]
        for (int k = 0; k < res_T::size; k++) {
        ^~~
        VITIS_LOOP_164_1: 
/home/yvan/Bureau/Projekt/PA2/MNIST/model_personDetection/hls4ml_prj_qat/myproject_prj/solution1/.autopilot/db/myproject.pp.0.cpp:57672:9: note: FIX-IT applied suggested code changes
/home/yvan/Bureau/Projekt/PA2/MNIST/model_personDetection/hls4ml_prj_qat/myproject_prj/solution1/.autopilot/db/myproject.pp.0.cpp:57898:9: warning: Added loop label VITIS_LOOP_213_1:   [xilinx-label-all-loops]
        for (unsigned j = 0; j < data_T::size; j++) {
        ^~~
        VITIS_LOOP_213_1: 
/home/yvan/Bureau/Projekt/PA2/MNIST/model_personDetection/hls4ml_prj_qat/myproject_prj/solution1/.autopilot/db/myproject.pp.0.cpp:57898:9: note: FIX-IT applied suggested code changes
/home/yvan/Bureau/Projekt/PA2/MNIST/model_personDetection/hls4ml_prj_qat/myproject_prj/solution1/.autopilot/db/myproject.pp.0.cpp:57907:9: warning: Added loop label VITIS_LOOP_222_2:   [xilinx-label-all-loops]
        for (unsigned j = 0; j < data_T::size; j++) {
        ^~~
        VITIS_LOOP_222_2: 
/home/yvan/Bureau/Projekt/PA2/MNIST/model_personDetection/hls4ml_prj_qat/myproject_prj/solution1/.autopilot/db/myproject.pp.0.cpp:57907:9: note: FIX-IT applied suggested code changes
/home/yvan/Bureau/Projekt/PA2/MNIST/model_personDetection/hls4ml_prj_qat/myproject_prj/solution1/.autopilot/db/myproject.pp.0.cpp:58013:5: warning: Added loop label VITIS_LOOP_328_1:   [xilinx-label-all-loops]
    for (int i = 0; i < CONFIG_T::n_in / res_T::size; i++) {
    ^~~
    VITIS_LOOP_328_1: 
/home/yvan/Bureau/Projekt/PA2/MNIST/model_personDetection/hls4ml_prj_qat/myproject_prj/solution1/.autopilot/db/myproject.pp.0.cpp:58013:5: note: FIX-IT applied suggested code changes
/home/yvan/Bureau/Projekt/PA2/MNIST/model_personDetection/hls4ml_prj_qat/myproject_prj/solution1/.autopilot/db/myproject.pp.0.cpp:58018:9: warning: Added loop label VITIS_LOOP_333_2:   [xilinx-label-all-loops]
        for (int i = 0; i < res_T::size; i++) {
        ^~~
        VITIS_LOOP_333_2: 
/home/yvan/Bureau/Projekt/PA2/MNIST/model_personDetection/hls4ml_prj_qat/myproject_prj/solution1/.autopilot/db/myproject.pp.0.cpp:58018:9: note: FIX-IT applied suggested code changes
/home/yvan/Bureau/Projekt/PA2/MNIST/model_personDetection/hls4ml_prj_qat/myproject_prj/solution1/.autopilot/db/myproject.pp.0.cpp:58026:9: warning: Added loop label VITIS_LOOP_341_3:   [xilinx-label-all-loops]
        for (int i = 1; i < res_T::size; i++) {
        ^~~
        VITIS_LOOP_341_3: 
/home/yvan/Bureau/Projekt/PA2/MNIST/model_personDetection/hls4ml_prj_qat/myproject_prj/solution1/.autopilot/db/myproject.pp.0.cpp:58026:9: note: FIX-IT applied suggested code changes
/home/yvan/Bureau/Projekt/PA2/MNIST/model_personDetection/hls4ml_prj_qat/myproject_prj/solution1/.autopilot/db/myproject.pp.0.cpp:58610:9: error: Resource with core_name: ROM_nP_BRAM pragma is ignored, because this core doesn't exist at all  [clang-diagnostic-error]
#pragma HLS RESOURCE variable=weights core=ROM_nP_BRAM
        ^
/home/yvan/Bureau/Projekt/PA2/MNIST/model_personDetection/hls4ml_prj_qat/myproject_prj/solution1/.autopilot/db/myproject.pp.0.cpp:58684:9: error: Resource with core_name: ROM_nP_BRAM pragma is ignored, because this core doesn't exist at all  [clang-diagnostic-error]
#pragma HLS RESOURCE variable=weights core=ROM_nP_BRAM
        ^
/home/yvan/Bureau/Projekt/PA2/MNIST/model_personDetection/hls4ml_prj_qat/myproject_prj/solution1/.autopilot/db/myproject.pp.0.cpp:58766:9: error: Resource with core_name: ROM_nP_BRAM pragma is ignored, because this core doesn't exist at all  [clang-diagnostic-error]
#pragma HLS RESOURCE variable=weights core=ROM_nP_BRAM
        ^
/home/yvan/Bureau/Projekt/PA2/MNIST/model_personDetection/hls4ml_prj_qat/myproject_prj/solution1/.autopilot/db/myproject.pp.0.cpp:59006:5: warning: Added loop label VITIS_LOOP_88_1:   [xilinx-label-all-loops]
    for (int ii = 0; ii < CONFIG_T::n_in; ii++) {
    ^~~
    VITIS_LOOP_88_1: 
/home/yvan/Bureau/Projekt/PA2/MNIST/model_personDetection/hls4ml_prj_qat/myproject_prj/solution1/.autopilot/db/myproject.pp.0.cpp:59006:5: note: FIX-IT applied suggested code changes
/home/yvan/Bureau/Projekt/PA2/MNIST/model_personDetection/hls4ml_prj_qat/myproject_prj/solution1/.autopilot/db/myproject.pp.0.cpp:59026:5: warning: Added loop label VITIS_LOOP_108_1:   [xilinx-label-all-loops]
    for (int ii = 0; ii < CONFIG_T::n_in; ii++) {
    ^~~
    VITIS_LOOP_108_1: 
/home/yvan/Bureau/Projekt/PA2/MNIST/model_personDetection/hls4ml_prj_qat/myproject_prj/solution1/.autopilot/db/myproject.pp.0.cpp:59026:5: note: FIX-IT applied suggested code changes
/home/yvan/Bureau/Projekt/PA2/MNIST/model_personDetection/hls4ml_prj_qat/myproject_prj/solution1/.autopilot/db/myproject.pp.0.cpp:59472:9: warning: Added loop label VITIS_LOOP_62_1:   [xilinx-label-all-loops]
        for (unsigned i = 0; i < __SHIFT_DEPTH__; ++i)
        ^~~
        VITIS_LOOP_62_1: 
/home/yvan/Bureau/Projekt/PA2/MNIST/model_personDetection/hls4ml_prj_qat/myproject_prj/solution1/.autopilot/db/myproject.pp.0.cpp:59472:9: note: FIX-IT applied suggested code changes
/home/yvan/Bureau/Projekt/PA2/MNIST/model_personDetection/hls4ml_prj_qat/myproject_prj/solution1/.autopilot/db/myproject.pp.0.cpp:59479:9: warning: Added loop label VITIS_LOOP_69_1:   [xilinx-label-all-loops]
        for (unsigned i = 0; i < __SHIFT_DEPTH__; ++i)
        ^~~
        VITIS_LOOP_69_1: 
/home/yvan/Bureau/Projekt/PA2/MNIST/model_personDetection/hls4ml_prj_qat/myproject_prj/solution1/.autopilot/db/myproject.pp.0.cpp:59479:9: note: FIX-IT applied suggested code changes
/home/yvan/Bureau/Projekt/PA2/MNIST/model_personDetection/hls4ml_prj_qat/myproject_prj/solution1/.autopilot/db/myproject.pp.0.cpp:59992:5: warning: Added loop label VITIS_LOOP_14_1:   [xilinx-label-all-loops]
    for (unsigned k = 0; k < CONFIG_T::n_out; k++) {
    ^~~
    VITIS_LOOP_14_1: 
/home/yvan/Bureau/Projekt/PA2/MNIST/model_personDetection/hls4ml_prj_qat/myproject_prj/solution1/.autopilot/db/myproject.pp.0.cpp:59992:5: note: FIX-IT applied suggested code changes
/home/yvan/Bureau/Projekt/PA2/MNIST/model_personDetection/hls4ml_prj_qat/myproject_prj/solution1/.autopilot/db/myproject.pp.0.cpp:60052:9: warning: Added loop label VITIS_LOOP_74_1:   [xilinx-label-all-loops]
        for (int im = 0; im < CONFIG_T::n_out; im++) {
        ^~~
        VITIS_LOOP_74_1: 
/home/yvan/Bureau/Projekt/PA2/MNIST/model_personDetection/hls4ml_prj_qat/myproject_prj/solution1/.autopilot/db/myproject.pp.0.cpp:60052:9: note: FIX-IT applied suggested code changes
/home/yvan/Bureau/Projekt/PA2/MNIST/model_personDetection/hls4ml_prj_qat/myproject_prj/solution1/.autopilot/db/myproject.pp.0.cpp:60196:2: warning: Added loop label VITIS_LOOP_20_1:   [xilinx-label-all-loops]
 for (int j = 0; j < CONFIG_T::n_chan; j++) {
 ^~~
 VITIS_LOOP_20_1: 
/home/yvan/Bureau/Projekt/PA2/MNIST/model_personDetection/hls4ml_prj_qat/myproject_prj/solution1/.autopilot/db/myproject.pp.0.cpp:60196:2: note: FIX-IT applied suggested code changes
/home/yvan/Bureau/Projekt/PA2/MNIST/model_personDetection/hls4ml_prj_qat/myproject_prj/solution1/.autopilot/db/myproject.pp.0.cpp:60197:9: warning: Added loop label VITIS_LOOP_21_2:   [xilinx-label-all-loops]
        for (int i = 0; i < CONFIG_T::pad_left; i++) {
        ^~~
        VITIS_LOOP_21_2: 
/home/yvan/Bureau/Projekt/PA2/MNIST/model_personDetection/hls4ml_prj_qat/myproject_prj/solution1/.autopilot/db/myproject.pp.0.cpp:60197:9: note: FIX-IT applied suggested code changes
/home/yvan/Bureau/Projekt/PA2/MNIST/model_personDetection/hls4ml_prj_qat/myproject_prj/solution1/.autopilot/db/myproject.pp.0.cpp:60201:9: warning: Added loop label VITIS_LOOP_25_3:   [xilinx-label-all-loops]
        for (int i = 0; i < CONFIG_T::in_width; i++) {
        ^~~
        VITIS_LOOP_25_3: 
/home/yvan/Bureau/Projekt/PA2/MNIST/model_personDetection/hls4ml_prj_qat/myproject_prj/solution1/.autopilot/db/myproject.pp.0.cpp:60201:9: note: FIX-IT applied suggested code changes
/home/yvan/Bureau/Projekt/PA2/MNIST/model_personDetection/hls4ml_prj_qat/myproject_prj/solution1/.autopilot/db/myproject.pp.0.cpp:60205:9: warning: Added loop label VITIS_LOOP_29_4:   [xilinx-label-all-loops]
        for (int i = 0; i < CONFIG_T::pad_right; i++) {
        ^~~
        VITIS_LOOP_29_4: 
/home/yvan/Bureau/Projekt/PA2/MNIST/model_personDetection/hls4ml_prj_qat/myproject_prj/solution1/.autopilot/db/myproject.pp.0.cpp:60205:9: note: FIX-IT applied suggested code changes
/home/yvan/Bureau/Projekt/PA2/MNIST/model_personDetection/hls4ml_prj_qat/myproject_prj/solution1/.autopilot/db/myproject.pp.0.cpp:60215:2: warning: Added loop label VITIS_LOOP_39_1:   [xilinx-label-all-loops]
 for (int i = 0; i < CONFIG_T::pad_left; i++) {
 ^~~
 VITIS_LOOP_39_1: 
/home/yvan/Bureau/Projekt/PA2/MNIST/model_personDetection/hls4ml_prj_qat/myproject_prj/solution1/.autopilot/db/myproject.pp.0.cpp:60215:2: note: FIX-IT applied suggested code changes
/home/yvan/Bureau/Projekt/PA2/MNIST/model_personDetection/hls4ml_prj_qat/myproject_prj/solution1/.autopilot/db/myproject.pp.0.cpp:60216:9: warning: Added loop label VITIS_LOOP_40_2:   [xilinx-label-all-loops]
        for (int j = 0; j < CONFIG_T::n_chan; j++) {
        ^~~
        VITIS_LOOP_40_2: 
/home/yvan/Bureau/Projekt/PA2/MNIST/model_personDetection/hls4ml_prj_qat/myproject_prj/solution1/.autopilot/db/myproject.pp.0.cpp:60216:9: note: FIX-IT applied suggested code changes
/home/yvan/Bureau/Projekt/PA2/MNIST/model_personDetection/hls4ml_prj_qat/myproject_prj/solution1/.autopilot/db/myproject.pp.0.cpp:60221:5: warning: Added loop label VITIS_LOOP_45_3:   [xilinx-label-all-loops]
    for (int i = 0; i < CONFIG_T::in_width; i++) {
    ^~~
    VITIS_LOOP_45_3: 
/home/yvan/Bureau/Projekt/PA2/MNIST/model_personDetection/hls4ml_prj_qat/myproject_prj/solution1/.autopilot/db/myproject.pp.0.cpp:60221:5: note: FIX-IT applied suggested code changes
/home/yvan/Bureau/Projekt/PA2/MNIST/model_personDetection/hls4ml_prj_qat/myproject_prj/solution1/.autopilot/db/myproject.pp.0.cpp:60222:9: warning: Added loop label VITIS_LOOP_46_4:   [xilinx-label-all-loops]
        for (int j = 0; j < CONFIG_T::n_chan; j++) {
        ^~~
        VITIS_LOOP_46_4: 
/home/yvan/Bureau/Projekt/PA2/MNIST/model_personDetection/hls4ml_prj_qat/myproject_prj/solution1/.autopilot/db/myproject.pp.0.cpp:60222:9: note: FIX-IT applied suggested code changes
/home/yvan/Bureau/Projekt/PA2/MNIST/model_personDetection/hls4ml_prj_qat/myproject_prj/solution1/.autopilot/db/myproject.pp.0.cpp:60227:5: warning: Added loop label VITIS_LOOP_51_5:   [xilinx-label-all-loops]
    for (int i = 0; i < CONFIG_T::pad_right; i++) {
    ^~~
    VITIS_LOOP_51_5: 
/home/yvan/Bureau/Projekt/PA2/MNIST/model_personDetection/hls4ml_prj_qat/myproject_prj/solution1/.autopilot/db/myproject.pp.0.cpp:60227:5: note: FIX-IT applied suggested code changes
/home/yvan/Bureau/Projekt/PA2/MNIST/model_personDetection/hls4ml_prj_qat/myproject_prj/solution1/.autopilot/db/myproject.pp.0.cpp:60228:9: warning: Added loop label VITIS_LOOP_52_6:   [xilinx-label-all-loops]
        for (int j = 0; j < CONFIG_T::n_chan; j++) {
        ^~~
        VITIS_LOOP_52_6: 
/home/yvan/Bureau/Projekt/PA2/MNIST/model_personDetection/hls4ml_prj_qat/myproject_prj/solution1/.autopilot/db/myproject.pp.0.cpp:60228:9: note: FIX-IT applied suggested code changes
/home/yvan/Bureau/Projekt/PA2/MNIST/model_personDetection/hls4ml_prj_qat/myproject_prj/solution1/.autopilot/db/myproject.pp.0.cpp:60251:2: warning: Added loop label VITIS_LOOP_75_1:   [xilinx-label-all-loops]
 for (int k = 0; k < CONFIG_T::n_chan; k++) {
 ^~~
 VITIS_LOOP_75_1: 
/home/yvan/Bureau/Projekt/PA2/MNIST/model_personDetection/hls4ml_prj_qat/myproject_prj/solution1/.autopilot/db/myproject.pp.0.cpp:60251:2: note: FIX-IT applied suggested code changes
/home/yvan/Bureau/Projekt/PA2/MNIST/model_personDetection/hls4ml_prj_qat/myproject_prj/solution1/.autopilot/db/myproject.pp.0.cpp:60253:9: warning: Added loop label VITIS_LOOP_77_2:   [xilinx-label-all-loops]
        for (int i = 0; i < CONFIG_T::pad_top; i++) {
        ^~~
        VITIS_LOOP_77_2: 
/home/yvan/Bureau/Projekt/PA2/MNIST/model_personDetection/hls4ml_prj_qat/myproject_prj/solution1/.autopilot/db/myproject.pp.0.cpp:60253:9: note: FIX-IT applied suggested code changes
/home/yvan/Bureau/Projekt/PA2/MNIST/model_personDetection/hls4ml_prj_qat/myproject_prj/solution1/.autopilot/db/myproject.pp.0.cpp:60254:13: warning: Added loop label VITIS_LOOP_78_3:   [xilinx-label-all-loops]
            for (int j = 0; j < CONFIG_T::out_width; j++) {
            ^~~
            VITIS_LOOP_78_3: 
/home/yvan/Bureau/Projekt/PA2/MNIST/model_personDetection/hls4ml_prj_qat/myproject_prj/solution1/.autopilot/db/myproject.pp.0.cpp:60254:13: note: FIX-IT applied suggested code changes
/home/yvan/Bureau/Projekt/PA2/MNIST/model_personDetection/hls4ml_prj_qat/myproject_prj/solution1/.autopilot/db/myproject.pp.0.cpp:60259:9: warning: Added loop label VITIS_LOOP_83_4:   [xilinx-label-all-loops]
        for (int i = 0; i < CONFIG_T::in_height; i++) {
        ^~~
        VITIS_LOOP_83_4: 
/home/yvan/Bureau/Projekt/PA2/MNIST/model_personDetection/hls4ml_prj_qat/myproject_prj/solution1/.autopilot/db/myproject.pp.0.cpp:60259:9: note: FIX-IT applied suggested code changes
/home/yvan/Bureau/Projekt/PA2/MNIST/model_personDetection/hls4ml_prj_qat/myproject_prj/solution1/.autopilot/db/myproject.pp.0.cpp:60260:13: warning: Added loop label VITIS_LOOP_84_5:   [xilinx-label-all-loops]
            for (int j = 0; j < CONFIG_T::pad_left; j++) {
            ^~~
            VITIS_LOOP_84_5: 
/home/yvan/Bureau/Projekt/PA2/MNIST/model_personDetection/hls4ml_prj_qat/myproject_prj/solution1/.autopilot/db/myproject.pp.0.cpp:60260:13: note: FIX-IT applied suggested code changes
/home/yvan/Bureau/Projekt/PA2/MNIST/model_personDetection/hls4ml_prj_qat/myproject_prj/solution1/.autopilot/db/myproject.pp.0.cpp:60263:13: warning: Added loop label VITIS_LOOP_87_6:   [xilinx-label-all-loops]
            for (int j = 0; j < CONFIG_T::in_width; j++) {
            ^~~
            VITIS_LOOP_87_6: 
/home/yvan/Bureau/Projekt/PA2/MNIST/model_personDetection/hls4ml_prj_qat/myproject_prj/solution1/.autopilot/db/myproject.pp.0.cpp:60263:13: note: FIX-IT applied suggested code changes
/home/yvan/Bureau/Projekt/PA2/MNIST/model_personDetection/hls4ml_prj_qat/myproject_prj/solution1/.autopilot/db/myproject.pp.0.cpp:60266:13: warning: Added loop label VITIS_LOOP_90_7:   [xilinx-label-all-loops]
            for (int j = 0; j < CONFIG_T::pad_right; j++) {
            ^~~
            VITIS_LOOP_90_7: 
/home/yvan/Bureau/Projekt/PA2/MNIST/model_personDetection/hls4ml_prj_qat/myproject_prj/solution1/.autopilot/db/myproject.pp.0.cpp:60266:13: note: FIX-IT applied suggested code changes
/home/yvan/Bureau/Projekt/PA2/MNIST/model_personDetection/hls4ml_prj_qat/myproject_prj/solution1/.autopilot/db/myproject.pp.0.cpp:60271:9: warning: Added loop label VITIS_LOOP_95_8:   [xilinx-label-all-loops]
        for (int i = 0; i < CONFIG_T::pad_bottom; i++) {
        ^~~
        VITIS_LOOP_95_8: 
/home/yvan/Bureau/Projekt/PA2/MNIST/model_personDetection/hls4ml_prj_qat/myproject_prj/solution1/.autopilot/db/myproject.pp.0.cpp:60271:9: note: FIX-IT applied suggested code changes
/home/yvan/Bureau/Projekt/PA2/MNIST/model_personDetection/hls4ml_prj_qat/myproject_prj/solution1/.autopilot/db/myproject.pp.0.cpp:60272:13: warning: Added loop label VITIS_LOOP_96_9:   [xilinx-label-all-loops]
            for (int j = 0; j < CONFIG_T::out_width; j++) {
            ^~~
            VITIS_LOOP_96_9: 
/home/yvan/Bureau/Projekt/PA2/MNIST/model_personDetection/hls4ml_prj_qat/myproject_prj/solution1/.autopilot/db/myproject.pp.0.cpp:60272:13: note: FIX-IT applied suggested code changes
/home/yvan/Bureau/Projekt/PA2/MNIST/model_personDetection/hls4ml_prj_qat/myproject_prj/solution1/.autopilot/db/myproject.pp.0.cpp:60284:2: warning: Added loop label VITIS_LOOP_108_1:   [xilinx-label-all-loops]
 for (int i = 0; i < CONFIG_T::pad_top; i++) {
 ^~~
 VITIS_LOOP_108_1: 
/home/yvan/Bureau/Projekt/PA2/MNIST/model_personDetection/hls4ml_prj_qat/myproject_prj/solution1/.autopilot/db/myproject.pp.0.cpp:60284:2: note: FIX-IT applied suggested code changes
/home/yvan/Bureau/Projekt/PA2/MNIST/model_personDetection/hls4ml_prj_qat/myproject_prj/solution1/.autopilot/db/myproject.pp.0.cpp:60285:9: warning: Added loop label VITIS_LOOP_109_2:   [xilinx-label-all-loops]
        for (int j = 0; j < CONFIG_T::out_width; j++) {
        ^~~
        VITIS_LOOP_109_2: 
/home/yvan/Bureau/Projekt/PA2/MNIST/model_personDetection/hls4ml_prj_qat/myproject_prj/solution1/.autopilot/db/myproject.pp.0.cpp:60285:9: note: FIX-IT applied suggested code changes
/home/yvan/Bureau/Projekt/PA2/MNIST/model_personDetection/hls4ml_prj_qat/myproject_prj/solution1/.autopilot/db/myproject.pp.0.cpp:60286:13: warning: Added loop label VITIS_LOOP_110_3:   [xilinx-label-all-loops]
            for (int k = 0; k < CONFIG_T::n_chan; k++) {
            ^~~
            VITIS_LOOP_110_3: 
/home/yvan/Bureau/Projekt/PA2/MNIST/model_personDetection/hls4ml_prj_qat/myproject_prj/solution1/.autopilot/db/myproject.pp.0.cpp:60286:13: note: FIX-IT applied suggested code changes
/home/yvan/Bureau/Projekt/PA2/MNIST/model_personDetection/hls4ml_prj_qat/myproject_prj/solution1/.autopilot/db/myproject.pp.0.cpp:60292:5: warning: Added loop label VITIS_LOOP_116_4:   [xilinx-label-all-loops]
    for (int i = 0; i < CONFIG_T::in_height; i++) {
    ^~~
    VITIS_LOOP_116_4: 
/home/yvan/Bureau/Projekt/PA2/MNIST/model_personDetection/hls4ml_prj_qat/myproject_prj/solution1/.autopilot/db/myproject.pp.0.cpp:60292:5: note: FIX-IT applied suggested code changes
/home/yvan/Bureau/Projekt/PA2/MNIST/model_personDetection/hls4ml_prj_qat/myproject_prj/solution1/.autopilot/db/myproject.pp.0.cpp:60293:9: warning: Added loop label VITIS_LOOP_117_5:   [xilinx-label-all-loops]
        for (int j = 0; j < CONFIG_T::pad_left; j++) {
        ^~~
        VITIS_LOOP_117_5: 
/home/yvan/Bureau/Projekt/PA2/MNIST/model_personDetection/hls4ml_prj_qat/myproject_prj/solution1/.autopilot/db/myproject.pp.0.cpp:60293:9: note: FIX-IT applied suggested code changes
/home/yvan/Bureau/Projekt/PA2/MNIST/model_personDetection/hls4ml_prj_qat/myproject_prj/solution1/.autopilot/db/myproject.pp.0.cpp:60294:13: warning: Added loop label VITIS_LOOP_118_6:   [xilinx-label-all-loops]
            for (int k = 0; k < CONFIG_T::n_chan; k++) {
            ^~~
            VITIS_LOOP_118_6: 
/home/yvan/Bureau/Projekt/PA2/MNIST/model_personDetection/hls4ml_prj_qat/myproject_prj/solution1/.autopilot/db/myproject.pp.0.cpp:60294:13: note: FIX-IT applied suggested code changes
/home/yvan/Bureau/Projekt/PA2/MNIST/model_personDetection/hls4ml_prj_qat/myproject_prj/solution1/.autopilot/db/myproject.pp.0.cpp:60298:9: warning: Added loop label VITIS_LOOP_122_7:   [xilinx-label-all-loops]
        for (int j = 0; j < CONFIG_T::in_width; j++) {
        ^~~
        VITIS_LOOP_122_7: 
/home/yvan/Bureau/Projekt/PA2/MNIST/model_personDetection/hls4ml_prj_qat/myproject_prj/solution1/.autopilot/db/myproject.pp.0.cpp:60298:9: note: FIX-IT applied suggested code changes
/home/yvan/Bureau/Projekt/PA2/MNIST/model_personDetection/hls4ml_prj_qat/myproject_prj/solution1/.autopilot/db/myproject.pp.0.cpp:60299:13: warning: Added loop label VITIS_LOOP_123_8:   [xilinx-label-all-loops]
            for (int k = 0; k < CONFIG_T::n_chan; k++) {
            ^~~
            VITIS_LOOP_123_8: 
/home/yvan/Bureau/Projekt/PA2/MNIST/model_personDetection/hls4ml_prj_qat/myproject_prj/solution1/.autopilot/db/myproject.pp.0.cpp:60299:13: note: FIX-IT applied suggested code changes
/home/yvan/Bureau/Projekt/PA2/MNIST/model_personDetection/hls4ml_prj_qat/myproject_prj/solution1/.autopilot/db/myproject.pp.0.cpp:60303:9: warning: Added loop label VITIS_LOOP_127_9:   [xilinx-label-all-loops]
        for (int j = 0; j < CONFIG_T::pad_right; j++) {
        ^~~
        VITIS_LOOP_127_9: 
/home/yvan/Bureau/Projekt/PA2/MNIST/model_personDetection/hls4ml_prj_qat/myproject_prj/solution1/.autopilot/db/myproject.pp.0.cpp:60303:9: note: FIX-IT applied suggested code changes
/home/yvan/Bureau/Projekt/PA2/MNIST/model_personDetection/hls4ml_prj_qat/myproject_prj/solution1/.autopilot/db/myproject.pp.0.cpp:60304:13: warning: Added loop label VITIS_LOOP_128_10:   [xilinx-label-all-loops]
            for (int k = 0; k < CONFIG_T::n_chan; k++) {
            ^~~
            VITIS_LOOP_128_10: 
/home/yvan/Bureau/Projekt/PA2/MNIST/model_personDetection/hls4ml_prj_qat/myproject_prj/solution1/.autopilot/db/myproject.pp.0.cpp:60304:13: note: FIX-IT applied suggested code changes
/home/yvan/Bureau/Projekt/PA2/MNIST/model_personDetection/hls4ml_prj_qat/myproject_prj/solution1/.autopilot/db/myproject.pp.0.cpp:60310:5: warning: Added loop label VITIS_LOOP_134_11:   [xilinx-label-all-loops]
    for (int i = 0; i < CONFIG_T::pad_bottom; i++) {
    ^~~
    VITIS_LOOP_134_11: 
/home/yvan/Bureau/Projekt/PA2/MNIST/model_personDetection/hls4ml_prj_qat/myproject_prj/solution1/.autopilot/db/myproject.pp.0.cpp:60310:5: note: FIX-IT applied suggested code changes
/home/yvan/Bureau/Projekt/PA2/MNIST/model_personDetection/hls4ml_prj_qat/myproject_prj/solution1/.autopilot/db/myproject.pp.0.cpp:60311:9: warning: Added loop label VITIS_LOOP_135_12:   [xilinx-label-all-loops]
        for (int j = 0; j < CONFIG_T::out_width; j++) {
        ^~~
        VITIS_LOOP_135_12: 
/home/yvan/Bureau/Projekt/PA2/MNIST/model_personDetection/hls4ml_prj_qat/myproject_prj/solution1/.autopilot/db/myproject.pp.0.cpp:60311:9: note: FIX-IT applied suggested code changes
/home/yvan/Bureau/Projekt/PA2/MNIST/model_personDetection/hls4ml_prj_qat/myproject_prj/solution1/.autopilot/db/myproject.pp.0.cpp:60312:13: warning: Added loop label VITIS_LOOP_136_13:   [xilinx-label-all-loops]
            for (int k = 0; k < CONFIG_T::n_chan; k++) {
            ^~~
            VITIS_LOOP_136_13: 
/home/yvan/Bureau/Projekt/PA2/MNIST/model_personDetection/hls4ml_prj_qat/myproject_prj/solution1/.autopilot/db/myproject.pp.0.cpp:60312:13: note: FIX-IT applied suggested code changes
/home/yvan/Bureau/Projekt/PA2/MNIST/model_personDetection/hls4ml_prj_qat/myproject_prj/solution1/.autopilot/db/myproject.pp.0.cpp:60333:5: warning: Added loop label VITIS_LOOP_11_1:   [xilinx-label-all-loops]
    for (int c = 0; c < CONFIG_T::n_chan; c++) {
    ^~~
    VITIS_LOOP_11_1: 
/home/yvan/Bureau/Projekt/PA2/MNIST/model_personDetection/hls4ml_prj_qat/myproject_prj/solution1/.autopilot/db/myproject.pp.0.cpp:60333:5: note: FIX-IT applied suggested code changes
/home/yvan/Bureau/Projekt/PA2/MNIST/model_personDetection/hls4ml_prj_qat/myproject_prj/solution1/.autopilot/db/myproject.pp.0.cpp:60344:5: warning: Added loop label VITIS_LOOP_22_1:   [xilinx-label-all-loops]
    for (int c = 0; c < CONFIG_T::n_chan; c++) {
    ^~~
    VITIS_LOOP_22_1: 
/home/yvan/Bureau/Projekt/PA2/MNIST/model_personDetection/hls4ml_prj_qat/myproject_prj/solution1/.autopilot/db/myproject.pp.0.cpp:60344:5: note: FIX-IT applied suggested code changes
/home/yvan/Bureau/Projekt/PA2/MNIST/model_personDetection/hls4ml_prj_qat/myproject_prj/solution1/.autopilot/db/myproject.pp.0.cpp:60420:5: warning: Added loop label VITIS_LOOP_13_1:   [xilinx-label-all-loops]
    for (int i = 1; i < N; i++) {
    ^~~
    VITIS_LOOP_13_1: 
/home/yvan/Bureau/Projekt/PA2/MNIST/model_personDetection/hls4ml_prj_qat/myproject_prj/solution1/.autopilot/db/myproject.pp.0.cpp:60420:5: note: FIX-IT applied suggested code changes
/home/yvan/Bureau/Projekt/PA2/MNIST/model_personDetection/hls4ml_prj_qat/myproject_prj/solution1/.autopilot/db/myproject.pp.0.cpp:60429:5: warning: Added loop label VITIS_LOOP_22_1:   [xilinx-label-all-loops]
    for (int i = 0; i < N; i++) {
    ^~~
    VITIS_LOOP_22_1: 
/home/yvan/Bureau/Projekt/PA2/MNIST/model_personDetection/hls4ml_prj_qat/myproject_prj/solution1/.autopilot/db/myproject.pp.0.cpp:60429:5: note: FIX-IT applied suggested code changes
/home/yvan/Bureau/Projekt/PA2/MNIST/model_personDetection/hls4ml_prj_qat/myproject_prj/solution1/.autopilot/db/myproject.pp.0.cpp:60503:5: warning: Added loop label VITIS_LOOP_96_1:   [xilinx-label-all-loops]
    for (int ff = 0; ff < CONFIG_T::n_filt; ff++) {
    ^~~
    VITIS_LOOP_96_1: 
/home/yvan/Bureau/Projekt/PA2/MNIST/model_personDetection/hls4ml_prj_qat/myproject_prj/solution1/.autopilot/db/myproject.pp.0.cpp:60503:5: note: FIX-IT applied suggested code changes
/home/yvan/Bureau/Projekt/PA2/MNIST/model_personDetection/hls4ml_prj_qat/myproject_prj/solution1/.autopilot/db/myproject.pp.0.cpp:60505:9: warning: Added loop label VITIS_LOOP_98_2:   [xilinx-label-all-loops]
        for (int ii = 0; ii < restricted_padded_width; ii += CONFIG_T::stride_width) {
        ^~~
        VITIS_LOOP_98_2: 
/home/yvan/Bureau/Projekt/PA2/MNIST/model_personDetection/hls4ml_prj_qat/myproject_prj/solution1/.autopilot/db/myproject.pp.0.cpp:60505:9: note: FIX-IT applied suggested code changes
/home/yvan/Bureau/Projekt/PA2/MNIST/model_personDetection/hls4ml_prj_qat/myproject_prj/solution1/.autopilot/db/myproject.pp.0.cpp:60510:2: warning: Added loop label VITIS_LOOP_103_3:   [xilinx-label-all-loops]
 for (int jj = 0; jj < CONFIG_T::pool_width; jj++) {
 ^~~
 VITIS_LOOP_103_3: 
/home/yvan/Bureau/Projekt/PA2/MNIST/model_personDetection/hls4ml_prj_qat/myproject_prj/solution1/.autopilot/db/myproject.pp.0.cpp:60510:2: note: FIX-IT applied suggested code changes
/home/yvan/Bureau/Projekt/PA2/MNIST/model_personDetection/hls4ml_prj_qat/myproject_prj/solution1/.autopilot/db/myproject.pp.0.cpp:60538:2: warning: Added loop label VITIS_LOOP_131_1:   [xilinx-label-all-loops]
 for (int ff = 0; ff < CONFIG_T::n_filt; ff++) {
 ^~~
 VITIS_LOOP_131_1: 
/home/yvan/Bureau/Projekt/PA2/MNIST/model_personDetection/hls4ml_prj_qat/myproject_prj/solution1/.autopilot/db/myproject.pp.0.cpp:60538:2: note: FIX-IT applied suggested code changes
/home/yvan/Bureau/Projekt/PA2/MNIST/model_personDetection/hls4ml_prj_qat/myproject_prj/solution1/.autopilot/db/myproject.pp.0.cpp:60541:2: warning: Added loop label VITIS_LOOP_134_2:   [xilinx-label-all-loops]
 for (int jj = 0; jj < CONFIG_T::n_in; jj++) {
 ^~~
 VITIS_LOOP_134_2: 
/home/yvan/Bureau/Projekt/PA2/MNIST/model_personDetection/hls4ml_prj_qat/myproject_prj/solution1/.autopilot/db/myproject.pp.0.cpp:60541:2: note: FIX-IT applied suggested code changes
/home/yvan/Bureau/Projekt/PA2/MNIST/model_personDetection/hls4ml_prj_qat/myproject_prj/solution1/.autopilot/db/myproject.pp.0.cpp:60594:5: warning: Added loop label VITIS_LOOP_187_1:   [xilinx-label-all-loops]
    for (int ff = 0; ff < CONFIG_T::n_filt; ff++) {
    ^~~
    VITIS_LOOP_187_1: 
/home/yvan/Bureau/Projekt/PA2/MNIST/model_personDetection/hls4ml_prj_qat/myproject_prj/solution1/.autopilot/db/myproject.pp.0.cpp:60594:5: note: FIX-IT applied suggested code changes
/home/yvan/Bureau/Projekt/PA2/MNIST/model_personDetection/hls4ml_prj_qat/myproject_prj/solution1/.autopilot/db/myproject.pp.0.cpp:60596:9: warning: Added loop label VITIS_LOOP_189_2:   [xilinx-label-all-loops]
        for (int ii = 0; ii < restricted_padded_height; ii += CONFIG_T::stride_height) {
        ^~~
        VITIS_LOOP_189_2: 
/home/yvan/Bureau/Projekt/PA2/MNIST/model_personDetection/hls4ml_prj_qat/myproject_prj/solution1/.autopilot/db/myproject.pp.0.cpp:60596:9: note: FIX-IT applied suggested code changes
/home/yvan/Bureau/Projekt/PA2/MNIST/model_personDetection/hls4ml_prj_qat/myproject_prj/solution1/.autopilot/db/myproject.pp.0.cpp:60598:13: warning: Added loop label VITIS_LOOP_191_3:   [xilinx-label-all-loops]
            for (int jj = 0; jj < restricted_padded_width; jj += CONFIG_T::stride_width) {
            ^~~
            VITIS_LOOP_191_3: 
/home/yvan/Bureau/Projekt/PA2/MNIST/model_personDetection/hls4ml_prj_qat/myproject_prj/solution1/.autopilot/db/myproject.pp.0.cpp:60598:13: note: FIX-IT applied suggested code changes
/home/yvan/Bureau/Projekt/PA2/MNIST/model_personDetection/hls4ml_prj_qat/myproject_prj/solution1/.autopilot/db/myproject.pp.0.cpp:60605:17: warning: Added loop label VITIS_LOOP_198_4:   [xilinx-label-all-loops]
                for (int kk = 0; kk < CONFIG_T::stride_height; kk++) {
                ^~~
                VITIS_LOOP_198_4: 
/home/yvan/Bureau/Projekt/PA2/MNIST/model_personDetection/hls4ml_prj_qat/myproject_prj/solution1/.autopilot/db/myproject.pp.0.cpp:60605:17: note: FIX-IT applied suggested code changes
/home/yvan/Bureau/Projekt/PA2/MNIST/model_personDetection/hls4ml_prj_qat/myproject_prj/solution1/.autopilot/db/myproject.pp.0.cpp:60607:21: warning: Added loop label VITIS_LOOP_200_5:   [xilinx-label-all-loops]
                    for (int ll = 0; ll < CONFIG_T::stride_width; ll++) {
                    ^~~
                    VITIS_LOOP_200_5: 
/home/yvan/Bureau/Projekt/PA2/MNIST/model_personDetection/hls4ml_prj_qat/myproject_prj/solution1/.autopilot/db/myproject.pp.0.cpp:60607:21: note: FIX-IT applied suggested code changes
/home/yvan/Bureau/Projekt/PA2/MNIST/model_personDetection/hls4ml_prj_qat/myproject_prj/solution1/.autopilot/db/myproject.pp.0.cpp:60648:5: warning: Added loop label VITIS_LOOP_241_1:   [xilinx-label-all-loops]
    for (int ff = 0; ff < CONFIG_T::n_filt; ff++) {
    ^~~
    VITIS_LOOP_241_1: 
/home/yvan/Bureau/Projekt/PA2/MNIST/model_personDetection/hls4ml_prj_qat/myproject_prj/solution1/.autopilot/db/myproject.pp.0.cpp:60648:5: note: FIX-IT applied suggested code changes
/home/yvan/Bureau/Projekt/PA2/MNIST/model_personDetection/hls4ml_prj_qat/myproject_prj/solution1/.autopilot/db/myproject.pp.0.cpp:60650:9: warning: Added loop label VITIS_LOOP_243_2:   [xilinx-label-all-loops]
        for (int ii = 0; ii < restricted_padded_height; ii += CONFIG_T::stride_height) {
        ^~~
        VITIS_LOOP_243_2: 
/home/yvan/Bureau/Projekt/PA2/MNIST/model_personDetection/hls4ml_prj_qat/myproject_prj/solution1/.autopilot/db/myproject.pp.0.cpp:60650:9: note: FIX-IT applied suggested code changes
/home/yvan/Bureau/Projekt/PA2/MNIST/model_personDetection/hls4ml_prj_qat/myproject_prj/solution1/.autopilot/db/myproject.pp.0.cpp:60652:13: warning: Added loop label VITIS_LOOP_245_3:   [xilinx-label-all-loops]
            for (int jj = 0; jj < restricted_padded_width; jj += CONFIG_T::stride_width) {
            ^~~
            VITIS_LOOP_245_3: 
/home/yvan/Bureau/Projekt/PA2/MNIST/model_personDetection/hls4ml_prj_qat/myproject_prj/solution1/.autopilot/db/myproject.pp.0.cpp:60652:13: note: FIX-IT applied suggested code changes
/home/yvan/Bureau/Projekt/PA2/MNIST/model_personDetection/hls4ml_prj_qat/myproject_prj/solution1/.autopilot/db/myproject.pp.0.cpp:60658:17: warning: Added loop label VITIS_LOOP_251_4:   [xilinx-label-all-loops]
                for (int kk = 0; kk < CONFIG_T::stride_height; kk++) {
                ^~~
                VITIS_LOOP_251_4: 
/home/yvan/Bureau/Projekt/PA2/MNIST/model_personDetection/hls4ml_prj_qat/myproject_prj/solution1/.autopilot/db/myproject.pp.0.cpp:60658:17: note: FIX-IT applied suggested code changes
/home/yvan/Bureau/Projekt/PA2/MNIST/model_personDetection/hls4ml_prj_qat/myproject_prj/solution1/.autopilot/db/myproject.pp.0.cpp:60660:21: warning: Added loop label VITIS_LOOP_253_5:   [xilinx-label-all-loops]
                    for (int ll = 0; ll < CONFIG_T::stride_width; ll++) {
                    ^~~
                    VITIS_LOOP_253_5: 
/home/yvan/Bureau/Projekt/PA2/MNIST/model_personDetection/hls4ml_prj_qat/myproject_prj/solution1/.autopilot/db/myproject.pp.0.cpp:60660:21: note: FIX-IT applied suggested code changes
