

================================================================
== Vitis HLS Report for 'normalize_array_ap_fixed_32u_array_ap_fixed_35_13_5_3_0_32u_config13_s'
================================================================
* Date:           Thu Jul  2 23:53:06 2026

* Version:        2022.2 (Build 3670227 on Oct 13 2022)
* Project:        myproject_prj
* Solution:       solution1 (Vivado IP Flow Target)
* Product family: zynq
* Target device:  xc7z020-clg400-1


================================================================
== Performance Estimates
================================================================
+ Timing: 
    * Summary: 
    +--------+---------+----------+------------+
    |  Clock |  Target | Estimated| Uncertainty|
    +--------+---------+----------+------------+
    |ap_clk  |  5.00 ns|  3.349 ns|     1.35 ns|
    +--------+---------+----------+------------+

+ Latency: 
    * Summary: 
    +---------+---------+-----------+-----------+-----+-----+---------+
    |  Latency (cycles) |   Latency (absolute)  |  Interval | Pipeline|
    |   min   |   max   |    min    |    max    | min | max |   Type  |
    +---------+---------+-----------+-----------+-----+-----+---------+
    |       19|       19|  95.000 ns|  95.000 ns|   19|   19|       no|
    +---------+---------+-----------+-----------+-----+-----+---------+

    + Detail: 
        * Instance: 
        N/A

        * Loop: 
        N/A

============================================================
+ Verbose Summary: Synthesis Manager
============================================================
InlineROM: 1
ExposeGlobal: 0
============================================================
+ Verbose Summary: CDFG Model
============================================================
IsTopModel: 0
ResetActiveHigh: 1
IsCombinational: 2
IsDatapathOnly: 0
HasWiredReturn: 1
HasMFsm: 0
HasVarLatency: 1
IsPipeline: 0
IsRtlPipelined: 0
IsInstanceOverlapped: 0
IsDontTouch: 0
HasImplIP: 0
IsGatedGlobalClock: 0


============================================================
+ Verbose Summary: Schedule
============================================================
* Number of FSM states : 20
* Pipeline : 0
* Dataflow Pipeline: 0

* FSM state transitions: 
1 --> 2 
2 --> 3 
3 --> 4 
4 --> 5 
5 --> 6 
6 --> 7 
7 --> 8 
8 --> 9 
9 --> 10 
10 --> 11 
11 --> 12 
12 --> 13 
13 --> 14 
14 --> 15 
15 --> 16 
16 --> 17 
17 --> 18 
18 --> 19 
19 --> 20 
20 --> 

* FSM state operations: 

State 1 <SV = 0> <Delay = 1.82>
ST_1 : Operation 21 [1/1] (1.82ns)   --->   "%layer11_out_read = read i576 @_ssdm_op_Read.ap_fifo.volatile.i576P0A, i576 %layer11_out" [firmware/nnet_utils/nnet_batchnorm_stream.h:28]   --->   Operation 21 'read' 'layer11_out_read' <Predicate = true> <Delay = 1.82> <CoreInst = "FIFO_SRL">   --->   Core 81 'FIFO_SRL' <Latency = 0> <II = 1> <Delay = 3.63> <Storage> <Opcode : 'read' 'write' 'nbread' 'nbwrite'> <Ports = 0> <Width = 576> <Depth = 1> <FIFO>
ST_1 : Operation 22 [1/1] (0.00ns)   --->   "%a_V = trunc i576 %layer11_out_read" [firmware/nnet_utils/nnet_batchnorm_stream.h:28]   --->   Operation 22 'trunc' 'a_V' <Predicate = true> <Delay = 0.00>
ST_1 : Operation 23 [1/1] (0.00ns)   --->   "%a_V_30 = partselect i18 @_ssdm_op_PartSelect.i18.i576.i32.i32, i576 %layer11_out_read, i32 540, i32 557" [firmware/nnet_utils/nnet_batchnorm_stream.h:28]   --->   Operation 23 'partselect' 'a_V_30' <Predicate = true> <Delay = 0.00>
ST_1 : Operation 24 [1/1] (0.00ns)   --->   "%a_V_31 = partselect i18 @_ssdm_op_PartSelect.i18.i576.i32.i32, i576 %layer11_out_read, i32 558, i32 575" [firmware/nnet_utils/nnet_batchnorm_stream.h:28]   --->   Operation 24 'partselect' 'a_V_31' <Predicate = true> <Delay = 0.00>
ST_1 : Operation 25 [1/1] (0.00ns)   --->   "%a_V_1 = partselect i18 @_ssdm_op_PartSelect.i18.i576.i32.i32, i576 %layer11_out_read, i32 18, i32 35" [firmware/nnet_utils/nnet_batchnorm_stream.h:28]   --->   Operation 25 'partselect' 'a_V_1' <Predicate = true> <Delay = 0.00>
ST_1 : Operation 26 [1/1] (0.00ns)   --->   "%a_V_2 = partselect i18 @_ssdm_op_PartSelect.i18.i576.i32.i32, i576 %layer11_out_read, i32 36, i32 53" [firmware/nnet_utils/nnet_batchnorm_stream.h:28]   --->   Operation 26 'partselect' 'a_V_2' <Predicate = true> <Delay = 0.00>
ST_1 : Operation 27 [1/1] (0.00ns)   --->   "%a_V_3 = partselect i18 @_ssdm_op_PartSelect.i18.i576.i32.i32, i576 %layer11_out_read, i32 54, i32 71" [firmware/nnet_utils/nnet_batchnorm_stream.h:28]   --->   Operation 27 'partselect' 'a_V_3' <Predicate = true> <Delay = 0.00>
ST_1 : Operation 28 [1/1] (0.00ns)   --->   "%a_V_4 = partselect i18 @_ssdm_op_PartSelect.i18.i576.i32.i32, i576 %layer11_out_read, i32 72, i32 89" [firmware/nnet_utils/nnet_batchnorm_stream.h:28]   --->   Operation 28 'partselect' 'a_V_4' <Predicate = true> <Delay = 0.00>
ST_1 : Operation 29 [1/1] (0.00ns)   --->   "%a_V_5 = partselect i18 @_ssdm_op_PartSelect.i18.i576.i32.i32, i576 %layer11_out_read, i32 90, i32 107" [firmware/nnet_utils/nnet_batchnorm_stream.h:28]   --->   Operation 29 'partselect' 'a_V_5' <Predicate = true> <Delay = 0.00>
ST_1 : Operation 30 [1/1] (0.00ns)   --->   "%a_V_6 = partselect i18 @_ssdm_op_PartSelect.i18.i576.i32.i32, i576 %layer11_out_read, i32 108, i32 125" [firmware/nnet_utils/nnet_batchnorm_stream.h:28]   --->   Operation 30 'partselect' 'a_V_6' <Predicate = true> <Delay = 0.00>
ST_1 : Operation 31 [1/1] (0.00ns)   --->   "%a_V_7 = partselect i18 @_ssdm_op_PartSelect.i18.i576.i32.i32, i576 %layer11_out_read, i32 126, i32 143" [firmware/nnet_utils/nnet_batchnorm_stream.h:28]   --->   Operation 31 'partselect' 'a_V_7' <Predicate = true> <Delay = 0.00>
ST_1 : Operation 32 [1/1] (0.00ns)   --->   "%a_V_8 = partselect i18 @_ssdm_op_PartSelect.i18.i576.i32.i32, i576 %layer11_out_read, i32 144, i32 161" [firmware/nnet_utils/nnet_batchnorm_stream.h:28]   --->   Operation 32 'partselect' 'a_V_8' <Predicate = true> <Delay = 0.00>
ST_1 : Operation 33 [1/1] (0.00ns)   --->   "%a_V_9 = partselect i18 @_ssdm_op_PartSelect.i18.i576.i32.i32, i576 %layer11_out_read, i32 162, i32 179" [firmware/nnet_utils/nnet_batchnorm_stream.h:28]   --->   Operation 33 'partselect' 'a_V_9' <Predicate = true> <Delay = 0.00>
ST_1 : Operation 34 [1/1] (0.00ns)   --->   "%a_V_10 = partselect i18 @_ssdm_op_PartSelect.i18.i576.i32.i32, i576 %layer11_out_read, i32 180, i32 197" [firmware/nnet_utils/nnet_batchnorm_stream.h:28]   --->   Operation 34 'partselect' 'a_V_10' <Predicate = true> <Delay = 0.00>
ST_1 : Operation 35 [1/1] (0.00ns)   --->   "%a_V_11 = partselect i18 @_ssdm_op_PartSelect.i18.i576.i32.i32, i576 %layer11_out_read, i32 198, i32 215" [firmware/nnet_utils/nnet_batchnorm_stream.h:28]   --->   Operation 35 'partselect' 'a_V_11' <Predicate = true> <Delay = 0.00>
ST_1 : Operation 36 [1/1] (0.00ns)   --->   "%a_V_12 = partselect i18 @_ssdm_op_PartSelect.i18.i576.i32.i32, i576 %layer11_out_read, i32 216, i32 233" [firmware/nnet_utils/nnet_batchnorm_stream.h:28]   --->   Operation 36 'partselect' 'a_V_12' <Predicate = true> <Delay = 0.00>
ST_1 : Operation 37 [1/1] (0.00ns)   --->   "%a_V_13 = partselect i18 @_ssdm_op_PartSelect.i18.i576.i32.i32, i576 %layer11_out_read, i32 234, i32 251" [firmware/nnet_utils/nnet_batchnorm_stream.h:28]   --->   Operation 37 'partselect' 'a_V_13' <Predicate = true> <Delay = 0.00>
ST_1 : Operation 38 [1/1] (0.00ns)   --->   "%a_V_14 = partselect i18 @_ssdm_op_PartSelect.i18.i576.i32.i32, i576 %layer11_out_read, i32 252, i32 269" [firmware/nnet_utils/nnet_batchnorm_stream.h:28]   --->   Operation 38 'partselect' 'a_V_14' <Predicate = true> <Delay = 0.00>
ST_1 : Operation 39 [1/1] (0.00ns)   --->   "%a_V_15 = partselect i18 @_ssdm_op_PartSelect.i18.i576.i32.i32, i576 %layer11_out_read, i32 270, i32 287" [firmware/nnet_utils/nnet_batchnorm_stream.h:28]   --->   Operation 39 'partselect' 'a_V_15' <Predicate = true> <Delay = 0.00>
ST_1 : Operation 40 [1/1] (0.00ns)   --->   "%a_V_16 = partselect i18 @_ssdm_op_PartSelect.i18.i576.i32.i32, i576 %layer11_out_read, i32 288, i32 305" [firmware/nnet_utils/nnet_batchnorm_stream.h:28]   --->   Operation 40 'partselect' 'a_V_16' <Predicate = true> <Delay = 0.00>
ST_1 : Operation 41 [1/1] (0.00ns)   --->   "%a_V_17 = partselect i18 @_ssdm_op_PartSelect.i18.i576.i32.i32, i576 %layer11_out_read, i32 306, i32 323" [firmware/nnet_utils/nnet_batchnorm_stream.h:28]   --->   Operation 41 'partselect' 'a_V_17' <Predicate = true> <Delay = 0.00>
ST_1 : Operation 42 [1/1] (0.00ns)   --->   "%a_V_18 = partselect i18 @_ssdm_op_PartSelect.i18.i576.i32.i32, i576 %layer11_out_read, i32 324, i32 341" [firmware/nnet_utils/nnet_batchnorm_stream.h:28]   --->   Operation 42 'partselect' 'a_V_18' <Predicate = true> <Delay = 0.00>
ST_1 : Operation 43 [1/1] (0.00ns)   --->   "%a_V_19 = partselect i18 @_ssdm_op_PartSelect.i18.i576.i32.i32, i576 %layer11_out_read, i32 342, i32 359" [firmware/nnet_utils/nnet_batchnorm_stream.h:28]   --->   Operation 43 'partselect' 'a_V_19' <Predicate = true> <Delay = 0.00>
ST_1 : Operation 44 [1/1] (0.00ns)   --->   "%a_V_20 = partselect i18 @_ssdm_op_PartSelect.i18.i576.i32.i32, i576 %layer11_out_read, i32 360, i32 377" [firmware/nnet_utils/nnet_batchnorm_stream.h:28]   --->   Operation 44 'partselect' 'a_V_20' <Predicate = true> <Delay = 0.00>
ST_1 : Operation 45 [1/1] (0.00ns)   --->   "%a_V_21 = partselect i18 @_ssdm_op_PartSelect.i18.i576.i32.i32, i576 %layer11_out_read, i32 378, i32 395" [firmware/nnet_utils/nnet_batchnorm_stream.h:28]   --->   Operation 45 'partselect' 'a_V_21' <Predicate = true> <Delay = 0.00>
ST_1 : Operation 46 [1/1] (0.00ns)   --->   "%a_V_22 = partselect i18 @_ssdm_op_PartSelect.i18.i576.i32.i32, i576 %layer11_out_read, i32 396, i32 413" [firmware/nnet_utils/nnet_batchnorm_stream.h:28]   --->   Operation 46 'partselect' 'a_V_22' <Predicate = true> <Delay = 0.00>
ST_1 : Operation 47 [1/1] (0.00ns)   --->   "%a_V_23 = partselect i18 @_ssdm_op_PartSelect.i18.i576.i32.i32, i576 %layer11_out_read, i32 414, i32 431" [firmware/nnet_utils/nnet_batchnorm_stream.h:28]   --->   Operation 47 'partselect' 'a_V_23' <Predicate = true> <Delay = 0.00>
ST_1 : Operation 48 [1/1] (0.00ns)   --->   "%a_V_24 = partselect i18 @_ssdm_op_PartSelect.i18.i576.i32.i32, i576 %layer11_out_read, i32 432, i32 449" [firmware/nnet_utils/nnet_batchnorm_stream.h:28]   --->   Operation 48 'partselect' 'a_V_24' <Predicate = true> <Delay = 0.00>
ST_1 : Operation 49 [1/1] (0.00ns)   --->   "%a_V_25 = partselect i18 @_ssdm_op_PartSelect.i18.i576.i32.i32, i576 %layer11_out_read, i32 450, i32 467" [firmware/nnet_utils/nnet_batchnorm_stream.h:28]   --->   Operation 49 'partselect' 'a_V_25' <Predicate = true> <Delay = 0.00>
ST_1 : Operation 50 [1/1] (0.00ns)   --->   "%a_V_26 = partselect i18 @_ssdm_op_PartSelect.i18.i576.i32.i32, i576 %layer11_out_read, i32 468, i32 485" [firmware/nnet_utils/nnet_batchnorm_stream.h:28]   --->   Operation 50 'partselect' 'a_V_26' <Predicate = true> <Delay = 0.00>
ST_1 : Operation 51 [1/1] (0.00ns)   --->   "%a_V_27 = partselect i18 @_ssdm_op_PartSelect.i18.i576.i32.i32, i576 %layer11_out_read, i32 486, i32 503" [firmware/nnet_utils/nnet_batchnorm_stream.h:28]   --->   Operation 51 'partselect' 'a_V_27' <Predicate = true> <Delay = 0.00>
ST_1 : Operation 52 [1/1] (0.00ns)   --->   "%a_V_28 = partselect i18 @_ssdm_op_PartSelect.i18.i576.i32.i32, i576 %layer11_out_read, i32 504, i32 521" [firmware/nnet_utils/nnet_batchnorm_stream.h:28]   --->   Operation 52 'partselect' 'a_V_28' <Predicate = true> <Delay = 0.00>
ST_1 : Operation 53 [1/1] (0.00ns)   --->   "%a_V_29 = partselect i18 @_ssdm_op_PartSelect.i18.i576.i32.i32, i576 %layer11_out_read, i32 522, i32 539" [firmware/nnet_utils/nnet_batchnorm_stream.h:28]   --->   Operation 53 'partselect' 'a_V_29' <Predicate = true> <Delay = 0.00>

State 2 <SV = 1> <Delay = 3.34>
ST_2 : Operation 54 [1/1] (0.00ns)   --->   "%sext_ln1347 = sext i18 %a_V"   --->   Operation 54 'sext' 'sext_ln1347' <Predicate = true> <Delay = 0.00>
ST_2 : Operation 55 [2/2] (3.34ns)   --->   "%mul_ln1347 = mul i32 %sext_ln1347, i32 14333"   --->   Operation 55 'mul' 'mul_ln1347' <Predicate = true> <Delay = 3.34> <CoreInst = "Multiplier">   --->   Core 3 'Multiplier' <Latency = 1> <II = 1> <Delay = 3.34> <FuncUnit> <Opcode : 'mul'> <InPorts = 2> <OutPorts = 1>
ST_2 : Operation 56 [1/1] (0.00ns)   --->   "%sext_ln1347_2 = sext i18 %a_V_1"   --->   Operation 56 'sext' 'sext_ln1347_2' <Predicate = true> <Delay = 0.00>
ST_2 : Operation 57 [2/2] (3.34ns)   --->   "%mul_ln1347_1 = mul i32 %sext_ln1347_2, i32 12263"   --->   Operation 57 'mul' 'mul_ln1347_1' <Predicate = true> <Delay = 3.34> <CoreInst = "Multiplier">   --->   Core 3 'Multiplier' <Latency = 1> <II = 1> <Delay = 3.34> <FuncUnit> <Opcode : 'mul'> <InPorts = 2> <OutPorts = 1>

State 3 <SV = 2> <Delay = 3.34>
ST_3 : Operation 58 [1/2] (3.34ns)   --->   "%mul_ln1347 = mul i32 %sext_ln1347, i32 14333"   --->   Operation 58 'mul' 'mul_ln1347' <Predicate = true> <Delay = 3.34> <CoreInst = "Multiplier">   --->   Core 3 'Multiplier' <Latency = 1> <II = 1> <Delay = 3.34> <FuncUnit> <Opcode : 'mul'> <InPorts = 2> <OutPorts = 1>
ST_3 : Operation 59 [1/2] (3.34ns)   --->   "%mul_ln1347_1 = mul i32 %sext_ln1347_2, i32 12263"   --->   Operation 59 'mul' 'mul_ln1347_1' <Predicate = true> <Delay = 3.34> <CoreInst = "Multiplier">   --->   Core 3 'Multiplier' <Latency = 1> <II = 1> <Delay = 3.34> <FuncUnit> <Opcode : 'mul'> <InPorts = 2> <OutPorts = 1>
ST_3 : Operation 60 [1/1] (0.00ns)   --->   "%sext_ln1347_4 = sext i18 %a_V_2"   --->   Operation 60 'sext' 'sext_ln1347_4' <Predicate = true> <Delay = 0.00>
ST_3 : Operation 61 [2/2] (3.34ns)   --->   "%mul_ln1347_2 = mul i32 %sext_ln1347_4, i32 10398"   --->   Operation 61 'mul' 'mul_ln1347_2' <Predicate = true> <Delay = 3.34> <CoreInst = "Multiplier">   --->   Core 3 'Multiplier' <Latency = 1> <II = 1> <Delay = 3.34> <FuncUnit> <Opcode : 'mul'> <InPorts = 2> <OutPorts = 1>
ST_3 : Operation 62 [1/1] (0.00ns)   --->   "%sext_ln1347_6 = sext i18 %a_V_3"   --->   Operation 62 'sext' 'sext_ln1347_6' <Predicate = true> <Delay = 0.00>
ST_3 : Operation 63 [2/2] (3.34ns)   --->   "%mul_ln1347_3 = mul i32 %sext_ln1347_6, i32 8872"   --->   Operation 63 'mul' 'mul_ln1347_3' <Predicate = true> <Delay = 3.34> <CoreInst = "Multiplier">   --->   Core 3 'Multiplier' <Latency = 1> <II = 1> <Delay = 3.34> <FuncUnit> <Opcode : 'mul'> <InPorts = 2> <OutPorts = 1>

State 4 <SV = 3> <Delay = 3.34>
ST_4 : Operation 64 [1/2] (3.34ns)   --->   "%mul_ln1347_2 = mul i32 %sext_ln1347_4, i32 10398"   --->   Operation 64 'mul' 'mul_ln1347_2' <Predicate = true> <Delay = 3.34> <CoreInst = "Multiplier">   --->   Core 3 'Multiplier' <Latency = 1> <II = 1> <Delay = 3.34> <FuncUnit> <Opcode : 'mul'> <InPorts = 2> <OutPorts = 1>
ST_4 : Operation 65 [1/2] (3.34ns)   --->   "%mul_ln1347_3 = mul i32 %sext_ln1347_6, i32 8872"   --->   Operation 65 'mul' 'mul_ln1347_3' <Predicate = true> <Delay = 3.34> <CoreInst = "Multiplier">   --->   Core 3 'Multiplier' <Latency = 1> <II = 1> <Delay = 3.34> <FuncUnit> <Opcode : 'mul'> <InPorts = 2> <OutPorts = 1>
ST_4 : Operation 66 [1/1] (0.00ns)   --->   "%sext_ln1347_8 = sext i18 %a_V_4"   --->   Operation 66 'sext' 'sext_ln1347_8' <Predicate = true> <Delay = 0.00>
ST_4 : Operation 67 [2/2] (3.34ns)   --->   "%mul_ln1347_4 = mul i32 %sext_ln1347_8, i32 13899"   --->   Operation 67 'mul' 'mul_ln1347_4' <Predicate = true> <Delay = 3.34> <CoreInst = "Multiplier">   --->   Core 3 'Multiplier' <Latency = 1> <II = 1> <Delay = 3.34> <FuncUnit> <Opcode : 'mul'> <InPorts = 2> <OutPorts = 1>
ST_4 : Operation 68 [1/1] (0.00ns)   --->   "%sext_ln1347_10 = sext i18 %a_V_5"   --->   Operation 68 'sext' 'sext_ln1347_10' <Predicate = true> <Delay = 0.00>
ST_4 : Operation 69 [2/2] (3.34ns)   --->   "%mul_ln1347_5 = mul i32 %sext_ln1347_10, i32 11632"   --->   Operation 69 'mul' 'mul_ln1347_5' <Predicate = true> <Delay = 3.34> <CoreInst = "Multiplier">   --->   Core 3 'Multiplier' <Latency = 1> <II = 1> <Delay = 3.34> <FuncUnit> <Opcode : 'mul'> <InPorts = 2> <OutPorts = 1>

State 5 <SV = 4> <Delay = 3.34>
ST_5 : Operation 70 [1/2] (3.34ns)   --->   "%mul_ln1347_4 = mul i32 %sext_ln1347_8, i32 13899"   --->   Operation 70 'mul' 'mul_ln1347_4' <Predicate = true> <Delay = 3.34> <CoreInst = "Multiplier">   --->   Core 3 'Multiplier' <Latency = 1> <II = 1> <Delay = 3.34> <FuncUnit> <Opcode : 'mul'> <InPorts = 2> <OutPorts = 1>
ST_5 : Operation 71 [1/2] (3.34ns)   --->   "%mul_ln1347_5 = mul i32 %sext_ln1347_10, i32 11632"   --->   Operation 71 'mul' 'mul_ln1347_5' <Predicate = true> <Delay = 3.34> <CoreInst = "Multiplier">   --->   Core 3 'Multiplier' <Latency = 1> <II = 1> <Delay = 3.34> <FuncUnit> <Opcode : 'mul'> <InPorts = 2> <OutPorts = 1>
ST_5 : Operation 72 [1/1] (0.00ns)   --->   "%sext_ln1347_12 = sext i18 %a_V_6"   --->   Operation 72 'sext' 'sext_ln1347_12' <Predicate = true> <Delay = 0.00>
ST_5 : Operation 73 [2/2] (3.34ns)   --->   "%mul_ln1347_6 = mul i32 %sext_ln1347_12, i32 8680"   --->   Operation 73 'mul' 'mul_ln1347_6' <Predicate = true> <Delay = 3.34> <CoreInst = "Multiplier">   --->   Core 3 'Multiplier' <Latency = 1> <II = 1> <Delay = 3.34> <FuncUnit> <Opcode : 'mul'> <InPorts = 2> <OutPorts = 1>
ST_5 : Operation 74 [1/1] (0.00ns)   --->   "%sext_ln1347_14 = sext i18 %a_V_7"   --->   Operation 74 'sext' 'sext_ln1347_14' <Predicate = true> <Delay = 0.00>
ST_5 : Operation 75 [2/2] (3.34ns)   --->   "%mul_ln1347_7 = mul i32 %sext_ln1347_14, i32 12105"   --->   Operation 75 'mul' 'mul_ln1347_7' <Predicate = true> <Delay = 3.34> <CoreInst = "Multiplier">   --->   Core 3 'Multiplier' <Latency = 1> <II = 1> <Delay = 3.34> <FuncUnit> <Opcode : 'mul'> <InPorts = 2> <OutPorts = 1>

State 6 <SV = 5> <Delay = 3.34>
ST_6 : Operation 76 [1/2] (3.34ns)   --->   "%mul_ln1347_6 = mul i32 %sext_ln1347_12, i32 8680"   --->   Operation 76 'mul' 'mul_ln1347_6' <Predicate = true> <Delay = 3.34> <CoreInst = "Multiplier">   --->   Core 3 'Multiplier' <Latency = 1> <II = 1> <Delay = 3.34> <FuncUnit> <Opcode : 'mul'> <InPorts = 2> <OutPorts = 1>
ST_6 : Operation 77 [1/2] (3.34ns)   --->   "%mul_ln1347_7 = mul i32 %sext_ln1347_14, i32 12105"   --->   Operation 77 'mul' 'mul_ln1347_7' <Predicate = true> <Delay = 3.34> <CoreInst = "Multiplier">   --->   Core 3 'Multiplier' <Latency = 1> <II = 1> <Delay = 3.34> <FuncUnit> <Opcode : 'mul'> <InPorts = 2> <OutPorts = 1>
ST_6 : Operation 78 [1/1] (0.00ns)   --->   "%sext_ln1347_16 = sext i18 %a_V_8"   --->   Operation 78 'sext' 'sext_ln1347_16' <Predicate = true> <Delay = 0.00>
ST_6 : Operation 79 [2/2] (3.34ns)   --->   "%mul_ln1347_8 = mul i32 %sext_ln1347_16, i32 12968"   --->   Operation 79 'mul' 'mul_ln1347_8' <Predicate = true> <Delay = 3.34> <CoreInst = "Multiplier">   --->   Core 3 'Multiplier' <Latency = 1> <II = 1> <Delay = 3.34> <FuncUnit> <Opcode : 'mul'> <InPorts = 2> <OutPorts = 1>
ST_6 : Operation 80 [1/1] (0.00ns)   --->   "%sext_ln1347_18 = sext i18 %a_V_9"   --->   Operation 80 'sext' 'sext_ln1347_18' <Predicate = true> <Delay = 0.00>
ST_6 : Operation 81 [2/2] (3.34ns)   --->   "%mul_ln1347_9 = mul i32 %sext_ln1347_18, i32 12294"   --->   Operation 81 'mul' 'mul_ln1347_9' <Predicate = true> <Delay = 3.34> <CoreInst = "Multiplier">   --->   Core 3 'Multiplier' <Latency = 1> <II = 1> <Delay = 3.34> <FuncUnit> <Opcode : 'mul'> <InPorts = 2> <OutPorts = 1>

State 7 <SV = 6> <Delay = 3.34>
ST_7 : Operation 82 [1/2] (3.34ns)   --->   "%mul_ln1347_8 = mul i32 %sext_ln1347_16, i32 12968"   --->   Operation 82 'mul' 'mul_ln1347_8' <Predicate = true> <Delay = 3.34> <CoreInst = "Multiplier">   --->   Core 3 'Multiplier' <Latency = 1> <II = 1> <Delay = 3.34> <FuncUnit> <Opcode : 'mul'> <InPorts = 2> <OutPorts = 1>
ST_7 : Operation 83 [1/2] (3.34ns)   --->   "%mul_ln1347_9 = mul i32 %sext_ln1347_18, i32 12294"   --->   Operation 83 'mul' 'mul_ln1347_9' <Predicate = true> <Delay = 3.34> <CoreInst = "Multiplier">   --->   Core 3 'Multiplier' <Latency = 1> <II = 1> <Delay = 3.34> <FuncUnit> <Opcode : 'mul'> <InPorts = 2> <OutPorts = 1>
ST_7 : Operation 84 [1/1] (0.00ns)   --->   "%sext_ln1347_20 = sext i18 %a_V_10"   --->   Operation 84 'sext' 'sext_ln1347_20' <Predicate = true> <Delay = 0.00>
ST_7 : Operation 85 [2/2] (3.34ns)   --->   "%mul_ln1347_10 = mul i32 %sext_ln1347_20, i32 11681"   --->   Operation 85 'mul' 'mul_ln1347_10' <Predicate = true> <Delay = 3.34> <CoreInst = "Multiplier">   --->   Core 3 'Multiplier' <Latency = 1> <II = 1> <Delay = 3.34> <FuncUnit> <Opcode : 'mul'> <InPorts = 2> <OutPorts = 1>
ST_7 : Operation 86 [1/1] (0.00ns)   --->   "%sext_ln1347_22 = sext i18 %a_V_11"   --->   Operation 86 'sext' 'sext_ln1347_22' <Predicate = true> <Delay = 0.00>
ST_7 : Operation 87 [2/2] (3.34ns)   --->   "%mul_ln1347_11 = mul i32 %sext_ln1347_22, i32 10000"   --->   Operation 87 'mul' 'mul_ln1347_11' <Predicate = true> <Delay = 3.34> <CoreInst = "Multiplier">   --->   Core 3 'Multiplier' <Latency = 1> <II = 1> <Delay = 3.34> <FuncUnit> <Opcode : 'mul'> <InPorts = 2> <OutPorts = 1>

State 8 <SV = 7> <Delay = 3.34>
ST_8 : Operation 88 [1/2] (3.34ns)   --->   "%mul_ln1347_10 = mul i32 %sext_ln1347_20, i32 11681"   --->   Operation 88 'mul' 'mul_ln1347_10' <Predicate = true> <Delay = 3.34> <CoreInst = "Multiplier">   --->   Core 3 'Multiplier' <Latency = 1> <II = 1> <Delay = 3.34> <FuncUnit> <Opcode : 'mul'> <InPorts = 2> <OutPorts = 1>
ST_8 : Operation 89 [1/2] (3.34ns)   --->   "%mul_ln1347_11 = mul i32 %sext_ln1347_22, i32 10000"   --->   Operation 89 'mul' 'mul_ln1347_11' <Predicate = true> <Delay = 3.34> <CoreInst = "Multiplier">   --->   Core 3 'Multiplier' <Latency = 1> <II = 1> <Delay = 3.34> <FuncUnit> <Opcode : 'mul'> <InPorts = 2> <OutPorts = 1>
ST_8 : Operation 90 [1/1] (0.00ns)   --->   "%sext_ln1347_24 = sext i18 %a_V_12"   --->   Operation 90 'sext' 'sext_ln1347_24' <Predicate = true> <Delay = 0.00>
ST_8 : Operation 91 [2/2] (3.34ns)   --->   "%mul_ln1347_12 = mul i32 %sext_ln1347_24, i32 11465"   --->   Operation 91 'mul' 'mul_ln1347_12' <Predicate = true> <Delay = 3.34> <CoreInst = "Multiplier">   --->   Core 3 'Multiplier' <Latency = 1> <II = 1> <Delay = 3.34> <FuncUnit> <Opcode : 'mul'> <InPorts = 2> <OutPorts = 1>
ST_8 : Operation 92 [1/1] (0.00ns)   --->   "%sext_ln1347_26 = sext i18 %a_V_13"   --->   Operation 92 'sext' 'sext_ln1347_26' <Predicate = true> <Delay = 0.00>
ST_8 : Operation 93 [2/2] (3.34ns)   --->   "%mul_ln1347_13 = mul i32 %sext_ln1347_26, i32 10697"   --->   Operation 93 'mul' 'mul_ln1347_13' <Predicate = true> <Delay = 3.34> <CoreInst = "Multiplier">   --->   Core 3 'Multiplier' <Latency = 1> <II = 1> <Delay = 3.34> <FuncUnit> <Opcode : 'mul'> <InPorts = 2> <OutPorts = 1>

State 9 <SV = 8> <Delay = 3.34>
ST_9 : Operation 94 [1/2] (3.34ns)   --->   "%mul_ln1347_12 = mul i32 %sext_ln1347_24, i32 11465"   --->   Operation 94 'mul' 'mul_ln1347_12' <Predicate = true> <Delay = 3.34> <CoreInst = "Multiplier">   --->   Core 3 'Multiplier' <Latency = 1> <II = 1> <Delay = 3.34> <FuncUnit> <Opcode : 'mul'> <InPorts = 2> <OutPorts = 1>
ST_9 : Operation 95 [1/2] (3.34ns)   --->   "%mul_ln1347_13 = mul i32 %sext_ln1347_26, i32 10697"   --->   Operation 95 'mul' 'mul_ln1347_13' <Predicate = true> <Delay = 3.34> <CoreInst = "Multiplier">   --->   Core 3 'Multiplier' <Latency = 1> <II = 1> <Delay = 3.34> <FuncUnit> <Opcode : 'mul'> <InPorts = 2> <OutPorts = 1>
ST_9 : Operation 96 [1/1] (0.00ns)   --->   "%sext_ln1347_28 = sext i18 %a_V_14"   --->   Operation 96 'sext' 'sext_ln1347_28' <Predicate = true> <Delay = 0.00>
ST_9 : Operation 97 [2/2] (3.34ns)   --->   "%mul_ln1347_14 = mul i32 %sext_ln1347_28, i32 10488"   --->   Operation 97 'mul' 'mul_ln1347_14' <Predicate = true> <Delay = 3.34> <CoreInst = "Multiplier">   --->   Core 3 'Multiplier' <Latency = 1> <II = 1> <Delay = 3.34> <FuncUnit> <Opcode : 'mul'> <InPorts = 2> <OutPorts = 1>
ST_9 : Operation 98 [1/1] (0.00ns)   --->   "%sext_ln1347_30 = sext i18 %a_V_15"   --->   Operation 98 'sext' 'sext_ln1347_30' <Predicate = true> <Delay = 0.00>
ST_9 : Operation 99 [2/2] (3.34ns)   --->   "%mul_ln1347_15 = mul i32 %sext_ln1347_30, i32 11648"   --->   Operation 99 'mul' 'mul_ln1347_15' <Predicate = true> <Delay = 3.34> <CoreInst = "Multiplier">   --->   Core 3 'Multiplier' <Latency = 1> <II = 1> <Delay = 3.34> <FuncUnit> <Opcode : 'mul'> <InPorts = 2> <OutPorts = 1>

State 10 <SV = 9> <Delay = 3.34>
ST_10 : Operation 100 [1/2] (3.34ns)   --->   "%mul_ln1347_14 = mul i32 %sext_ln1347_28, i32 10488"   --->   Operation 100 'mul' 'mul_ln1347_14' <Predicate = true> <Delay = 3.34> <CoreInst = "Multiplier">   --->   Core 3 'Multiplier' <Latency = 1> <II = 1> <Delay = 3.34> <FuncUnit> <Opcode : 'mul'> <InPorts = 2> <OutPorts = 1>
ST_10 : Operation 101 [1/2] (3.34ns)   --->   "%mul_ln1347_15 = mul i32 %sext_ln1347_30, i32 11648"   --->   Operation 101 'mul' 'mul_ln1347_15' <Predicate = true> <Delay = 3.34> <CoreInst = "Multiplier">   --->   Core 3 'Multiplier' <Latency = 1> <II = 1> <Delay = 3.34> <FuncUnit> <Opcode : 'mul'> <InPorts = 2> <OutPorts = 1>
ST_10 : Operation 102 [1/1] (0.00ns)   --->   "%sext_ln1347_32 = sext i18 %a_V_16"   --->   Operation 102 'sext' 'sext_ln1347_32' <Predicate = true> <Delay = 0.00>
ST_10 : Operation 103 [2/2] (3.34ns)   --->   "%mul_ln1347_16 = mul i32 %sext_ln1347_32, i32 9616"   --->   Operation 103 'mul' 'mul_ln1347_16' <Predicate = true> <Delay = 3.34> <CoreInst = "Multiplier">   --->   Core 3 'Multiplier' <Latency = 1> <II = 1> <Delay = 3.34> <FuncUnit> <Opcode : 'mul'> <InPorts = 2> <OutPorts = 1>
ST_10 : Operation 104 [1/1] (0.00ns)   --->   "%sext_ln1347_34 = sext i18 %a_V_17"   --->   Operation 104 'sext' 'sext_ln1347_34' <Predicate = true> <Delay = 0.00>
ST_10 : Operation 105 [2/2] (3.34ns)   --->   "%mul_ln1347_17 = mul i32 %sext_ln1347_34, i32 11459"   --->   Operation 105 'mul' 'mul_ln1347_17' <Predicate = true> <Delay = 3.34> <CoreInst = "Multiplier">   --->   Core 3 'Multiplier' <Latency = 1> <II = 1> <Delay = 3.34> <FuncUnit> <Opcode : 'mul'> <InPorts = 2> <OutPorts = 1>

State 11 <SV = 10> <Delay = 3.34>
ST_11 : Operation 106 [1/2] (3.34ns)   --->   "%mul_ln1347_16 = mul i32 %sext_ln1347_32, i32 9616"   --->   Operation 106 'mul' 'mul_ln1347_16' <Predicate = true> <Delay = 3.34> <CoreInst = "Multiplier">   --->   Core 3 'Multiplier' <Latency = 1> <II = 1> <Delay = 3.34> <FuncUnit> <Opcode : 'mul'> <InPorts = 2> <OutPorts = 1>
ST_11 : Operation 107 [1/2] (3.34ns)   --->   "%mul_ln1347_17 = mul i32 %sext_ln1347_34, i32 11459"   --->   Operation 107 'mul' 'mul_ln1347_17' <Predicate = true> <Delay = 3.34> <CoreInst = "Multiplier">   --->   Core 3 'Multiplier' <Latency = 1> <II = 1> <Delay = 3.34> <FuncUnit> <Opcode : 'mul'> <InPorts = 2> <OutPorts = 1>
ST_11 : Operation 108 [1/1] (0.00ns)   --->   "%sext_ln1347_36 = sext i18 %a_V_18"   --->   Operation 108 'sext' 'sext_ln1347_36' <Predicate = true> <Delay = 0.00>
ST_11 : Operation 109 [2/2] (3.34ns)   --->   "%mul_ln1347_18 = mul i32 %sext_ln1347_36, i32 13743"   --->   Operation 109 'mul' 'mul_ln1347_18' <Predicate = true> <Delay = 3.34> <CoreInst = "Multiplier">   --->   Core 3 'Multiplier' <Latency = 1> <II = 1> <Delay = 3.34> <FuncUnit> <Opcode : 'mul'> <InPorts = 2> <OutPorts = 1>
ST_11 : Operation 110 [1/1] (0.00ns)   --->   "%sext_ln1347_38 = sext i18 %a_V_19"   --->   Operation 110 'sext' 'sext_ln1347_38' <Predicate = true> <Delay = 0.00>
ST_11 : Operation 111 [2/2] (3.34ns)   --->   "%mul_ln1347_19 = mul i32 %sext_ln1347_38, i32 11084"   --->   Operation 111 'mul' 'mul_ln1347_19' <Predicate = true> <Delay = 3.34> <CoreInst = "Multiplier">   --->   Core 3 'Multiplier' <Latency = 1> <II = 1> <Delay = 3.34> <FuncUnit> <Opcode : 'mul'> <InPorts = 2> <OutPorts = 1>

State 12 <SV = 11> <Delay = 3.34>
ST_12 : Operation 112 [1/2] (3.34ns)   --->   "%mul_ln1347_18 = mul i32 %sext_ln1347_36, i32 13743"   --->   Operation 112 'mul' 'mul_ln1347_18' <Predicate = true> <Delay = 3.34> <CoreInst = "Multiplier">   --->   Core 3 'Multiplier' <Latency = 1> <II = 1> <Delay = 3.34> <FuncUnit> <Opcode : 'mul'> <InPorts = 2> <OutPorts = 1>
ST_12 : Operation 113 [1/2] (3.34ns)   --->   "%mul_ln1347_19 = mul i32 %sext_ln1347_38, i32 11084"   --->   Operation 113 'mul' 'mul_ln1347_19' <Predicate = true> <Delay = 3.34> <CoreInst = "Multiplier">   --->   Core 3 'Multiplier' <Latency = 1> <II = 1> <Delay = 3.34> <FuncUnit> <Opcode : 'mul'> <InPorts = 2> <OutPorts = 1>
ST_12 : Operation 114 [1/1] (0.00ns)   --->   "%sext_ln1347_40 = sext i18 %a_V_20"   --->   Operation 114 'sext' 'sext_ln1347_40' <Predicate = true> <Delay = 0.00>
ST_12 : Operation 115 [2/2] (3.34ns)   --->   "%mul_ln1347_20 = mul i33 %sext_ln1347_40, i33 16743"   --->   Operation 115 'mul' 'mul_ln1347_20' <Predicate = true> <Delay = 3.34> <CoreInst = "Multiplier">   --->   Core 3 'Multiplier' <Latency = 1> <II = 1> <Delay = 3.34> <FuncUnit> <Opcode : 'mul'> <InPorts = 2> <OutPorts = 1>
ST_12 : Operation 116 [1/1] (0.00ns)   --->   "%sext_ln1347_42 = sext i18 %a_V_21"   --->   Operation 116 'sext' 'sext_ln1347_42' <Predicate = true> <Delay = 0.00>
ST_12 : Operation 117 [2/2] (3.34ns)   --->   "%mul_ln1347_21 = mul i32 %sext_ln1347_42, i32 14807"   --->   Operation 117 'mul' 'mul_ln1347_21' <Predicate = true> <Delay = 3.34> <CoreInst = "Multiplier">   --->   Core 3 'Multiplier' <Latency = 1> <II = 1> <Delay = 3.34> <FuncUnit> <Opcode : 'mul'> <InPorts = 2> <OutPorts = 1>

State 13 <SV = 12> <Delay = 3.34>
ST_13 : Operation 118 [1/2] (3.34ns)   --->   "%mul_ln1347_20 = mul i33 %sext_ln1347_40, i33 16743"   --->   Operation 118 'mul' 'mul_ln1347_20' <Predicate = true> <Delay = 3.34> <CoreInst = "Multiplier">   --->   Core 3 'Multiplier' <Latency = 1> <II = 1> <Delay = 3.34> <FuncUnit> <Opcode : 'mul'> <InPorts = 2> <OutPorts = 1>
ST_13 : Operation 119 [1/2] (3.34ns)   --->   "%mul_ln1347_21 = mul i32 %sext_ln1347_42, i32 14807"   --->   Operation 119 'mul' 'mul_ln1347_21' <Predicate = true> <Delay = 3.34> <CoreInst = "Multiplier">   --->   Core 3 'Multiplier' <Latency = 1> <II = 1> <Delay = 3.34> <FuncUnit> <Opcode : 'mul'> <InPorts = 2> <OutPorts = 1>
ST_13 : Operation 120 [1/1] (0.00ns)   --->   "%sext_ln1347_44 = sext i18 %a_V_22"   --->   Operation 120 'sext' 'sext_ln1347_44' <Predicate = true> <Delay = 0.00>
ST_13 : Operation 121 [2/2] (3.34ns)   --->   "%mul_ln1347_22 = mul i32 %sext_ln1347_44, i32 8956"   --->   Operation 121 'mul' 'mul_ln1347_22' <Predicate = true> <Delay = 3.34> <CoreInst = "Multiplier">   --->   Core 3 'Multiplier' <Latency = 1> <II = 1> <Delay = 3.34> <FuncUnit> <Opcode : 'mul'> <InPorts = 2> <OutPorts = 1>
ST_13 : Operation 122 [1/1] (0.00ns)   --->   "%sext_ln1347_46 = sext i18 %a_V_23"   --->   Operation 122 'sext' 'sext_ln1347_46' <Predicate = true> <Delay = 0.00>
ST_13 : Operation 123 [2/2] (3.34ns)   --->   "%mul_ln1347_23 = mul i33 %sext_ln1347_46, i33 18140"   --->   Operation 123 'mul' 'mul_ln1347_23' <Predicate = true> <Delay = 3.34> <CoreInst = "Multiplier">   --->   Core 3 'Multiplier' <Latency = 1> <II = 1> <Delay = 3.34> <FuncUnit> <Opcode : 'mul'> <InPorts = 2> <OutPorts = 1>

State 14 <SV = 13> <Delay = 3.34>
ST_14 : Operation 124 [1/2] (3.34ns)   --->   "%mul_ln1347_22 = mul i32 %sext_ln1347_44, i32 8956"   --->   Operation 124 'mul' 'mul_ln1347_22' <Predicate = true> <Delay = 3.34> <CoreInst = "Multiplier">   --->   Core 3 'Multiplier' <Latency = 1> <II = 1> <Delay = 3.34> <FuncUnit> <Opcode : 'mul'> <InPorts = 2> <OutPorts = 1>
ST_14 : Operation 125 [1/2] (3.34ns)   --->   "%mul_ln1347_23 = mul i33 %sext_ln1347_46, i33 18140"   --->   Operation 125 'mul' 'mul_ln1347_23' <Predicate = true> <Delay = 3.34> <CoreInst = "Multiplier">   --->   Core 3 'Multiplier' <Latency = 1> <II = 1> <Delay = 3.34> <FuncUnit> <Opcode : 'mul'> <InPorts = 2> <OutPorts = 1>
ST_14 : Operation 126 [1/1] (0.00ns)   --->   "%sext_ln1347_48 = sext i18 %a_V_24"   --->   Operation 126 'sext' 'sext_ln1347_48' <Predicate = true> <Delay = 0.00>
ST_14 : Operation 127 [2/2] (3.34ns)   --->   "%mul_ln1347_24 = mul i32 %sext_ln1347_48, i32 11519"   --->   Operation 127 'mul' 'mul_ln1347_24' <Predicate = true> <Delay = 3.34> <CoreInst = "Multiplier">   --->   Core 3 'Multiplier' <Latency = 1> <II = 1> <Delay = 3.34> <FuncUnit> <Opcode : 'mul'> <InPorts = 2> <OutPorts = 1>
ST_14 : Operation 128 [1/1] (0.00ns)   --->   "%sext_ln1347_50 = sext i18 %a_V_25"   --->   Operation 128 'sext' 'sext_ln1347_50' <Predicate = true> <Delay = 0.00>
ST_14 : Operation 129 [2/2] (3.34ns)   --->   "%mul_ln1347_25 = mul i32 %sext_ln1347_50, i32 8634"   --->   Operation 129 'mul' 'mul_ln1347_25' <Predicate = true> <Delay = 3.34> <CoreInst = "Multiplier">   --->   Core 3 'Multiplier' <Latency = 1> <II = 1> <Delay = 3.34> <FuncUnit> <Opcode : 'mul'> <InPorts = 2> <OutPorts = 1>

State 15 <SV = 14> <Delay = 3.34>
ST_15 : Operation 130 [1/2] (3.34ns)   --->   "%mul_ln1347_24 = mul i32 %sext_ln1347_48, i32 11519"   --->   Operation 130 'mul' 'mul_ln1347_24' <Predicate = true> <Delay = 3.34> <CoreInst = "Multiplier">   --->   Core 3 'Multiplier' <Latency = 1> <II = 1> <Delay = 3.34> <FuncUnit> <Opcode : 'mul'> <InPorts = 2> <OutPorts = 1>
ST_15 : Operation 131 [1/2] (3.34ns)   --->   "%mul_ln1347_25 = mul i32 %sext_ln1347_50, i32 8634"   --->   Operation 131 'mul' 'mul_ln1347_25' <Predicate = true> <Delay = 3.34> <CoreInst = "Multiplier">   --->   Core 3 'Multiplier' <Latency = 1> <II = 1> <Delay = 3.34> <FuncUnit> <Opcode : 'mul'> <InPorts = 2> <OutPorts = 1>
ST_15 : Operation 132 [1/1] (0.00ns)   --->   "%sext_ln1347_52 = sext i18 %a_V_26"   --->   Operation 132 'sext' 'sext_ln1347_52' <Predicate = true> <Delay = 0.00>
ST_15 : Operation 133 [2/2] (3.34ns)   --->   "%mul_ln1347_26 = mul i32 %sext_ln1347_52, i32 11825"   --->   Operation 133 'mul' 'mul_ln1347_26' <Predicate = true> <Delay = 3.34> <CoreInst = "Multiplier">   --->   Core 3 'Multiplier' <Latency = 1> <II = 1> <Delay = 3.34> <FuncUnit> <Opcode : 'mul'> <InPorts = 2> <OutPorts = 1>
ST_15 : Operation 134 [1/1] (0.00ns)   --->   "%sext_ln1270 = sext i18 %a_V_27"   --->   Operation 134 'sext' 'sext_ln1270' <Predicate = true> <Delay = 0.00>
ST_15 : Operation 135 [2/2] (3.34ns)   --->   "%r_V_37 = mul i33 %sext_ln1270, i33 9975"   --->   Operation 135 'mul' 'r_V_37' <Predicate = true> <Delay = 3.34> <CoreInst = "Multiplier">   --->   Core 3 'Multiplier' <Latency = 1> <II = 1> <Delay = 3.34> <FuncUnit> <Opcode : 'mul'> <InPorts = 2> <OutPorts = 1>

State 16 <SV = 15> <Delay = 3.34>
ST_16 : Operation 136 [1/2] (3.34ns)   --->   "%mul_ln1347_26 = mul i32 %sext_ln1347_52, i32 11825"   --->   Operation 136 'mul' 'mul_ln1347_26' <Predicate = true> <Delay = 3.34> <CoreInst = "Multiplier">   --->   Core 3 'Multiplier' <Latency = 1> <II = 1> <Delay = 3.34> <FuncUnit> <Opcode : 'mul'> <InPorts = 2> <OutPorts = 1>
ST_16 : Operation 137 [1/2] (3.34ns)   --->   "%r_V_37 = mul i33 %sext_ln1270, i33 9975"   --->   Operation 137 'mul' 'r_V_37' <Predicate = true> <Delay = 3.34> <CoreInst = "Multiplier">   --->   Core 3 'Multiplier' <Latency = 1> <II = 1> <Delay = 3.34> <FuncUnit> <Opcode : 'mul'> <InPorts = 2> <OutPorts = 1>
ST_16 : Operation 138 [1/1] (0.00ns)   --->   "%sext_ln1347_54 = sext i18 %a_V_28"   --->   Operation 138 'sext' 'sext_ln1347_54' <Predicate = true> <Delay = 0.00>
ST_16 : Operation 139 [2/2] (3.34ns)   --->   "%mul_ln1347_27 = mul i32 %sext_ln1347_54, i32 8961"   --->   Operation 139 'mul' 'mul_ln1347_27' <Predicate = true> <Delay = 3.34> <CoreInst = "Multiplier">   --->   Core 3 'Multiplier' <Latency = 1> <II = 1> <Delay = 3.34> <FuncUnit> <Opcode : 'mul'> <InPorts = 2> <OutPorts = 1>
ST_16 : Operation 140 [1/1] (0.00ns)   --->   "%sext_ln1347_56 = sext i18 %a_V_29"   --->   Operation 140 'sext' 'sext_ln1347_56' <Predicate = true> <Delay = 0.00>
ST_16 : Operation 141 [2/2] (3.34ns)   --->   "%mul_ln1347_28 = mul i32 %sext_ln1347_56, i32 13849"   --->   Operation 141 'mul' 'mul_ln1347_28' <Predicate = true> <Delay = 3.34> <CoreInst = "Multiplier">   --->   Core 3 'Multiplier' <Latency = 1> <II = 1> <Delay = 3.34> <FuncUnit> <Opcode : 'mul'> <InPorts = 2> <OutPorts = 1>

State 17 <SV = 16> <Delay = 3.34>
ST_17 : Operation 142 [1/2] (3.34ns)   --->   "%mul_ln1347_27 = mul i32 %sext_ln1347_54, i32 8961"   --->   Operation 142 'mul' 'mul_ln1347_27' <Predicate = true> <Delay = 3.34> <CoreInst = "Multiplier">   --->   Core 3 'Multiplier' <Latency = 1> <II = 1> <Delay = 3.34> <FuncUnit> <Opcode : 'mul'> <InPorts = 2> <OutPorts = 1>
ST_17 : Operation 143 [1/2] (3.34ns)   --->   "%mul_ln1347_28 = mul i32 %sext_ln1347_56, i32 13849"   --->   Operation 143 'mul' 'mul_ln1347_28' <Predicate = true> <Delay = 3.34> <CoreInst = "Multiplier">   --->   Core 3 'Multiplier' <Latency = 1> <II = 1> <Delay = 3.34> <FuncUnit> <Opcode : 'mul'> <InPorts = 2> <OutPorts = 1>
ST_17 : Operation 144 [1/1] (0.00ns)   --->   "%sext_ln1347_58 = sext i18 %a_V_30"   --->   Operation 144 'sext' 'sext_ln1347_58' <Predicate = true> <Delay = 0.00>
ST_17 : Operation 145 [2/2] (3.34ns)   --->   "%mul_ln1347_29 = mul i32 %sext_ln1347_58, i32 13627"   --->   Operation 145 'mul' 'mul_ln1347_29' <Predicate = true> <Delay = 3.34> <CoreInst = "Multiplier">   --->   Core 3 'Multiplier' <Latency = 1> <II = 1> <Delay = 3.34> <FuncUnit> <Opcode : 'mul'> <InPorts = 2> <OutPorts = 1>
ST_17 : Operation 146 [1/1] (0.00ns)   --->   "%sext_ln1347_60 = sext i18 %a_V_31"   --->   Operation 146 'sext' 'sext_ln1347_60' <Predicate = true> <Delay = 0.00>
ST_17 : Operation 147 [2/2] (3.34ns)   --->   "%mul_ln1347_30 = mul i32 %sext_ln1347_60, i32 10062"   --->   Operation 147 'mul' 'mul_ln1347_30' <Predicate = true> <Delay = 3.34> <CoreInst = "Multiplier">   --->   Core 3 'Multiplier' <Latency = 1> <II = 1> <Delay = 3.34> <FuncUnit> <Opcode : 'mul'> <InPorts = 2> <OutPorts = 1>

State 18 <SV = 17> <Delay = 3.34>
ST_18 : Operation 148 [1/2] (3.34ns)   --->   "%mul_ln1347_29 = mul i32 %sext_ln1347_58, i32 13627"   --->   Operation 148 'mul' 'mul_ln1347_29' <Predicate = true> <Delay = 3.34> <CoreInst = "Multiplier">   --->   Core 3 'Multiplier' <Latency = 1> <II = 1> <Delay = 3.34> <FuncUnit> <Opcode : 'mul'> <InPorts = 2> <OutPorts = 1>
ST_18 : Operation 149 [1/2] (3.34ns)   --->   "%mul_ln1347_30 = mul i32 %sext_ln1347_60, i32 10062"   --->   Operation 149 'mul' 'mul_ln1347_30' <Predicate = true> <Delay = 3.34> <CoreInst = "Multiplier">   --->   Core 3 'Multiplier' <Latency = 1> <II = 1> <Delay = 3.34> <FuncUnit> <Opcode : 'mul'> <InPorts = 2> <OutPorts = 1>

State 19 <SV = 18> <Delay = 2.59>
ST_19 : Operation 150 [1/1] (2.55ns)   --->   "%ret_V = add i32 %mul_ln1347, i32 4271374336"   --->   Operation 150 'add' 'ret_V' <Predicate = true> <Delay = 2.55> <CoreInst = "Adder">   --->   Core 1 'Adder' <Latency = 0> <II = 1> <Delay = 2.55> <FuncUnit> <Opcode : 'add' 'sub'> <InPorts = 2> <OutPorts = 1>
ST_19 : Operation 151 [1/1] (2.55ns)   --->   "%ret_V_14 = add i32 %mul_ln1347_1, i32 4291821568"   --->   Operation 151 'add' 'ret_V_14' <Predicate = true> <Delay = 2.55> <CoreInst = "Adder">   --->   Core 1 'Adder' <Latency = 0> <II = 1> <Delay = 2.55> <FuncUnit> <Opcode : 'add' 'sub'> <InPorts = 2> <OutPorts = 1>
ST_19 : Operation 152 [1/1] (2.55ns)   --->   "%ret_V_15 = add i32 %mul_ln1347_2, i32 2097152"   --->   Operation 152 'add' 'ret_V_15' <Predicate = true> <Delay = 2.55> <CoreInst = "Adder">   --->   Core 1 'Adder' <Latency = 0> <II = 1> <Delay = 2.55> <FuncUnit> <Opcode : 'add' 'sub'> <InPorts = 2> <OutPorts = 1>
ST_19 : Operation 153 [1/1] (2.55ns)   --->   "%ret_V_16 = add i32 %mul_ln1347_3, i32 1572864"   --->   Operation 153 'add' 'ret_V_16' <Predicate = true> <Delay = 2.55> <CoreInst = "Adder">   --->   Core 1 'Adder' <Latency = 0> <II = 1> <Delay = 2.55> <FuncUnit> <Opcode : 'add' 'sub'> <InPorts = 2> <OutPorts = 1>
ST_19 : Operation 154 [1/1] (2.55ns)   --->   "%ret_V_17 = add i32 %mul_ln1347_4, i32 4275044352"   --->   Operation 154 'add' 'ret_V_17' <Predicate = true> <Delay = 2.55> <CoreInst = "Adder">   --->   Core 1 'Adder' <Latency = 0> <II = 1> <Delay = 2.55> <FuncUnit> <Opcode : 'add' 'sub'> <InPorts = 2> <OutPorts = 1>
ST_19 : Operation 155 [1/1] (2.55ns)   --->   "%ret_V_18 = add i32 %mul_ln1347_5, i32 4291821568"   --->   Operation 155 'add' 'ret_V_18' <Predicate = true> <Delay = 2.55> <CoreInst = "Adder">   --->   Core 1 'Adder' <Latency = 0> <II = 1> <Delay = 2.55> <FuncUnit> <Opcode : 'add' 'sub'> <InPorts = 2> <OutPorts = 1>
ST_19 : Operation 156 [1/1] (2.55ns)   --->   "%ret_V_19 = add i32 %mul_ln1347_6, i32 524288"   --->   Operation 156 'add' 'ret_V_19' <Predicate = true> <Delay = 2.55> <CoreInst = "Adder">   --->   Core 1 'Adder' <Latency = 0> <II = 1> <Delay = 2.55> <FuncUnit> <Opcode : 'add' 'sub'> <InPorts = 2> <OutPorts = 1>
ST_19 : Operation 157 [1/1] (2.55ns)   --->   "%ret_V_20 = add i32 %mul_ln1347_7, i32 4290248704"   --->   Operation 157 'add' 'ret_V_20' <Predicate = true> <Delay = 2.55> <CoreInst = "Adder">   --->   Core 1 'Adder' <Latency = 0> <II = 1> <Delay = 2.55> <FuncUnit> <Opcode : 'add' 'sub'> <InPorts = 2> <OutPorts = 1>
ST_19 : Operation 158 [1/1] (2.55ns)   --->   "%ret_V_21 = add i32 %mul_ln1347_8, i32 8388608"   --->   Operation 158 'add' 'ret_V_21' <Predicate = true> <Delay = 2.55> <CoreInst = "Adder">   --->   Core 1 'Adder' <Latency = 0> <II = 1> <Delay = 2.55> <FuncUnit> <Opcode : 'add' 'sub'> <InPorts = 2> <OutPorts = 1>
ST_19 : Operation 159 [1/1] (2.55ns)   --->   "%ret_V_22 = add i32 %mul_ln1347_9, i32 1572864"   --->   Operation 159 'add' 'ret_V_22' <Predicate = true> <Delay = 2.55> <CoreInst = "Adder">   --->   Core 1 'Adder' <Latency = 0> <II = 1> <Delay = 2.55> <FuncUnit> <Opcode : 'add' 'sub'> <InPorts = 2> <OutPorts = 1>
ST_19 : Operation 160 [1/1] (2.55ns)   --->   "%ret_V_23 = add i32 %mul_ln1347_10, i32 10485760"   --->   Operation 160 'add' 'ret_V_23' <Predicate = true> <Delay = 2.55> <CoreInst = "Adder">   --->   Core 1 'Adder' <Latency = 0> <II = 1> <Delay = 2.55> <FuncUnit> <Opcode : 'add' 'sub'> <InPorts = 2> <OutPorts = 1>
ST_19 : Operation 161 [1/1] (2.55ns)   --->   "%ret_V_24 = add i32 %mul_ln1347_11, i32 2097152"   --->   Operation 161 'add' 'ret_V_24' <Predicate = true> <Delay = 2.55> <CoreInst = "Adder">   --->   Core 1 'Adder' <Latency = 0> <II = 1> <Delay = 2.55> <FuncUnit> <Opcode : 'add' 'sub'> <InPorts = 2> <OutPorts = 1>
ST_19 : Operation 162 [1/1] (2.55ns)   --->   "%ret_V_25 = add i32 %mul_ln1347_12, i32 4291821568"   --->   Operation 162 'add' 'ret_V_25' <Predicate = true> <Delay = 2.55> <CoreInst = "Adder">   --->   Core 1 'Adder' <Latency = 0> <II = 1> <Delay = 2.55> <FuncUnit> <Opcode : 'add' 'sub'> <InPorts = 2> <OutPorts = 1>
ST_19 : Operation 163 [1/1] (2.55ns)   --->   "%ret_V_26 = add i32 %mul_ln1347_13, i32 4287102976"   --->   Operation 163 'add' 'ret_V_26' <Predicate = true> <Delay = 2.55> <CoreInst = "Adder">   --->   Core 1 'Adder' <Latency = 0> <II = 1> <Delay = 2.55> <FuncUnit> <Opcode : 'add' 'sub'> <InPorts = 2> <OutPorts = 1>
ST_19 : Operation 164 [1/1] (2.55ns)   --->   "%ret_V_27 = add i32 %mul_ln1347_14, i32 4292345856"   --->   Operation 164 'add' 'ret_V_27' <Predicate = true> <Delay = 2.55> <CoreInst = "Adder">   --->   Core 1 'Adder' <Latency = 0> <II = 1> <Delay = 2.55> <FuncUnit> <Opcode : 'add' 'sub'> <InPorts = 2> <OutPorts = 1>
ST_19 : Operation 165 [1/1] (2.55ns)   --->   "%ret_V_28 = add i32 %mul_ln1347_15, i32 2097152"   --->   Operation 165 'add' 'ret_V_28' <Predicate = true> <Delay = 2.55> <CoreInst = "Adder">   --->   Core 1 'Adder' <Latency = 0> <II = 1> <Delay = 2.55> <FuncUnit> <Opcode : 'add' 'sub'> <InPorts = 2> <OutPorts = 1>
ST_19 : Operation 166 [1/1] (2.55ns)   --->   "%ret_V_29 = add i32 %mul_ln1347_16, i32 1048576"   --->   Operation 166 'add' 'ret_V_29' <Predicate = true> <Delay = 2.55> <CoreInst = "Adder">   --->   Core 1 'Adder' <Latency = 0> <II = 1> <Delay = 2.55> <FuncUnit> <Opcode : 'add' 'sub'> <InPorts = 2> <OutPorts = 1>
ST_19 : Operation 167 [1/1] (2.55ns)   --->   "%ret_V_30 = add i32 %mul_ln1347_17, i32 4294443008"   --->   Operation 167 'add' 'ret_V_30' <Predicate = true> <Delay = 2.55> <CoreInst = "Adder">   --->   Core 1 'Adder' <Latency = 0> <II = 1> <Delay = 2.55> <FuncUnit> <Opcode : 'add' 'sub'> <InPorts = 2> <OutPorts = 1>
ST_19 : Operation 168 [1/1] (2.55ns)   --->   "%ret_V_31 = add i32 %mul_ln1347_18, i32 4291297280"   --->   Operation 168 'add' 'ret_V_31' <Predicate = true> <Delay = 2.55> <CoreInst = "Adder">   --->   Core 1 'Adder' <Latency = 0> <II = 1> <Delay = 2.55> <FuncUnit> <Opcode : 'add' 'sub'> <InPorts = 2> <OutPorts = 1>
ST_19 : Operation 169 [1/1] (2.55ns)   --->   "%ret_V_32 = add i32 %mul_ln1347_19, i32 4285005824"   --->   Operation 169 'add' 'ret_V_32' <Predicate = true> <Delay = 2.55> <CoreInst = "Adder">   --->   Core 1 'Adder' <Latency = 0> <II = 1> <Delay = 2.55> <FuncUnit> <Opcode : 'add' 'sub'> <InPorts = 2> <OutPorts = 1>
ST_19 : Operation 170 [1/1] (2.59ns)   --->   "%ret_V_33 = add i33 %mul_ln1347_20, i33 8587837440"   --->   Operation 170 'add' 'ret_V_33' <Predicate = true> <Delay = 2.59> <CoreInst = "Adder">   --->   Core 1 'Adder' <Latency = 0> <II = 1> <Delay = 2.59> <FuncUnit> <Opcode : 'add' 'sub'> <InPorts = 2> <OutPorts = 1>
ST_19 : Operation 171 [1/1] (2.55ns)   --->   "%ret_V_34 = add i32 %mul_ln1347_21, i32 10485760"   --->   Operation 171 'add' 'ret_V_34' <Predicate = true> <Delay = 2.55> <CoreInst = "Adder">   --->   Core 1 'Adder' <Latency = 0> <II = 1> <Delay = 2.55> <FuncUnit> <Opcode : 'add' 'sub'> <InPorts = 2> <OutPorts = 1>
ST_19 : Operation 172 [1/1] (2.55ns)   --->   "%ret_V_35 = add i32 %mul_ln1347_22, i32 4291297280"   --->   Operation 172 'add' 'ret_V_35' <Predicate = true> <Delay = 2.55> <CoreInst = "Adder">   --->   Core 1 'Adder' <Latency = 0> <II = 1> <Delay = 2.55> <FuncUnit> <Opcode : 'add' 'sub'> <InPorts = 2> <OutPorts = 1>
ST_19 : Operation 173 [1/1] (2.59ns)   --->   "%ret_V_36 = add i33 %mul_ln1347_23, i33 15728640"   --->   Operation 173 'add' 'ret_V_36' <Predicate = true> <Delay = 2.59> <CoreInst = "Adder">   --->   Core 1 'Adder' <Latency = 0> <II = 1> <Delay = 2.59> <FuncUnit> <Opcode : 'add' 'sub'> <InPorts = 2> <OutPorts = 1>
ST_19 : Operation 174 [1/1] (2.55ns)   --->   "%ret_V_37 = add i32 %mul_ln1347_24, i32 8388608"   --->   Operation 174 'add' 'ret_V_37' <Predicate = true> <Delay = 2.55> <CoreInst = "Adder">   --->   Core 1 'Adder' <Latency = 0> <II = 1> <Delay = 2.55> <FuncUnit> <Opcode : 'add' 'sub'> <InPorts = 2> <OutPorts = 1>
ST_19 : Operation 175 [1/1] (2.55ns)   --->   "%ret_V_38 = add i32 %mul_ln1347_25, i32 4290248704"   --->   Operation 175 'add' 'ret_V_38' <Predicate = true> <Delay = 2.55> <CoreInst = "Adder">   --->   Core 1 'Adder' <Latency = 0> <II = 1> <Delay = 2.55> <FuncUnit> <Opcode : 'add' 'sub'> <InPorts = 2> <OutPorts = 1>
ST_19 : Operation 176 [1/1] (2.55ns)   --->   "%ret_V_39 = add i32 %mul_ln1347_26, i32 4283432960"   --->   Operation 176 'add' 'ret_V_39' <Predicate = true> <Delay = 2.55> <CoreInst = "Adder">   --->   Core 1 'Adder' <Latency = 0> <II = 1> <Delay = 2.55> <FuncUnit> <Opcode : 'add' 'sub'> <InPorts = 2> <OutPorts = 1>
ST_19 : Operation 177 [1/1] (2.55ns)   --->   "%ret_V_40 = add i32 %mul_ln1347_27, i32 14680064"   --->   Operation 177 'add' 'ret_V_40' <Predicate = true> <Delay = 2.55> <CoreInst = "Adder">   --->   Core 1 'Adder' <Latency = 0> <II = 1> <Delay = 2.55> <FuncUnit> <Opcode : 'add' 'sub'> <InPorts = 2> <OutPorts = 1>
ST_19 : Operation 178 [1/1] (2.55ns)   --->   "%ret_V_41 = add i32 %mul_ln1347_28, i32 3670016"   --->   Operation 178 'add' 'ret_V_41' <Predicate = true> <Delay = 2.55> <CoreInst = "Adder">   --->   Core 1 'Adder' <Latency = 0> <II = 1> <Delay = 2.55> <FuncUnit> <Opcode : 'add' 'sub'> <InPorts = 2> <OutPorts = 1>
ST_19 : Operation 179 [1/1] (2.55ns)   --->   "%ret_V_42 = add i32 %mul_ln1347_29, i32 4292870144"   --->   Operation 179 'add' 'ret_V_42' <Predicate = true> <Delay = 2.55> <CoreInst = "Adder">   --->   Core 1 'Adder' <Latency = 0> <II = 1> <Delay = 2.55> <FuncUnit> <Opcode : 'add' 'sub'> <InPorts = 2> <OutPorts = 1>
ST_19 : Operation 180 [1/1] (2.55ns)   --->   "%ret_V_43 = add i32 %mul_ln1347_30, i32 4280287232"   --->   Operation 180 'add' 'ret_V_43' <Predicate = true> <Delay = 2.55> <CoreInst = "Adder">   --->   Core 1 'Adder' <Latency = 0> <II = 1> <Delay = 2.55> <FuncUnit> <Opcode : 'add' 'sub'> <InPorts = 2> <OutPorts = 1>

State 20 <SV = 19> <Delay = 1.82>
ST_20 : Operation 181 [1/1] (0.00ns)   --->   "%specinterface_ln0 = specinterface void @_ssdm_op_SpecInterface, i1120 %layer13_out, void @empty_21, i32 0, i32 0, void @empty_10, i32 0, i32 0, void @empty_10, void @empty_10, void @empty_10, i32 0, i32 0, i32 0, i32 0, void @empty_10, void @empty_10, i32 4294967295, i32 0"   --->   Operation 181 'specinterface' 'specinterface_ln0' <Predicate = true> <Delay = 0.00>
ST_20 : Operation 182 [1/1] (0.00ns)   --->   "%specinterface_ln0 = specinterface void @_ssdm_op_SpecInterface, i576 %layer11_out, void @empty_21, i32 0, i32 0, void @empty_10, i32 0, i32 0, void @empty_10, void @empty_10, void @empty_10, i32 0, i32 0, i32 0, i32 0, void @empty_10, void @empty_10, i32 4294967295, i32 0"   --->   Operation 182 'specinterface' 'specinterface_ln0' <Predicate = true> <Delay = 0.00>
ST_20 : Operation 183 [1/1] (0.00ns)   --->   "%specresourcelimit_ln22 = specresourcelimit void @_ssdm_op_SpecResourceLimit, i64 2, void @empty_20, void @empty_10, void @empty_10, void @empty_10" [firmware/nnet_utils/nnet_batchnorm_stream.h:22]   --->   Operation 183 'specresourcelimit' 'specresourcelimit_ln22' <Predicate = true> <Delay = 0.00>
ST_20 : Operation 184 [1/1] (0.00ns)   --->   "%sext_ln1347_1 = sext i32 %ret_V"   --->   Operation 184 'sext' 'sext_ln1347_1' <Predicate = true> <Delay = 0.00>
ST_20 : Operation 185 [1/1] (0.00ns)   --->   "%sext_ln1347_3 = sext i32 %ret_V_14"   --->   Operation 185 'sext' 'sext_ln1347_3' <Predicate = true> <Delay = 0.00>
ST_20 : Operation 186 [1/1] (0.00ns)   --->   "%sext_ln1347_5 = sext i32 %ret_V_15"   --->   Operation 186 'sext' 'sext_ln1347_5' <Predicate = true> <Delay = 0.00>
ST_20 : Operation 187 [1/1] (0.00ns)   --->   "%sext_ln1347_7 = sext i32 %ret_V_16"   --->   Operation 187 'sext' 'sext_ln1347_7' <Predicate = true> <Delay = 0.00>
ST_20 : Operation 188 [1/1] (0.00ns)   --->   "%sext_ln1347_9 = sext i32 %ret_V_17"   --->   Operation 188 'sext' 'sext_ln1347_9' <Predicate = true> <Delay = 0.00>
ST_20 : Operation 189 [1/1] (0.00ns)   --->   "%sext_ln1347_11 = sext i32 %ret_V_18"   --->   Operation 189 'sext' 'sext_ln1347_11' <Predicate = true> <Delay = 0.00>
ST_20 : Operation 190 [1/1] (0.00ns)   --->   "%sext_ln1347_13 = sext i32 %ret_V_19"   --->   Operation 190 'sext' 'sext_ln1347_13' <Predicate = true> <Delay = 0.00>
ST_20 : Operation 191 [1/1] (0.00ns)   --->   "%sext_ln1347_15 = sext i32 %ret_V_20"   --->   Operation 191 'sext' 'sext_ln1347_15' <Predicate = true> <Delay = 0.00>
ST_20 : Operation 192 [1/1] (0.00ns)   --->   "%sext_ln1347_17 = sext i32 %ret_V_21"   --->   Operation 192 'sext' 'sext_ln1347_17' <Predicate = true> <Delay = 0.00>
ST_20 : Operation 193 [1/1] (0.00ns)   --->   "%sext_ln1347_19 = sext i32 %ret_V_22"   --->   Operation 193 'sext' 'sext_ln1347_19' <Predicate = true> <Delay = 0.00>
ST_20 : Operation 194 [1/1] (0.00ns)   --->   "%sext_ln1347_21 = sext i32 %ret_V_23"   --->   Operation 194 'sext' 'sext_ln1347_21' <Predicate = true> <Delay = 0.00>
ST_20 : Operation 195 [1/1] (0.00ns)   --->   "%sext_ln1347_23 = sext i32 %ret_V_24"   --->   Operation 195 'sext' 'sext_ln1347_23' <Predicate = true> <Delay = 0.00>
ST_20 : Operation 196 [1/1] (0.00ns)   --->   "%sext_ln1347_25 = sext i32 %ret_V_25"   --->   Operation 196 'sext' 'sext_ln1347_25' <Predicate = true> <Delay = 0.00>
ST_20 : Operation 197 [1/1] (0.00ns)   --->   "%sext_ln1347_27 = sext i32 %ret_V_26"   --->   Operation 197 'sext' 'sext_ln1347_27' <Predicate = true> <Delay = 0.00>
ST_20 : Operation 198 [1/1] (0.00ns)   --->   "%sext_ln1347_29 = sext i32 %ret_V_27"   --->   Operation 198 'sext' 'sext_ln1347_29' <Predicate = true> <Delay = 0.00>
ST_20 : Operation 199 [1/1] (0.00ns)   --->   "%sext_ln1347_31 = sext i32 %ret_V_28"   --->   Operation 199 'sext' 'sext_ln1347_31' <Predicate = true> <Delay = 0.00>
ST_20 : Operation 200 [1/1] (0.00ns)   --->   "%sext_ln1347_33 = sext i32 %ret_V_29"   --->   Operation 200 'sext' 'sext_ln1347_33' <Predicate = true> <Delay = 0.00>
ST_20 : Operation 201 [1/1] (0.00ns)   --->   "%sext_ln1347_35 = sext i32 %ret_V_30"   --->   Operation 201 'sext' 'sext_ln1347_35' <Predicate = true> <Delay = 0.00>
ST_20 : Operation 202 [1/1] (0.00ns)   --->   "%sext_ln1347_37 = sext i32 %ret_V_31"   --->   Operation 202 'sext' 'sext_ln1347_37' <Predicate = true> <Delay = 0.00>
ST_20 : Operation 203 [1/1] (0.00ns)   --->   "%sext_ln1347_39 = sext i32 %ret_V_32"   --->   Operation 203 'sext' 'sext_ln1347_39' <Predicate = true> <Delay = 0.00>
ST_20 : Operation 204 [1/1] (0.00ns)   --->   "%sext_ln1347_41 = sext i33 %ret_V_33"   --->   Operation 204 'sext' 'sext_ln1347_41' <Predicate = true> <Delay = 0.00>
ST_20 : Operation 205 [1/1] (0.00ns)   --->   "%sext_ln1347_43 = sext i32 %ret_V_34"   --->   Operation 205 'sext' 'sext_ln1347_43' <Predicate = true> <Delay = 0.00>
ST_20 : Operation 206 [1/1] (0.00ns)   --->   "%sext_ln1347_45 = sext i32 %ret_V_35"   --->   Operation 206 'sext' 'sext_ln1347_45' <Predicate = true> <Delay = 0.00>
ST_20 : Operation 207 [1/1] (0.00ns)   --->   "%sext_ln1347_47 = sext i33 %ret_V_36"   --->   Operation 207 'sext' 'sext_ln1347_47' <Predicate = true> <Delay = 0.00>
ST_20 : Operation 208 [1/1] (0.00ns)   --->   "%sext_ln1347_49 = sext i32 %ret_V_37"   --->   Operation 208 'sext' 'sext_ln1347_49' <Predicate = true> <Delay = 0.00>
ST_20 : Operation 209 [1/1] (0.00ns)   --->   "%sext_ln1347_51 = sext i32 %ret_V_38"   --->   Operation 209 'sext' 'sext_ln1347_51' <Predicate = true> <Delay = 0.00>
ST_20 : Operation 210 [1/1] (0.00ns)   --->   "%sext_ln1347_53 = sext i32 %ret_V_39"   --->   Operation 210 'sext' 'sext_ln1347_53' <Predicate = true> <Delay = 0.00>
ST_20 : Operation 211 [1/1] (0.00ns)   --->   "%sext_ln1347_55 = sext i32 %ret_V_40"   --->   Operation 211 'sext' 'sext_ln1347_55' <Predicate = true> <Delay = 0.00>
ST_20 : Operation 212 [1/1] (0.00ns)   --->   "%sext_ln1347_57 = sext i32 %ret_V_41"   --->   Operation 212 'sext' 'sext_ln1347_57' <Predicate = true> <Delay = 0.00>
ST_20 : Operation 213 [1/1] (0.00ns)   --->   "%sext_ln1347_59 = sext i32 %ret_V_42"   --->   Operation 213 'sext' 'sext_ln1347_59' <Predicate = true> <Delay = 0.00>
ST_20 : Operation 214 [1/1] (0.00ns)   --->   "%sext_ln46 = sext i33 %r_V_37" [firmware/nnet_utils/nnet_batchnorm_stream.h:46]   --->   Operation 214 'sext' 'sext_ln46' <Predicate = true> <Delay = 0.00>
ST_20 : Operation 215 [1/1] (0.00ns)   --->   "%or_ln46_s = bitconcatenate i1117 @_ssdm_op_BitConcatenate.i1117.i32.i35.i35.i35.i35.i35.i35.i35.i35.i35.i35.i35.i35.i35.i35.i35.i35.i35.i35.i35.i35.i35.i35.i35.i35.i35.i35.i35.i35.i35.i35.i35, i32 %ret_V_43, i35 %sext_ln1347_59, i35 %sext_ln1347_57, i35 %sext_ln1347_55, i35 %sext_ln46, i35 %sext_ln1347_53, i35 %sext_ln1347_51, i35 %sext_ln1347_49, i35 %sext_ln1347_47, i35 %sext_ln1347_45, i35 %sext_ln1347_43, i35 %sext_ln1347_41, i35 %sext_ln1347_39, i35 %sext_ln1347_37, i35 %sext_ln1347_35, i35 %sext_ln1347_33, i35 %sext_ln1347_31, i35 %sext_ln1347_29, i35 %sext_ln1347_27, i35 %sext_ln1347_25, i35 %sext_ln1347_23, i35 %sext_ln1347_21, i35 %sext_ln1347_19, i35 %sext_ln1347_17, i35 %sext_ln1347_15, i35 %sext_ln1347_13, i35 %sext_ln1347_11, i35 %sext_ln1347_9, i35 %sext_ln1347_7, i35 %sext_ln1347_5, i35 %sext_ln1347_3, i35 %sext_ln1347_1" [firmware/nnet_utils/nnet_batchnorm_stream.h:46]   --->   Operation 215 'bitconcatenate' 'or_ln46_s' <Predicate = true> <Delay = 0.00>
ST_20 : Operation 216 [1/1] (0.00ns)   --->   "%sext_ln46_1 = sext i1117 %or_ln46_s" [firmware/nnet_utils/nnet_batchnorm_stream.h:46]   --->   Operation 216 'sext' 'sext_ln46_1' <Predicate = true> <Delay = 0.00>
ST_20 : Operation 217 [1/1] (1.82ns)   --->   "%write_ln46 = write void @_ssdm_op_Write.ap_fifo.volatile.i1120P0A, i1120 %layer13_out, i1120 %sext_ln46_1" [firmware/nnet_utils/nnet_batchnorm_stream.h:46]   --->   Operation 217 'write' 'write_ln46' <Predicate = true> <Delay = 1.82> <CoreInst = "FIFO_SRL">   --->   Core 81 'FIFO_SRL' <Latency = 0> <II = 1> <Delay = 3.63> <Storage> <Opcode : 'read' 'write' 'nbread' 'nbwrite'> <Ports = 0> <Width = 1120> <Depth = 1> <FIFO>
ST_20 : Operation 218 [1/1] (0.00ns)   --->   "%ret_ln48 = ret" [firmware/nnet_utils/nnet_batchnorm_stream.h:48]   --->   Operation 218 'ret' 'ret_ln48' <Predicate = true> <Delay = 0.00>


============================================================
+ Verbose Summary: Timing violations
============================================================
Target clock period: 5ns, clock uncertainty: 1.35ns.

 <State 1>: 1.83ns
The critical path consists of the following:
	fifo read operation ('layer11_out_read', firmware/nnet_utils/nnet_batchnorm_stream.h:28) on port 'layer11_out' (firmware/nnet_utils/nnet_batchnorm_stream.h:28) [6]  (1.83 ns)

 <State 2>: 3.35ns
The critical path consists of the following:
	'mul' operation ('mul_ln1347') [40]  (3.35 ns)

 <State 3>: 3.35ns
The critical path consists of the following:
	'mul' operation ('mul_ln1347') [40]  (3.35 ns)

 <State 4>: 3.35ns
The critical path consists of the following:
	'mul' operation ('mul_ln1347_2') [48]  (3.35 ns)

 <State 5>: 3.35ns
The critical path consists of the following:
	'mul' operation ('mul_ln1347_4') [56]  (3.35 ns)

 <State 6>: 3.35ns
The critical path consists of the following:
	'mul' operation ('mul_ln1347_6') [64]  (3.35 ns)

 <State 7>: 3.35ns
The critical path consists of the following:
	'mul' operation ('mul_ln1347_8') [72]  (3.35 ns)

 <State 8>: 3.35ns
The critical path consists of the following:
	'mul' operation ('mul_ln1347_10') [80]  (3.35 ns)

 <State 9>: 3.35ns
The critical path consists of the following:
	'mul' operation ('mul_ln1347_12') [88]  (3.35 ns)

 <State 10>: 3.35ns
The critical path consists of the following:
	'mul' operation ('mul_ln1347_14') [96]  (3.35 ns)

 <State 11>: 3.35ns
The critical path consists of the following:
	'mul' operation ('mul_ln1347_16') [104]  (3.35 ns)

 <State 12>: 3.35ns
The critical path consists of the following:
	'mul' operation ('mul_ln1347_18') [112]  (3.35 ns)

 <State 13>: 3.35ns
The critical path consists of the following:
	'mul' operation ('mul_ln1347_20') [120]  (3.35 ns)

 <State 14>: 3.35ns
The critical path consists of the following:
	'mul' operation ('mul_ln1347_22') [128]  (3.35 ns)

 <State 15>: 3.35ns
The critical path consists of the following:
	'mul' operation ('mul_ln1347_24') [136]  (3.35 ns)

 <State 16>: 3.35ns
The critical path consists of the following:
	'mul' operation ('mul_ln1347_26') [144]  (3.35 ns)

 <State 17>: 3.35ns
The critical path consists of the following:
	'mul' operation ('mul_ln1347_27') [150]  (3.35 ns)

 <State 18>: 3.35ns
The critical path consists of the following:
	'mul' operation ('mul_ln1347_29') [158]  (3.35 ns)

 <State 19>: 2.59ns
The critical path consists of the following:
	'add' operation ('ret.V') [121]  (2.59 ns)

 <State 20>: 1.83ns
The critical path consists of the following:
	fifo write operation ('write_ln46', firmware/nnet_utils/nnet_batchnorm_stream.h:46) on port 'layer13_out' (firmware/nnet_utils/nnet_batchnorm_stream.h:46) [167]  (1.83 ns)


============================================================
+ Verbose Summary: Binding
============================================================
N/A
* FSMD analyzer results:
  - Output states:
 - Input state : 
  - Chain level:
	State 1
	State 2
	State 3
	State 4
	State 5
	State 6
	State 7
	State 8
	State 9
	State 10
	State 11
	State 12
	State 13
	State 14
	State 15
	State 16
	State 17
	State 18
	State 19
	State 20


============================================================
+ Verbose Summary: Datapath Resource usage 
============================================================
N/A
