

================================================================
== Vitis HLS Report for 'pooling2d_cl_array_ap_ufixed_4u_array_ap_ufixed_6_0_4_0_0_4u_config5_s'
================================================================
* Date:           Thu Jul  2 23:53:02 2026

* Version:        2022.2 (Build 3670227 on Oct 13 2022)
* Project:        myproject_prj
* Solution:       solution1 (Vivado IP Flow Target)
* Product family: zynq
* Target device:  xc7z020-clg400-1


================================================================
== Performance Estimates
================================================================
+ Timing: 
    * Summary: 
    +--------+---------+----------+------------+
    |  Clock |  Target | Estimated| Uncertainty|
    +--------+---------+----------+------------+
    |ap_clk  |  5.00 ns|  3.458 ns|     1.35 ns|
    +--------+---------+----------+------------+

+ Latency: 
    * Summary: 
    +---------+---------+----------+----------+-----+-----+---------+
    |  Latency (cycles) |  Latency (absolute) |  Interval | Pipeline|
    |   min   |   max   |    min   |    max   | min | max |   Type  |
    +---------+---------+----------+----------+-----+-----+---------+
    |      133|      133|  0.665 us|  0.665 us|  133|  133|       no|
    +---------+---------+----------+----------+-----+-----+---------+

    + Detail: 
        * Instance: 
        N/A

        * Loop: 
        +----------------------------------+---------+---------+----------+-----------+-----------+------+----------+
        |                                  |  Latency (cycles) | Iteration|  Initiation Interval  | Trip |          |
        |             Loop Name            |   min   |   max   |  Latency |  achieved |   target  | Count| Pipelined|
        +----------------------------------+---------+---------+----------+-----------+-----------+------+----------+
        |- ReadInputHeight_ReadInputWidth  |      131|      131|         6|          2|          1|    64|       yes|
        +----------------------------------+---------+---------+----------+-----------+-----------+------+----------+

============================================================
+ Verbose Summary: Synthesis Manager
============================================================
InlineROM: 1
ExposeGlobal: 0
============================================================
+ Verbose Summary: CDFG Model
============================================================
IsTopModel: 0
ResetActiveHigh: 1
IsCombinational: 2
IsDatapathOnly: 0
HasWiredReturn: 1
HasMFsm: 2
HasVarLatency: 1
IsPipeline: 0
IsRtlPipelined: 0
IsInstanceOverlapped: 0
IsDontTouch: 0
HasImplIP: 0
IsGatedGlobalClock: 0

+ Individual pipeline summary: 
  * Pipeline-0: initiation interval (II) = 2, depth = 6


============================================================
+ Verbose Summary: Schedule
============================================================
* Number of FSM states : 6
* Pipeline : 1
  Pipeline-0 : II = 2, D = 6, States = { 1 2 3 4 5 6 }
* Dataflow Pipeline: 0

* FSM state transitions: 
1 --> 2 
2 --> 3 
3 --> 4 
4 --> 5 
5 --> 6 
6 --> 

* FSM state operations: 

State 1 <SV = 0> <Delay = 3.45>
ST_1 : Operation 9 [1/1] (0.00ns)   --->   "%indvar_flatten = alloca i32 1"   --->   Operation 9 'alloca' 'indvar_flatten' <Predicate = true> <Delay = 0.00>
ST_1 : Operation 10 [1/1] (0.00ns)   --->   "%specinterface_ln0 = specinterface void @_ssdm_op_SpecInterface, i24 %layer5_out, void @empty_21, i32 0, i32 0, void @empty_10, i32 0, i32 0, void @empty_10, void @empty_10, void @empty_10, i32 0, i32 0, i32 0, i32 0, void @empty_10, void @empty_10, i32 4294967295, i32 0"   --->   Operation 10 'specinterface' 'specinterface_ln0' <Predicate = true> <Delay = 0.00>
ST_1 : Operation 11 [1/1] (0.00ns)   --->   "%specinterface_ln0 = specinterface void @_ssdm_op_SpecInterface, i24 %layer4_out, void @empty_21, i32 0, i32 0, void @empty_10, i32 0, i32 0, void @empty_10, void @empty_10, void @empty_10, i32 0, i32 0, i32 0, i32 0, void @empty_10, void @empty_10, i32 4294967295, i32 0"   --->   Operation 11 'specinterface' 'specinterface_ln0' <Predicate = true> <Delay = 0.00>
ST_1 : Operation 12 [1/1] (1.58ns)   --->   "%store_ln109 = store i7 0, i7 %indvar_flatten" [firmware/nnet_utils/nnet_pooling_stream.h:109]   --->   Operation 12 'store' 'store_ln109' <Predicate = true> <Delay = 1.58>
ST_1 : Operation 13 [1/1] (0.00ns)   --->   "%br_ln109 = br void %arrayctor.loop.i" [firmware/nnet_utils/nnet_pooling_stream.h:109]   --->   Operation 13 'br' 'br_ln109' <Predicate = true> <Delay = 0.00>
ST_1 : Operation 14 [1/1] (0.00ns)   --->   "%indvar_flatten_load = load i7 %indvar_flatten" [firmware/nnet_utils/nnet_pooling_stream.h:109]   --->   Operation 14 'load' 'indvar_flatten_load' <Predicate = true> <Delay = 0.00>
ST_1 : Operation 15 [1/1] (1.48ns)   --->   "%icmp_ln109 = icmp_eq  i7 %indvar_flatten_load, i7 64" [firmware/nnet_utils/nnet_pooling_stream.h:109]   --->   Operation 15 'icmp' 'icmp_ln109' <Predicate = true> <Delay = 1.48> <CoreInst = "Cmp">   --->   Core 9 'Cmp' <Latency = 0> <II = 1> <Delay = 1.48> <FuncUnit> <Opcode : 'icmp'> <InPorts = 2> <OutPorts = 1>
ST_1 : Operation 16 [1/1] (1.87ns)   --->   "%add_ln109 = add i7 %indvar_flatten_load, i7 1" [firmware/nnet_utils/nnet_pooling_stream.h:109]   --->   Operation 16 'add' 'add_ln109' <Predicate = true> <Delay = 1.87> <CoreInst = "Adder">   --->   Core 1 'Adder' <Latency = 0> <II = 1> <Delay = 1.87> <FuncUnit> <Opcode : 'add' 'sub'> <InPorts = 2> <OutPorts = 1>
ST_1 : Operation 17 [1/1] (0.00ns)   --->   "%br_ln109 = br i1 %icmp_ln109, void %for.inc13, void %for.end15" [firmware/nnet_utils/nnet_pooling_stream.h:109]   --->   Operation 17 'br' 'br_ln109' <Predicate = true> <Delay = 0.00>
ST_1 : Operation 18 [1/1] (0.00ns)   --->   "%pX_1_load = load i32 %pX_1" [firmware/nnet_utils/nnet_pooling_stream.h:76]   --->   Operation 18 'load' 'pX_1_load' <Predicate = (!icmp_ln109)> <Delay = 0.00>
ST_1 : Operation 19 [1/1] (2.55ns)   --->   "%add_ln76 = add i32 %pX_1_load, i32 1" [firmware/nnet_utils/nnet_pooling_stream.h:76]   --->   Operation 19 'add' 'add_ln76' <Predicate = (!icmp_ln109)> <Delay = 2.55> <CoreInst = "Adder">   --->   Core 1 'Adder' <Latency = 0> <II = 1> <Delay = 2.55> <FuncUnit> <Opcode : 'add' 'sub'> <InPorts = 2> <OutPorts = 1>
ST_1 : Operation 20 [1/1] (1.58ns)   --->   "%store_ln111 = store i7 %add_ln109, i7 %indvar_flatten" [firmware/nnet_utils/nnet_pooling_stream.h:111]   --->   Operation 20 'store' 'store_ln111' <Predicate = (!icmp_ln109)> <Delay = 1.58>
ST_1 : Operation 21 [1/1] (0.00ns)   --->   "%br_ln111 = br void %arrayctor.loop.i" [firmware/nnet_utils/nnet_pooling_stream.h:111]   --->   Operation 21 'br' 'br_ln111' <Predicate = (!icmp_ln109)> <Delay = 0.00>

State 2 <SV = 1> <Delay = 2.55>
ST_2 : Operation 22 [1/1] (0.00ns)   --->   "%sX_1_load = load i32 %sX_1" [firmware/nnet_utils/nnet_pooling_stream.h:55]   --->   Operation 22 'load' 'sX_1_load' <Predicate = (!icmp_ln109)> <Delay = 0.00>
ST_2 : Operation 23 [1/1] (2.47ns)   --->   "%icmp_ln55 = icmp_eq  i32 %sX_1_load, i32 1" [firmware/nnet_utils/nnet_pooling_stream.h:55]   --->   Operation 23 'icmp' 'icmp_ln55' <Predicate = (!icmp_ln109)> <Delay = 2.47> <CoreInst = "Cmp">   --->   Core 9 'Cmp' <Latency = 0> <II = 1> <Delay = 2.47> <FuncUnit> <Opcode : 'icmp'> <InPorts = 2> <OutPorts = 1>
ST_2 : Operation 24 [1/1] (0.00ns)   --->   "%br_ln55 = br i1 %icmp_ln55, void %if.end.i, void %land.lhs.true.i" [firmware/nnet_utils/nnet_pooling_stream.h:55]   --->   Operation 24 'br' 'br_ln55' <Predicate = (!icmp_ln109)> <Delay = 0.00>
ST_2 : Operation 25 [1/1] (2.47ns)   --->   "%icmp_ln55_6 = icmp_sgt  i32 %pX_1_load, i32 0" [firmware/nnet_utils/nnet_pooling_stream.h:55]   --->   Operation 25 'icmp' 'icmp_ln55_6' <Predicate = (!icmp_ln109 & icmp_ln55)> <Delay = 2.47> <CoreInst = "Cmp">   --->   Core 9 'Cmp' <Latency = 0> <II = 1> <Delay = 2.47> <FuncUnit> <Opcode : 'icmp'> <InPorts = 2> <OutPorts = 1>
ST_2 : Operation 26 [1/1] (2.47ns)   --->   "%icmp_ln76 = icmp_eq  i32 %add_ln76, i32 8" [firmware/nnet_utils/nnet_pooling_stream.h:76]   --->   Operation 26 'icmp' 'icmp_ln76' <Predicate = (!icmp_ln109)> <Delay = 2.47> <CoreInst = "Cmp">   --->   Core 9 'Cmp' <Latency = 0> <II = 1> <Delay = 2.47> <FuncUnit> <Opcode : 'icmp'> <InPorts = 2> <OutPorts = 1>
ST_2 : Operation 27 [1/1] (0.00ns)   --->   "%br_ln76 = br i1 %icmp_ln76, void %if.else40.i, void %if.then29.i" [firmware/nnet_utils/nnet_pooling_stream.h:76]   --->   Operation 27 'br' 'br_ln76' <Predicate = (!icmp_ln109)> <Delay = 0.00>
ST_2 : Operation 28 [1/1] (0.00ns)   --->   "%pY_1_load_1 = load i32 %pY_1" [firmware/nnet_utils/nnet_pooling_stream.h:80]   --->   Operation 28 'load' 'pY_1_load_1' <Predicate = (!icmp_ln109 & icmp_ln76)> <Delay = 0.00>
ST_2 : Operation 29 [1/1] (2.55ns)   --->   "%add_ln80 = add i32 %pY_1_load_1, i32 1" [firmware/nnet_utils/nnet_pooling_stream.h:80]   --->   Operation 29 'add' 'add_ln80' <Predicate = (!icmp_ln109 & icmp_ln76)> <Delay = 2.55> <CoreInst = "Adder">   --->   Core 1 'Adder' <Latency = 0> <II = 1> <Delay = 2.55> <FuncUnit> <Opcode : 'add' 'sub'> <InPorts = 2> <OutPorts = 1>

State 3 <SV = 2> <Delay = 3.44>
ST_3 : Operation 30 [1/1] (1.82ns)   --->   "%layer4_out_read = read i24 @_ssdm_op_Read.ap_fifo.volatile.i24P0A, i24 %layer4_out" [firmware/nnet_utils/nnet_pooling_stream.h:115]   --->   Operation 30 'read' 'layer4_out_read' <Predicate = true> <Delay = 1.82> <CoreInst = "FIFO">   --->   Core 78 'FIFO' <Latency = 0> <II = 1> <Delay = 3.56> <Storage> <Opcode : 'read' 'write' 'nbread' 'nbwrite'> <Ports = 0> <Width = 24> <Depth = 64> <FIFO>
ST_3 : Operation 31 [1/1] (0.00ns)   --->   "%trunc_ln115 = trunc i24 %layer4_out_read" [firmware/nnet_utils/nnet_pooling_stream.h:115]   --->   Operation 31 'trunc' 'trunc_ln115' <Predicate = true> <Delay = 0.00>
ST_3 : Operation 32 [1/1] (0.00ns)   --->   "%trunc_ln115_9 = partselect i6 @_ssdm_op_PartSelect.i6.i24.i32.i32, i24 %layer4_out_read, i32 12, i32 17" [firmware/nnet_utils/nnet_pooling_stream.h:115]   --->   Operation 32 'partselect' 'trunc_ln115_9' <Predicate = true> <Delay = 0.00>
ST_3 : Operation 33 [1/1] (0.00ns)   --->   "%trunc_ln115_s = partselect i6 @_ssdm_op_PartSelect.i6.i24.i32.i32, i24 %layer4_out_read, i32 18, i32 23" [firmware/nnet_utils/nnet_pooling_stream.h:115]   --->   Operation 33 'partselect' 'trunc_ln115_s' <Predicate = true> <Delay = 0.00>
ST_3 : Operation 34 [1/1] (0.00ns)   --->   "%trunc_ln115_4 = partselect i6 @_ssdm_op_PartSelect.i6.i24.i32.i32, i24 %layer4_out_read, i32 6, i32 11" [firmware/nnet_utils/nnet_pooling_stream.h:115]   --->   Operation 34 'partselect' 'trunc_ln115_4' <Predicate = true> <Delay = 0.00>
ST_3 : Operation 35 [1/1] (1.61ns)   --->   "%p_1 = memshiftread i6 @_ssdm_op_MemShiftRead.[8 x i6]P0A, i6 7, i6 %trunc_ln115, i1 1"   --->   Operation 35 'memshiftread' 'p_1' <Predicate = true> <Delay = 1.61> <CoreInst = "ShiftReg">   --->   Core 77 'ShiftReg' <Latency = 0> <II = 1> <Delay = 1.61> <Storage> <Opcode : 'memshiftread' 'load'> <Ports = 1> <Width = 6> <Depth = 8> <ShiftMem>
ST_3 : Operation 36 [1/1] (1.61ns)   --->   "%p_2 = memshiftread i6 @_ssdm_op_MemShiftRead.[8 x i6]P0A, i6 7, i6 %trunc_ln115_4, i1 1"   --->   Operation 36 'memshiftread' 'p_2' <Predicate = true> <Delay = 1.61> <CoreInst = "ShiftReg">   --->   Core 77 'ShiftReg' <Latency = 0> <II = 1> <Delay = 1.61> <Storage> <Opcode : 'memshiftread' 'load'> <Ports = 1> <Width = 6> <Depth = 8> <ShiftMem>
ST_3 : Operation 37 [1/1] (1.61ns)   --->   "%p_s = memshiftread i6 @_ssdm_op_MemShiftRead.[8 x i6]P0A, i6 7, i6 %trunc_ln115_9, i1 1"   --->   Operation 37 'memshiftread' 'p_s' <Predicate = true> <Delay = 1.61> <CoreInst = "ShiftReg">   --->   Core 77 'ShiftReg' <Latency = 0> <II = 1> <Delay = 1.61> <Storage> <Opcode : 'memshiftread' 'load'> <Ports = 1> <Width = 6> <Depth = 8> <ShiftMem>
ST_3 : Operation 38 [1/1] (1.61ns)   --->   "%p_0 = memshiftread i6 @_ssdm_op_MemShiftRead.[8 x i6]P0A, i6 7, i6 %trunc_ln115_s, i1 1"   --->   Operation 38 'memshiftread' 'p_0' <Predicate = true> <Delay = 1.61> <CoreInst = "ShiftReg">   --->   Core 77 'ShiftReg' <Latency = 0> <II = 1> <Delay = 1.61> <Storage> <Opcode : 'memshiftread' 'load'> <Ports = 1> <Width = 6> <Depth = 8> <ShiftMem>
ST_3 : Operation 39 [1/1] (1.58ns)   --->   "%store_ln89 = store i32 %add_ln76, i32 %pX_1" [firmware/nnet_utils/nnet_pooling_stream.h:89]   --->   Operation 39 'store' 'store_ln89' <Predicate = (!icmp_ln76)> <Delay = 1.58>
ST_3 : Operation 40 [1/1] (0.00ns) (grouped into LUT with out node add_ln91)   --->   "%select_ln91 = select i1 %icmp_ln55, i32 4294967295, i32 1" [firmware/nnet_utils/nnet_pooling_stream.h:91]   --->   Operation 40 'select' 'select_ln91' <Predicate = (!icmp_ln76)> <Delay = 0.00> <CoreInst = "Sel">   --->   Core 73 'Sel' <Latency = 0> <II = 1> <Delay = 0.99> <FuncUnit> <Opcode : 'select'> <InPorts = 3> <OutPorts = 1>
ST_3 : Operation 41 [1/1] (2.55ns) (out node of the LUT)   --->   "%add_ln91 = add i32 %sX_1_load, i32 %select_ln91" [firmware/nnet_utils/nnet_pooling_stream.h:91]   --->   Operation 41 'add' 'add_ln91' <Predicate = (!icmp_ln76)> <Delay = 2.55> <CoreInst = "Adder">   --->   Core 1 'Adder' <Latency = 0> <II = 1> <Delay = 2.55> <FuncUnit> <Opcode : 'add' 'sub'> <InPorts = 2> <OutPorts = 1>
ST_3 : Operation 42 [1/1] (1.58ns)   --->   "%store_ln78 = store i32 0, i32 %pX_1" [firmware/nnet_utils/nnet_pooling_stream.h:78]   --->   Operation 42 'store' 'store_ln78' <Predicate = (icmp_ln76)> <Delay = 1.58>
ST_3 : Operation 43 [1/1] (1.58ns)   --->   "%store_ln79 = store i32 0, i32 %sX_1" [firmware/nnet_utils/nnet_pooling_stream.h:79]   --->   Operation 43 'store' 'store_ln79' <Predicate = (icmp_ln76)> <Delay = 1.58>
ST_3 : Operation 44 [1/1] (2.47ns)   --->   "%icmp_ln80 = icmp_eq  i32 %add_ln80, i32 8" [firmware/nnet_utils/nnet_pooling_stream.h:80]   --->   Operation 44 'icmp' 'icmp_ln80' <Predicate = (icmp_ln76)> <Delay = 2.47> <CoreInst = "Cmp">   --->   Core 9 'Cmp' <Latency = 0> <II = 1> <Delay = 2.47> <FuncUnit> <Opcode : 'icmp'> <InPorts = 2> <OutPorts = 1>
ST_3 : Operation 45 [1/1] (0.00ns)   --->   "%br_ln80 = br i1 %icmp_ln80, void %if.else.i, void %if.then32.i" [firmware/nnet_utils/nnet_pooling_stream.h:80]   --->   Operation 45 'br' 'br_ln80' <Predicate = (icmp_ln76)> <Delay = 0.00>
ST_3 : Operation 46 [1/1] (0.00ns)   --->   "%sY_1_load_1 = load i32 %sY_1" [firmware/nnet_utils/nnet_pooling_stream.h:86]   --->   Operation 46 'load' 'sY_1_load_1' <Predicate = (!icmp_ln109 & icmp_ln76 & !icmp_ln80)> <Delay = 0.00>
ST_3 : Operation 47 [1/1] (2.47ns)   --->   "%icmp_ln86 = icmp_eq  i32 %sY_1_load_1, i32 1" [firmware/nnet_utils/nnet_pooling_stream.h:86]   --->   Operation 47 'icmp' 'icmp_ln86' <Predicate = (!icmp_ln109 & icmp_ln76 & !icmp_ln80)> <Delay = 2.47> <CoreInst = "Cmp">   --->   Core 9 'Cmp' <Latency = 0> <II = 1> <Delay = 2.47> <FuncUnit> <Opcode : 'icmp'> <InPorts = 2> <OutPorts = 1>

State 4 <SV = 3> <Delay = 3.45>
ST_4 : Operation 48 [1/1] (0.00ns)   --->   "%specloopname_ln0 = specloopname void @_ssdm_op_SpecLoopName, void @ReadInputHeight_ReadInputWidth_str"   --->   Operation 48 'specloopname' 'specloopname_ln0' <Predicate = true> <Delay = 0.00>
ST_4 : Operation 49 [1/1] (0.00ns)   --->   "%empty = speclooptripcount i32 @_ssdm_op_SpecLoopTripCount, i64 64, i64 64, i64 64"   --->   Operation 49 'speclooptripcount' 'empty' <Predicate = true> <Delay = 0.00>
ST_4 : Operation 50 [1/1] (0.00ns)   --->   "%specpipeline_ln113 = specpipeline void @_ssdm_op_SpecPipeline, i32 4294967295, i32 0, i32 0, i32 0, void @empty_10" [firmware/nnet_utils/nnet_pooling_stream.h:113]   --->   Operation 50 'specpipeline' 'specpipeline_ln113' <Predicate = true> <Delay = 0.00>
ST_4 : Operation 51 [1/1] (0.00ns)   --->   "%specloopname_ln115 = specloopname void @_ssdm_op_SpecLoopName, void @empty_19" [firmware/nnet_utils/nnet_pooling_stream.h:115]   --->   Operation 51 'specloopname' 'specloopname_ln115' <Predicate = true> <Delay = 0.00>
ST_4 : Operation 52 [1/1] (0.00ns)   --->   "%void_compute_pool_buffer_2d_array_const_ap_shift_reg_n_filt_stream_kernel_8 = load i6 %void_compute_pool_buffer_2d_array_const_ap_shift_reg_n_filt_stream_kernel_5" [firmware/nnet_utils/nnet_conv_stream.h:196]   --->   Operation 52 'load' 'void_compute_pool_buffer_2d_array_const_ap_shift_reg_n_filt_stream_kernel_8' <Predicate = true> <Delay = 0.00>
ST_4 : Operation 53 [1/1] (0.00ns)   --->   "%void_compute_pool_buffer_2d_array_const_ap_shift_reg_n_filt_stream_kernel_9 = load i6 %void_compute_pool_buffer_2d_array_const_ap_shift_reg_n_filt_stream_kernel_4" [firmware/nnet_utils/nnet_conv_stream.h:196]   --->   Operation 53 'load' 'void_compute_pool_buffer_2d_array_const_ap_shift_reg_n_filt_stream_kernel_9' <Predicate = true> <Delay = 0.00>
ST_4 : Operation 54 [1/1] (0.00ns)   --->   "%void_compute_pool_buffer_2d_array_const_ap_shift_reg_n_filt_stream_kernel_10 = load i6 %void_compute_pool_buffer_2d_array_const_ap_shift_reg_n_filt_stream_kernel_3" [firmware/nnet_utils/nnet_conv_stream.h:196]   --->   Operation 54 'load' 'void_compute_pool_buffer_2d_array_const_ap_shift_reg_n_filt_stream_kernel_10' <Predicate = true> <Delay = 0.00>
ST_4 : Operation 55 [1/1] (0.00ns)   --->   "%void_compute_pool_buffer_2d_array_const_ap_shift_reg_n_filt_stream_kernel_11 = load i6 %void_compute_pool_buffer_2d_array_const_ap_shift_reg_n_filt_stream_kernel_2" [firmware/nnet_utils/nnet_conv_stream.h:196]   --->   Operation 55 'load' 'void_compute_pool_buffer_2d_array_const_ap_shift_reg_n_filt_stream_kernel_11' <Predicate = true> <Delay = 0.00>
ST_4 : Operation 56 [1/1] (0.00ns)   --->   "%p_ZZN4nnet22compute_pool_buffer_2dINS_5arrayI9ap_ufixedILi6ELi0EL9ap_q_mode4EL9ap_32 = load i6 %p_ZZN4nnet22compute_pool_buffer_2dINS_5arrayI9ap_ufixedILi6ELi0EL9ap_q_mode4EL9ap_17" [firmware/nnet_utils/nnet_conv_stream.h:196]   --->   Operation 56 'load' 'p_ZZN4nnet22compute_pool_buffer_2dINS_5arrayI9ap_ufixedILi6ELi0EL9ap_q_mode4EL9ap_32' <Predicate = true> <Delay = 0.00>
ST_4 : Operation 57 [1/1] (0.00ns)   --->   "%p_ZZN4nnet22compute_pool_buffer_2dINS_5arrayI9ap_ufixedILi6ELi0EL9ap_q_mode4EL9ap_33 = load i6 %p_ZZN4nnet22compute_pool_buffer_2dINS_5arrayI9ap_ufixedILi6ELi0EL9ap_q_mode4EL9ap_16" [firmware/nnet_utils/nnet_conv_stream.h:196]   --->   Operation 57 'load' 'p_ZZN4nnet22compute_pool_buffer_2dINS_5arrayI9ap_ufixedILi6ELi0EL9ap_q_mode4EL9ap_33' <Predicate = true> <Delay = 0.00>
ST_4 : Operation 58 [1/1] (0.00ns)   --->   "%p_ZZN4nnet22compute_pool_buffer_2dINS_5arrayI9ap_ufixedILi6ELi0EL9ap_q_mode4EL9ap_34 = load i6 %p_ZZN4nnet22compute_pool_buffer_2dINS_5arrayI9ap_ufixedILi6ELi0EL9ap_q_mode4EL9ap_15" [firmware/nnet_utils/nnet_conv_stream.h:196]   --->   Operation 58 'load' 'p_ZZN4nnet22compute_pool_buffer_2dINS_5arrayI9ap_ufixedILi6ELi0EL9ap_q_mode4EL9ap_34' <Predicate = true> <Delay = 0.00>
ST_4 : Operation 59 [1/1] (0.00ns)   --->   "%p_ZZN4nnet22compute_pool_buffer_2dINS_5arrayI9ap_ufixedILi6ELi0EL9ap_q_mode4EL9ap_35 = load i6 %p_ZZN4nnet22compute_pool_buffer_2dINS_5arrayI9ap_ufixedILi6ELi0EL9ap_q_mode4EL9ap_14" [firmware/nnet_utils/nnet_conv_stream.h:196]   --->   Operation 59 'load' 'p_ZZN4nnet22compute_pool_buffer_2dINS_5arrayI9ap_ufixedILi6ELi0EL9ap_q_mode4EL9ap_35' <Predicate = true> <Delay = 0.00>
ST_4 : Operation 60 [1/1] (0.00ns)   --->   "%store_ln209 = store i6 %p_1, i6 %void_compute_pool_buffer_2d_array_const_ap_shift_reg_n_filt_stream_kernel_5" [firmware/nnet_utils/nnet_conv_stream.h:209]   --->   Operation 60 'store' 'store_ln209' <Predicate = true> <Delay = 0.00>
ST_4 : Operation 61 [1/1] (0.00ns)   --->   "%store_ln209 = store i6 %p_2, i6 %void_compute_pool_buffer_2d_array_const_ap_shift_reg_n_filt_stream_kernel_4" [firmware/nnet_utils/nnet_conv_stream.h:209]   --->   Operation 61 'store' 'store_ln209' <Predicate = true> <Delay = 0.00>
ST_4 : Operation 62 [1/1] (0.00ns)   --->   "%store_ln209 = store i6 %p_s, i6 %void_compute_pool_buffer_2d_array_const_ap_shift_reg_n_filt_stream_kernel_3" [firmware/nnet_utils/nnet_conv_stream.h:209]   --->   Operation 62 'store' 'store_ln209' <Predicate = true> <Delay = 0.00>
ST_4 : Operation 63 [1/1] (0.00ns)   --->   "%store_ln209 = store i6 %p_0, i6 %void_compute_pool_buffer_2d_array_const_ap_shift_reg_n_filt_stream_kernel_2" [firmware/nnet_utils/nnet_conv_stream.h:209]   --->   Operation 63 'store' 'store_ln209' <Predicate = true> <Delay = 0.00>
ST_4 : Operation 64 [1/1] (0.00ns)   --->   "%store_ln209 = store i6 %trunc_ln115, i6 %p_ZZN4nnet22compute_pool_buffer_2dINS_5arrayI9ap_ufixedILi6ELi0EL9ap_q_mode4EL9ap_17" [firmware/nnet_utils/nnet_conv_stream.h:209]   --->   Operation 64 'store' 'store_ln209' <Predicate = true> <Delay = 0.00>
ST_4 : Operation 65 [1/1] (0.00ns)   --->   "%store_ln209 = store i6 %trunc_ln115_4, i6 %p_ZZN4nnet22compute_pool_buffer_2dINS_5arrayI9ap_ufixedILi6ELi0EL9ap_q_mode4EL9ap_16" [firmware/nnet_utils/nnet_conv_stream.h:209]   --->   Operation 65 'store' 'store_ln209' <Predicate = true> <Delay = 0.00>
ST_4 : Operation 66 [1/1] (0.00ns)   --->   "%store_ln209 = store i6 %trunc_ln115_9, i6 %p_ZZN4nnet22compute_pool_buffer_2dINS_5arrayI9ap_ufixedILi6ELi0EL9ap_q_mode4EL9ap_15" [firmware/nnet_utils/nnet_conv_stream.h:209]   --->   Operation 66 'store' 'store_ln209' <Predicate = true> <Delay = 0.00>
ST_4 : Operation 67 [1/1] (0.00ns)   --->   "%store_ln209 = store i6 %trunc_ln115_s, i6 %p_ZZN4nnet22compute_pool_buffer_2dINS_5arrayI9ap_ufixedILi6ELi0EL9ap_q_mode4EL9ap_14" [firmware/nnet_utils/nnet_conv_stream.h:209]   --->   Operation 67 'store' 'store_ln209' <Predicate = true> <Delay = 0.00>
ST_4 : Operation 68 [1/1] (0.00ns)   --->   "%sY_1_load = load i32 %sY_1" [firmware/nnet_utils/nnet_pooling_stream.h:55]   --->   Operation 68 'load' 'sY_1_load' <Predicate = (icmp_ln55)> <Delay = 0.00>
ST_4 : Operation 69 [1/1] (2.47ns)   --->   "%icmp_ln55_4 = icmp_eq  i32 %sY_1_load, i32 1" [firmware/nnet_utils/nnet_pooling_stream.h:55]   --->   Operation 69 'icmp' 'icmp_ln55_4' <Predicate = (icmp_ln55)> <Delay = 2.47> <CoreInst = "Cmp">   --->   Core 9 'Cmp' <Latency = 0> <II = 1> <Delay = 2.47> <FuncUnit> <Opcode : 'icmp'> <InPorts = 2> <OutPorts = 1>
ST_4 : Operation 70 [1/1] (0.00ns)   --->   "%pY_1_load = load i32 %pY_1" [firmware/nnet_utils/nnet_pooling_stream.h:55]   --->   Operation 70 'load' 'pY_1_load' <Predicate = (icmp_ln55)> <Delay = 0.00>
ST_4 : Operation 71 [1/1] (2.47ns)   --->   "%icmp_ln55_5 = icmp_sgt  i32 %pY_1_load, i32 0" [firmware/nnet_utils/nnet_pooling_stream.h:55]   --->   Operation 71 'icmp' 'icmp_ln55_5' <Predicate = (icmp_ln55)> <Delay = 2.47> <CoreInst = "Cmp">   --->   Core 9 'Cmp' <Latency = 0> <II = 1> <Delay = 2.47> <FuncUnit> <Opcode : 'icmp'> <InPorts = 2> <OutPorts = 1>
ST_4 : Operation 72 [1/1] (0.00ns) (grouped into LUT with out node and_ln55_2)   --->   "%and_ln55 = and i1 %icmp_ln55_5, i1 %icmp_ln55_6" [firmware/nnet_utils/nnet_pooling_stream.h:55]   --->   Operation 72 'and' 'and_ln55' <Predicate = (icmp_ln55)> <Delay = 0.00> <CoreInst = "LogicGate">   --->   Core 74 'LogicGate' <Latency = 0> <II = 1> <Delay = 0.97> <FuncUnit> <Opcode : 'and' 'or' 'xor'> <InPorts = 2> <OutPorts = 1>
ST_4 : Operation 73 [1/1] (0.97ns) (out node of the LUT)   --->   "%and_ln55_2 = and i1 %and_ln55, i1 %icmp_ln55_4" [firmware/nnet_utils/nnet_pooling_stream.h:55]   --->   Operation 73 'and' 'and_ln55_2' <Predicate = (icmp_ln55)> <Delay = 0.97> <CoreInst = "LogicGate">   --->   Core 74 'LogicGate' <Latency = 0> <II = 1> <Delay = 0.97> <FuncUnit> <Opcode : 'and' 'or' 'xor'> <InPorts = 2> <OutPorts = 1>
ST_4 : Operation 74 [1/1] (0.00ns)   --->   "%br_ln55 = br i1 %and_ln55_2, void %if.end.i, void %for.body19.i" [firmware/nnet_utils/nnet_pooling_stream.h:55]   --->   Operation 74 'br' 'br_ln55' <Predicate = (icmp_ln55)> <Delay = 0.00>
ST_4 : Operation 75 [1/1] (0.00ns)   --->   "%pool_window_V = bitconcatenate i11 @_ssdm_op_BitConcatenate.i11.i6.i5, i6 %void_compute_pool_buffer_2d_array_const_ap_shift_reg_n_filt_stream_kernel_8, i5 0"   --->   Operation 75 'bitconcatenate' 'pool_window_V' <Predicate = (icmp_ln55 & and_ln55_2)> <Delay = 0.00>
ST_4 : Operation 76 [1/1] (0.00ns)   --->   "%pool_window_V_32 = bitconcatenate i11 @_ssdm_op_BitConcatenate.i11.i6.i5, i6 %p_1, i5 0"   --->   Operation 76 'bitconcatenate' 'pool_window_V_32' <Predicate = (icmp_ln55 & and_ln55_2)> <Delay = 0.00>
ST_4 : Operation 77 [1/1] (0.00ns)   --->   "%pool_window_V_33 = bitconcatenate i11 @_ssdm_op_BitConcatenate.i11.i6.i5, i6 %p_ZZN4nnet22compute_pool_buffer_2dINS_5arrayI9ap_ufixedILi6ELi0EL9ap_q_mode4EL9ap_32, i5 0"   --->   Operation 77 'bitconcatenate' 'pool_window_V_33' <Predicate = (icmp_ln55 & and_ln55_2)> <Delay = 0.00>
ST_4 : Operation 78 [1/1] (0.00ns)   --->   "%pool_window_V_34 = bitconcatenate i11 @_ssdm_op_BitConcatenate.i11.i6.i5, i6 %trunc_ln115, i5 0"   --->   Operation 78 'bitconcatenate' 'pool_window_V_34' <Predicate = (icmp_ln55 & and_ln55_2)> <Delay = 0.00>
ST_4 : Operation 79 [1/1] (1.88ns)   --->   "%icmp_ln1651 = icmp_ult  i11 %pool_window_V, i11 %pool_window_V_32"   --->   Operation 79 'icmp' 'icmp_ln1651' <Predicate = (icmp_ln55 & and_ln55_2)> <Delay = 1.88> <CoreInst = "Cmp">   --->   Core 9 'Cmp' <Latency = 0> <II = 1> <Delay = 1.88> <FuncUnit> <Opcode : 'icmp'> <InPorts = 2> <OutPorts = 1>
ST_4 : Operation 80 [1/1] (0.00ns) (grouped into LUT with out node select_ln66)   --->   "%xor_ln1651 = xor i1 %icmp_ln1651, i1 1"   --->   Operation 80 'xor' 'xor_ln1651' <Predicate = (icmp_ln55 & and_ln55_2)> <Delay = 0.00> <CoreInst = "LogicGate">   --->   Core 74 'LogicGate' <Latency = 0> <II = 1> <Delay = 0.97> <FuncUnit> <Opcode : 'and' 'or' 'xor'> <InPorts = 2> <OutPorts = 1>
ST_4 : Operation 81 [1/1] (0.97ns) (out node of the LUT)   --->   "%select_ln66 = select i1 %xor_ln1651, i11 %pool_window_V, i11 %pool_window_V_32" [firmware/nnet_utils/nnet_common.h:66]   --->   Operation 81 'select' 'select_ln66' <Predicate = (icmp_ln55 & and_ln55_2)> <Delay = 0.97> <CoreInst = "Sel">   --->   Core 73 'Sel' <Latency = 0> <II = 1> <Delay = 0.69> <FuncUnit> <Opcode : 'select'> <InPorts = 3> <OutPorts = 1>
ST_4 : Operation 82 [1/1] (1.88ns)   --->   "%icmp_ln1651_32 = icmp_ult  i11 %pool_window_V_33, i11 %pool_window_V_34"   --->   Operation 82 'icmp' 'icmp_ln1651_32' <Predicate = (icmp_ln55 & and_ln55_2)> <Delay = 1.88> <CoreInst = "Cmp">   --->   Core 9 'Cmp' <Latency = 0> <II = 1> <Delay = 1.88> <FuncUnit> <Opcode : 'icmp'> <InPorts = 2> <OutPorts = 1>
ST_4 : Operation 83 [1/1] (0.00ns) (grouped into LUT with out node select_ln66_32)   --->   "%xor_ln1651_32 = xor i1 %icmp_ln1651_32, i1 1"   --->   Operation 83 'xor' 'xor_ln1651_32' <Predicate = (icmp_ln55 & and_ln55_2)> <Delay = 0.00> <CoreInst = "LogicGate">   --->   Core 74 'LogicGate' <Latency = 0> <II = 1> <Delay = 0.97> <FuncUnit> <Opcode : 'and' 'or' 'xor'> <InPorts = 2> <OutPorts = 1>
ST_4 : Operation 84 [1/1] (0.97ns) (out node of the LUT)   --->   "%select_ln66_32 = select i1 %xor_ln1651_32, i11 %pool_window_V_33, i11 %pool_window_V_34" [firmware/nnet_utils/nnet_common.h:66]   --->   Operation 84 'select' 'select_ln66_32' <Predicate = (icmp_ln55 & and_ln55_2)> <Delay = 0.97> <CoreInst = "Sel">   --->   Core 73 'Sel' <Latency = 0> <II = 1> <Delay = 0.69> <FuncUnit> <Opcode : 'select'> <InPorts = 3> <OutPorts = 1>
ST_4 : Operation 85 [1/1] (0.00ns)   --->   "%pool_window_V_35 = bitconcatenate i11 @_ssdm_op_BitConcatenate.i11.i6.i5, i6 %void_compute_pool_buffer_2d_array_const_ap_shift_reg_n_filt_stream_kernel_9, i5 0"   --->   Operation 85 'bitconcatenate' 'pool_window_V_35' <Predicate = (icmp_ln55 & and_ln55_2)> <Delay = 0.00>
ST_4 : Operation 86 [1/1] (0.00ns)   --->   "%pool_window_V_36 = bitconcatenate i11 @_ssdm_op_BitConcatenate.i11.i6.i5, i6 %p_2, i5 0"   --->   Operation 86 'bitconcatenate' 'pool_window_V_36' <Predicate = (icmp_ln55 & and_ln55_2)> <Delay = 0.00>
ST_4 : Operation 87 [1/1] (0.00ns)   --->   "%pool_window_V_37 = bitconcatenate i11 @_ssdm_op_BitConcatenate.i11.i6.i5, i6 %p_ZZN4nnet22compute_pool_buffer_2dINS_5arrayI9ap_ufixedILi6ELi0EL9ap_q_mode4EL9ap_33, i5 0"   --->   Operation 87 'bitconcatenate' 'pool_window_V_37' <Predicate = (icmp_ln55 & and_ln55_2)> <Delay = 0.00>
ST_4 : Operation 88 [1/1] (0.00ns)   --->   "%pool_window_V_38 = bitconcatenate i11 @_ssdm_op_BitConcatenate.i11.i6.i5, i6 %trunc_ln115_4, i5 0"   --->   Operation 88 'bitconcatenate' 'pool_window_V_38' <Predicate = (icmp_ln55 & and_ln55_2)> <Delay = 0.00>
ST_4 : Operation 89 [1/1] (1.88ns)   --->   "%icmp_ln1651_34 = icmp_ult  i11 %pool_window_V_35, i11 %pool_window_V_36"   --->   Operation 89 'icmp' 'icmp_ln1651_34' <Predicate = (icmp_ln55 & and_ln55_2)> <Delay = 1.88> <CoreInst = "Cmp">   --->   Core 9 'Cmp' <Latency = 0> <II = 1> <Delay = 1.88> <FuncUnit> <Opcode : 'icmp'> <InPorts = 2> <OutPorts = 1>
ST_4 : Operation 90 [1/1] (0.00ns) (grouped into LUT with out node select_ln66_34)   --->   "%xor_ln1651_34 = xor i1 %icmp_ln1651_34, i1 1"   --->   Operation 90 'xor' 'xor_ln1651_34' <Predicate = (icmp_ln55 & and_ln55_2)> <Delay = 0.00> <CoreInst = "LogicGate">   --->   Core 74 'LogicGate' <Latency = 0> <II = 1> <Delay = 0.97> <FuncUnit> <Opcode : 'and' 'or' 'xor'> <InPorts = 2> <OutPorts = 1>
ST_4 : Operation 91 [1/1] (0.97ns) (out node of the LUT)   --->   "%select_ln66_34 = select i1 %xor_ln1651_34, i11 %pool_window_V_35, i11 %pool_window_V_36" [firmware/nnet_utils/nnet_common.h:66]   --->   Operation 91 'select' 'select_ln66_34' <Predicate = (icmp_ln55 & and_ln55_2)> <Delay = 0.97> <CoreInst = "Sel">   --->   Core 73 'Sel' <Latency = 0> <II = 1> <Delay = 0.69> <FuncUnit> <Opcode : 'select'> <InPorts = 3> <OutPorts = 1>
ST_4 : Operation 92 [1/1] (1.88ns)   --->   "%icmp_ln1651_35 = icmp_ult  i11 %pool_window_V_37, i11 %pool_window_V_38"   --->   Operation 92 'icmp' 'icmp_ln1651_35' <Predicate = (icmp_ln55 & and_ln55_2)> <Delay = 1.88> <CoreInst = "Cmp">   --->   Core 9 'Cmp' <Latency = 0> <II = 1> <Delay = 1.88> <FuncUnit> <Opcode : 'icmp'> <InPorts = 2> <OutPorts = 1>
ST_4 : Operation 93 [1/1] (0.00ns) (grouped into LUT with out node select_ln66_35)   --->   "%xor_ln1651_35 = xor i1 %icmp_ln1651_35, i1 1"   --->   Operation 93 'xor' 'xor_ln1651_35' <Predicate = (icmp_ln55 & and_ln55_2)> <Delay = 0.00> <CoreInst = "LogicGate">   --->   Core 74 'LogicGate' <Latency = 0> <II = 1> <Delay = 0.97> <FuncUnit> <Opcode : 'and' 'or' 'xor'> <InPorts = 2> <OutPorts = 1>
ST_4 : Operation 94 [1/1] (0.97ns) (out node of the LUT)   --->   "%select_ln66_35 = select i1 %xor_ln1651_35, i11 %pool_window_V_37, i11 %pool_window_V_38" [firmware/nnet_utils/nnet_common.h:66]   --->   Operation 94 'select' 'select_ln66_35' <Predicate = (icmp_ln55 & and_ln55_2)> <Delay = 0.97> <CoreInst = "Sel">   --->   Core 73 'Sel' <Latency = 0> <II = 1> <Delay = 0.69> <FuncUnit> <Opcode : 'select'> <InPorts = 3> <OutPorts = 1>
ST_4 : Operation 95 [1/1] (0.00ns)   --->   "%pool_window_V_39 = bitconcatenate i11 @_ssdm_op_BitConcatenate.i11.i6.i5, i6 %void_compute_pool_buffer_2d_array_const_ap_shift_reg_n_filt_stream_kernel_10, i5 0"   --->   Operation 95 'bitconcatenate' 'pool_window_V_39' <Predicate = (icmp_ln55 & and_ln55_2)> <Delay = 0.00>
ST_4 : Operation 96 [1/1] (0.00ns)   --->   "%pool_window_V_40 = bitconcatenate i11 @_ssdm_op_BitConcatenate.i11.i6.i5, i6 %p_s, i5 0"   --->   Operation 96 'bitconcatenate' 'pool_window_V_40' <Predicate = (icmp_ln55 & and_ln55_2)> <Delay = 0.00>
ST_4 : Operation 97 [1/1] (0.00ns)   --->   "%pool_window_V_41 = bitconcatenate i11 @_ssdm_op_BitConcatenate.i11.i6.i5, i6 %p_ZZN4nnet22compute_pool_buffer_2dINS_5arrayI9ap_ufixedILi6ELi0EL9ap_q_mode4EL9ap_34, i5 0"   --->   Operation 97 'bitconcatenate' 'pool_window_V_41' <Predicate = (icmp_ln55 & and_ln55_2)> <Delay = 0.00>
ST_4 : Operation 98 [1/1] (0.00ns)   --->   "%pool_window_V_42 = bitconcatenate i11 @_ssdm_op_BitConcatenate.i11.i6.i5, i6 %trunc_ln115_9, i5 0"   --->   Operation 98 'bitconcatenate' 'pool_window_V_42' <Predicate = (icmp_ln55 & and_ln55_2)> <Delay = 0.00>
ST_4 : Operation 99 [1/1] (1.88ns)   --->   "%icmp_ln1651_37 = icmp_ult  i11 %pool_window_V_39, i11 %pool_window_V_40"   --->   Operation 99 'icmp' 'icmp_ln1651_37' <Predicate = (icmp_ln55 & and_ln55_2)> <Delay = 1.88> <CoreInst = "Cmp">   --->   Core 9 'Cmp' <Latency = 0> <II = 1> <Delay = 1.88> <FuncUnit> <Opcode : 'icmp'> <InPorts = 2> <OutPorts = 1>
ST_4 : Operation 100 [1/1] (0.00ns) (grouped into LUT with out node select_ln66_37)   --->   "%xor_ln1651_37 = xor i1 %icmp_ln1651_37, i1 1"   --->   Operation 100 'xor' 'xor_ln1651_37' <Predicate = (icmp_ln55 & and_ln55_2)> <Delay = 0.00> <CoreInst = "LogicGate">   --->   Core 74 'LogicGate' <Latency = 0> <II = 1> <Delay = 0.97> <FuncUnit> <Opcode : 'and' 'or' 'xor'> <InPorts = 2> <OutPorts = 1>
ST_4 : Operation 101 [1/1] (0.97ns) (out node of the LUT)   --->   "%select_ln66_37 = select i1 %xor_ln1651_37, i11 %pool_window_V_39, i11 %pool_window_V_40" [firmware/nnet_utils/nnet_common.h:66]   --->   Operation 101 'select' 'select_ln66_37' <Predicate = (icmp_ln55 & and_ln55_2)> <Delay = 0.97> <CoreInst = "Sel">   --->   Core 73 'Sel' <Latency = 0> <II = 1> <Delay = 0.69> <FuncUnit> <Opcode : 'select'> <InPorts = 3> <OutPorts = 1>
ST_4 : Operation 102 [1/1] (1.88ns)   --->   "%icmp_ln1651_38 = icmp_ult  i11 %pool_window_V_41, i11 %pool_window_V_42"   --->   Operation 102 'icmp' 'icmp_ln1651_38' <Predicate = (icmp_ln55 & and_ln55_2)> <Delay = 1.88> <CoreInst = "Cmp">   --->   Core 9 'Cmp' <Latency = 0> <II = 1> <Delay = 1.88> <FuncUnit> <Opcode : 'icmp'> <InPorts = 2> <OutPorts = 1>
ST_4 : Operation 103 [1/1] (0.00ns) (grouped into LUT with out node select_ln66_38)   --->   "%xor_ln1651_38 = xor i1 %icmp_ln1651_38, i1 1"   --->   Operation 103 'xor' 'xor_ln1651_38' <Predicate = (icmp_ln55 & and_ln55_2)> <Delay = 0.00> <CoreInst = "LogicGate">   --->   Core 74 'LogicGate' <Latency = 0> <II = 1> <Delay = 0.97> <FuncUnit> <Opcode : 'and' 'or' 'xor'> <InPorts = 2> <OutPorts = 1>
ST_4 : Operation 104 [1/1] (0.97ns) (out node of the LUT)   --->   "%select_ln66_38 = select i1 %xor_ln1651_38, i11 %pool_window_V_41, i11 %pool_window_V_42" [firmware/nnet_utils/nnet_common.h:66]   --->   Operation 104 'select' 'select_ln66_38' <Predicate = (icmp_ln55 & and_ln55_2)> <Delay = 0.97> <CoreInst = "Sel">   --->   Core 73 'Sel' <Latency = 0> <II = 1> <Delay = 0.69> <FuncUnit> <Opcode : 'select'> <InPorts = 3> <OutPorts = 1>
ST_4 : Operation 105 [1/1] (0.00ns)   --->   "%pool_window_V_43 = bitconcatenate i11 @_ssdm_op_BitConcatenate.i11.i6.i5, i6 %void_compute_pool_buffer_2d_array_const_ap_shift_reg_n_filt_stream_kernel_11, i5 0"   --->   Operation 105 'bitconcatenate' 'pool_window_V_43' <Predicate = (icmp_ln55 & and_ln55_2)> <Delay = 0.00>
ST_4 : Operation 106 [1/1] (0.00ns)   --->   "%pool_window_V_44 = bitconcatenate i11 @_ssdm_op_BitConcatenate.i11.i6.i5, i6 %p_0, i5 0"   --->   Operation 106 'bitconcatenate' 'pool_window_V_44' <Predicate = (icmp_ln55 & and_ln55_2)> <Delay = 0.00>
ST_4 : Operation 107 [1/1] (0.00ns)   --->   "%pool_window_V_45 = bitconcatenate i11 @_ssdm_op_BitConcatenate.i11.i6.i5, i6 %p_ZZN4nnet22compute_pool_buffer_2dINS_5arrayI9ap_ufixedILi6ELi0EL9ap_q_mode4EL9ap_35, i5 0"   --->   Operation 107 'bitconcatenate' 'pool_window_V_45' <Predicate = (icmp_ln55 & and_ln55_2)> <Delay = 0.00>
ST_4 : Operation 108 [1/1] (0.00ns)   --->   "%pool_window_V_46 = bitconcatenate i11 @_ssdm_op_BitConcatenate.i11.i6.i5, i6 %trunc_ln115_s, i5 0"   --->   Operation 108 'bitconcatenate' 'pool_window_V_46' <Predicate = (icmp_ln55 & and_ln55_2)> <Delay = 0.00>
ST_4 : Operation 109 [1/1] (1.88ns)   --->   "%icmp_ln1651_40 = icmp_ult  i11 %pool_window_V_43, i11 %pool_window_V_44"   --->   Operation 109 'icmp' 'icmp_ln1651_40' <Predicate = (icmp_ln55 & and_ln55_2)> <Delay = 1.88> <CoreInst = "Cmp">   --->   Core 9 'Cmp' <Latency = 0> <II = 1> <Delay = 1.88> <FuncUnit> <Opcode : 'icmp'> <InPorts = 2> <OutPorts = 1>
ST_4 : Operation 110 [1/1] (0.00ns) (grouped into LUT with out node select_ln66_40)   --->   "%xor_ln1651_40 = xor i1 %icmp_ln1651_40, i1 1"   --->   Operation 110 'xor' 'xor_ln1651_40' <Predicate = (icmp_ln55 & and_ln55_2)> <Delay = 0.00> <CoreInst = "LogicGate">   --->   Core 74 'LogicGate' <Latency = 0> <II = 1> <Delay = 0.97> <FuncUnit> <Opcode : 'and' 'or' 'xor'> <InPorts = 2> <OutPorts = 1>
ST_4 : Operation 111 [1/1] (0.97ns) (out node of the LUT)   --->   "%select_ln66_40 = select i1 %xor_ln1651_40, i11 %pool_window_V_43, i11 %pool_window_V_44" [firmware/nnet_utils/nnet_common.h:66]   --->   Operation 111 'select' 'select_ln66_40' <Predicate = (icmp_ln55 & and_ln55_2)> <Delay = 0.97> <CoreInst = "Sel">   --->   Core 73 'Sel' <Latency = 0> <II = 1> <Delay = 0.69> <FuncUnit> <Opcode : 'select'> <InPorts = 3> <OutPorts = 1>
ST_4 : Operation 112 [1/1] (1.88ns)   --->   "%icmp_ln1651_41 = icmp_ult  i11 %pool_window_V_45, i11 %pool_window_V_46"   --->   Operation 112 'icmp' 'icmp_ln1651_41' <Predicate = (icmp_ln55 & and_ln55_2)> <Delay = 1.88> <CoreInst = "Cmp">   --->   Core 9 'Cmp' <Latency = 0> <II = 1> <Delay = 1.88> <FuncUnit> <Opcode : 'icmp'> <InPorts = 2> <OutPorts = 1>
ST_4 : Operation 113 [1/1] (0.00ns) (grouped into LUT with out node select_ln66_41)   --->   "%xor_ln1651_41 = xor i1 %icmp_ln1651_41, i1 1"   --->   Operation 113 'xor' 'xor_ln1651_41' <Predicate = (icmp_ln55 & and_ln55_2)> <Delay = 0.00> <CoreInst = "LogicGate">   --->   Core 74 'LogicGate' <Latency = 0> <II = 1> <Delay = 0.97> <FuncUnit> <Opcode : 'and' 'or' 'xor'> <InPorts = 2> <OutPorts = 1>
ST_4 : Operation 114 [1/1] (0.97ns) (out node of the LUT)   --->   "%select_ln66_41 = select i1 %xor_ln1651_41, i11 %pool_window_V_45, i11 %pool_window_V_46" [firmware/nnet_utils/nnet_common.h:66]   --->   Operation 114 'select' 'select_ln66_41' <Predicate = (icmp_ln55 & and_ln55_2)> <Delay = 0.97> <CoreInst = "Sel">   --->   Core 73 'Sel' <Latency = 0> <II = 1> <Delay = 0.69> <FuncUnit> <Opcode : 'select'> <InPorts = 3> <OutPorts = 1>
ST_4 : Operation 115 [1/1] (1.58ns)   --->   "%store_ln91 = store i32 %add_ln91, i32 %sX_1" [firmware/nnet_utils/nnet_pooling_stream.h:91]   --->   Operation 115 'store' 'store_ln91' <Predicate = (!icmp_ln76)> <Delay = 1.58>
ST_4 : Operation 116 [1/1] (0.00ns)   --->   "%br_ln0 = br void %for.inc"   --->   Operation 116 'br' 'br_ln0' <Predicate = (!icmp_ln76)> <Delay = 0.00>
ST_4 : Operation 117 [1/1] (1.58ns)   --->   "%store_ln84 = store i32 %add_ln80, i32 %pY_1" [firmware/nnet_utils/nnet_pooling_stream.h:84]   --->   Operation 117 'store' 'store_ln84' <Predicate = (!icmp_ln109 & icmp_ln76 & !icmp_ln80)> <Delay = 1.58>
ST_4 : Operation 118 [1/1] (0.00ns) (grouped into LUT with out node add_ln86)   --->   "%select_ln86 = select i1 %icmp_ln86, i32 4294967295, i32 1" [firmware/nnet_utils/nnet_pooling_stream.h:86]   --->   Operation 118 'select' 'select_ln86' <Predicate = (!icmp_ln109 & icmp_ln76 & !icmp_ln80)> <Delay = 0.00> <CoreInst = "Sel">   --->   Core 73 'Sel' <Latency = 0> <II = 1> <Delay = 0.99> <FuncUnit> <Opcode : 'select'> <InPorts = 3> <OutPorts = 1>
ST_4 : Operation 119 [1/1] (2.55ns) (out node of the LUT)   --->   "%add_ln86 = add i32 %sY_1_load_1, i32 %select_ln86" [firmware/nnet_utils/nnet_pooling_stream.h:86]   --->   Operation 119 'add' 'add_ln86' <Predicate = (!icmp_ln109 & icmp_ln76 & !icmp_ln80)> <Delay = 2.55> <CoreInst = "Adder">   --->   Core 1 'Adder' <Latency = 0> <II = 1> <Delay = 2.55> <FuncUnit> <Opcode : 'add' 'sub'> <InPorts = 2> <OutPorts = 1>
ST_4 : Operation 120 [1/1] (1.58ns)   --->   "%store_ln81 = store i32 0, i32 %pY_1" [firmware/nnet_utils/nnet_pooling_stream.h:81]   --->   Operation 120 'store' 'store_ln81' <Predicate = (!icmp_ln109 & icmp_ln76 & icmp_ln80)> <Delay = 1.58>
ST_4 : Operation 121 [1/1] (1.58ns)   --->   "%br_ln83 = br void %if.end39.i" [firmware/nnet_utils/nnet_pooling_stream.h:83]   --->   Operation 121 'br' 'br_ln83' <Predicate = (!icmp_ln109 & icmp_ln76 & icmp_ln80)> <Delay = 1.58>
ST_4 : Operation 149 [1/1] (0.00ns)   --->   "%ret_ln118 = ret" [firmware/nnet_utils/nnet_pooling_stream.h:118]   --->   Operation 149 'ret' 'ret_ln118' <Predicate = (icmp_ln109)> <Delay = 0.00>

State 5 <SV = 4> <Delay = 3.06>
ST_5 : Operation 122 [1/1] (1.88ns)   --->   "%icmp_ln1651_33 = icmp_ult  i11 %select_ln66, i11 %select_ln66_32"   --->   Operation 122 'icmp' 'icmp_ln1651_33' <Predicate = (icmp_ln55 & and_ln55_2)> <Delay = 1.88> <CoreInst = "Cmp">   --->   Core 9 'Cmp' <Latency = 0> <II = 1> <Delay = 1.88> <FuncUnit> <Opcode : 'icmp'> <InPorts = 2> <OutPorts = 1>
ST_5 : Operation 123 [1/1] (0.00ns) (grouped into LUT with out node p_Val2_s)   --->   "%xor_ln1651_33 = xor i1 %icmp_ln1651_33, i1 1"   --->   Operation 123 'xor' 'xor_ln1651_33' <Predicate = (icmp_ln55 & and_ln55_2)> <Delay = 0.00> <CoreInst = "LogicGate">   --->   Core 74 'LogicGate' <Latency = 0> <II = 1> <Delay = 0.97> <FuncUnit> <Opcode : 'and' 'or' 'xor'> <InPorts = 2> <OutPorts = 1>
ST_5 : Operation 124 [1/1] (0.00ns) (grouped into LUT with out node p_Val2_s)   --->   "%tmp_24 = partselect i6 @_ssdm_op_PartSelect.i6.i11.i32.i32, i11 %select_ln66, i32 5, i32 10"   --->   Operation 124 'partselect' 'tmp_24' <Predicate = (icmp_ln55 & and_ln55_2)> <Delay = 0.00>
ST_5 : Operation 125 [1/1] (0.00ns) (grouped into LUT with out node p_Val2_s)   --->   "%tmp_25 = partselect i6 @_ssdm_op_PartSelect.i6.i11.i32.i32, i11 %select_ln66_32, i32 5, i32 10"   --->   Operation 125 'partselect' 'tmp_25' <Predicate = (icmp_ln55 & and_ln55_2)> <Delay = 0.00>
ST_5 : Operation 126 [1/1] (1.18ns) (out node of the LUT)   --->   "%p_Val2_s = select i1 %xor_ln1651_33, i6 %tmp_24, i6 %tmp_25" [firmware/nnet_utils/nnet_common.h:66]   --->   Operation 126 'select' 'p_Val2_s' <Predicate = (icmp_ln55 & and_ln55_2)> <Delay = 1.18> <CoreInst = "Sel">   --->   Core 73 'Sel' <Latency = 0> <II = 1> <Delay = 1.18> <FuncUnit> <Opcode : 'select'> <InPorts = 3> <OutPorts = 1>
ST_5 : Operation 127 [1/1] (1.88ns)   --->   "%icmp_ln1651_36 = icmp_ult  i11 %select_ln66_34, i11 %select_ln66_35"   --->   Operation 127 'icmp' 'icmp_ln1651_36' <Predicate = (icmp_ln55 & and_ln55_2)> <Delay = 1.88> <CoreInst = "Cmp">   --->   Core 9 'Cmp' <Latency = 0> <II = 1> <Delay = 1.88> <FuncUnit> <Opcode : 'icmp'> <InPorts = 2> <OutPorts = 1>
ST_5 : Operation 128 [1/1] (0.00ns) (grouped into LUT with out node p_Val2_115)   --->   "%xor_ln1651_36 = xor i1 %icmp_ln1651_36, i1 1"   --->   Operation 128 'xor' 'xor_ln1651_36' <Predicate = (icmp_ln55 & and_ln55_2)> <Delay = 0.00> <CoreInst = "LogicGate">   --->   Core 74 'LogicGate' <Latency = 0> <II = 1> <Delay = 0.97> <FuncUnit> <Opcode : 'and' 'or' 'xor'> <InPorts = 2> <OutPorts = 1>
ST_5 : Operation 129 [1/1] (0.00ns) (grouped into LUT with out node p_Val2_115)   --->   "%tmp_27 = partselect i6 @_ssdm_op_PartSelect.i6.i11.i32.i32, i11 %select_ln66_34, i32 5, i32 10"   --->   Operation 129 'partselect' 'tmp_27' <Predicate = (icmp_ln55 & and_ln55_2)> <Delay = 0.00>
ST_5 : Operation 130 [1/1] (0.00ns) (grouped into LUT with out node p_Val2_115)   --->   "%tmp_28 = partselect i6 @_ssdm_op_PartSelect.i6.i11.i32.i32, i11 %select_ln66_35, i32 5, i32 10"   --->   Operation 130 'partselect' 'tmp_28' <Predicate = (icmp_ln55 & and_ln55_2)> <Delay = 0.00>
ST_5 : Operation 131 [1/1] (1.18ns) (out node of the LUT)   --->   "%p_Val2_115 = select i1 %xor_ln1651_36, i6 %tmp_27, i6 %tmp_28" [firmware/nnet_utils/nnet_common.h:66]   --->   Operation 131 'select' 'p_Val2_115' <Predicate = (icmp_ln55 & and_ln55_2)> <Delay = 1.18> <CoreInst = "Sel">   --->   Core 73 'Sel' <Latency = 0> <II = 1> <Delay = 1.18> <FuncUnit> <Opcode : 'select'> <InPorts = 3> <OutPorts = 1>
ST_5 : Operation 132 [1/1] (1.88ns)   --->   "%icmp_ln1651_39 = icmp_ult  i11 %select_ln66_37, i11 %select_ln66_38"   --->   Operation 132 'icmp' 'icmp_ln1651_39' <Predicate = (icmp_ln55 & and_ln55_2)> <Delay = 1.88> <CoreInst = "Cmp">   --->   Core 9 'Cmp' <Latency = 0> <II = 1> <Delay = 1.88> <FuncUnit> <Opcode : 'icmp'> <InPorts = 2> <OutPorts = 1>
ST_5 : Operation 133 [1/1] (0.00ns) (grouped into LUT with out node p_Val2_116)   --->   "%xor_ln1651_39 = xor i1 %icmp_ln1651_39, i1 1"   --->   Operation 133 'xor' 'xor_ln1651_39' <Predicate = (icmp_ln55 & and_ln55_2)> <Delay = 0.00> <CoreInst = "LogicGate">   --->   Core 74 'LogicGate' <Latency = 0> <II = 1> <Delay = 0.97> <FuncUnit> <Opcode : 'and' 'or' 'xor'> <InPorts = 2> <OutPorts = 1>
ST_5 : Operation 134 [1/1] (0.00ns) (grouped into LUT with out node p_Val2_116)   --->   "%tmp_30 = partselect i6 @_ssdm_op_PartSelect.i6.i11.i32.i32, i11 %select_ln66_37, i32 5, i32 10"   --->   Operation 134 'partselect' 'tmp_30' <Predicate = (icmp_ln55 & and_ln55_2)> <Delay = 0.00>
ST_5 : Operation 135 [1/1] (0.00ns) (grouped into LUT with out node p_Val2_116)   --->   "%tmp_31 = partselect i6 @_ssdm_op_PartSelect.i6.i11.i32.i32, i11 %select_ln66_38, i32 5, i32 10"   --->   Operation 135 'partselect' 'tmp_31' <Predicate = (icmp_ln55 & and_ln55_2)> <Delay = 0.00>
ST_5 : Operation 136 [1/1] (1.18ns) (out node of the LUT)   --->   "%p_Val2_116 = select i1 %xor_ln1651_39, i6 %tmp_30, i6 %tmp_31" [firmware/nnet_utils/nnet_common.h:66]   --->   Operation 136 'select' 'p_Val2_116' <Predicate = (icmp_ln55 & and_ln55_2)> <Delay = 1.18> <CoreInst = "Sel">   --->   Core 73 'Sel' <Latency = 0> <II = 1> <Delay = 1.18> <FuncUnit> <Opcode : 'select'> <InPorts = 3> <OutPorts = 1>
ST_5 : Operation 137 [1/1] (1.88ns)   --->   "%icmp_ln1651_42 = icmp_ult  i11 %select_ln66_40, i11 %select_ln66_41"   --->   Operation 137 'icmp' 'icmp_ln1651_42' <Predicate = (icmp_ln55 & and_ln55_2)> <Delay = 1.88> <CoreInst = "Cmp">   --->   Core 9 'Cmp' <Latency = 0> <II = 1> <Delay = 1.88> <FuncUnit> <Opcode : 'icmp'> <InPorts = 2> <OutPorts = 1>
ST_5 : Operation 138 [1/1] (0.00ns) (grouped into LUT with out node p_Val2_117)   --->   "%xor_ln1651_42 = xor i1 %icmp_ln1651_42, i1 1"   --->   Operation 138 'xor' 'xor_ln1651_42' <Predicate = (icmp_ln55 & and_ln55_2)> <Delay = 0.00> <CoreInst = "LogicGate">   --->   Core 74 'LogicGate' <Latency = 0> <II = 1> <Delay = 0.97> <FuncUnit> <Opcode : 'and' 'or' 'xor'> <InPorts = 2> <OutPorts = 1>
ST_5 : Operation 139 [1/1] (0.00ns) (grouped into LUT with out node p_Val2_117)   --->   "%tmp_33 = partselect i6 @_ssdm_op_PartSelect.i6.i11.i32.i32, i11 %select_ln66_40, i32 5, i32 10"   --->   Operation 139 'partselect' 'tmp_33' <Predicate = (icmp_ln55 & and_ln55_2)> <Delay = 0.00>
ST_5 : Operation 140 [1/1] (0.00ns) (grouped into LUT with out node p_Val2_117)   --->   "%tmp_34 = partselect i6 @_ssdm_op_PartSelect.i6.i11.i32.i32, i11 %select_ln66_41, i32 5, i32 10"   --->   Operation 140 'partselect' 'tmp_34' <Predicate = (icmp_ln55 & and_ln55_2)> <Delay = 0.00>
ST_5 : Operation 141 [1/1] (1.18ns) (out node of the LUT)   --->   "%p_Val2_117 = select i1 %xor_ln1651_42, i6 %tmp_33, i6 %tmp_34" [firmware/nnet_utils/nnet_common.h:66]   --->   Operation 141 'select' 'p_Val2_117' <Predicate = (icmp_ln55 & and_ln55_2)> <Delay = 1.18> <CoreInst = "Sel">   --->   Core 73 'Sel' <Latency = 0> <II = 1> <Delay = 1.18> <FuncUnit> <Opcode : 'select'> <InPorts = 3> <OutPorts = 1>
ST_5 : Operation 142 [1/1] (1.58ns)   --->   "%br_ln0 = br void %if.end39.i"   --->   Operation 142 'br' 'br_ln0' <Predicate = (!icmp_ln109 & icmp_ln76 & !icmp_ln80)> <Delay = 1.58>
ST_5 : Operation 143 [1/1] (0.00ns)   --->   "%storemerge = phi i32 %add_ln86, void %if.else.i, i32 0, void %if.then32.i" [firmware/nnet_utils/nnet_pooling_stream.h:86]   --->   Operation 143 'phi' 'storemerge' <Predicate = (icmp_ln76)> <Delay = 0.00>
ST_5 : Operation 144 [1/1] (0.00ns)   --->   "%store_ln82 = store i32 %storemerge, i32 %sY_1" [firmware/nnet_utils/nnet_pooling_stream.h:82]   --->   Operation 144 'store' 'store_ln82' <Predicate = (icmp_ln76)> <Delay = 0.00>
ST_5 : Operation 145 [1/1] (0.00ns)   --->   "%br_ln88 = br void %for.inc" [firmware/nnet_utils/nnet_pooling_stream.h:88]   --->   Operation 145 'br' 'br_ln88' <Predicate = (icmp_ln76)> <Delay = 0.00>

State 6 <SV = 5> <Delay = 1.82>
ST_6 : Operation 146 [1/1] (0.00ns)   --->   "%or_ln72_s = bitconcatenate i24 @_ssdm_op_BitConcatenate.i24.i6.i6.i6.i6, i6 %p_Val2_117, i6 %p_Val2_116, i6 %p_Val2_115, i6 %p_Val2_s" [firmware/nnet_utils/nnet_pooling_stream.h:72]   --->   Operation 146 'bitconcatenate' 'or_ln72_s' <Predicate = (icmp_ln55 & and_ln55_2)> <Delay = 0.00>
ST_6 : Operation 147 [1/1] (1.82ns)   --->   "%write_ln72 = write void @_ssdm_op_Write.ap_fifo.volatile.i24P0A, i24 %layer5_out, i24 %or_ln72_s" [firmware/nnet_utils/nnet_pooling_stream.h:72]   --->   Operation 147 'write' 'write_ln72' <Predicate = (icmp_ln55 & and_ln55_2)> <Delay = 1.82> <CoreInst = "FIFO_SRL">   --->   Core 81 'FIFO_SRL' <Latency = 0> <II = 1> <Delay = 3.80> <Storage> <Opcode : 'read' 'write' 'nbread' 'nbwrite'> <Ports = 0> <Width = 24> <Depth = 16> <FIFO>
ST_6 : Operation 148 [1/1] (0.00ns)   --->   "%br_ln73 = br void %if.end.i" [firmware/nnet_utils/nnet_pooling_stream.h:73]   --->   Operation 148 'br' 'br_ln73' <Predicate = (icmp_ln55 & and_ln55_2)> <Delay = 0.00>


============================================================
+ Verbose Summary: Timing violations
============================================================
Target clock period: 5ns, clock uncertainty: 1.35ns.

 <State 1>: 3.46ns
The critical path consists of the following:
	'alloca' operation ('indvar_flatten') [15]  (0 ns)
	'load' operation ('indvar_flatten_load', firmware/nnet_utils/nnet_pooling_stream.h:109) on local variable 'indvar_flatten' [21]  (0 ns)
	'add' operation ('add_ln109', firmware/nnet_utils/nnet_pooling_stream.h:109) [23]  (1.87 ns)
	'store' operation ('store_ln111', firmware/nnet_utils/nnet_pooling_stream.h:111) of variable 'add_ln109', firmware/nnet_utils/nnet_pooling_stream.h:109 on local variable 'indvar_flatten' [164]  (1.59 ns)

 <State 2>: 2.55ns
The critical path consists of the following:
	'load' operation ('pY_1_load_1', firmware/nnet_utils/nnet_pooling_stream.h:80) on static variable 'pY_1' [145]  (0 ns)
	'add' operation ('add_ln80', firmware/nnet_utils/nnet_pooling_stream.h:80) [146]  (2.55 ns)

 <State 3>: 3.44ns
The critical path consists of the following:
	fifo read operation ('layer4_out_read', firmware/nnet_utils/nnet_pooling_stream.h:115) on port 'layer4_out' (firmware/nnet_utils/nnet_pooling_stream.h:115) [30]  (1.83 ns)
	'memshiftread' operation ('p_1') [35]  (1.62 ns)

 <State 4>: 3.45ns
The critical path consists of the following:
	'load' operation ('sY_1_load', firmware/nnet_utils/nnet_pooling_stream.h:55) on static variable 'sY_1' [60]  (0 ns)
	'icmp' operation ('icmp_ln55_4', firmware/nnet_utils/nnet_pooling_stream.h:55) [61]  (2.47 ns)
	'and' operation ('and_ln55_2', firmware/nnet_utils/nnet_pooling_stream.h:55) [66]  (0.978 ns)

 <State 5>: 3.07ns
The critical path consists of the following:
	'icmp' operation ('icmp_ln1651_33') [79]  (1.88 ns)
	'xor' operation ('xor_ln1651_33') [80]  (0 ns)
	'select' operation ('__Val2__', firmware/nnet_utils/nnet_common.h:66) [83]  (1.19 ns)

 <State 6>: 1.83ns
The critical path consists of the following:
	fifo write operation ('write_ln72', firmware/nnet_utils/nnet_pooling_stream.h:72) on port 'layer5_out' (firmware/nnet_utils/nnet_pooling_stream.h:72) [130]  (1.83 ns)


============================================================
+ Verbose Summary: Binding
============================================================
N/A
* FSMD analyzer results:
  - Output states:
 - Input state : 
  - Chain level:
	State 1
	State 2
	State 3
	State 4
	State 5
	State 6


============================================================
+ Verbose Summary: Datapath Resource usage 
============================================================
N/A
