

================================================================
== Vitis HLS Report for 'pooling2d_cl_array_ap_ufixed_8u_array_ap_ufixed_6_0_4_0_0_8u_config9_s'
================================================================
* Date:           Thu Jul  2 23:53:04 2026

* Version:        2022.2 (Build 3670227 on Oct 13 2022)
* Project:        myproject_prj
* Solution:       solution1 (Vivado IP Flow Target)
* Product family: zynq
* Target device:  xc7z020-clg400-1


================================================================
== Performance Estimates
================================================================
+ Timing: 
    * Summary: 
    +--------+---------+----------+------------+
    |  Clock |  Target | Estimated| Uncertainty|
    +--------+---------+----------+------------+
    |ap_clk  |  5.00 ns|  3.451 ns|     1.35 ns|
    +--------+---------+----------+------------+

+ Latency: 
    * Summary: 
    +---------+---------+----------+----------+-----+-----+---------+
    |  Latency (cycles) |  Latency (absolute) |  Interval | Pipeline|
    |   min   |   max   |    min   |    max   | min | max |   Type  |
    +---------+---------+----------+----------+-----+-----+---------+
    |       37|       37|  0.185 us|  0.185 us|   37|   37|       no|
    +---------+---------+----------+----------+-----+-----+---------+

    + Detail: 
        * Instance: 
        N/A

        * Loop: 
        +----------------------------------+---------+---------+----------+-----------+-----------+------+----------+
        |                                  |  Latency (cycles) | Iteration|  Initiation Interval  | Trip |          |
        |             Loop Name            |   min   |   max   |  Latency |  achieved |   target  | Count| Pipelined|
        +----------------------------------+---------+---------+----------+-----------+-----------+------+----------+
        |- ReadInputHeight_ReadInputWidth  |       35|       35|         6|          2|          1|    16|       yes|
        +----------------------------------+---------+---------+----------+-----------+-----------+------+----------+

============================================================
+ Verbose Summary: Synthesis Manager
============================================================
InlineROM: 1
ExposeGlobal: 0
============================================================
+ Verbose Summary: CDFG Model
============================================================
IsTopModel: 0
ResetActiveHigh: 1
IsCombinational: 2
IsDatapathOnly: 0
HasWiredReturn: 1
HasMFsm: 2
HasVarLatency: 1
IsPipeline: 0
IsRtlPipelined: 0
IsInstanceOverlapped: 0
IsDontTouch: 0
HasImplIP: 0
IsGatedGlobalClock: 0

+ Individual pipeline summary: 
  * Pipeline-0: initiation interval (II) = 2, depth = 6


============================================================
+ Verbose Summary: Schedule
============================================================
* Number of FSM states : 6
* Pipeline : 1
  Pipeline-0 : II = 2, D = 6, States = { 1 2 3 4 5 6 }
* Dataflow Pipeline: 0

* FSM state transitions: 
1 --> 2 
2 --> 3 
3 --> 4 
4 --> 5 
5 --> 6 
6 --> 

* FSM state operations: 

State 1 <SV = 0> <Delay = 3.36>
ST_1 : Operation 9 [1/1] (0.00ns)   --->   "%indvar_flatten = alloca i32 1"   --->   Operation 9 'alloca' 'indvar_flatten' <Predicate = true> <Delay = 0.00>
ST_1 : Operation 10 [1/1] (0.00ns)   --->   "%specinterface_ln0 = specinterface void @_ssdm_op_SpecInterface, i48 %layer9_out, void @empty_21, i32 0, i32 0, void @empty_10, i32 0, i32 0, void @empty_10, void @empty_10, void @empty_10, i32 0, i32 0, i32 0, i32 0, void @empty_10, void @empty_10, i32 4294967295, i32 0"   --->   Operation 10 'specinterface' 'specinterface_ln0' <Predicate = true> <Delay = 0.00>
ST_1 : Operation 11 [1/1] (0.00ns)   --->   "%specinterface_ln0 = specinterface void @_ssdm_op_SpecInterface, i48 %layer8_out, void @empty_21, i32 0, i32 0, void @empty_10, i32 0, i32 0, void @empty_10, void @empty_10, void @empty_10, i32 0, i32 0, i32 0, i32 0, void @empty_10, void @empty_10, i32 4294967295, i32 0"   --->   Operation 11 'specinterface' 'specinterface_ln0' <Predicate = true> <Delay = 0.00>
ST_1 : Operation 12 [1/1] (1.58ns)   --->   "%store_ln109 = store i5 0, i5 %indvar_flatten" [firmware/nnet_utils/nnet_pooling_stream.h:109]   --->   Operation 12 'store' 'store_ln109' <Predicate = true> <Delay = 1.58>
ST_1 : Operation 13 [1/1] (0.00ns)   --->   "%br_ln109 = br void %arrayctor.loop.i" [firmware/nnet_utils/nnet_pooling_stream.h:109]   --->   Operation 13 'br' 'br_ln109' <Predicate = true> <Delay = 0.00>
ST_1 : Operation 14 [1/1] (0.00ns)   --->   "%indvar_flatten_load = load i5 %indvar_flatten" [firmware/nnet_utils/nnet_pooling_stream.h:109]   --->   Operation 14 'load' 'indvar_flatten_load' <Predicate = true> <Delay = 0.00>
ST_1 : Operation 15 [1/1] (1.36ns)   --->   "%icmp_ln109 = icmp_eq  i5 %indvar_flatten_load, i5 16" [firmware/nnet_utils/nnet_pooling_stream.h:109]   --->   Operation 15 'icmp' 'icmp_ln109' <Predicate = true> <Delay = 1.36> <CoreInst = "Cmp">   --->   Core 9 'Cmp' <Latency = 0> <II = 1> <Delay = 1.36> <FuncUnit> <Opcode : 'icmp'> <InPorts = 2> <OutPorts = 1>
ST_1 : Operation 16 [1/1] (1.78ns)   --->   "%add_ln109 = add i5 %indvar_flatten_load, i5 1" [firmware/nnet_utils/nnet_pooling_stream.h:109]   --->   Operation 16 'add' 'add_ln109' <Predicate = true> <Delay = 1.78> <CoreInst = "Adder">   --->   Core 1 'Adder' <Latency = 0> <II = 1> <Delay = 1.78> <FuncUnit> <Opcode : 'add' 'sub'> <InPorts = 2> <OutPorts = 1>
ST_1 : Operation 17 [1/1] (0.00ns)   --->   "%br_ln109 = br i1 %icmp_ln109, void %for.inc13, void %for.end15" [firmware/nnet_utils/nnet_pooling_stream.h:109]   --->   Operation 17 'br' 'br_ln109' <Predicate = true> <Delay = 0.00>
ST_1 : Operation 18 [1/1] (0.00ns)   --->   "%pX_load = load i32 %pX" [firmware/nnet_utils/nnet_pooling_stream.h:76]   --->   Operation 18 'load' 'pX_load' <Predicate = (!icmp_ln109)> <Delay = 0.00>
ST_1 : Operation 19 [1/1] (2.55ns)   --->   "%add_ln76 = add i32 %pX_load, i32 1" [firmware/nnet_utils/nnet_pooling_stream.h:76]   --->   Operation 19 'add' 'add_ln76' <Predicate = (!icmp_ln109)> <Delay = 2.55> <CoreInst = "Adder">   --->   Core 1 'Adder' <Latency = 0> <II = 1> <Delay = 2.55> <FuncUnit> <Opcode : 'add' 'sub'> <InPorts = 2> <OutPorts = 1>
ST_1 : Operation 20 [1/1] (1.58ns)   --->   "%store_ln111 = store i5 %add_ln109, i5 %indvar_flatten" [firmware/nnet_utils/nnet_pooling_stream.h:111]   --->   Operation 20 'store' 'store_ln111' <Predicate = (!icmp_ln109)> <Delay = 1.58>
ST_1 : Operation 21 [1/1] (0.00ns)   --->   "%br_ln111 = br void %arrayctor.loop.i" [firmware/nnet_utils/nnet_pooling_stream.h:111]   --->   Operation 21 'br' 'br_ln111' <Predicate = (!icmp_ln109)> <Delay = 0.00>

State 2 <SV = 1> <Delay = 2.55>
ST_2 : Operation 22 [1/1] (0.00ns)   --->   "%sX_load = load i32 %sX" [firmware/nnet_utils/nnet_pooling_stream.h:55]   --->   Operation 22 'load' 'sX_load' <Predicate = (!icmp_ln109)> <Delay = 0.00>
ST_2 : Operation 23 [1/1] (2.47ns)   --->   "%icmp_ln55 = icmp_eq  i32 %sX_load, i32 1" [firmware/nnet_utils/nnet_pooling_stream.h:55]   --->   Operation 23 'icmp' 'icmp_ln55' <Predicate = (!icmp_ln109)> <Delay = 2.47> <CoreInst = "Cmp">   --->   Core 9 'Cmp' <Latency = 0> <II = 1> <Delay = 2.47> <FuncUnit> <Opcode : 'icmp'> <InPorts = 2> <OutPorts = 1>
ST_2 : Operation 24 [1/1] (0.00ns)   --->   "%br_ln55 = br i1 %icmp_ln55, void %if.end.i, void %land.lhs.true.i" [firmware/nnet_utils/nnet_pooling_stream.h:55]   --->   Operation 24 'br' 'br_ln55' <Predicate = (!icmp_ln109)> <Delay = 0.00>
ST_2 : Operation 25 [1/1] (2.47ns)   --->   "%icmp_ln55_3 = icmp_sgt  i32 %pX_load, i32 0" [firmware/nnet_utils/nnet_pooling_stream.h:55]   --->   Operation 25 'icmp' 'icmp_ln55_3' <Predicate = (!icmp_ln109 & icmp_ln55)> <Delay = 2.47> <CoreInst = "Cmp">   --->   Core 9 'Cmp' <Latency = 0> <II = 1> <Delay = 2.47> <FuncUnit> <Opcode : 'icmp'> <InPorts = 2> <OutPorts = 1>
ST_2 : Operation 26 [1/1] (2.47ns)   --->   "%icmp_ln76 = icmp_eq  i32 %add_ln76, i32 4" [firmware/nnet_utils/nnet_pooling_stream.h:76]   --->   Operation 26 'icmp' 'icmp_ln76' <Predicate = (!icmp_ln109)> <Delay = 2.47> <CoreInst = "Cmp">   --->   Core 9 'Cmp' <Latency = 0> <II = 1> <Delay = 2.47> <FuncUnit> <Opcode : 'icmp'> <InPorts = 2> <OutPorts = 1>
ST_2 : Operation 27 [1/1] (0.00ns)   --->   "%br_ln76 = br i1 %icmp_ln76, void %if.else40.i, void %if.then29.i" [firmware/nnet_utils/nnet_pooling_stream.h:76]   --->   Operation 27 'br' 'br_ln76' <Predicate = (!icmp_ln109)> <Delay = 0.00>
ST_2 : Operation 28 [1/1] (0.00ns)   --->   "%pY_load_1 = load i32 %pY" [firmware/nnet_utils/nnet_pooling_stream.h:80]   --->   Operation 28 'load' 'pY_load_1' <Predicate = (!icmp_ln109 & icmp_ln76)> <Delay = 0.00>
ST_2 : Operation 29 [1/1] (2.55ns)   --->   "%add_ln80 = add i32 %pY_load_1, i32 1" [firmware/nnet_utils/nnet_pooling_stream.h:80]   --->   Operation 29 'add' 'add_ln80' <Predicate = (!icmp_ln109 & icmp_ln76)> <Delay = 2.55> <CoreInst = "Adder">   --->   Core 1 'Adder' <Latency = 0> <II = 1> <Delay = 2.55> <FuncUnit> <Opcode : 'add' 'sub'> <InPorts = 2> <OutPorts = 1>

State 3 <SV = 2> <Delay = 3.44>
ST_3 : Operation 30 [1/1] (1.82ns)   --->   "%layer8_out_read = read i48 @_ssdm_op_Read.ap_fifo.volatile.i48P0A, i48 %layer8_out" [firmware/nnet_utils/nnet_pooling_stream.h:115]   --->   Operation 30 'read' 'layer8_out_read' <Predicate = true> <Delay = 1.82> <CoreInst = "FIFO_SRL">   --->   Core 81 'FIFO_SRL' <Latency = 0> <II = 1> <Delay = 3.80> <Storage> <Opcode : 'read' 'write' 'nbread' 'nbwrite'> <Ports = 0> <Width = 48> <Depth = 16> <FIFO>
ST_3 : Operation 31 [1/1] (0.00ns)   --->   "%trunc_ln115 = trunc i48 %layer8_out_read" [firmware/nnet_utils/nnet_pooling_stream.h:115]   --->   Operation 31 'trunc' 'trunc_ln115' <Predicate = true> <Delay = 0.00>
ST_3 : Operation 32 [1/1] (0.00ns)   --->   "%trunc_ln115_6 = partselect i6 @_ssdm_op_PartSelect.i6.i48.i32.i32, i48 %layer8_out_read, i32 36, i32 41" [firmware/nnet_utils/nnet_pooling_stream.h:115]   --->   Operation 32 'partselect' 'trunc_ln115_6' <Predicate = true> <Delay = 0.00>
ST_3 : Operation 33 [1/1] (0.00ns)   --->   "%trunc_ln115_7 = partselect i6 @_ssdm_op_PartSelect.i6.i48.i32.i32, i48 %layer8_out_read, i32 42, i32 47" [firmware/nnet_utils/nnet_pooling_stream.h:115]   --->   Operation 33 'partselect' 'trunc_ln115_7' <Predicate = true> <Delay = 0.00>
ST_3 : Operation 34 [1/1] (0.00ns)   --->   "%trunc_ln115_9 = partselect i6 @_ssdm_op_PartSelect.i6.i48.i32.i32, i48 %layer8_out_read, i32 6, i32 11" [firmware/nnet_utils/nnet_pooling_stream.h:115]   --->   Operation 34 'partselect' 'trunc_ln115_9' <Predicate = true> <Delay = 0.00>
ST_3 : Operation 35 [1/1] (0.00ns)   --->   "%trunc_ln115_s = partselect i6 @_ssdm_op_PartSelect.i6.i48.i32.i32, i48 %layer8_out_read, i32 12, i32 17" [firmware/nnet_utils/nnet_pooling_stream.h:115]   --->   Operation 35 'partselect' 'trunc_ln115_s' <Predicate = true> <Delay = 0.00>
ST_3 : Operation 36 [1/1] (0.00ns)   --->   "%trunc_ln115_1 = partselect i6 @_ssdm_op_PartSelect.i6.i48.i32.i32, i48 %layer8_out_read, i32 18, i32 23" [firmware/nnet_utils/nnet_pooling_stream.h:115]   --->   Operation 36 'partselect' 'trunc_ln115_1' <Predicate = true> <Delay = 0.00>
ST_3 : Operation 37 [1/1] (0.00ns)   --->   "%trunc_ln115_2 = partselect i6 @_ssdm_op_PartSelect.i6.i48.i32.i32, i48 %layer8_out_read, i32 24, i32 29" [firmware/nnet_utils/nnet_pooling_stream.h:115]   --->   Operation 37 'partselect' 'trunc_ln115_2' <Predicate = true> <Delay = 0.00>
ST_3 : Operation 38 [1/1] (0.00ns)   --->   "%trunc_ln115_3 = partselect i6 @_ssdm_op_PartSelect.i6.i48.i32.i32, i48 %layer8_out_read, i32 30, i32 35" [firmware/nnet_utils/nnet_pooling_stream.h:115]   --->   Operation 38 'partselect' 'trunc_ln115_3' <Predicate = true> <Delay = 0.00>
ST_3 : Operation 39 [1/1] (1.61ns)   --->   "%p_4 = memshiftread i6 @_ssdm_op_MemShiftRead.[4 x i6]P0A, i6 3, i6 %trunc_ln115, i1 1"   --->   Operation 39 'memshiftread' 'p_4' <Predicate = true> <Delay = 1.61> <CoreInst = "ShiftReg">   --->   Core 77 'ShiftReg' <Latency = 0> <II = 1> <Delay = 1.61> <Storage> <Opcode : 'memshiftread' 'load'> <Ports = 1> <Width = 6> <Depth = 4> <ShiftMem>
ST_3 : Operation 40 [1/1] (1.61ns)   --->   "%p_5 = memshiftread i6 @_ssdm_op_MemShiftRead.[4 x i6]P0A, i6 3, i6 %trunc_ln115_9, i1 1"   --->   Operation 40 'memshiftread' 'p_5' <Predicate = true> <Delay = 1.61> <CoreInst = "ShiftReg">   --->   Core 77 'ShiftReg' <Latency = 0> <II = 1> <Delay = 1.61> <Storage> <Opcode : 'memshiftread' 'load'> <Ports = 1> <Width = 6> <Depth = 4> <ShiftMem>
ST_3 : Operation 41 [1/1] (1.61ns)   --->   "%p_6 = memshiftread i6 @_ssdm_op_MemShiftRead.[4 x i6]P0A, i6 3, i6 %trunc_ln115_s, i1 1"   --->   Operation 41 'memshiftread' 'p_6' <Predicate = true> <Delay = 1.61> <CoreInst = "ShiftReg">   --->   Core 77 'ShiftReg' <Latency = 0> <II = 1> <Delay = 1.61> <Storage> <Opcode : 'memshiftread' 'load'> <Ports = 1> <Width = 6> <Depth = 4> <ShiftMem>
ST_3 : Operation 42 [1/1] (1.61ns)   --->   "%p_1 = memshiftread i6 @_ssdm_op_MemShiftRead.[4 x i6]P0A, i6 3, i6 %trunc_ln115_1, i1 1"   --->   Operation 42 'memshiftread' 'p_1' <Predicate = true> <Delay = 1.61> <CoreInst = "ShiftReg">   --->   Core 77 'ShiftReg' <Latency = 0> <II = 1> <Delay = 1.61> <Storage> <Opcode : 'memshiftread' 'load'> <Ports = 1> <Width = 6> <Depth = 4> <ShiftMem>
ST_3 : Operation 43 [1/1] (1.61ns)   --->   "%p_2 = memshiftread i6 @_ssdm_op_MemShiftRead.[4 x i6]P0A, i6 3, i6 %trunc_ln115_2, i1 1"   --->   Operation 43 'memshiftread' 'p_2' <Predicate = true> <Delay = 1.61> <CoreInst = "ShiftReg">   --->   Core 77 'ShiftReg' <Latency = 0> <II = 1> <Delay = 1.61> <Storage> <Opcode : 'memshiftread' 'load'> <Ports = 1> <Width = 6> <Depth = 4> <ShiftMem>
ST_3 : Operation 44 [1/1] (1.61ns)   --->   "%p_3 = memshiftread i6 @_ssdm_op_MemShiftRead.[4 x i6]P0A, i6 3, i6 %trunc_ln115_3, i1 1"   --->   Operation 44 'memshiftread' 'p_3' <Predicate = true> <Delay = 1.61> <CoreInst = "ShiftReg">   --->   Core 77 'ShiftReg' <Latency = 0> <II = 1> <Delay = 1.61> <Storage> <Opcode : 'memshiftread' 'load'> <Ports = 1> <Width = 6> <Depth = 4> <ShiftMem>
ST_3 : Operation 45 [1/1] (1.61ns)   --->   "%p_s = memshiftread i6 @_ssdm_op_MemShiftRead.[4 x i6]P0A, i6 3, i6 %trunc_ln115_6, i1 1"   --->   Operation 45 'memshiftread' 'p_s' <Predicate = true> <Delay = 1.61> <CoreInst = "ShiftReg">   --->   Core 77 'ShiftReg' <Latency = 0> <II = 1> <Delay = 1.61> <Storage> <Opcode : 'memshiftread' 'load'> <Ports = 1> <Width = 6> <Depth = 4> <ShiftMem>
ST_3 : Operation 46 [1/1] (1.61ns)   --->   "%p_0 = memshiftread i6 @_ssdm_op_MemShiftRead.[4 x i6]P0A, i6 3, i6 %trunc_ln115_7, i1 1"   --->   Operation 46 'memshiftread' 'p_0' <Predicate = true> <Delay = 1.61> <CoreInst = "ShiftReg">   --->   Core 77 'ShiftReg' <Latency = 0> <II = 1> <Delay = 1.61> <Storage> <Opcode : 'memshiftread' 'load'> <Ports = 1> <Width = 6> <Depth = 4> <ShiftMem>
ST_3 : Operation 47 [1/1] (1.58ns)   --->   "%store_ln89 = store i32 %add_ln76, i32 %pX" [firmware/nnet_utils/nnet_pooling_stream.h:89]   --->   Operation 47 'store' 'store_ln89' <Predicate = (!icmp_ln76)> <Delay = 1.58>
ST_3 : Operation 48 [1/1] (0.00ns) (grouped into LUT with out node add_ln91)   --->   "%select_ln91 = select i1 %icmp_ln55, i32 4294967295, i32 1" [firmware/nnet_utils/nnet_pooling_stream.h:91]   --->   Operation 48 'select' 'select_ln91' <Predicate = (!icmp_ln76)> <Delay = 0.00> <CoreInst = "Sel">   --->   Core 73 'Sel' <Latency = 0> <II = 1> <Delay = 0.99> <FuncUnit> <Opcode : 'select'> <InPorts = 3> <OutPorts = 1>
ST_3 : Operation 49 [1/1] (2.55ns) (out node of the LUT)   --->   "%add_ln91 = add i32 %sX_load, i32 %select_ln91" [firmware/nnet_utils/nnet_pooling_stream.h:91]   --->   Operation 49 'add' 'add_ln91' <Predicate = (!icmp_ln76)> <Delay = 2.55> <CoreInst = "Adder">   --->   Core 1 'Adder' <Latency = 0> <II = 1> <Delay = 2.55> <FuncUnit> <Opcode : 'add' 'sub'> <InPorts = 2> <OutPorts = 1>
ST_3 : Operation 50 [1/1] (1.58ns)   --->   "%store_ln78 = store i32 0, i32 %pX" [firmware/nnet_utils/nnet_pooling_stream.h:78]   --->   Operation 50 'store' 'store_ln78' <Predicate = (icmp_ln76)> <Delay = 1.58>
ST_3 : Operation 51 [1/1] (1.58ns)   --->   "%store_ln79 = store i32 0, i32 %sX" [firmware/nnet_utils/nnet_pooling_stream.h:79]   --->   Operation 51 'store' 'store_ln79' <Predicate = (icmp_ln76)> <Delay = 1.58>
ST_3 : Operation 52 [1/1] (2.47ns)   --->   "%icmp_ln80 = icmp_eq  i32 %add_ln80, i32 4" [firmware/nnet_utils/nnet_pooling_stream.h:80]   --->   Operation 52 'icmp' 'icmp_ln80' <Predicate = (icmp_ln76)> <Delay = 2.47> <CoreInst = "Cmp">   --->   Core 9 'Cmp' <Latency = 0> <II = 1> <Delay = 2.47> <FuncUnit> <Opcode : 'icmp'> <InPorts = 2> <OutPorts = 1>
ST_3 : Operation 53 [1/1] (0.00ns)   --->   "%br_ln80 = br i1 %icmp_ln80, void %if.else.i, void %if.then32.i" [firmware/nnet_utils/nnet_pooling_stream.h:80]   --->   Operation 53 'br' 'br_ln80' <Predicate = (icmp_ln76)> <Delay = 0.00>
ST_3 : Operation 54 [1/1] (0.00ns)   --->   "%sY_load_1 = load i32 %sY" [firmware/nnet_utils/nnet_pooling_stream.h:86]   --->   Operation 54 'load' 'sY_load_1' <Predicate = (!icmp_ln109 & icmp_ln76 & !icmp_ln80)> <Delay = 0.00>
ST_3 : Operation 55 [1/1] (2.47ns)   --->   "%icmp_ln86 = icmp_eq  i32 %sY_load_1, i32 1" [firmware/nnet_utils/nnet_pooling_stream.h:86]   --->   Operation 55 'icmp' 'icmp_ln86' <Predicate = (!icmp_ln109 & icmp_ln76 & !icmp_ln80)> <Delay = 2.47> <CoreInst = "Cmp">   --->   Core 9 'Cmp' <Latency = 0> <II = 1> <Delay = 2.47> <FuncUnit> <Opcode : 'icmp'> <InPorts = 2> <OutPorts = 1>

State 4 <SV = 3> <Delay = 3.45>
ST_4 : Operation 56 [1/1] (0.00ns)   --->   "%specloopname_ln0 = specloopname void @_ssdm_op_SpecLoopName, void @ReadInputHeight_ReadInputWidth_str"   --->   Operation 56 'specloopname' 'specloopname_ln0' <Predicate = true> <Delay = 0.00>
ST_4 : Operation 57 [1/1] (0.00ns)   --->   "%empty = speclooptripcount i32 @_ssdm_op_SpecLoopTripCount, i64 16, i64 16, i64 16"   --->   Operation 57 'speclooptripcount' 'empty' <Predicate = true> <Delay = 0.00>
ST_4 : Operation 58 [1/1] (0.00ns)   --->   "%specpipeline_ln113 = specpipeline void @_ssdm_op_SpecPipeline, i32 4294967295, i32 0, i32 0, i32 0, void @empty_10" [firmware/nnet_utils/nnet_pooling_stream.h:113]   --->   Operation 58 'specpipeline' 'specpipeline_ln113' <Predicate = true> <Delay = 0.00>
ST_4 : Operation 59 [1/1] (0.00ns)   --->   "%specloopname_ln115 = specloopname void @_ssdm_op_SpecLoopName, void @empty_19" [firmware/nnet_utils/nnet_pooling_stream.h:115]   --->   Operation 59 'specloopname' 'specloopname_ln115' <Predicate = true> <Delay = 0.00>
ST_4 : Operation 60 [1/1] (0.00ns)   --->   "%void_compute_pool_buffer_2d_array_const_ap_shift_reg_n_filt_stream_kernel_6 = load i6 %void_compute_pool_buffer_2d_array_const_ap_shift_reg_n_filt_stream_kernel_1" [firmware/nnet_utils/nnet_conv_stream.h:196]   --->   Operation 60 'load' 'void_compute_pool_buffer_2d_array_const_ap_shift_reg_n_filt_stream_kernel_6' <Predicate = true> <Delay = 0.00>
ST_4 : Operation 61 [1/1] (0.00ns)   --->   "%void_compute_pool_buffer_2d_array_const_ap_shift_reg_n_filt_stream_kernel_7 = load i6 %void_compute_pool_buffer_2d_array_const_ap_shift_reg_n_filt_stream_kernel" [firmware/nnet_utils/nnet_conv_stream.h:196]   --->   Operation 61 'load' 'void_compute_pool_buffer_2d_array_const_ap_shift_reg_n_filt_stream_kernel_7' <Predicate = true> <Delay = 0.00>
ST_4 : Operation 62 [1/1] (0.00ns)   --->   "%p_ZZN4nnet22compute_pool_buffer_2dINS_5arrayI9ap_ufixedILi6ELi0EL9ap_q_mode4EL9ap_18 = load i6 %p_ZZN4nnet22compute_pool_buffer_2dINS_5arrayI9ap_ufixedILi6ELi0EL9ap_q_mode4EL9ap_13" [firmware/nnet_utils/nnet_conv_stream.h:196]   --->   Operation 62 'load' 'p_ZZN4nnet22compute_pool_buffer_2dINS_5arrayI9ap_ufixedILi6ELi0EL9ap_q_mode4EL9ap_18' <Predicate = true> <Delay = 0.00>
ST_4 : Operation 63 [1/1] (0.00ns)   --->   "%p_ZZN4nnet22compute_pool_buffer_2dINS_5arrayI9ap_ufixedILi6ELi0EL9ap_q_mode4EL9ap_19 = load i6 %p_ZZN4nnet22compute_pool_buffer_2dINS_5arrayI9ap_ufixedILi6ELi0EL9ap_q_mode4EL9ap_12" [firmware/nnet_utils/nnet_conv_stream.h:196]   --->   Operation 63 'load' 'p_ZZN4nnet22compute_pool_buffer_2dINS_5arrayI9ap_ufixedILi6ELi0EL9ap_q_mode4EL9ap_19' <Predicate = true> <Delay = 0.00>
ST_4 : Operation 64 [1/1] (0.00ns)   --->   "%p_ZZN4nnet22compute_pool_buffer_2dINS_5arrayI9ap_ufixedILi6ELi0EL9ap_q_mode4EL9ap_20 = load i6 %p_ZZN4nnet22compute_pool_buffer_2dINS_5arrayI9ap_ufixedILi6ELi0EL9ap_q_mode4EL9ap_11" [firmware/nnet_utils/nnet_conv_stream.h:196]   --->   Operation 64 'load' 'p_ZZN4nnet22compute_pool_buffer_2dINS_5arrayI9ap_ufixedILi6ELi0EL9ap_q_mode4EL9ap_20' <Predicate = true> <Delay = 0.00>
ST_4 : Operation 65 [1/1] (0.00ns)   --->   "%p_ZZN4nnet22compute_pool_buffer_2dINS_5arrayI9ap_ufixedILi6ELi0EL9ap_q_mode4EL9ap_21 = load i6 %p_ZZN4nnet22compute_pool_buffer_2dINS_5arrayI9ap_ufixedILi6ELi0EL9ap_q_mode4EL9ap_10" [firmware/nnet_utils/nnet_conv_stream.h:196]   --->   Operation 65 'load' 'p_ZZN4nnet22compute_pool_buffer_2dINS_5arrayI9ap_ufixedILi6ELi0EL9ap_q_mode4EL9ap_21' <Predicate = true> <Delay = 0.00>
ST_4 : Operation 66 [1/1] (0.00ns)   --->   "%p_ZZN4nnet22compute_pool_buffer_2dINS_5arrayI9ap_ufixedILi6ELi0EL9ap_q_mode4EL9ap_22 = load i6 %p_ZZN4nnet22compute_pool_buffer_2dINS_5arrayI9ap_ufixedILi6ELi0EL9ap_q_mode4EL9ap_9" [firmware/nnet_utils/nnet_conv_stream.h:196]   --->   Operation 66 'load' 'p_ZZN4nnet22compute_pool_buffer_2dINS_5arrayI9ap_ufixedILi6ELi0EL9ap_q_mode4EL9ap_22' <Predicate = true> <Delay = 0.00>
ST_4 : Operation 67 [1/1] (0.00ns)   --->   "%p_ZZN4nnet22compute_pool_buffer_2dINS_5arrayI9ap_ufixedILi6ELi0EL9ap_q_mode4EL9ap_23 = load i6 %p_ZZN4nnet22compute_pool_buffer_2dINS_5arrayI9ap_ufixedILi6ELi0EL9ap_q_mode4EL9ap_8" [firmware/nnet_utils/nnet_conv_stream.h:196]   --->   Operation 67 'load' 'p_ZZN4nnet22compute_pool_buffer_2dINS_5arrayI9ap_ufixedILi6ELi0EL9ap_q_mode4EL9ap_23' <Predicate = true> <Delay = 0.00>
ST_4 : Operation 68 [1/1] (0.00ns)   --->   "%p_ZZN4nnet22compute_pool_buffer_2dINS_5arrayI9ap_ufixedILi6ELi0EL9ap_q_mode4EL9ap_24 = load i6 %p_ZZN4nnet22compute_pool_buffer_2dINS_5arrayI9ap_ufixedILi6ELi0EL9ap_q_mode4EL9ap_7" [firmware/nnet_utils/nnet_conv_stream.h:196]   --->   Operation 68 'load' 'p_ZZN4nnet22compute_pool_buffer_2dINS_5arrayI9ap_ufixedILi6ELi0EL9ap_q_mode4EL9ap_24' <Predicate = true> <Delay = 0.00>
ST_4 : Operation 69 [1/1] (0.00ns)   --->   "%p_ZZN4nnet22compute_pool_buffer_2dINS_5arrayI9ap_ufixedILi6ELi0EL9ap_q_mode4EL9ap_25 = load i6 %p_ZZN4nnet22compute_pool_buffer_2dINS_5arrayI9ap_ufixedILi6ELi0EL9ap_q_mode4EL9ap_6" [firmware/nnet_utils/nnet_conv_stream.h:196]   --->   Operation 69 'load' 'p_ZZN4nnet22compute_pool_buffer_2dINS_5arrayI9ap_ufixedILi6ELi0EL9ap_q_mode4EL9ap_25' <Predicate = true> <Delay = 0.00>
ST_4 : Operation 70 [1/1] (0.00ns)   --->   "%p_ZZN4nnet22compute_pool_buffer_2dINS_5arrayI9ap_ufixedILi6ELi0EL9ap_q_mode4EL9ap_26 = load i6 %p_ZZN4nnet22compute_pool_buffer_2dINS_5arrayI9ap_ufixedILi6ELi0EL9ap_q_mode4EL9ap_5" [firmware/nnet_utils/nnet_conv_stream.h:196]   --->   Operation 70 'load' 'p_ZZN4nnet22compute_pool_buffer_2dINS_5arrayI9ap_ufixedILi6ELi0EL9ap_q_mode4EL9ap_26' <Predicate = true> <Delay = 0.00>
ST_4 : Operation 71 [1/1] (0.00ns)   --->   "%p_ZZN4nnet22compute_pool_buffer_2dINS_5arrayI9ap_ufixedILi6ELi0EL9ap_q_mode4EL9ap_27 = load i6 %p_ZZN4nnet22compute_pool_buffer_2dINS_5arrayI9ap_ufixedILi6ELi0EL9ap_q_mode4EL9ap_4" [firmware/nnet_utils/nnet_conv_stream.h:196]   --->   Operation 71 'load' 'p_ZZN4nnet22compute_pool_buffer_2dINS_5arrayI9ap_ufixedILi6ELi0EL9ap_q_mode4EL9ap_27' <Predicate = true> <Delay = 0.00>
ST_4 : Operation 72 [1/1] (0.00ns)   --->   "%p_ZZN4nnet22compute_pool_buffer_2dINS_5arrayI9ap_ufixedILi6ELi0EL9ap_q_mode4EL9ap_28 = load i6 %p_ZZN4nnet22compute_pool_buffer_2dINS_5arrayI9ap_ufixedILi6ELi0EL9ap_q_mode4EL9ap_3" [firmware/nnet_utils/nnet_conv_stream.h:196]   --->   Operation 72 'load' 'p_ZZN4nnet22compute_pool_buffer_2dINS_5arrayI9ap_ufixedILi6ELi0EL9ap_q_mode4EL9ap_28' <Predicate = true> <Delay = 0.00>
ST_4 : Operation 73 [1/1] (0.00ns)   --->   "%p_ZZN4nnet22compute_pool_buffer_2dINS_5arrayI9ap_ufixedILi6ELi0EL9ap_q_mode4EL9ap_29 = load i6 %p_ZZN4nnet22compute_pool_buffer_2dINS_5arrayI9ap_ufixedILi6ELi0EL9ap_q_mode4EL9ap_2" [firmware/nnet_utils/nnet_conv_stream.h:196]   --->   Operation 73 'load' 'p_ZZN4nnet22compute_pool_buffer_2dINS_5arrayI9ap_ufixedILi6ELi0EL9ap_q_mode4EL9ap_29' <Predicate = true> <Delay = 0.00>
ST_4 : Operation 74 [1/1] (0.00ns)   --->   "%p_ZZN4nnet22compute_pool_buffer_2dINS_5arrayI9ap_ufixedILi6ELi0EL9ap_q_mode4EL9ap_30 = load i6 %p_ZZN4nnet22compute_pool_buffer_2dINS_5arrayI9ap_ufixedILi6ELi0EL9ap_q_mode4EL9ap_1" [firmware/nnet_utils/nnet_conv_stream.h:196]   --->   Operation 74 'load' 'p_ZZN4nnet22compute_pool_buffer_2dINS_5arrayI9ap_ufixedILi6ELi0EL9ap_q_mode4EL9ap_30' <Predicate = true> <Delay = 0.00>
ST_4 : Operation 75 [1/1] (0.00ns)   --->   "%p_ZZN4nnet22compute_pool_buffer_2dINS_5arrayI9ap_ufixedILi6ELi0EL9ap_q_mode4EL9ap_31 = load i6 %p_ZZN4nnet22compute_pool_buffer_2dINS_5arrayI9ap_ufixedILi6ELi0EL9ap_q_mode4EL9ap" [firmware/nnet_utils/nnet_conv_stream.h:196]   --->   Operation 75 'load' 'p_ZZN4nnet22compute_pool_buffer_2dINS_5arrayI9ap_ufixedILi6ELi0EL9ap_q_mode4EL9ap_31' <Predicate = true> <Delay = 0.00>
ST_4 : Operation 76 [1/1] (0.00ns)   --->   "%store_ln209 = store i6 %p_4, i6 %void_compute_pool_buffer_2d_array_const_ap_shift_reg_n_filt_stream_kernel_1" [firmware/nnet_utils/nnet_conv_stream.h:209]   --->   Operation 76 'store' 'store_ln209' <Predicate = true> <Delay = 0.00>
ST_4 : Operation 77 [1/1] (0.00ns)   --->   "%store_ln209 = store i6 %p_5, i6 %void_compute_pool_buffer_2d_array_const_ap_shift_reg_n_filt_stream_kernel" [firmware/nnet_utils/nnet_conv_stream.h:209]   --->   Operation 77 'store' 'store_ln209' <Predicate = true> <Delay = 0.00>
ST_4 : Operation 78 [1/1] (0.00ns)   --->   "%store_ln209 = store i6 %p_6, i6 %p_ZZN4nnet22compute_pool_buffer_2dINS_5arrayI9ap_ufixedILi6ELi0EL9ap_q_mode4EL9ap_13" [firmware/nnet_utils/nnet_conv_stream.h:209]   --->   Operation 78 'store' 'store_ln209' <Predicate = true> <Delay = 0.00>
ST_4 : Operation 79 [1/1] (0.00ns)   --->   "%store_ln209 = store i6 %p_1, i6 %p_ZZN4nnet22compute_pool_buffer_2dINS_5arrayI9ap_ufixedILi6ELi0EL9ap_q_mode4EL9ap_12" [firmware/nnet_utils/nnet_conv_stream.h:209]   --->   Operation 79 'store' 'store_ln209' <Predicate = true> <Delay = 0.00>
ST_4 : Operation 80 [1/1] (0.00ns)   --->   "%store_ln209 = store i6 %p_2, i6 %p_ZZN4nnet22compute_pool_buffer_2dINS_5arrayI9ap_ufixedILi6ELi0EL9ap_q_mode4EL9ap_11" [firmware/nnet_utils/nnet_conv_stream.h:209]   --->   Operation 80 'store' 'store_ln209' <Predicate = true> <Delay = 0.00>
ST_4 : Operation 81 [1/1] (0.00ns)   --->   "%store_ln209 = store i6 %p_3, i6 %p_ZZN4nnet22compute_pool_buffer_2dINS_5arrayI9ap_ufixedILi6ELi0EL9ap_q_mode4EL9ap_10" [firmware/nnet_utils/nnet_conv_stream.h:209]   --->   Operation 81 'store' 'store_ln209' <Predicate = true> <Delay = 0.00>
ST_4 : Operation 82 [1/1] (0.00ns)   --->   "%store_ln209 = store i6 %p_s, i6 %p_ZZN4nnet22compute_pool_buffer_2dINS_5arrayI9ap_ufixedILi6ELi0EL9ap_q_mode4EL9ap_9" [firmware/nnet_utils/nnet_conv_stream.h:209]   --->   Operation 82 'store' 'store_ln209' <Predicate = true> <Delay = 0.00>
ST_4 : Operation 83 [1/1] (0.00ns)   --->   "%store_ln209 = store i6 %p_0, i6 %p_ZZN4nnet22compute_pool_buffer_2dINS_5arrayI9ap_ufixedILi6ELi0EL9ap_q_mode4EL9ap_8" [firmware/nnet_utils/nnet_conv_stream.h:209]   --->   Operation 83 'store' 'store_ln209' <Predicate = true> <Delay = 0.00>
ST_4 : Operation 84 [1/1] (0.00ns)   --->   "%store_ln209 = store i6 %trunc_ln115, i6 %p_ZZN4nnet22compute_pool_buffer_2dINS_5arrayI9ap_ufixedILi6ELi0EL9ap_q_mode4EL9ap_7" [firmware/nnet_utils/nnet_conv_stream.h:209]   --->   Operation 84 'store' 'store_ln209' <Predicate = true> <Delay = 0.00>
ST_4 : Operation 85 [1/1] (0.00ns)   --->   "%store_ln209 = store i6 %trunc_ln115_9, i6 %p_ZZN4nnet22compute_pool_buffer_2dINS_5arrayI9ap_ufixedILi6ELi0EL9ap_q_mode4EL9ap_6" [firmware/nnet_utils/nnet_conv_stream.h:209]   --->   Operation 85 'store' 'store_ln209' <Predicate = true> <Delay = 0.00>
ST_4 : Operation 86 [1/1] (0.00ns)   --->   "%store_ln209 = store i6 %trunc_ln115_s, i6 %p_ZZN4nnet22compute_pool_buffer_2dINS_5arrayI9ap_ufixedILi6ELi0EL9ap_q_mode4EL9ap_5" [firmware/nnet_utils/nnet_conv_stream.h:209]   --->   Operation 86 'store' 'store_ln209' <Predicate = true> <Delay = 0.00>
ST_4 : Operation 87 [1/1] (0.00ns)   --->   "%store_ln209 = store i6 %trunc_ln115_1, i6 %p_ZZN4nnet22compute_pool_buffer_2dINS_5arrayI9ap_ufixedILi6ELi0EL9ap_q_mode4EL9ap_4" [firmware/nnet_utils/nnet_conv_stream.h:209]   --->   Operation 87 'store' 'store_ln209' <Predicate = true> <Delay = 0.00>
ST_4 : Operation 88 [1/1] (0.00ns)   --->   "%store_ln209 = store i6 %trunc_ln115_2, i6 %p_ZZN4nnet22compute_pool_buffer_2dINS_5arrayI9ap_ufixedILi6ELi0EL9ap_q_mode4EL9ap_3" [firmware/nnet_utils/nnet_conv_stream.h:209]   --->   Operation 88 'store' 'store_ln209' <Predicate = true> <Delay = 0.00>
ST_4 : Operation 89 [1/1] (0.00ns)   --->   "%store_ln209 = store i6 %trunc_ln115_3, i6 %p_ZZN4nnet22compute_pool_buffer_2dINS_5arrayI9ap_ufixedILi6ELi0EL9ap_q_mode4EL9ap_2" [firmware/nnet_utils/nnet_conv_stream.h:209]   --->   Operation 89 'store' 'store_ln209' <Predicate = true> <Delay = 0.00>
ST_4 : Operation 90 [1/1] (0.00ns)   --->   "%store_ln209 = store i6 %trunc_ln115_6, i6 %p_ZZN4nnet22compute_pool_buffer_2dINS_5arrayI9ap_ufixedILi6ELi0EL9ap_q_mode4EL9ap_1" [firmware/nnet_utils/nnet_conv_stream.h:209]   --->   Operation 90 'store' 'store_ln209' <Predicate = true> <Delay = 0.00>
ST_4 : Operation 91 [1/1] (0.00ns)   --->   "%store_ln209 = store i6 %trunc_ln115_7, i6 %p_ZZN4nnet22compute_pool_buffer_2dINS_5arrayI9ap_ufixedILi6ELi0EL9ap_q_mode4EL9ap" [firmware/nnet_utils/nnet_conv_stream.h:209]   --->   Operation 91 'store' 'store_ln209' <Predicate = true> <Delay = 0.00>
ST_4 : Operation 92 [1/1] (0.00ns)   --->   "%sY_load = load i32 %sY" [firmware/nnet_utils/nnet_pooling_stream.h:55]   --->   Operation 92 'load' 'sY_load' <Predicate = (icmp_ln55)> <Delay = 0.00>
ST_4 : Operation 93 [1/1] (2.47ns)   --->   "%icmp_ln55_1 = icmp_eq  i32 %sY_load, i32 1" [firmware/nnet_utils/nnet_pooling_stream.h:55]   --->   Operation 93 'icmp' 'icmp_ln55_1' <Predicate = (icmp_ln55)> <Delay = 2.47> <CoreInst = "Cmp">   --->   Core 9 'Cmp' <Latency = 0> <II = 1> <Delay = 2.47> <FuncUnit> <Opcode : 'icmp'> <InPorts = 2> <OutPorts = 1>
ST_4 : Operation 94 [1/1] (0.00ns)   --->   "%pY_load = load i32 %pY" [firmware/nnet_utils/nnet_pooling_stream.h:55]   --->   Operation 94 'load' 'pY_load' <Predicate = (icmp_ln55)> <Delay = 0.00>
ST_4 : Operation 95 [1/1] (2.47ns)   --->   "%icmp_ln55_2 = icmp_sgt  i32 %pY_load, i32 0" [firmware/nnet_utils/nnet_pooling_stream.h:55]   --->   Operation 95 'icmp' 'icmp_ln55_2' <Predicate = (icmp_ln55)> <Delay = 2.47> <CoreInst = "Cmp">   --->   Core 9 'Cmp' <Latency = 0> <II = 1> <Delay = 2.47> <FuncUnit> <Opcode : 'icmp'> <InPorts = 2> <OutPorts = 1>
ST_4 : Operation 96 [1/1] (0.00ns) (grouped into LUT with out node and_ln55_1)   --->   "%and_ln55 = and i1 %icmp_ln55_2, i1 %icmp_ln55_3" [firmware/nnet_utils/nnet_pooling_stream.h:55]   --->   Operation 96 'and' 'and_ln55' <Predicate = (icmp_ln55)> <Delay = 0.00> <CoreInst = "LogicGate">   --->   Core 74 'LogicGate' <Latency = 0> <II = 1> <Delay = 0.97> <FuncUnit> <Opcode : 'and' 'or' 'xor'> <InPorts = 2> <OutPorts = 1>
ST_4 : Operation 97 [1/1] (0.97ns) (out node of the LUT)   --->   "%and_ln55_1 = and i1 %and_ln55, i1 %icmp_ln55_1" [firmware/nnet_utils/nnet_pooling_stream.h:55]   --->   Operation 97 'and' 'and_ln55_1' <Predicate = (icmp_ln55)> <Delay = 0.97> <CoreInst = "LogicGate">   --->   Core 74 'LogicGate' <Latency = 0> <II = 1> <Delay = 0.97> <FuncUnit> <Opcode : 'and' 'or' 'xor'> <InPorts = 2> <OutPorts = 1>
ST_4 : Operation 98 [1/1] (0.00ns)   --->   "%br_ln55 = br i1 %and_ln55_1, void %if.end.i, void %for.body19.i" [firmware/nnet_utils/nnet_pooling_stream.h:55]   --->   Operation 98 'br' 'br_ln55' <Predicate = (icmp_ln55)> <Delay = 0.00>
ST_4 : Operation 99 [1/1] (0.00ns)   --->   "%pool_window_V = bitconcatenate i11 @_ssdm_op_BitConcatenate.i11.i6.i5, i6 %void_compute_pool_buffer_2d_array_const_ap_shift_reg_n_filt_stream_kernel_6, i5 0"   --->   Operation 99 'bitconcatenate' 'pool_window_V' <Predicate = (icmp_ln55 & and_ln55_1)> <Delay = 0.00>
ST_4 : Operation 100 [1/1] (0.00ns)   --->   "%pool_window_V_1 = bitconcatenate i11 @_ssdm_op_BitConcatenate.i11.i6.i5, i6 %p_4, i5 0"   --->   Operation 100 'bitconcatenate' 'pool_window_V_1' <Predicate = (icmp_ln55 & and_ln55_1)> <Delay = 0.00>
ST_4 : Operation 101 [1/1] (0.00ns)   --->   "%pool_window_V_2 = bitconcatenate i11 @_ssdm_op_BitConcatenate.i11.i6.i5, i6 %p_ZZN4nnet22compute_pool_buffer_2dINS_5arrayI9ap_ufixedILi6ELi0EL9ap_q_mode4EL9ap_24, i5 0"   --->   Operation 101 'bitconcatenate' 'pool_window_V_2' <Predicate = (icmp_ln55 & and_ln55_1)> <Delay = 0.00>
ST_4 : Operation 102 [1/1] (0.00ns)   --->   "%pool_window_V_3 = bitconcatenate i11 @_ssdm_op_BitConcatenate.i11.i6.i5, i6 %trunc_ln115, i5 0"   --->   Operation 102 'bitconcatenate' 'pool_window_V_3' <Predicate = (icmp_ln55 & and_ln55_1)> <Delay = 0.00>
ST_4 : Operation 103 [1/1] (1.88ns)   --->   "%icmp_ln1651 = icmp_ult  i11 %pool_window_V, i11 %pool_window_V_1"   --->   Operation 103 'icmp' 'icmp_ln1651' <Predicate = (icmp_ln55 & and_ln55_1)> <Delay = 1.88> <CoreInst = "Cmp">   --->   Core 9 'Cmp' <Latency = 0> <II = 1> <Delay = 1.88> <FuncUnit> <Opcode : 'icmp'> <InPorts = 2> <OutPorts = 1>
ST_4 : Operation 104 [1/1] (0.00ns) (grouped into LUT with out node select_ln66)   --->   "%xor_ln1651 = xor i1 %icmp_ln1651, i1 1"   --->   Operation 104 'xor' 'xor_ln1651' <Predicate = (icmp_ln55 & and_ln55_1)> <Delay = 0.00> <CoreInst = "LogicGate">   --->   Core 74 'LogicGate' <Latency = 0> <II = 1> <Delay = 0.97> <FuncUnit> <Opcode : 'and' 'or' 'xor'> <InPorts = 2> <OutPorts = 1>
ST_4 : Operation 105 [1/1] (0.97ns) (out node of the LUT)   --->   "%select_ln66 = select i1 %xor_ln1651, i11 %pool_window_V, i11 %pool_window_V_1" [firmware/nnet_utils/nnet_common.h:66]   --->   Operation 105 'select' 'select_ln66' <Predicate = (icmp_ln55 & and_ln55_1)> <Delay = 0.97> <CoreInst = "Sel">   --->   Core 73 'Sel' <Latency = 0> <II = 1> <Delay = 0.69> <FuncUnit> <Opcode : 'select'> <InPorts = 3> <OutPorts = 1>
ST_4 : Operation 106 [1/1] (1.88ns)   --->   "%icmp_ln1651_9 = icmp_ult  i11 %pool_window_V_2, i11 %pool_window_V_3"   --->   Operation 106 'icmp' 'icmp_ln1651_9' <Predicate = (icmp_ln55 & and_ln55_1)> <Delay = 1.88> <CoreInst = "Cmp">   --->   Core 9 'Cmp' <Latency = 0> <II = 1> <Delay = 1.88> <FuncUnit> <Opcode : 'icmp'> <InPorts = 2> <OutPorts = 1>
ST_4 : Operation 107 [1/1] (0.00ns) (grouped into LUT with out node select_ln66_9)   --->   "%xor_ln1651_9 = xor i1 %icmp_ln1651_9, i1 1"   --->   Operation 107 'xor' 'xor_ln1651_9' <Predicate = (icmp_ln55 & and_ln55_1)> <Delay = 0.00> <CoreInst = "LogicGate">   --->   Core 74 'LogicGate' <Latency = 0> <II = 1> <Delay = 0.97> <FuncUnit> <Opcode : 'and' 'or' 'xor'> <InPorts = 2> <OutPorts = 1>
ST_4 : Operation 108 [1/1] (0.97ns) (out node of the LUT)   --->   "%select_ln66_9 = select i1 %xor_ln1651_9, i11 %pool_window_V_2, i11 %pool_window_V_3" [firmware/nnet_utils/nnet_common.h:66]   --->   Operation 108 'select' 'select_ln66_9' <Predicate = (icmp_ln55 & and_ln55_1)> <Delay = 0.97> <CoreInst = "Sel">   --->   Core 73 'Sel' <Latency = 0> <II = 1> <Delay = 0.69> <FuncUnit> <Opcode : 'select'> <InPorts = 3> <OutPorts = 1>
ST_4 : Operation 109 [1/1] (0.00ns)   --->   "%pool_window_V_4 = bitconcatenate i11 @_ssdm_op_BitConcatenate.i11.i6.i5, i6 %void_compute_pool_buffer_2d_array_const_ap_shift_reg_n_filt_stream_kernel_7, i5 0"   --->   Operation 109 'bitconcatenate' 'pool_window_V_4' <Predicate = (icmp_ln55 & and_ln55_1)> <Delay = 0.00>
ST_4 : Operation 110 [1/1] (0.00ns)   --->   "%pool_window_V_5 = bitconcatenate i11 @_ssdm_op_BitConcatenate.i11.i6.i5, i6 %p_5, i5 0"   --->   Operation 110 'bitconcatenate' 'pool_window_V_5' <Predicate = (icmp_ln55 & and_ln55_1)> <Delay = 0.00>
ST_4 : Operation 111 [1/1] (0.00ns)   --->   "%pool_window_V_6 = bitconcatenate i11 @_ssdm_op_BitConcatenate.i11.i6.i5, i6 %p_ZZN4nnet22compute_pool_buffer_2dINS_5arrayI9ap_ufixedILi6ELi0EL9ap_q_mode4EL9ap_25, i5 0"   --->   Operation 111 'bitconcatenate' 'pool_window_V_6' <Predicate = (icmp_ln55 & and_ln55_1)> <Delay = 0.00>
ST_4 : Operation 112 [1/1] (0.00ns)   --->   "%pool_window_V_7 = bitconcatenate i11 @_ssdm_op_BitConcatenate.i11.i6.i5, i6 %trunc_ln115_9, i5 0"   --->   Operation 112 'bitconcatenate' 'pool_window_V_7' <Predicate = (icmp_ln55 & and_ln55_1)> <Delay = 0.00>
ST_4 : Operation 113 [1/1] (1.88ns)   --->   "%icmp_ln1651_11 = icmp_ult  i11 %pool_window_V_4, i11 %pool_window_V_5"   --->   Operation 113 'icmp' 'icmp_ln1651_11' <Predicate = (icmp_ln55 & and_ln55_1)> <Delay = 1.88> <CoreInst = "Cmp">   --->   Core 9 'Cmp' <Latency = 0> <II = 1> <Delay = 1.88> <FuncUnit> <Opcode : 'icmp'> <InPorts = 2> <OutPorts = 1>
ST_4 : Operation 114 [1/1] (0.00ns) (grouped into LUT with out node select_ln66_11)   --->   "%xor_ln1651_11 = xor i1 %icmp_ln1651_11, i1 1"   --->   Operation 114 'xor' 'xor_ln1651_11' <Predicate = (icmp_ln55 & and_ln55_1)> <Delay = 0.00> <CoreInst = "LogicGate">   --->   Core 74 'LogicGate' <Latency = 0> <II = 1> <Delay = 0.97> <FuncUnit> <Opcode : 'and' 'or' 'xor'> <InPorts = 2> <OutPorts = 1>
ST_4 : Operation 115 [1/1] (0.97ns) (out node of the LUT)   --->   "%select_ln66_11 = select i1 %xor_ln1651_11, i11 %pool_window_V_4, i11 %pool_window_V_5" [firmware/nnet_utils/nnet_common.h:66]   --->   Operation 115 'select' 'select_ln66_11' <Predicate = (icmp_ln55 & and_ln55_1)> <Delay = 0.97> <CoreInst = "Sel">   --->   Core 73 'Sel' <Latency = 0> <II = 1> <Delay = 0.69> <FuncUnit> <Opcode : 'select'> <InPorts = 3> <OutPorts = 1>
ST_4 : Operation 116 [1/1] (1.88ns)   --->   "%icmp_ln1651_12 = icmp_ult  i11 %pool_window_V_6, i11 %pool_window_V_7"   --->   Operation 116 'icmp' 'icmp_ln1651_12' <Predicate = (icmp_ln55 & and_ln55_1)> <Delay = 1.88> <CoreInst = "Cmp">   --->   Core 9 'Cmp' <Latency = 0> <II = 1> <Delay = 1.88> <FuncUnit> <Opcode : 'icmp'> <InPorts = 2> <OutPorts = 1>
ST_4 : Operation 117 [1/1] (0.00ns) (grouped into LUT with out node select_ln66_12)   --->   "%xor_ln1651_12 = xor i1 %icmp_ln1651_12, i1 1"   --->   Operation 117 'xor' 'xor_ln1651_12' <Predicate = (icmp_ln55 & and_ln55_1)> <Delay = 0.00> <CoreInst = "LogicGate">   --->   Core 74 'LogicGate' <Latency = 0> <II = 1> <Delay = 0.97> <FuncUnit> <Opcode : 'and' 'or' 'xor'> <InPorts = 2> <OutPorts = 1>
ST_4 : Operation 118 [1/1] (0.97ns) (out node of the LUT)   --->   "%select_ln66_12 = select i1 %xor_ln1651_12, i11 %pool_window_V_6, i11 %pool_window_V_7" [firmware/nnet_utils/nnet_common.h:66]   --->   Operation 118 'select' 'select_ln66_12' <Predicate = (icmp_ln55 & and_ln55_1)> <Delay = 0.97> <CoreInst = "Sel">   --->   Core 73 'Sel' <Latency = 0> <II = 1> <Delay = 0.69> <FuncUnit> <Opcode : 'select'> <InPorts = 3> <OutPorts = 1>
ST_4 : Operation 119 [1/1] (0.00ns)   --->   "%pool_window_V_8 = bitconcatenate i11 @_ssdm_op_BitConcatenate.i11.i6.i5, i6 %p_ZZN4nnet22compute_pool_buffer_2dINS_5arrayI9ap_ufixedILi6ELi0EL9ap_q_mode4EL9ap_18, i5 0"   --->   Operation 119 'bitconcatenate' 'pool_window_V_8' <Predicate = (icmp_ln55 & and_ln55_1)> <Delay = 0.00>
ST_4 : Operation 120 [1/1] (0.00ns)   --->   "%pool_window_V_9 = bitconcatenate i11 @_ssdm_op_BitConcatenate.i11.i6.i5, i6 %p_6, i5 0"   --->   Operation 120 'bitconcatenate' 'pool_window_V_9' <Predicate = (icmp_ln55 & and_ln55_1)> <Delay = 0.00>
ST_4 : Operation 121 [1/1] (0.00ns)   --->   "%pool_window_V_10 = bitconcatenate i11 @_ssdm_op_BitConcatenate.i11.i6.i5, i6 %p_ZZN4nnet22compute_pool_buffer_2dINS_5arrayI9ap_ufixedILi6ELi0EL9ap_q_mode4EL9ap_26, i5 0"   --->   Operation 121 'bitconcatenate' 'pool_window_V_10' <Predicate = (icmp_ln55 & and_ln55_1)> <Delay = 0.00>
ST_4 : Operation 122 [1/1] (0.00ns)   --->   "%pool_window_V_11 = bitconcatenate i11 @_ssdm_op_BitConcatenate.i11.i6.i5, i6 %trunc_ln115_s, i5 0"   --->   Operation 122 'bitconcatenate' 'pool_window_V_11' <Predicate = (icmp_ln55 & and_ln55_1)> <Delay = 0.00>
ST_4 : Operation 123 [1/1] (1.88ns)   --->   "%icmp_ln1651_14 = icmp_ult  i11 %pool_window_V_8, i11 %pool_window_V_9"   --->   Operation 123 'icmp' 'icmp_ln1651_14' <Predicate = (icmp_ln55 & and_ln55_1)> <Delay = 1.88> <CoreInst = "Cmp">   --->   Core 9 'Cmp' <Latency = 0> <II = 1> <Delay = 1.88> <FuncUnit> <Opcode : 'icmp'> <InPorts = 2> <OutPorts = 1>
ST_4 : Operation 124 [1/1] (0.00ns) (grouped into LUT with out node select_ln66_14)   --->   "%xor_ln1651_14 = xor i1 %icmp_ln1651_14, i1 1"   --->   Operation 124 'xor' 'xor_ln1651_14' <Predicate = (icmp_ln55 & and_ln55_1)> <Delay = 0.00> <CoreInst = "LogicGate">   --->   Core 74 'LogicGate' <Latency = 0> <II = 1> <Delay = 0.97> <FuncUnit> <Opcode : 'and' 'or' 'xor'> <InPorts = 2> <OutPorts = 1>
ST_4 : Operation 125 [1/1] (0.97ns) (out node of the LUT)   --->   "%select_ln66_14 = select i1 %xor_ln1651_14, i11 %pool_window_V_8, i11 %pool_window_V_9" [firmware/nnet_utils/nnet_common.h:66]   --->   Operation 125 'select' 'select_ln66_14' <Predicate = (icmp_ln55 & and_ln55_1)> <Delay = 0.97> <CoreInst = "Sel">   --->   Core 73 'Sel' <Latency = 0> <II = 1> <Delay = 0.69> <FuncUnit> <Opcode : 'select'> <InPorts = 3> <OutPorts = 1>
ST_4 : Operation 126 [1/1] (1.88ns)   --->   "%icmp_ln1651_15 = icmp_ult  i11 %pool_window_V_10, i11 %pool_window_V_11"   --->   Operation 126 'icmp' 'icmp_ln1651_15' <Predicate = (icmp_ln55 & and_ln55_1)> <Delay = 1.88> <CoreInst = "Cmp">   --->   Core 9 'Cmp' <Latency = 0> <II = 1> <Delay = 1.88> <FuncUnit> <Opcode : 'icmp'> <InPorts = 2> <OutPorts = 1>
ST_4 : Operation 127 [1/1] (0.00ns) (grouped into LUT with out node select_ln66_15)   --->   "%xor_ln1651_15 = xor i1 %icmp_ln1651_15, i1 1"   --->   Operation 127 'xor' 'xor_ln1651_15' <Predicate = (icmp_ln55 & and_ln55_1)> <Delay = 0.00> <CoreInst = "LogicGate">   --->   Core 74 'LogicGate' <Latency = 0> <II = 1> <Delay = 0.97> <FuncUnit> <Opcode : 'and' 'or' 'xor'> <InPorts = 2> <OutPorts = 1>
ST_4 : Operation 128 [1/1] (0.97ns) (out node of the LUT)   --->   "%select_ln66_15 = select i1 %xor_ln1651_15, i11 %pool_window_V_10, i11 %pool_window_V_11" [firmware/nnet_utils/nnet_common.h:66]   --->   Operation 128 'select' 'select_ln66_15' <Predicate = (icmp_ln55 & and_ln55_1)> <Delay = 0.97> <CoreInst = "Sel">   --->   Core 73 'Sel' <Latency = 0> <II = 1> <Delay = 0.69> <FuncUnit> <Opcode : 'select'> <InPorts = 3> <OutPorts = 1>
ST_4 : Operation 129 [1/1] (0.00ns)   --->   "%pool_window_V_12 = bitconcatenate i11 @_ssdm_op_BitConcatenate.i11.i6.i5, i6 %p_ZZN4nnet22compute_pool_buffer_2dINS_5arrayI9ap_ufixedILi6ELi0EL9ap_q_mode4EL9ap_19, i5 0"   --->   Operation 129 'bitconcatenate' 'pool_window_V_12' <Predicate = (icmp_ln55 & and_ln55_1)> <Delay = 0.00>
ST_4 : Operation 130 [1/1] (0.00ns)   --->   "%pool_window_V_13 = bitconcatenate i11 @_ssdm_op_BitConcatenate.i11.i6.i5, i6 %p_1, i5 0"   --->   Operation 130 'bitconcatenate' 'pool_window_V_13' <Predicate = (icmp_ln55 & and_ln55_1)> <Delay = 0.00>
ST_4 : Operation 131 [1/1] (0.00ns)   --->   "%pool_window_V_14 = bitconcatenate i11 @_ssdm_op_BitConcatenate.i11.i6.i5, i6 %p_ZZN4nnet22compute_pool_buffer_2dINS_5arrayI9ap_ufixedILi6ELi0EL9ap_q_mode4EL9ap_27, i5 0"   --->   Operation 131 'bitconcatenate' 'pool_window_V_14' <Predicate = (icmp_ln55 & and_ln55_1)> <Delay = 0.00>
ST_4 : Operation 132 [1/1] (0.00ns)   --->   "%pool_window_V_15 = bitconcatenate i11 @_ssdm_op_BitConcatenate.i11.i6.i5, i6 %trunc_ln115_1, i5 0"   --->   Operation 132 'bitconcatenate' 'pool_window_V_15' <Predicate = (icmp_ln55 & and_ln55_1)> <Delay = 0.00>
ST_4 : Operation 133 [1/1] (1.88ns)   --->   "%icmp_ln1651_17 = icmp_ult  i11 %pool_window_V_12, i11 %pool_window_V_13"   --->   Operation 133 'icmp' 'icmp_ln1651_17' <Predicate = (icmp_ln55 & and_ln55_1)> <Delay = 1.88> <CoreInst = "Cmp">   --->   Core 9 'Cmp' <Latency = 0> <II = 1> <Delay = 1.88> <FuncUnit> <Opcode : 'icmp'> <InPorts = 2> <OutPorts = 1>
ST_4 : Operation 134 [1/1] (0.00ns) (grouped into LUT with out node select_ln66_17)   --->   "%xor_ln1651_17 = xor i1 %icmp_ln1651_17, i1 1"   --->   Operation 134 'xor' 'xor_ln1651_17' <Predicate = (icmp_ln55 & and_ln55_1)> <Delay = 0.00> <CoreInst = "LogicGate">   --->   Core 74 'LogicGate' <Latency = 0> <II = 1> <Delay = 0.97> <FuncUnit> <Opcode : 'and' 'or' 'xor'> <InPorts = 2> <OutPorts = 1>
ST_4 : Operation 135 [1/1] (0.97ns) (out node of the LUT)   --->   "%select_ln66_17 = select i1 %xor_ln1651_17, i11 %pool_window_V_12, i11 %pool_window_V_13" [firmware/nnet_utils/nnet_common.h:66]   --->   Operation 135 'select' 'select_ln66_17' <Predicate = (icmp_ln55 & and_ln55_1)> <Delay = 0.97> <CoreInst = "Sel">   --->   Core 73 'Sel' <Latency = 0> <II = 1> <Delay = 0.69> <FuncUnit> <Opcode : 'select'> <InPorts = 3> <OutPorts = 1>
ST_4 : Operation 136 [1/1] (1.88ns)   --->   "%icmp_ln1651_18 = icmp_ult  i11 %pool_window_V_14, i11 %pool_window_V_15"   --->   Operation 136 'icmp' 'icmp_ln1651_18' <Predicate = (icmp_ln55 & and_ln55_1)> <Delay = 1.88> <CoreInst = "Cmp">   --->   Core 9 'Cmp' <Latency = 0> <II = 1> <Delay = 1.88> <FuncUnit> <Opcode : 'icmp'> <InPorts = 2> <OutPorts = 1>
ST_4 : Operation 137 [1/1] (0.00ns) (grouped into LUT with out node select_ln66_18)   --->   "%xor_ln1651_18 = xor i1 %icmp_ln1651_18, i1 1"   --->   Operation 137 'xor' 'xor_ln1651_18' <Predicate = (icmp_ln55 & and_ln55_1)> <Delay = 0.00> <CoreInst = "LogicGate">   --->   Core 74 'LogicGate' <Latency = 0> <II = 1> <Delay = 0.97> <FuncUnit> <Opcode : 'and' 'or' 'xor'> <InPorts = 2> <OutPorts = 1>
ST_4 : Operation 138 [1/1] (0.97ns) (out node of the LUT)   --->   "%select_ln66_18 = select i1 %xor_ln1651_18, i11 %pool_window_V_14, i11 %pool_window_V_15" [firmware/nnet_utils/nnet_common.h:66]   --->   Operation 138 'select' 'select_ln66_18' <Predicate = (icmp_ln55 & and_ln55_1)> <Delay = 0.97> <CoreInst = "Sel">   --->   Core 73 'Sel' <Latency = 0> <II = 1> <Delay = 0.69> <FuncUnit> <Opcode : 'select'> <InPorts = 3> <OutPorts = 1>
ST_4 : Operation 139 [1/1] (0.00ns)   --->   "%pool_window_V_16 = bitconcatenate i11 @_ssdm_op_BitConcatenate.i11.i6.i5, i6 %p_ZZN4nnet22compute_pool_buffer_2dINS_5arrayI9ap_ufixedILi6ELi0EL9ap_q_mode4EL9ap_20, i5 0"   --->   Operation 139 'bitconcatenate' 'pool_window_V_16' <Predicate = (icmp_ln55 & and_ln55_1)> <Delay = 0.00>
ST_4 : Operation 140 [1/1] (0.00ns)   --->   "%pool_window_V_17 = bitconcatenate i11 @_ssdm_op_BitConcatenate.i11.i6.i5, i6 %p_2, i5 0"   --->   Operation 140 'bitconcatenate' 'pool_window_V_17' <Predicate = (icmp_ln55 & and_ln55_1)> <Delay = 0.00>
ST_4 : Operation 141 [1/1] (0.00ns)   --->   "%pool_window_V_18 = bitconcatenate i11 @_ssdm_op_BitConcatenate.i11.i6.i5, i6 %p_ZZN4nnet22compute_pool_buffer_2dINS_5arrayI9ap_ufixedILi6ELi0EL9ap_q_mode4EL9ap_28, i5 0"   --->   Operation 141 'bitconcatenate' 'pool_window_V_18' <Predicate = (icmp_ln55 & and_ln55_1)> <Delay = 0.00>
ST_4 : Operation 142 [1/1] (0.00ns)   --->   "%pool_window_V_19 = bitconcatenate i11 @_ssdm_op_BitConcatenate.i11.i6.i5, i6 %trunc_ln115_2, i5 0"   --->   Operation 142 'bitconcatenate' 'pool_window_V_19' <Predicate = (icmp_ln55 & and_ln55_1)> <Delay = 0.00>
ST_4 : Operation 143 [1/1] (1.88ns)   --->   "%icmp_ln1651_20 = icmp_ult  i11 %pool_window_V_16, i11 %pool_window_V_17"   --->   Operation 143 'icmp' 'icmp_ln1651_20' <Predicate = (icmp_ln55 & and_ln55_1)> <Delay = 1.88> <CoreInst = "Cmp">   --->   Core 9 'Cmp' <Latency = 0> <II = 1> <Delay = 1.88> <FuncUnit> <Opcode : 'icmp'> <InPorts = 2> <OutPorts = 1>
ST_4 : Operation 144 [1/1] (0.00ns) (grouped into LUT with out node select_ln66_20)   --->   "%xor_ln1651_20 = xor i1 %icmp_ln1651_20, i1 1"   --->   Operation 144 'xor' 'xor_ln1651_20' <Predicate = (icmp_ln55 & and_ln55_1)> <Delay = 0.00> <CoreInst = "LogicGate">   --->   Core 74 'LogicGate' <Latency = 0> <II = 1> <Delay = 0.97> <FuncUnit> <Opcode : 'and' 'or' 'xor'> <InPorts = 2> <OutPorts = 1>
ST_4 : Operation 145 [1/1] (0.97ns) (out node of the LUT)   --->   "%select_ln66_20 = select i1 %xor_ln1651_20, i11 %pool_window_V_16, i11 %pool_window_V_17" [firmware/nnet_utils/nnet_common.h:66]   --->   Operation 145 'select' 'select_ln66_20' <Predicate = (icmp_ln55 & and_ln55_1)> <Delay = 0.97> <CoreInst = "Sel">   --->   Core 73 'Sel' <Latency = 0> <II = 1> <Delay = 0.69> <FuncUnit> <Opcode : 'select'> <InPorts = 3> <OutPorts = 1>
ST_4 : Operation 146 [1/1] (1.88ns)   --->   "%icmp_ln1651_21 = icmp_ult  i11 %pool_window_V_18, i11 %pool_window_V_19"   --->   Operation 146 'icmp' 'icmp_ln1651_21' <Predicate = (icmp_ln55 & and_ln55_1)> <Delay = 1.88> <CoreInst = "Cmp">   --->   Core 9 'Cmp' <Latency = 0> <II = 1> <Delay = 1.88> <FuncUnit> <Opcode : 'icmp'> <InPorts = 2> <OutPorts = 1>
ST_4 : Operation 147 [1/1] (0.00ns) (grouped into LUT with out node select_ln66_21)   --->   "%xor_ln1651_21 = xor i1 %icmp_ln1651_21, i1 1"   --->   Operation 147 'xor' 'xor_ln1651_21' <Predicate = (icmp_ln55 & and_ln55_1)> <Delay = 0.00> <CoreInst = "LogicGate">   --->   Core 74 'LogicGate' <Latency = 0> <II = 1> <Delay = 0.97> <FuncUnit> <Opcode : 'and' 'or' 'xor'> <InPorts = 2> <OutPorts = 1>
ST_4 : Operation 148 [1/1] (0.97ns) (out node of the LUT)   --->   "%select_ln66_21 = select i1 %xor_ln1651_21, i11 %pool_window_V_18, i11 %pool_window_V_19" [firmware/nnet_utils/nnet_common.h:66]   --->   Operation 148 'select' 'select_ln66_21' <Predicate = (icmp_ln55 & and_ln55_1)> <Delay = 0.97> <CoreInst = "Sel">   --->   Core 73 'Sel' <Latency = 0> <II = 1> <Delay = 0.69> <FuncUnit> <Opcode : 'select'> <InPorts = 3> <OutPorts = 1>
ST_4 : Operation 149 [1/1] (0.00ns)   --->   "%pool_window_V_20 = bitconcatenate i11 @_ssdm_op_BitConcatenate.i11.i6.i5, i6 %p_ZZN4nnet22compute_pool_buffer_2dINS_5arrayI9ap_ufixedILi6ELi0EL9ap_q_mode4EL9ap_21, i5 0"   --->   Operation 149 'bitconcatenate' 'pool_window_V_20' <Predicate = (icmp_ln55 & and_ln55_1)> <Delay = 0.00>
ST_4 : Operation 150 [1/1] (0.00ns)   --->   "%pool_window_V_21 = bitconcatenate i11 @_ssdm_op_BitConcatenate.i11.i6.i5, i6 %p_3, i5 0"   --->   Operation 150 'bitconcatenate' 'pool_window_V_21' <Predicate = (icmp_ln55 & and_ln55_1)> <Delay = 0.00>
ST_4 : Operation 151 [1/1] (0.00ns)   --->   "%pool_window_V_22 = bitconcatenate i11 @_ssdm_op_BitConcatenate.i11.i6.i5, i6 %p_ZZN4nnet22compute_pool_buffer_2dINS_5arrayI9ap_ufixedILi6ELi0EL9ap_q_mode4EL9ap_29, i5 0"   --->   Operation 151 'bitconcatenate' 'pool_window_V_22' <Predicate = (icmp_ln55 & and_ln55_1)> <Delay = 0.00>
ST_4 : Operation 152 [1/1] (0.00ns)   --->   "%pool_window_V_23 = bitconcatenate i11 @_ssdm_op_BitConcatenate.i11.i6.i5, i6 %trunc_ln115_3, i5 0"   --->   Operation 152 'bitconcatenate' 'pool_window_V_23' <Predicate = (icmp_ln55 & and_ln55_1)> <Delay = 0.00>
ST_4 : Operation 153 [1/1] (1.88ns)   --->   "%icmp_ln1651_23 = icmp_ult  i11 %pool_window_V_20, i11 %pool_window_V_21"   --->   Operation 153 'icmp' 'icmp_ln1651_23' <Predicate = (icmp_ln55 & and_ln55_1)> <Delay = 1.88> <CoreInst = "Cmp">   --->   Core 9 'Cmp' <Latency = 0> <II = 1> <Delay = 1.88> <FuncUnit> <Opcode : 'icmp'> <InPorts = 2> <OutPorts = 1>
ST_4 : Operation 154 [1/1] (0.00ns) (grouped into LUT with out node select_ln66_23)   --->   "%xor_ln1651_23 = xor i1 %icmp_ln1651_23, i1 1"   --->   Operation 154 'xor' 'xor_ln1651_23' <Predicate = (icmp_ln55 & and_ln55_1)> <Delay = 0.00> <CoreInst = "LogicGate">   --->   Core 74 'LogicGate' <Latency = 0> <II = 1> <Delay = 0.97> <FuncUnit> <Opcode : 'and' 'or' 'xor'> <InPorts = 2> <OutPorts = 1>
ST_4 : Operation 155 [1/1] (0.97ns) (out node of the LUT)   --->   "%select_ln66_23 = select i1 %xor_ln1651_23, i11 %pool_window_V_20, i11 %pool_window_V_21" [firmware/nnet_utils/nnet_common.h:66]   --->   Operation 155 'select' 'select_ln66_23' <Predicate = (icmp_ln55 & and_ln55_1)> <Delay = 0.97> <CoreInst = "Sel">   --->   Core 73 'Sel' <Latency = 0> <II = 1> <Delay = 0.69> <FuncUnit> <Opcode : 'select'> <InPorts = 3> <OutPorts = 1>
ST_4 : Operation 156 [1/1] (1.88ns)   --->   "%icmp_ln1651_24 = icmp_ult  i11 %pool_window_V_22, i11 %pool_window_V_23"   --->   Operation 156 'icmp' 'icmp_ln1651_24' <Predicate = (icmp_ln55 & and_ln55_1)> <Delay = 1.88> <CoreInst = "Cmp">   --->   Core 9 'Cmp' <Latency = 0> <II = 1> <Delay = 1.88> <FuncUnit> <Opcode : 'icmp'> <InPorts = 2> <OutPorts = 1>
ST_4 : Operation 157 [1/1] (0.00ns) (grouped into LUT with out node select_ln66_24)   --->   "%xor_ln1651_24 = xor i1 %icmp_ln1651_24, i1 1"   --->   Operation 157 'xor' 'xor_ln1651_24' <Predicate = (icmp_ln55 & and_ln55_1)> <Delay = 0.00> <CoreInst = "LogicGate">   --->   Core 74 'LogicGate' <Latency = 0> <II = 1> <Delay = 0.97> <FuncUnit> <Opcode : 'and' 'or' 'xor'> <InPorts = 2> <OutPorts = 1>
ST_4 : Operation 158 [1/1] (0.97ns) (out node of the LUT)   --->   "%select_ln66_24 = select i1 %xor_ln1651_24, i11 %pool_window_V_22, i11 %pool_window_V_23" [firmware/nnet_utils/nnet_common.h:66]   --->   Operation 158 'select' 'select_ln66_24' <Predicate = (icmp_ln55 & and_ln55_1)> <Delay = 0.97> <CoreInst = "Sel">   --->   Core 73 'Sel' <Latency = 0> <II = 1> <Delay = 0.69> <FuncUnit> <Opcode : 'select'> <InPorts = 3> <OutPorts = 1>
ST_4 : Operation 159 [1/1] (0.00ns)   --->   "%pool_window_V_24 = bitconcatenate i11 @_ssdm_op_BitConcatenate.i11.i6.i5, i6 %p_ZZN4nnet22compute_pool_buffer_2dINS_5arrayI9ap_ufixedILi6ELi0EL9ap_q_mode4EL9ap_22, i5 0"   --->   Operation 159 'bitconcatenate' 'pool_window_V_24' <Predicate = (icmp_ln55 & and_ln55_1)> <Delay = 0.00>
ST_4 : Operation 160 [1/1] (0.00ns)   --->   "%pool_window_V_25 = bitconcatenate i11 @_ssdm_op_BitConcatenate.i11.i6.i5, i6 %p_s, i5 0"   --->   Operation 160 'bitconcatenate' 'pool_window_V_25' <Predicate = (icmp_ln55 & and_ln55_1)> <Delay = 0.00>
ST_4 : Operation 161 [1/1] (0.00ns)   --->   "%pool_window_V_26 = bitconcatenate i11 @_ssdm_op_BitConcatenate.i11.i6.i5, i6 %p_ZZN4nnet22compute_pool_buffer_2dINS_5arrayI9ap_ufixedILi6ELi0EL9ap_q_mode4EL9ap_30, i5 0"   --->   Operation 161 'bitconcatenate' 'pool_window_V_26' <Predicate = (icmp_ln55 & and_ln55_1)> <Delay = 0.00>
ST_4 : Operation 162 [1/1] (0.00ns)   --->   "%pool_window_V_27 = bitconcatenate i11 @_ssdm_op_BitConcatenate.i11.i6.i5, i6 %trunc_ln115_6, i5 0"   --->   Operation 162 'bitconcatenate' 'pool_window_V_27' <Predicate = (icmp_ln55 & and_ln55_1)> <Delay = 0.00>
ST_4 : Operation 163 [1/1] (1.88ns)   --->   "%icmp_ln1651_26 = icmp_ult  i11 %pool_window_V_24, i11 %pool_window_V_25"   --->   Operation 163 'icmp' 'icmp_ln1651_26' <Predicate = (icmp_ln55 & and_ln55_1)> <Delay = 1.88> <CoreInst = "Cmp">   --->   Core 9 'Cmp' <Latency = 0> <II = 1> <Delay = 1.88> <FuncUnit> <Opcode : 'icmp'> <InPorts = 2> <OutPorts = 1>
ST_4 : Operation 164 [1/1] (0.00ns) (grouped into LUT with out node select_ln66_26)   --->   "%xor_ln1651_26 = xor i1 %icmp_ln1651_26, i1 1"   --->   Operation 164 'xor' 'xor_ln1651_26' <Predicate = (icmp_ln55 & and_ln55_1)> <Delay = 0.00> <CoreInst = "LogicGate">   --->   Core 74 'LogicGate' <Latency = 0> <II = 1> <Delay = 0.97> <FuncUnit> <Opcode : 'and' 'or' 'xor'> <InPorts = 2> <OutPorts = 1>
ST_4 : Operation 165 [1/1] (0.97ns) (out node of the LUT)   --->   "%select_ln66_26 = select i1 %xor_ln1651_26, i11 %pool_window_V_24, i11 %pool_window_V_25" [firmware/nnet_utils/nnet_common.h:66]   --->   Operation 165 'select' 'select_ln66_26' <Predicate = (icmp_ln55 & and_ln55_1)> <Delay = 0.97> <CoreInst = "Sel">   --->   Core 73 'Sel' <Latency = 0> <II = 1> <Delay = 0.69> <FuncUnit> <Opcode : 'select'> <InPorts = 3> <OutPorts = 1>
ST_4 : Operation 166 [1/1] (1.88ns)   --->   "%icmp_ln1651_27 = icmp_ult  i11 %pool_window_V_26, i11 %pool_window_V_27"   --->   Operation 166 'icmp' 'icmp_ln1651_27' <Predicate = (icmp_ln55 & and_ln55_1)> <Delay = 1.88> <CoreInst = "Cmp">   --->   Core 9 'Cmp' <Latency = 0> <II = 1> <Delay = 1.88> <FuncUnit> <Opcode : 'icmp'> <InPorts = 2> <OutPorts = 1>
ST_4 : Operation 167 [1/1] (0.00ns) (grouped into LUT with out node select_ln66_27)   --->   "%xor_ln1651_27 = xor i1 %icmp_ln1651_27, i1 1"   --->   Operation 167 'xor' 'xor_ln1651_27' <Predicate = (icmp_ln55 & and_ln55_1)> <Delay = 0.00> <CoreInst = "LogicGate">   --->   Core 74 'LogicGate' <Latency = 0> <II = 1> <Delay = 0.97> <FuncUnit> <Opcode : 'and' 'or' 'xor'> <InPorts = 2> <OutPorts = 1>
ST_4 : Operation 168 [1/1] (0.97ns) (out node of the LUT)   --->   "%select_ln66_27 = select i1 %xor_ln1651_27, i11 %pool_window_V_26, i11 %pool_window_V_27" [firmware/nnet_utils/nnet_common.h:66]   --->   Operation 168 'select' 'select_ln66_27' <Predicate = (icmp_ln55 & and_ln55_1)> <Delay = 0.97> <CoreInst = "Sel">   --->   Core 73 'Sel' <Latency = 0> <II = 1> <Delay = 0.69> <FuncUnit> <Opcode : 'select'> <InPorts = 3> <OutPorts = 1>
ST_4 : Operation 169 [1/1] (0.00ns)   --->   "%pool_window_V_28 = bitconcatenate i11 @_ssdm_op_BitConcatenate.i11.i6.i5, i6 %p_ZZN4nnet22compute_pool_buffer_2dINS_5arrayI9ap_ufixedILi6ELi0EL9ap_q_mode4EL9ap_23, i5 0"   --->   Operation 169 'bitconcatenate' 'pool_window_V_28' <Predicate = (icmp_ln55 & and_ln55_1)> <Delay = 0.00>
ST_4 : Operation 170 [1/1] (0.00ns)   --->   "%pool_window_V_29 = bitconcatenate i11 @_ssdm_op_BitConcatenate.i11.i6.i5, i6 %p_0, i5 0"   --->   Operation 170 'bitconcatenate' 'pool_window_V_29' <Predicate = (icmp_ln55 & and_ln55_1)> <Delay = 0.00>
ST_4 : Operation 171 [1/1] (0.00ns)   --->   "%pool_window_V_30 = bitconcatenate i11 @_ssdm_op_BitConcatenate.i11.i6.i5, i6 %p_ZZN4nnet22compute_pool_buffer_2dINS_5arrayI9ap_ufixedILi6ELi0EL9ap_q_mode4EL9ap_31, i5 0"   --->   Operation 171 'bitconcatenate' 'pool_window_V_30' <Predicate = (icmp_ln55 & and_ln55_1)> <Delay = 0.00>
ST_4 : Operation 172 [1/1] (0.00ns)   --->   "%pool_window_V_31 = bitconcatenate i11 @_ssdm_op_BitConcatenate.i11.i6.i5, i6 %trunc_ln115_7, i5 0"   --->   Operation 172 'bitconcatenate' 'pool_window_V_31' <Predicate = (icmp_ln55 & and_ln55_1)> <Delay = 0.00>
ST_4 : Operation 173 [1/1] (1.88ns)   --->   "%icmp_ln1651_29 = icmp_ult  i11 %pool_window_V_28, i11 %pool_window_V_29"   --->   Operation 173 'icmp' 'icmp_ln1651_29' <Predicate = (icmp_ln55 & and_ln55_1)> <Delay = 1.88> <CoreInst = "Cmp">   --->   Core 9 'Cmp' <Latency = 0> <II = 1> <Delay = 1.88> <FuncUnit> <Opcode : 'icmp'> <InPorts = 2> <OutPorts = 1>
ST_4 : Operation 174 [1/1] (0.00ns) (grouped into LUT with out node select_ln66_29)   --->   "%xor_ln1651_29 = xor i1 %icmp_ln1651_29, i1 1"   --->   Operation 174 'xor' 'xor_ln1651_29' <Predicate = (icmp_ln55 & and_ln55_1)> <Delay = 0.00> <CoreInst = "LogicGate">   --->   Core 74 'LogicGate' <Latency = 0> <II = 1> <Delay = 0.97> <FuncUnit> <Opcode : 'and' 'or' 'xor'> <InPorts = 2> <OutPorts = 1>
ST_4 : Operation 175 [1/1] (0.97ns) (out node of the LUT)   --->   "%select_ln66_29 = select i1 %xor_ln1651_29, i11 %pool_window_V_28, i11 %pool_window_V_29" [firmware/nnet_utils/nnet_common.h:66]   --->   Operation 175 'select' 'select_ln66_29' <Predicate = (icmp_ln55 & and_ln55_1)> <Delay = 0.97> <CoreInst = "Sel">   --->   Core 73 'Sel' <Latency = 0> <II = 1> <Delay = 0.69> <FuncUnit> <Opcode : 'select'> <InPorts = 3> <OutPorts = 1>
ST_4 : Operation 176 [1/1] (1.88ns)   --->   "%icmp_ln1651_30 = icmp_ult  i11 %pool_window_V_30, i11 %pool_window_V_31"   --->   Operation 176 'icmp' 'icmp_ln1651_30' <Predicate = (icmp_ln55 & and_ln55_1)> <Delay = 1.88> <CoreInst = "Cmp">   --->   Core 9 'Cmp' <Latency = 0> <II = 1> <Delay = 1.88> <FuncUnit> <Opcode : 'icmp'> <InPorts = 2> <OutPorts = 1>
ST_4 : Operation 177 [1/1] (0.00ns) (grouped into LUT with out node select_ln66_30)   --->   "%xor_ln1651_30 = xor i1 %icmp_ln1651_30, i1 1"   --->   Operation 177 'xor' 'xor_ln1651_30' <Predicate = (icmp_ln55 & and_ln55_1)> <Delay = 0.00> <CoreInst = "LogicGate">   --->   Core 74 'LogicGate' <Latency = 0> <II = 1> <Delay = 0.97> <FuncUnit> <Opcode : 'and' 'or' 'xor'> <InPorts = 2> <OutPorts = 1>
ST_4 : Operation 178 [1/1] (0.97ns) (out node of the LUT)   --->   "%select_ln66_30 = select i1 %xor_ln1651_30, i11 %pool_window_V_30, i11 %pool_window_V_31" [firmware/nnet_utils/nnet_common.h:66]   --->   Operation 178 'select' 'select_ln66_30' <Predicate = (icmp_ln55 & and_ln55_1)> <Delay = 0.97> <CoreInst = "Sel">   --->   Core 73 'Sel' <Latency = 0> <II = 1> <Delay = 0.69> <FuncUnit> <Opcode : 'select'> <InPorts = 3> <OutPorts = 1>
ST_4 : Operation 179 [1/1] (1.58ns)   --->   "%store_ln91 = store i32 %add_ln91, i32 %sX" [firmware/nnet_utils/nnet_pooling_stream.h:91]   --->   Operation 179 'store' 'store_ln91' <Predicate = (!icmp_ln76)> <Delay = 1.58>
ST_4 : Operation 180 [1/1] (0.00ns)   --->   "%br_ln0 = br void %for.inc"   --->   Operation 180 'br' 'br_ln0' <Predicate = (!icmp_ln76)> <Delay = 0.00>
ST_4 : Operation 181 [1/1] (1.58ns)   --->   "%store_ln84 = store i32 %add_ln80, i32 %pY" [firmware/nnet_utils/nnet_pooling_stream.h:84]   --->   Operation 181 'store' 'store_ln84' <Predicate = (!icmp_ln109 & icmp_ln76 & !icmp_ln80)> <Delay = 1.58>
ST_4 : Operation 182 [1/1] (0.00ns) (grouped into LUT with out node add_ln86)   --->   "%select_ln86 = select i1 %icmp_ln86, i32 4294967295, i32 1" [firmware/nnet_utils/nnet_pooling_stream.h:86]   --->   Operation 182 'select' 'select_ln86' <Predicate = (!icmp_ln109 & icmp_ln76 & !icmp_ln80)> <Delay = 0.00> <CoreInst = "Sel">   --->   Core 73 'Sel' <Latency = 0> <II = 1> <Delay = 0.99> <FuncUnit> <Opcode : 'select'> <InPorts = 3> <OutPorts = 1>
ST_4 : Operation 183 [1/1] (2.55ns) (out node of the LUT)   --->   "%add_ln86 = add i32 %sY_load_1, i32 %select_ln86" [firmware/nnet_utils/nnet_pooling_stream.h:86]   --->   Operation 183 'add' 'add_ln86' <Predicate = (!icmp_ln109 & icmp_ln76 & !icmp_ln80)> <Delay = 2.55> <CoreInst = "Adder">   --->   Core 1 'Adder' <Latency = 0> <II = 1> <Delay = 2.55> <FuncUnit> <Opcode : 'add' 'sub'> <InPorts = 2> <OutPorts = 1>
ST_4 : Operation 184 [1/1] (1.58ns)   --->   "%store_ln81 = store i32 0, i32 %pY" [firmware/nnet_utils/nnet_pooling_stream.h:81]   --->   Operation 184 'store' 'store_ln81' <Predicate = (!icmp_ln109 & icmp_ln76 & icmp_ln80)> <Delay = 1.58>
ST_4 : Operation 185 [1/1] (1.58ns)   --->   "%br_ln83 = br void %if.end39.i" [firmware/nnet_utils/nnet_pooling_stream.h:83]   --->   Operation 185 'br' 'br_ln83' <Predicate = (!icmp_ln109 & icmp_ln76 & icmp_ln80)> <Delay = 1.58>
ST_4 : Operation 233 [1/1] (0.00ns)   --->   "%ret_ln118 = ret" [firmware/nnet_utils/nnet_pooling_stream.h:118]   --->   Operation 233 'ret' 'ret_ln118' <Predicate = (icmp_ln109)> <Delay = 0.00>

State 5 <SV = 4> <Delay = 3.06>
ST_5 : Operation 186 [1/1] (1.88ns)   --->   "%icmp_ln1651_10 = icmp_ult  i11 %select_ln66, i11 %select_ln66_9"   --->   Operation 186 'icmp' 'icmp_ln1651_10' <Predicate = (icmp_ln55 & and_ln55_1)> <Delay = 1.88> <CoreInst = "Cmp">   --->   Core 9 'Cmp' <Latency = 0> <II = 1> <Delay = 1.88> <FuncUnit> <Opcode : 'icmp'> <InPorts = 2> <OutPorts = 1>
ST_5 : Operation 187 [1/1] (0.00ns) (grouped into LUT with out node p_Val2_s)   --->   "%xor_ln1651_10 = xor i1 %icmp_ln1651_10, i1 1"   --->   Operation 187 'xor' 'xor_ln1651_10' <Predicate = (icmp_ln55 & and_ln55_1)> <Delay = 0.00> <CoreInst = "LogicGate">   --->   Core 74 'LogicGate' <Latency = 0> <II = 1> <Delay = 0.97> <FuncUnit> <Opcode : 'and' 'or' 'xor'> <InPorts = 2> <OutPorts = 1>
ST_5 : Operation 188 [1/1] (0.00ns) (grouped into LUT with out node p_Val2_s)   --->   "%tmp_1 = partselect i6 @_ssdm_op_PartSelect.i6.i11.i32.i32, i11 %select_ln66, i32 5, i32 10"   --->   Operation 188 'partselect' 'tmp_1' <Predicate = (icmp_ln55 & and_ln55_1)> <Delay = 0.00>
ST_5 : Operation 189 [1/1] (0.00ns) (grouped into LUT with out node p_Val2_s)   --->   "%tmp_2 = partselect i6 @_ssdm_op_PartSelect.i6.i11.i32.i32, i11 %select_ln66_9, i32 5, i32 10"   --->   Operation 189 'partselect' 'tmp_2' <Predicate = (icmp_ln55 & and_ln55_1)> <Delay = 0.00>
ST_5 : Operation 190 [1/1] (1.18ns) (out node of the LUT)   --->   "%p_Val2_s = select i1 %xor_ln1651_10, i6 %tmp_1, i6 %tmp_2" [firmware/nnet_utils/nnet_common.h:66]   --->   Operation 190 'select' 'p_Val2_s' <Predicate = (icmp_ln55 & and_ln55_1)> <Delay = 1.18> <CoreInst = "Sel">   --->   Core 73 'Sel' <Latency = 0> <II = 1> <Delay = 1.18> <FuncUnit> <Opcode : 'select'> <InPorts = 3> <OutPorts = 1>
ST_5 : Operation 191 [1/1] (1.88ns)   --->   "%icmp_ln1651_13 = icmp_ult  i11 %select_ln66_11, i11 %select_ln66_12"   --->   Operation 191 'icmp' 'icmp_ln1651_13' <Predicate = (icmp_ln55 & and_ln55_1)> <Delay = 1.88> <CoreInst = "Cmp">   --->   Core 9 'Cmp' <Latency = 0> <II = 1> <Delay = 1.88> <FuncUnit> <Opcode : 'icmp'> <InPorts = 2> <OutPorts = 1>
ST_5 : Operation 192 [1/1] (0.00ns) (grouped into LUT with out node p_Val2_108)   --->   "%xor_ln1651_13 = xor i1 %icmp_ln1651_13, i1 1"   --->   Operation 192 'xor' 'xor_ln1651_13' <Predicate = (icmp_ln55 & and_ln55_1)> <Delay = 0.00> <CoreInst = "LogicGate">   --->   Core 74 'LogicGate' <Latency = 0> <II = 1> <Delay = 0.97> <FuncUnit> <Opcode : 'and' 'or' 'xor'> <InPorts = 2> <OutPorts = 1>
ST_5 : Operation 193 [1/1] (0.00ns) (grouped into LUT with out node p_Val2_108)   --->   "%tmp_4 = partselect i6 @_ssdm_op_PartSelect.i6.i11.i32.i32, i11 %select_ln66_11, i32 5, i32 10"   --->   Operation 193 'partselect' 'tmp_4' <Predicate = (icmp_ln55 & and_ln55_1)> <Delay = 0.00>
ST_5 : Operation 194 [1/1] (0.00ns) (grouped into LUT with out node p_Val2_108)   --->   "%tmp_5 = partselect i6 @_ssdm_op_PartSelect.i6.i11.i32.i32, i11 %select_ln66_12, i32 5, i32 10"   --->   Operation 194 'partselect' 'tmp_5' <Predicate = (icmp_ln55 & and_ln55_1)> <Delay = 0.00>
ST_5 : Operation 195 [1/1] (1.18ns) (out node of the LUT)   --->   "%p_Val2_108 = select i1 %xor_ln1651_13, i6 %tmp_4, i6 %tmp_5" [firmware/nnet_utils/nnet_common.h:66]   --->   Operation 195 'select' 'p_Val2_108' <Predicate = (icmp_ln55 & and_ln55_1)> <Delay = 1.18> <CoreInst = "Sel">   --->   Core 73 'Sel' <Latency = 0> <II = 1> <Delay = 1.18> <FuncUnit> <Opcode : 'select'> <InPorts = 3> <OutPorts = 1>
ST_5 : Operation 196 [1/1] (1.88ns)   --->   "%icmp_ln1651_16 = icmp_ult  i11 %select_ln66_14, i11 %select_ln66_15"   --->   Operation 196 'icmp' 'icmp_ln1651_16' <Predicate = (icmp_ln55 & and_ln55_1)> <Delay = 1.88> <CoreInst = "Cmp">   --->   Core 9 'Cmp' <Latency = 0> <II = 1> <Delay = 1.88> <FuncUnit> <Opcode : 'icmp'> <InPorts = 2> <OutPorts = 1>
ST_5 : Operation 197 [1/1] (0.00ns) (grouped into LUT with out node p_Val2_109)   --->   "%xor_ln1651_16 = xor i1 %icmp_ln1651_16, i1 1"   --->   Operation 197 'xor' 'xor_ln1651_16' <Predicate = (icmp_ln55 & and_ln55_1)> <Delay = 0.00> <CoreInst = "LogicGate">   --->   Core 74 'LogicGate' <Latency = 0> <II = 1> <Delay = 0.97> <FuncUnit> <Opcode : 'and' 'or' 'xor'> <InPorts = 2> <OutPorts = 1>
ST_5 : Operation 198 [1/1] (0.00ns) (grouped into LUT with out node p_Val2_109)   --->   "%tmp_7 = partselect i6 @_ssdm_op_PartSelect.i6.i11.i32.i32, i11 %select_ln66_14, i32 5, i32 10"   --->   Operation 198 'partselect' 'tmp_7' <Predicate = (icmp_ln55 & and_ln55_1)> <Delay = 0.00>
ST_5 : Operation 199 [1/1] (0.00ns) (grouped into LUT with out node p_Val2_109)   --->   "%tmp_8 = partselect i6 @_ssdm_op_PartSelect.i6.i11.i32.i32, i11 %select_ln66_15, i32 5, i32 10"   --->   Operation 199 'partselect' 'tmp_8' <Predicate = (icmp_ln55 & and_ln55_1)> <Delay = 0.00>
ST_5 : Operation 200 [1/1] (1.18ns) (out node of the LUT)   --->   "%p_Val2_109 = select i1 %xor_ln1651_16, i6 %tmp_7, i6 %tmp_8" [firmware/nnet_utils/nnet_common.h:66]   --->   Operation 200 'select' 'p_Val2_109' <Predicate = (icmp_ln55 & and_ln55_1)> <Delay = 1.18> <CoreInst = "Sel">   --->   Core 73 'Sel' <Latency = 0> <II = 1> <Delay = 1.18> <FuncUnit> <Opcode : 'select'> <InPorts = 3> <OutPorts = 1>
ST_5 : Operation 201 [1/1] (1.88ns)   --->   "%icmp_ln1651_19 = icmp_ult  i11 %select_ln66_17, i11 %select_ln66_18"   --->   Operation 201 'icmp' 'icmp_ln1651_19' <Predicate = (icmp_ln55 & and_ln55_1)> <Delay = 1.88> <CoreInst = "Cmp">   --->   Core 9 'Cmp' <Latency = 0> <II = 1> <Delay = 1.88> <FuncUnit> <Opcode : 'icmp'> <InPorts = 2> <OutPorts = 1>
ST_5 : Operation 202 [1/1] (0.00ns) (grouped into LUT with out node p_Val2_110)   --->   "%xor_ln1651_19 = xor i1 %icmp_ln1651_19, i1 1"   --->   Operation 202 'xor' 'xor_ln1651_19' <Predicate = (icmp_ln55 & and_ln55_1)> <Delay = 0.00> <CoreInst = "LogicGate">   --->   Core 74 'LogicGate' <Latency = 0> <II = 1> <Delay = 0.97> <FuncUnit> <Opcode : 'and' 'or' 'xor'> <InPorts = 2> <OutPorts = 1>
ST_5 : Operation 203 [1/1] (0.00ns) (grouped into LUT with out node p_Val2_110)   --->   "%tmp_10 = partselect i6 @_ssdm_op_PartSelect.i6.i11.i32.i32, i11 %select_ln66_17, i32 5, i32 10"   --->   Operation 203 'partselect' 'tmp_10' <Predicate = (icmp_ln55 & and_ln55_1)> <Delay = 0.00>
ST_5 : Operation 204 [1/1] (0.00ns) (grouped into LUT with out node p_Val2_110)   --->   "%tmp_11 = partselect i6 @_ssdm_op_PartSelect.i6.i11.i32.i32, i11 %select_ln66_18, i32 5, i32 10"   --->   Operation 204 'partselect' 'tmp_11' <Predicate = (icmp_ln55 & and_ln55_1)> <Delay = 0.00>
ST_5 : Operation 205 [1/1] (1.18ns) (out node of the LUT)   --->   "%p_Val2_110 = select i1 %xor_ln1651_19, i6 %tmp_10, i6 %tmp_11" [firmware/nnet_utils/nnet_common.h:66]   --->   Operation 205 'select' 'p_Val2_110' <Predicate = (icmp_ln55 & and_ln55_1)> <Delay = 1.18> <CoreInst = "Sel">   --->   Core 73 'Sel' <Latency = 0> <II = 1> <Delay = 1.18> <FuncUnit> <Opcode : 'select'> <InPorts = 3> <OutPorts = 1>
ST_5 : Operation 206 [1/1] (1.88ns)   --->   "%icmp_ln1651_22 = icmp_ult  i11 %select_ln66_20, i11 %select_ln66_21"   --->   Operation 206 'icmp' 'icmp_ln1651_22' <Predicate = (icmp_ln55 & and_ln55_1)> <Delay = 1.88> <CoreInst = "Cmp">   --->   Core 9 'Cmp' <Latency = 0> <II = 1> <Delay = 1.88> <FuncUnit> <Opcode : 'icmp'> <InPorts = 2> <OutPorts = 1>
ST_5 : Operation 207 [1/1] (0.00ns) (grouped into LUT with out node p_Val2_111)   --->   "%xor_ln1651_22 = xor i1 %icmp_ln1651_22, i1 1"   --->   Operation 207 'xor' 'xor_ln1651_22' <Predicate = (icmp_ln55 & and_ln55_1)> <Delay = 0.00> <CoreInst = "LogicGate">   --->   Core 74 'LogicGate' <Latency = 0> <II = 1> <Delay = 0.97> <FuncUnit> <Opcode : 'and' 'or' 'xor'> <InPorts = 2> <OutPorts = 1>
ST_5 : Operation 208 [1/1] (0.00ns) (grouped into LUT with out node p_Val2_111)   --->   "%tmp_13 = partselect i6 @_ssdm_op_PartSelect.i6.i11.i32.i32, i11 %select_ln66_20, i32 5, i32 10"   --->   Operation 208 'partselect' 'tmp_13' <Predicate = (icmp_ln55 & and_ln55_1)> <Delay = 0.00>
ST_5 : Operation 209 [1/1] (0.00ns) (grouped into LUT with out node p_Val2_111)   --->   "%tmp_14 = partselect i6 @_ssdm_op_PartSelect.i6.i11.i32.i32, i11 %select_ln66_21, i32 5, i32 10"   --->   Operation 209 'partselect' 'tmp_14' <Predicate = (icmp_ln55 & and_ln55_1)> <Delay = 0.00>
ST_5 : Operation 210 [1/1] (1.18ns) (out node of the LUT)   --->   "%p_Val2_111 = select i1 %xor_ln1651_22, i6 %tmp_13, i6 %tmp_14" [firmware/nnet_utils/nnet_common.h:66]   --->   Operation 210 'select' 'p_Val2_111' <Predicate = (icmp_ln55 & and_ln55_1)> <Delay = 1.18> <CoreInst = "Sel">   --->   Core 73 'Sel' <Latency = 0> <II = 1> <Delay = 1.18> <FuncUnit> <Opcode : 'select'> <InPorts = 3> <OutPorts = 1>
ST_5 : Operation 211 [1/1] (1.88ns)   --->   "%icmp_ln1651_25 = icmp_ult  i11 %select_ln66_23, i11 %select_ln66_24"   --->   Operation 211 'icmp' 'icmp_ln1651_25' <Predicate = (icmp_ln55 & and_ln55_1)> <Delay = 1.88> <CoreInst = "Cmp">   --->   Core 9 'Cmp' <Latency = 0> <II = 1> <Delay = 1.88> <FuncUnit> <Opcode : 'icmp'> <InPorts = 2> <OutPorts = 1>
ST_5 : Operation 212 [1/1] (0.00ns) (grouped into LUT with out node p_Val2_112)   --->   "%xor_ln1651_25 = xor i1 %icmp_ln1651_25, i1 1"   --->   Operation 212 'xor' 'xor_ln1651_25' <Predicate = (icmp_ln55 & and_ln55_1)> <Delay = 0.00> <CoreInst = "LogicGate">   --->   Core 74 'LogicGate' <Latency = 0> <II = 1> <Delay = 0.97> <FuncUnit> <Opcode : 'and' 'or' 'xor'> <InPorts = 2> <OutPorts = 1>
ST_5 : Operation 213 [1/1] (0.00ns) (grouped into LUT with out node p_Val2_112)   --->   "%tmp_16 = partselect i6 @_ssdm_op_PartSelect.i6.i11.i32.i32, i11 %select_ln66_23, i32 5, i32 10"   --->   Operation 213 'partselect' 'tmp_16' <Predicate = (icmp_ln55 & and_ln55_1)> <Delay = 0.00>
ST_5 : Operation 214 [1/1] (0.00ns) (grouped into LUT with out node p_Val2_112)   --->   "%tmp_17 = partselect i6 @_ssdm_op_PartSelect.i6.i11.i32.i32, i11 %select_ln66_24, i32 5, i32 10"   --->   Operation 214 'partselect' 'tmp_17' <Predicate = (icmp_ln55 & and_ln55_1)> <Delay = 0.00>
ST_5 : Operation 215 [1/1] (1.18ns) (out node of the LUT)   --->   "%p_Val2_112 = select i1 %xor_ln1651_25, i6 %tmp_16, i6 %tmp_17" [firmware/nnet_utils/nnet_common.h:66]   --->   Operation 215 'select' 'p_Val2_112' <Predicate = (icmp_ln55 & and_ln55_1)> <Delay = 1.18> <CoreInst = "Sel">   --->   Core 73 'Sel' <Latency = 0> <II = 1> <Delay = 1.18> <FuncUnit> <Opcode : 'select'> <InPorts = 3> <OutPorts = 1>
ST_5 : Operation 216 [1/1] (1.88ns)   --->   "%icmp_ln1651_28 = icmp_ult  i11 %select_ln66_26, i11 %select_ln66_27"   --->   Operation 216 'icmp' 'icmp_ln1651_28' <Predicate = (icmp_ln55 & and_ln55_1)> <Delay = 1.88> <CoreInst = "Cmp">   --->   Core 9 'Cmp' <Latency = 0> <II = 1> <Delay = 1.88> <FuncUnit> <Opcode : 'icmp'> <InPorts = 2> <OutPorts = 1>
ST_5 : Operation 217 [1/1] (0.00ns) (grouped into LUT with out node p_Val2_113)   --->   "%xor_ln1651_28 = xor i1 %icmp_ln1651_28, i1 1"   --->   Operation 217 'xor' 'xor_ln1651_28' <Predicate = (icmp_ln55 & and_ln55_1)> <Delay = 0.00> <CoreInst = "LogicGate">   --->   Core 74 'LogicGate' <Latency = 0> <II = 1> <Delay = 0.97> <FuncUnit> <Opcode : 'and' 'or' 'xor'> <InPorts = 2> <OutPorts = 1>
ST_5 : Operation 218 [1/1] (0.00ns) (grouped into LUT with out node p_Val2_113)   --->   "%tmp_19 = partselect i6 @_ssdm_op_PartSelect.i6.i11.i32.i32, i11 %select_ln66_26, i32 5, i32 10"   --->   Operation 218 'partselect' 'tmp_19' <Predicate = (icmp_ln55 & and_ln55_1)> <Delay = 0.00>
ST_5 : Operation 219 [1/1] (0.00ns) (grouped into LUT with out node p_Val2_113)   --->   "%tmp_20 = partselect i6 @_ssdm_op_PartSelect.i6.i11.i32.i32, i11 %select_ln66_27, i32 5, i32 10"   --->   Operation 219 'partselect' 'tmp_20' <Predicate = (icmp_ln55 & and_ln55_1)> <Delay = 0.00>
ST_5 : Operation 220 [1/1] (1.18ns) (out node of the LUT)   --->   "%p_Val2_113 = select i1 %xor_ln1651_28, i6 %tmp_19, i6 %tmp_20" [firmware/nnet_utils/nnet_common.h:66]   --->   Operation 220 'select' 'p_Val2_113' <Predicate = (icmp_ln55 & and_ln55_1)> <Delay = 1.18> <CoreInst = "Sel">   --->   Core 73 'Sel' <Latency = 0> <II = 1> <Delay = 1.18> <FuncUnit> <Opcode : 'select'> <InPorts = 3> <OutPorts = 1>
ST_5 : Operation 221 [1/1] (1.88ns)   --->   "%icmp_ln1651_31 = icmp_ult  i11 %select_ln66_29, i11 %select_ln66_30"   --->   Operation 221 'icmp' 'icmp_ln1651_31' <Predicate = (icmp_ln55 & and_ln55_1)> <Delay = 1.88> <CoreInst = "Cmp">   --->   Core 9 'Cmp' <Latency = 0> <II = 1> <Delay = 1.88> <FuncUnit> <Opcode : 'icmp'> <InPorts = 2> <OutPorts = 1>
ST_5 : Operation 222 [1/1] (0.00ns) (grouped into LUT with out node p_Val2_114)   --->   "%xor_ln1651_31 = xor i1 %icmp_ln1651_31, i1 1"   --->   Operation 222 'xor' 'xor_ln1651_31' <Predicate = (icmp_ln55 & and_ln55_1)> <Delay = 0.00> <CoreInst = "LogicGate">   --->   Core 74 'LogicGate' <Latency = 0> <II = 1> <Delay = 0.97> <FuncUnit> <Opcode : 'and' 'or' 'xor'> <InPorts = 2> <OutPorts = 1>
ST_5 : Operation 223 [1/1] (0.00ns) (grouped into LUT with out node p_Val2_114)   --->   "%tmp_22 = partselect i6 @_ssdm_op_PartSelect.i6.i11.i32.i32, i11 %select_ln66_29, i32 5, i32 10"   --->   Operation 223 'partselect' 'tmp_22' <Predicate = (icmp_ln55 & and_ln55_1)> <Delay = 0.00>
ST_5 : Operation 224 [1/1] (0.00ns) (grouped into LUT with out node p_Val2_114)   --->   "%tmp_23 = partselect i6 @_ssdm_op_PartSelect.i6.i11.i32.i32, i11 %select_ln66_30, i32 5, i32 10"   --->   Operation 224 'partselect' 'tmp_23' <Predicate = (icmp_ln55 & and_ln55_1)> <Delay = 0.00>
ST_5 : Operation 225 [1/1] (1.18ns) (out node of the LUT)   --->   "%p_Val2_114 = select i1 %xor_ln1651_31, i6 %tmp_22, i6 %tmp_23" [firmware/nnet_utils/nnet_common.h:66]   --->   Operation 225 'select' 'p_Val2_114' <Predicate = (icmp_ln55 & and_ln55_1)> <Delay = 1.18> <CoreInst = "Sel">   --->   Core 73 'Sel' <Latency = 0> <II = 1> <Delay = 1.18> <FuncUnit> <Opcode : 'select'> <InPorts = 3> <OutPorts = 1>
ST_5 : Operation 226 [1/1] (1.58ns)   --->   "%br_ln0 = br void %if.end39.i"   --->   Operation 226 'br' 'br_ln0' <Predicate = (!icmp_ln109 & icmp_ln76 & !icmp_ln80)> <Delay = 1.58>
ST_5 : Operation 227 [1/1] (0.00ns)   --->   "%storemerge = phi i32 %add_ln86, void %if.else.i, i32 0, void %if.then32.i" [firmware/nnet_utils/nnet_pooling_stream.h:86]   --->   Operation 227 'phi' 'storemerge' <Predicate = (icmp_ln76)> <Delay = 0.00>
ST_5 : Operation 228 [1/1] (0.00ns)   --->   "%store_ln82 = store i32 %storemerge, i32 %sY" [firmware/nnet_utils/nnet_pooling_stream.h:82]   --->   Operation 228 'store' 'store_ln82' <Predicate = (icmp_ln76)> <Delay = 0.00>
ST_5 : Operation 229 [1/1] (0.00ns)   --->   "%br_ln88 = br void %for.inc" [firmware/nnet_utils/nnet_pooling_stream.h:88]   --->   Operation 229 'br' 'br_ln88' <Predicate = (icmp_ln76)> <Delay = 0.00>

State 6 <SV = 5> <Delay = 1.82>
ST_6 : Operation 230 [1/1] (0.00ns)   --->   "%or_ln72_s = bitconcatenate i48 @_ssdm_op_BitConcatenate.i48.i6.i6.i6.i6.i6.i6.i6.i6, i6 %p_Val2_114, i6 %p_Val2_113, i6 %p_Val2_112, i6 %p_Val2_111, i6 %p_Val2_110, i6 %p_Val2_109, i6 %p_Val2_108, i6 %p_Val2_s" [firmware/nnet_utils/nnet_pooling_stream.h:72]   --->   Operation 230 'bitconcatenate' 'or_ln72_s' <Predicate = (icmp_ln55 & and_ln55_1)> <Delay = 0.00>
ST_6 : Operation 231 [1/1] (1.82ns)   --->   "%write_ln72 = write void @_ssdm_op_Write.ap_fifo.volatile.i48P0A, i48 %layer9_out, i48 %or_ln72_s" [firmware/nnet_utils/nnet_pooling_stream.h:72]   --->   Operation 231 'write' 'write_ln72' <Predicate = (icmp_ln55 & and_ln55_1)> <Delay = 1.82> <CoreInst = "FIFO_SRL">   --->   Core 81 'FIFO_SRL' <Latency = 0> <II = 1> <Delay = 3.63> <Storage> <Opcode : 'read' 'write' 'nbread' 'nbwrite'> <Ports = 0> <Width = 48> <Depth = 4> <FIFO>
ST_6 : Operation 232 [1/1] (0.00ns)   --->   "%br_ln73 = br void %if.end.i" [firmware/nnet_utils/nnet_pooling_stream.h:73]   --->   Operation 232 'br' 'br_ln73' <Predicate = (icmp_ln55 & and_ln55_1)> <Delay = 0.00>


============================================================
+ Verbose Summary: Timing violations
============================================================
Target clock period: 5ns, clock uncertainty: 1.35ns.

 <State 1>: 3.37ns
The critical path consists of the following:
	'alloca' operation ('indvar_flatten') [23]  (0 ns)
	'load' operation ('indvar_flatten_load', firmware/nnet_utils/nnet_pooling_stream.h:109) on local variable 'indvar_flatten' [29]  (0 ns)
	'add' operation ('add_ln109', firmware/nnet_utils/nnet_pooling_stream.h:109) [31]  (1.78 ns)
	'store' operation ('store_ln111', firmware/nnet_utils/nnet_pooling_stream.h:111) of variable 'add_ln109', firmware/nnet_utils/nnet_pooling_stream.h:109 on local variable 'indvar_flatten' [256]  (1.59 ns)

 <State 2>: 2.55ns
The critical path consists of the following:
	'load' operation ('pY_load_1', firmware/nnet_utils/nnet_pooling_stream.h:80) on static variable 'pY' [237]  (0 ns)
	'add' operation ('add_ln80', firmware/nnet_utils/nnet_pooling_stream.h:80) [238]  (2.55 ns)

 <State 3>: 3.44ns
The critical path consists of the following:
	fifo read operation ('layer8_out_read', firmware/nnet_utils/nnet_pooling_stream.h:115) on port 'layer8_out' (firmware/nnet_utils/nnet_pooling_stream.h:115) [38]  (1.83 ns)
	'memshiftread' operation ('p_4') [47]  (1.62 ns)

 <State 4>: 3.45ns
The critical path consists of the following:
	'load' operation ('sY_load', firmware/nnet_utils/nnet_pooling_stream.h:55) on static variable 'sY' [92]  (0 ns)
	'icmp' operation ('icmp_ln55_1', firmware/nnet_utils/nnet_pooling_stream.h:55) [93]  (2.47 ns)
	'and' operation ('and_ln55_1', firmware/nnet_utils/nnet_pooling_stream.h:55) [98]  (0.978 ns)

 <State 5>: 3.07ns
The critical path consists of the following:
	'icmp' operation ('icmp_ln1651_10') [111]  (1.88 ns)
	'xor' operation ('xor_ln1651_10') [112]  (0 ns)
	'select' operation ('__Val2__', firmware/nnet_utils/nnet_common.h:66) [115]  (1.19 ns)

 <State 6>: 1.83ns
The critical path consists of the following:
	fifo write operation ('write_ln72', firmware/nnet_utils/nnet_pooling_stream.h:72) on port 'layer9_out' (firmware/nnet_utils/nnet_pooling_stream.h:72) [222]  (1.83 ns)


============================================================
+ Verbose Summary: Binding
============================================================
N/A
* FSMD analyzer results:
  - Output states:
 - Input state : 
  - Chain level:
	State 1
	State 2
	State 3
	State 4
	State 5
	State 6


============================================================
+ Verbose Summary: Datapath Resource usage 
============================================================
N/A
