

================================================================
== Vitis HLS Report for 'relu_array_ap_fixed_8u_array_ap_ufixed_6_0_4_0_0_8u_relu_config8_s'
================================================================
* Date:           Thu Jul  2 23:53:04 2026

* Version:        2022.2 (Build 3670227 on Oct 13 2022)
* Project:        myproject_prj
* Solution:       solution1 (Vivado IP Flow Target)
* Product family: zynq
* Target device:  xc7z020-clg400-1


================================================================
== Performance Estimates
================================================================
+ Timing: 
    * Summary: 
    +--------+---------+----------+------------+
    |  Clock |  Target | Estimated| Uncertainty|
    +--------+---------+----------+------------+
    |ap_clk  |  5.00 ns|  3.376 ns|     1.35 ns|
    +--------+---------+----------+------------+

+ Latency: 
    * Summary: 
    +---------+---------+----------+----------+-----+-----+---------+
    |  Latency (cycles) |  Latency (absolute) |  Interval | Pipeline|
    |   min   |   max   |    min   |    max   | min | max |   Type  |
    +---------+---------+----------+----------+-----+-----+---------+
    |       20|       20|  0.100 us|  0.100 us|   20|   20|       no|
    +---------+---------+----------+----------+-----+-----+---------+

    + Detail: 
        * Instance: 
        N/A

        * Loop: 
        +---------------+---------+---------+----------+-----------+-----------+------+----------+
        |               |  Latency (cycles) | Iteration|  Initiation Interval  | Trip |          |
        |   Loop Name   |   min   |   max   |  Latency |  achieved |   target  | Count| Pipelined|
        +---------------+---------+---------+----------+-----------+-----------+------+----------+
        |- ReLUActLoop  |       18|       18|         4|          1|          1|    16|       yes|
        +---------------+---------+---------+----------+-----------+-----------+------+----------+

============================================================
+ Verbose Summary: Synthesis Manager
============================================================
InlineROM: 1
ExposeGlobal: 0
============================================================
+ Verbose Summary: CDFG Model
============================================================
IsTopModel: 0
ResetActiveHigh: 1
IsCombinational: 2
IsDatapathOnly: 0
HasWiredReturn: 1
HasMFsm: 2
HasVarLatency: 1
IsPipeline: 0
IsRtlPipelined: 0
IsInstanceOverlapped: 0
IsDontTouch: 0
HasImplIP: 0
IsGatedGlobalClock: 0

+ Individual pipeline summary: 
  * Pipeline-0: initiation interval (II) = 1, depth = 4


============================================================
+ Verbose Summary: Schedule
============================================================
* Number of FSM states : 4
* Pipeline : 1
  Pipeline-0 : II = 1, D = 4, States = { 1 2 3 4 }
* Dataflow Pipeline: 0

* FSM state transitions: 
1 --> 2 
2 --> 3 
3 --> 4 
4 --> 

* FSM state operations: 

State 1 <SV = 0> <Delay = 3.36>
ST_1 : Operation 7 [1/1] (0.00ns)   --->   "%i = alloca i32 1"   --->   Operation 7 'alloca' 'i' <Predicate = true> <Delay = 0.00>
ST_1 : Operation 8 [1/1] (0.00ns)   --->   "%specinterface_ln0 = specinterface void @_ssdm_op_SpecInterface, i48 %layer8_out, void @empty_21, i32 0, i32 0, void @empty_10, i32 0, i32 0, void @empty_10, void @empty_10, void @empty_10, i32 0, i32 0, i32 0, i32 0, void @empty_10, void @empty_10, i32 4294967295, i32 0"   --->   Operation 8 'specinterface' 'specinterface_ln0' <Predicate = true> <Delay = 0.00>
ST_1 : Operation 9 [1/1] (0.00ns)   --->   "%specinterface_ln0 = specinterface void @_ssdm_op_SpecInterface, i152 %layer6_out, void @empty_21, i32 0, i32 0, void @empty_10, i32 0, i32 0, void @empty_10, void @empty_10, void @empty_10, i32 0, i32 0, i32 0, i32 0, void @empty_10, void @empty_10, i32 4294967295, i32 0"   --->   Operation 9 'specinterface' 'specinterface_ln0' <Predicate = true> <Delay = 0.00>
ST_1 : Operation 10 [1/1] (1.58ns)   --->   "%store_ln41 = store i5 0, i5 %i" [firmware/nnet_utils/nnet_activation_stream.h:41]   --->   Operation 10 'store' 'store_ln41' <Predicate = true> <Delay = 1.58>
ST_1 : Operation 11 [1/1] (0.00ns)   --->   "%br_ln41 = br void %for.body4" [firmware/nnet_utils/nnet_activation_stream.h:41]   --->   Operation 11 'br' 'br_ln41' <Predicate = true> <Delay = 0.00>
ST_1 : Operation 12 [1/1] (0.00ns)   --->   "%i_5 = load i5 %i" [firmware/nnet_utils/nnet_activation_stream.h:41]   --->   Operation 12 'load' 'i_5' <Predicate = true> <Delay = 0.00>
ST_1 : Operation 13 [1/1] (1.36ns)   --->   "%icmp_ln41 = icmp_eq  i5 %i_5, i5 16" [firmware/nnet_utils/nnet_activation_stream.h:41]   --->   Operation 13 'icmp' 'icmp_ln41' <Predicate = true> <Delay = 1.36> <CoreInst = "Cmp">   --->   Core 9 'Cmp' <Latency = 0> <II = 1> <Delay = 1.36> <FuncUnit> <Opcode : 'icmp'> <InPorts = 2> <OutPorts = 1>
ST_1 : Operation 14 [1/1] (0.00ns)   --->   "%empty = speclooptripcount i32 @_ssdm_op_SpecLoopTripCount, i64 16, i64 16, i64 16"   --->   Operation 14 'speclooptripcount' 'empty' <Predicate = true> <Delay = 0.00>
ST_1 : Operation 15 [1/1] (1.78ns)   --->   "%i_6 = add i5 %i_5, i5 1" [firmware/nnet_utils/nnet_activation_stream.h:41]   --->   Operation 15 'add' 'i_6' <Predicate = true> <Delay = 1.78> <CoreInst = "Adder">   --->   Core 1 'Adder' <Latency = 0> <II = 1> <Delay = 1.78> <FuncUnit> <Opcode : 'add' 'sub'> <InPorts = 2> <OutPorts = 1>
ST_1 : Operation 16 [1/1] (0.00ns)   --->   "%br_ln41 = br i1 %icmp_ln41, void %for.body4.split_ifconv, void %for.end15" [firmware/nnet_utils/nnet_activation_stream.h:41]   --->   Operation 16 'br' 'br_ln41' <Predicate = true> <Delay = 0.00>
ST_1 : Operation 17 [1/1] (1.58ns)   --->   "%store_ln41 = store i5 %i_6, i5 %i" [firmware/nnet_utils/nnet_activation_stream.h:41]   --->   Operation 17 'store' 'store_ln41' <Predicate = (!icmp_ln41)> <Delay = 1.58>

State 2 <SV = 1> <Delay = 3.37>
ST_2 : Operation 18 [1/1] (1.82ns)   --->   "%layer6_out_read = read i152 @_ssdm_op_Read.ap_fifo.volatile.i152P0A, i152 %layer6_out" [firmware/nnet_utils/nnet_activation_stream.h:44]   --->   Operation 18 'read' 'layer6_out_read' <Predicate = true> <Delay = 1.82> <CoreInst = "FIFO">   --->   Core 78 'FIFO' <Latency = 0> <II = 1> <Delay = 3.70> <Storage> <Opcode : 'read' 'write' 'nbread' 'nbwrite'> <Ports = 0> <Width = 152> <Depth = 16> <FIFO>
ST_2 : Operation 19 [1/1] (0.00ns)   --->   "%p_Val2_s = trunc i152 %layer6_out_read" [firmware/nnet_utils/nnet_activation_stream.h:44]   --->   Operation 19 'trunc' 'p_Val2_s' <Predicate = true> <Delay = 0.00>
ST_2 : Operation 20 [1/1] (0.00ns)   --->   "%p_Val2_29 = partselect i19 @_ssdm_op_PartSelect.i19.i152.i32.i32, i152 %layer6_out_read, i32 114, i32 132" [firmware/nnet_utils/nnet_activation_stream.h:44]   --->   Operation 20 'partselect' 'p_Val2_29' <Predicate = true> <Delay = 0.00>
ST_2 : Operation 21 [1/1] (0.00ns)   --->   "%p_Val2_1 = partselect i19 @_ssdm_op_PartSelect.i19.i152.i32.i32, i152 %layer6_out_read, i32 133, i32 151" [firmware/nnet_utils/nnet_activation_stream.h:44]   --->   Operation 21 'partselect' 'p_Val2_1' <Predicate = true> <Delay = 0.00>
ST_2 : Operation 22 [1/1] (0.00ns)   --->   "%p_Val2_9 = partselect i19 @_ssdm_op_PartSelect.i19.i152.i32.i32, i152 %layer6_out_read, i32 19, i32 37" [firmware/nnet_utils/nnet_activation_stream.h:44]   --->   Operation 22 'partselect' 'p_Val2_9' <Predicate = true> <Delay = 0.00>
ST_2 : Operation 23 [1/1] (0.00ns)   --->   "%p_Val2_10 = partselect i19 @_ssdm_op_PartSelect.i19.i152.i32.i32, i152 %layer6_out_read, i32 38, i32 56" [firmware/nnet_utils/nnet_activation_stream.h:44]   --->   Operation 23 'partselect' 'p_Val2_10' <Predicate = true> <Delay = 0.00>
ST_2 : Operation 24 [1/1] (0.00ns)   --->   "%p_Val2_11 = partselect i19 @_ssdm_op_PartSelect.i19.i152.i32.i32, i152 %layer6_out_read, i32 57, i32 75" [firmware/nnet_utils/nnet_activation_stream.h:44]   --->   Operation 24 'partselect' 'p_Val2_11' <Predicate = true> <Delay = 0.00>
ST_2 : Operation 25 [1/1] (0.00ns)   --->   "%p_Val2_12 = partselect i19 @_ssdm_op_PartSelect.i19.i152.i32.i32, i152 %layer6_out_read, i32 76, i32 94" [firmware/nnet_utils/nnet_activation_stream.h:44]   --->   Operation 25 'partselect' 'p_Val2_12' <Predicate = true> <Delay = 0.00>
ST_2 : Operation 26 [1/1] (0.00ns)   --->   "%p_Val2_2 = partselect i19 @_ssdm_op_PartSelect.i19.i152.i32.i32, i152 %layer6_out_read, i32 95, i32 113" [firmware/nnet_utils/nnet_activation_stream.h:44]   --->   Operation 26 'partselect' 'p_Val2_2' <Predicate = true> <Delay = 0.00>
ST_2 : Operation 27 [1/1] (0.00ns)   --->   "%trunc_ln828 = trunc i152 %layer6_out_read"   --->   Operation 27 'trunc' 'trunc_ln828' <Predicate = true> <Delay = 0.00>
ST_2 : Operation 28 [1/1] (1.30ns)   --->   "%r = icmp_ne  i4 %trunc_ln828, i4 0"   --->   Operation 28 'icmp' 'r' <Predicate = true> <Delay = 1.30> <CoreInst = "Cmp">   --->   Core 9 'Cmp' <Latency = 0> <II = 1> <Delay = 1.30> <FuncUnit> <Opcode : 'icmp'> <InPorts = 2> <OutPorts = 1>
ST_2 : Operation 29 [1/1] (0.00ns)   --->   "%tmp_s = partselect i8 @_ssdm_op_PartSelect.i8.i152.i32.i32, i152 %layer6_out_read, i32 11, i32 18"   --->   Operation 29 'partselect' 'tmp_s' <Predicate = true> <Delay = 0.00>
ST_2 : Operation 30 [1/1] (1.55ns)   --->   "%Range1_all_ones = icmp_eq  i8 %tmp_s, i8 255"   --->   Operation 30 'icmp' 'Range1_all_ones' <Predicate = true> <Delay = 1.55> <CoreInst = "Cmp">   --->   Core 9 'Cmp' <Latency = 0> <II = 1> <Delay = 1.55> <FuncUnit> <Opcode : 'icmp'> <InPorts = 2> <OutPorts = 1>
ST_2 : Operation 31 [1/1] (1.55ns)   --->   "%Range1_all_zeros = icmp_eq  i8 %tmp_s, i8 0"   --->   Operation 31 'icmp' 'Range1_all_zeros' <Predicate = true> <Delay = 1.55> <CoreInst = "Cmp">   --->   Core 9 'Cmp' <Latency = 0> <II = 1> <Delay = 1.55> <FuncUnit> <Opcode : 'icmp'> <InPorts = 2> <OutPorts = 1>
ST_2 : Operation 32 [1/1] (0.00ns)   --->   "%tmp = partselect i4 @_ssdm_op_PartSelect.i4.i152.i32.i32, i152 %layer6_out_read, i32 19, i32 22"   --->   Operation 32 'partselect' 'tmp' <Predicate = true> <Delay = 0.00>
ST_2 : Operation 33 [1/1] (1.30ns)   --->   "%r_1 = icmp_ne  i4 %tmp, i4 0"   --->   Operation 33 'icmp' 'r_1' <Predicate = true> <Delay = 1.30> <CoreInst = "Cmp">   --->   Core 9 'Cmp' <Latency = 0> <II = 1> <Delay = 1.30> <FuncUnit> <Opcode : 'icmp'> <InPorts = 2> <OutPorts = 1>
ST_2 : Operation 34 [1/1] (0.00ns)   --->   "%tmp_1 = partselect i8 @_ssdm_op_PartSelect.i8.i152.i32.i32, i152 %layer6_out_read, i32 30, i32 37"   --->   Operation 34 'partselect' 'tmp_1' <Predicate = true> <Delay = 0.00>
ST_2 : Operation 35 [1/1] (1.55ns)   --->   "%Range1_all_ones_1 = icmp_eq  i8 %tmp_1, i8 255"   --->   Operation 35 'icmp' 'Range1_all_ones_1' <Predicate = true> <Delay = 1.55> <CoreInst = "Cmp">   --->   Core 9 'Cmp' <Latency = 0> <II = 1> <Delay = 1.55> <FuncUnit> <Opcode : 'icmp'> <InPorts = 2> <OutPorts = 1>
ST_2 : Operation 36 [1/1] (1.55ns)   --->   "%Range1_all_zeros_1 = icmp_eq  i8 %tmp_1, i8 0"   --->   Operation 36 'icmp' 'Range1_all_zeros_1' <Predicate = true> <Delay = 1.55> <CoreInst = "Cmp">   --->   Core 9 'Cmp' <Latency = 0> <II = 1> <Delay = 1.55> <FuncUnit> <Opcode : 'icmp'> <InPorts = 2> <OutPorts = 1>
ST_2 : Operation 37 [1/1] (0.00ns)   --->   "%tmp_2 = partselect i4 @_ssdm_op_PartSelect.i4.i152.i32.i32, i152 %layer6_out_read, i32 38, i32 41"   --->   Operation 37 'partselect' 'tmp_2' <Predicate = true> <Delay = 0.00>
ST_2 : Operation 38 [1/1] (1.30ns)   --->   "%r_2 = icmp_ne  i4 %tmp_2, i4 0"   --->   Operation 38 'icmp' 'r_2' <Predicate = true> <Delay = 1.30> <CoreInst = "Cmp">   --->   Core 9 'Cmp' <Latency = 0> <II = 1> <Delay = 1.30> <FuncUnit> <Opcode : 'icmp'> <InPorts = 2> <OutPorts = 1>
ST_2 : Operation 39 [1/1] (0.00ns)   --->   "%tmp_3 = partselect i8 @_ssdm_op_PartSelect.i8.i152.i32.i32, i152 %layer6_out_read, i32 49, i32 56"   --->   Operation 39 'partselect' 'tmp_3' <Predicate = true> <Delay = 0.00>
ST_2 : Operation 40 [1/1] (1.55ns)   --->   "%Range1_all_ones_2 = icmp_eq  i8 %tmp_3, i8 255"   --->   Operation 40 'icmp' 'Range1_all_ones_2' <Predicate = true> <Delay = 1.55> <CoreInst = "Cmp">   --->   Core 9 'Cmp' <Latency = 0> <II = 1> <Delay = 1.55> <FuncUnit> <Opcode : 'icmp'> <InPorts = 2> <OutPorts = 1>
ST_2 : Operation 41 [1/1] (1.55ns)   --->   "%Range1_all_zeros_2 = icmp_eq  i8 %tmp_3, i8 0"   --->   Operation 41 'icmp' 'Range1_all_zeros_2' <Predicate = true> <Delay = 1.55> <CoreInst = "Cmp">   --->   Core 9 'Cmp' <Latency = 0> <II = 1> <Delay = 1.55> <FuncUnit> <Opcode : 'icmp'> <InPorts = 2> <OutPorts = 1>
ST_2 : Operation 42 [1/1] (0.00ns)   --->   "%tmp_4 = partselect i4 @_ssdm_op_PartSelect.i4.i152.i32.i32, i152 %layer6_out_read, i32 57, i32 60"   --->   Operation 42 'partselect' 'tmp_4' <Predicate = true> <Delay = 0.00>
ST_2 : Operation 43 [1/1] (1.30ns)   --->   "%r_3 = icmp_ne  i4 %tmp_4, i4 0"   --->   Operation 43 'icmp' 'r_3' <Predicate = true> <Delay = 1.30> <CoreInst = "Cmp">   --->   Core 9 'Cmp' <Latency = 0> <II = 1> <Delay = 1.30> <FuncUnit> <Opcode : 'icmp'> <InPorts = 2> <OutPorts = 1>
ST_2 : Operation 44 [1/1] (0.00ns)   --->   "%tmp_5 = partselect i8 @_ssdm_op_PartSelect.i8.i152.i32.i32, i152 %layer6_out_read, i32 68, i32 75"   --->   Operation 44 'partselect' 'tmp_5' <Predicate = true> <Delay = 0.00>
ST_2 : Operation 45 [1/1] (1.55ns)   --->   "%Range1_all_ones_3 = icmp_eq  i8 %tmp_5, i8 255"   --->   Operation 45 'icmp' 'Range1_all_ones_3' <Predicate = true> <Delay = 1.55> <CoreInst = "Cmp">   --->   Core 9 'Cmp' <Latency = 0> <II = 1> <Delay = 1.55> <FuncUnit> <Opcode : 'icmp'> <InPorts = 2> <OutPorts = 1>
ST_2 : Operation 46 [1/1] (1.55ns)   --->   "%Range1_all_zeros_3 = icmp_eq  i8 %tmp_5, i8 0"   --->   Operation 46 'icmp' 'Range1_all_zeros_3' <Predicate = true> <Delay = 1.55> <CoreInst = "Cmp">   --->   Core 9 'Cmp' <Latency = 0> <II = 1> <Delay = 1.55> <FuncUnit> <Opcode : 'icmp'> <InPorts = 2> <OutPorts = 1>
ST_2 : Operation 47 [1/1] (0.00ns)   --->   "%tmp_6 = partselect i4 @_ssdm_op_PartSelect.i4.i152.i32.i32, i152 %layer6_out_read, i32 76, i32 79"   --->   Operation 47 'partselect' 'tmp_6' <Predicate = true> <Delay = 0.00>
ST_2 : Operation 48 [1/1] (1.30ns)   --->   "%r_4 = icmp_ne  i4 %tmp_6, i4 0"   --->   Operation 48 'icmp' 'r_4' <Predicate = true> <Delay = 1.30> <CoreInst = "Cmp">   --->   Core 9 'Cmp' <Latency = 0> <II = 1> <Delay = 1.30> <FuncUnit> <Opcode : 'icmp'> <InPorts = 2> <OutPorts = 1>
ST_2 : Operation 49 [1/1] (0.00ns)   --->   "%tmp_7 = partselect i8 @_ssdm_op_PartSelect.i8.i152.i32.i32, i152 %layer6_out_read, i32 87, i32 94"   --->   Operation 49 'partselect' 'tmp_7' <Predicate = true> <Delay = 0.00>
ST_2 : Operation 50 [1/1] (1.55ns)   --->   "%Range1_all_ones_4 = icmp_eq  i8 %tmp_7, i8 255"   --->   Operation 50 'icmp' 'Range1_all_ones_4' <Predicate = true> <Delay = 1.55> <CoreInst = "Cmp">   --->   Core 9 'Cmp' <Latency = 0> <II = 1> <Delay = 1.55> <FuncUnit> <Opcode : 'icmp'> <InPorts = 2> <OutPorts = 1>
ST_2 : Operation 51 [1/1] (1.55ns)   --->   "%Range1_all_zeros_4 = icmp_eq  i8 %tmp_7, i8 0"   --->   Operation 51 'icmp' 'Range1_all_zeros_4' <Predicate = true> <Delay = 1.55> <CoreInst = "Cmp">   --->   Core 9 'Cmp' <Latency = 0> <II = 1> <Delay = 1.55> <FuncUnit> <Opcode : 'icmp'> <InPorts = 2> <OutPorts = 1>
ST_2 : Operation 52 [1/1] (0.00ns)   --->   "%tmp_8 = partselect i4 @_ssdm_op_PartSelect.i4.i152.i32.i32, i152 %layer6_out_read, i32 95, i32 98"   --->   Operation 52 'partselect' 'tmp_8' <Predicate = true> <Delay = 0.00>
ST_2 : Operation 53 [1/1] (1.30ns)   --->   "%r_5 = icmp_ne  i4 %tmp_8, i4 0"   --->   Operation 53 'icmp' 'r_5' <Predicate = true> <Delay = 1.30> <CoreInst = "Cmp">   --->   Core 9 'Cmp' <Latency = 0> <II = 1> <Delay = 1.30> <FuncUnit> <Opcode : 'icmp'> <InPorts = 2> <OutPorts = 1>
ST_2 : Operation 54 [1/1] (0.00ns)   --->   "%tmp_9 = partselect i8 @_ssdm_op_PartSelect.i8.i152.i32.i32, i152 %layer6_out_read, i32 106, i32 113"   --->   Operation 54 'partselect' 'tmp_9' <Predicate = true> <Delay = 0.00>
ST_2 : Operation 55 [1/1] (1.55ns)   --->   "%Range1_all_ones_5 = icmp_eq  i8 %tmp_9, i8 255"   --->   Operation 55 'icmp' 'Range1_all_ones_5' <Predicate = true> <Delay = 1.55> <CoreInst = "Cmp">   --->   Core 9 'Cmp' <Latency = 0> <II = 1> <Delay = 1.55> <FuncUnit> <Opcode : 'icmp'> <InPorts = 2> <OutPorts = 1>
ST_2 : Operation 56 [1/1] (1.55ns)   --->   "%Range1_all_zeros_5 = icmp_eq  i8 %tmp_9, i8 0"   --->   Operation 56 'icmp' 'Range1_all_zeros_5' <Predicate = true> <Delay = 1.55> <CoreInst = "Cmp">   --->   Core 9 'Cmp' <Latency = 0> <II = 1> <Delay = 1.55> <FuncUnit> <Opcode : 'icmp'> <InPorts = 2> <OutPorts = 1>
ST_2 : Operation 57 [1/1] (0.00ns)   --->   "%tmp_10 = partselect i4 @_ssdm_op_PartSelect.i4.i152.i32.i32, i152 %layer6_out_read, i32 114, i32 117"   --->   Operation 57 'partselect' 'tmp_10' <Predicate = true> <Delay = 0.00>
ST_2 : Operation 58 [1/1] (1.30ns)   --->   "%r_6 = icmp_ne  i4 %tmp_10, i4 0"   --->   Operation 58 'icmp' 'r_6' <Predicate = true> <Delay = 1.30> <CoreInst = "Cmp">   --->   Core 9 'Cmp' <Latency = 0> <II = 1> <Delay = 1.30> <FuncUnit> <Opcode : 'icmp'> <InPorts = 2> <OutPorts = 1>
ST_2 : Operation 59 [1/1] (0.00ns)   --->   "%tmp_11 = partselect i8 @_ssdm_op_PartSelect.i8.i152.i32.i32, i152 %layer6_out_read, i32 125, i32 132"   --->   Operation 59 'partselect' 'tmp_11' <Predicate = true> <Delay = 0.00>
ST_2 : Operation 60 [1/1] (1.55ns)   --->   "%Range1_all_ones_6 = icmp_eq  i8 %tmp_11, i8 255"   --->   Operation 60 'icmp' 'Range1_all_ones_6' <Predicate = true> <Delay = 1.55> <CoreInst = "Cmp">   --->   Core 9 'Cmp' <Latency = 0> <II = 1> <Delay = 1.55> <FuncUnit> <Opcode : 'icmp'> <InPorts = 2> <OutPorts = 1>
ST_2 : Operation 61 [1/1] (1.55ns)   --->   "%Range1_all_zeros_6 = icmp_eq  i8 %tmp_11, i8 0"   --->   Operation 61 'icmp' 'Range1_all_zeros_6' <Predicate = true> <Delay = 1.55> <CoreInst = "Cmp">   --->   Core 9 'Cmp' <Latency = 0> <II = 1> <Delay = 1.55> <FuncUnit> <Opcode : 'icmp'> <InPorts = 2> <OutPorts = 1>
ST_2 : Operation 62 [1/1] (0.00ns)   --->   "%tmp_12 = partselect i4 @_ssdm_op_PartSelect.i4.i152.i32.i32, i152 %layer6_out_read, i32 133, i32 136"   --->   Operation 62 'partselect' 'tmp_12' <Predicate = true> <Delay = 0.00>
ST_2 : Operation 63 [1/1] (1.30ns)   --->   "%r_7 = icmp_ne  i4 %tmp_12, i4 0"   --->   Operation 63 'icmp' 'r_7' <Predicate = true> <Delay = 1.30> <CoreInst = "Cmp">   --->   Core 9 'Cmp' <Latency = 0> <II = 1> <Delay = 1.30> <FuncUnit> <Opcode : 'icmp'> <InPorts = 2> <OutPorts = 1>
ST_2 : Operation 64 [1/1] (0.00ns)   --->   "%tmp_13 = partselect i8 @_ssdm_op_PartSelect.i8.i152.i32.i32, i152 %layer6_out_read, i32 144, i32 151"   --->   Operation 64 'partselect' 'tmp_13' <Predicate = true> <Delay = 0.00>
ST_2 : Operation 65 [1/1] (1.55ns)   --->   "%Range1_all_ones_7 = icmp_eq  i8 %tmp_13, i8 255"   --->   Operation 65 'icmp' 'Range1_all_ones_7' <Predicate = true> <Delay = 1.55> <CoreInst = "Cmp">   --->   Core 9 'Cmp' <Latency = 0> <II = 1> <Delay = 1.55> <FuncUnit> <Opcode : 'icmp'> <InPorts = 2> <OutPorts = 1>
ST_2 : Operation 66 [1/1] (1.55ns)   --->   "%Range1_all_zeros_7 = icmp_eq  i8 %tmp_13, i8 0"   --->   Operation 66 'icmp' 'Range1_all_zeros_7' <Predicate = true> <Delay = 1.55> <CoreInst = "Cmp">   --->   Core 9 'Cmp' <Latency = 0> <II = 1> <Delay = 1.55> <FuncUnit> <Opcode : 'icmp'> <InPorts = 2> <OutPorts = 1>

State 3 <SV = 2> <Delay = 3.01>
ST_3 : Operation 67 [1/1] (2.43ns)   --->   "%icmp_ln1649 = icmp_sgt  i19 %p_Val2_s, i19 0"   --->   Operation 67 'icmp' 'icmp_ln1649' <Predicate = true> <Delay = 2.43> <CoreInst = "Cmp">   --->   Core 9 'Cmp' <Latency = 0> <II = 1> <Delay = 2.43> <FuncUnit> <Opcode : 'icmp'> <InPorts = 2> <OutPorts = 1>
ST_3 : Operation 68 [1/1] (0.00ns) (grouped into LUT with out node p_Val2_23)   --->   "%p_Val2_3 = partselect i6 @_ssdm_op_PartSelect.i6.i152.i32.i32, i152 %layer6_out_read, i32 5, i32 10"   --->   Operation 68 'partselect' 'p_Val2_3' <Predicate = true> <Delay = 0.00>
ST_3 : Operation 69 [1/1] (0.00ns) (grouped into LUT with out node p_Val2_23)   --->   "%p_Result_s = bitselect i1 @_ssdm_op_BitSelect.i1.i152.i32, i152 %layer6_out_read, i32 5"   --->   Operation 69 'bitselect' 'p_Result_s' <Predicate = true> <Delay = 0.00>
ST_3 : Operation 70 [1/1] (0.00ns) (grouped into LUT with out node p_Val2_23)   --->   "%p_Result_98 = bitselect i1 @_ssdm_op_BitSelect.i1.i152.i32, i152 %layer6_out_read, i32 4"   --->   Operation 70 'bitselect' 'p_Result_98' <Predicate = true> <Delay = 0.00>
ST_3 : Operation 71 [1/1] (0.00ns) (grouped into LUT with out node out_data_data)   --->   "%p_Result_99 = bitselect i1 @_ssdm_op_BitSelect.i1.i152.i32, i152 %layer6_out_read, i32 10"   --->   Operation 71 'bitselect' 'p_Result_99' <Predicate = true> <Delay = 0.00>
ST_3 : Operation 72 [1/1] (0.00ns) (grouped into LUT with out node p_Val2_23)   --->   "%or_ln374 = or i1 %p_Result_s, i1 %r"   --->   Operation 72 'or' 'or_ln374' <Predicate = true> <Delay = 0.00> <CoreInst = "LogicGate">   --->   Core 74 'LogicGate' <Latency = 0> <II = 1> <Delay = 0.97> <FuncUnit> <Opcode : 'and' 'or' 'xor'> <InPorts = 2> <OutPorts = 1>
ST_3 : Operation 73 [1/1] (0.00ns) (grouped into LUT with out node p_Val2_23)   --->   "%and_ln374 = and i1 %or_ln374, i1 %p_Result_98"   --->   Operation 73 'and' 'and_ln374' <Predicate = true> <Delay = 0.00> <CoreInst = "LogicGate">   --->   Core 74 'LogicGate' <Latency = 0> <II = 1> <Delay = 0.97> <FuncUnit> <Opcode : 'and' 'or' 'xor'> <InPorts = 2> <OutPorts = 1>
ST_3 : Operation 74 [1/1] (0.00ns) (grouped into LUT with out node p_Val2_23)   --->   "%zext_ln377 = zext i1 %and_ln374"   --->   Operation 74 'zext' 'zext_ln377' <Predicate = true> <Delay = 0.00>
ST_3 : Operation 75 [1/1] (1.82ns) (out node of the LUT)   --->   "%p_Val2_23 = add i6 %p_Val2_3, i6 %zext_ln377"   --->   Operation 75 'add' 'p_Val2_23' <Predicate = true> <Delay = 1.82> <CoreInst = "Adder">   --->   Core 1 'Adder' <Latency = 0> <II = 1> <Delay = 1.82> <FuncUnit> <Opcode : 'add' 'sub'> <InPorts = 2> <OutPorts = 1>
ST_3 : Operation 76 [1/1] (0.00ns) (grouped into LUT with out node out_data_data)   --->   "%tmp_50 = bitselect i1 @_ssdm_op_BitSelect.i1.i6.i32, i6 %p_Val2_23, i32 5"   --->   Operation 76 'bitselect' 'tmp_50' <Predicate = true> <Delay = 0.00>
ST_3 : Operation 77 [1/1] (0.00ns) (grouped into LUT with out node out_data_data)   --->   "%select_ln888 = select i1 %tmp_50, i1 %Range1_all_zeros, i1 %Range1_all_ones"   --->   Operation 77 'select' 'select_ln888' <Predicate = true> <Delay = 0.00> <CoreInst = "Sel">   --->   Core 73 'Sel' <Latency = 0> <II = 1> <Delay = 0.99> <FuncUnit> <Opcode : 'select'> <InPorts = 3> <OutPorts = 1>
ST_3 : Operation 78 [1/1] (0.00ns) (grouped into LUT with out node out_data_data)   --->   "%deleted_zeros = select i1 %p_Result_99, i1 %select_ln888, i1 %Range1_all_zeros"   --->   Operation 78 'select' 'deleted_zeros' <Predicate = true> <Delay = 0.00> <CoreInst = "Sel">   --->   Core 73 'Sel' <Latency = 0> <II = 1> <Delay = 0.99> <FuncUnit> <Opcode : 'select'> <InPorts = 3> <OutPorts = 1>
ST_3 : Operation 79 [1/1] (1.18ns) (out node of the LUT)   --->   "%out_data_data = select i1 %deleted_zeros, i6 %p_Val2_23, i6 63"   --->   Operation 79 'select' 'out_data_data' <Predicate = true> <Delay = 1.18> <CoreInst = "Sel">   --->   Core 73 'Sel' <Latency = 0> <II = 1> <Delay = 1.18> <FuncUnit> <Opcode : 'select'> <InPorts = 3> <OutPorts = 1>
ST_3 : Operation 80 [1/1] (2.43ns)   --->   "%icmp_ln1649_1 = icmp_sgt  i19 %p_Val2_9, i19 0"   --->   Operation 80 'icmp' 'icmp_ln1649_1' <Predicate = true> <Delay = 2.43> <CoreInst = "Cmp">   --->   Core 9 'Cmp' <Latency = 0> <II = 1> <Delay = 2.43> <FuncUnit> <Opcode : 'icmp'> <InPorts = 2> <OutPorts = 1>
ST_3 : Operation 81 [1/1] (0.00ns) (grouped into LUT with out node p_Val2_24)   --->   "%p_Val2_4 = partselect i6 @_ssdm_op_PartSelect.i6.i152.i32.i32, i152 %layer6_out_read, i32 24, i32 29"   --->   Operation 81 'partselect' 'p_Val2_4' <Predicate = true> <Delay = 0.00>
ST_3 : Operation 82 [1/1] (0.00ns) (grouped into LUT with out node p_Val2_24)   --->   "%p_Result_79 = bitselect i1 @_ssdm_op_BitSelect.i1.i152.i32, i152 %layer6_out_read, i32 24"   --->   Operation 82 'bitselect' 'p_Result_79' <Predicate = true> <Delay = 0.00>
ST_3 : Operation 83 [1/1] (0.00ns) (grouped into LUT with out node p_Val2_24)   --->   "%p_Result_100 = bitselect i1 @_ssdm_op_BitSelect.i1.i152.i32, i152 %layer6_out_read, i32 23"   --->   Operation 83 'bitselect' 'p_Result_100' <Predicate = true> <Delay = 0.00>
ST_3 : Operation 84 [1/1] (0.00ns) (grouped into LUT with out node out_data_data_2)   --->   "%p_Result_101 = bitselect i1 @_ssdm_op_BitSelect.i1.i152.i32, i152 %layer6_out_read, i32 29"   --->   Operation 84 'bitselect' 'p_Result_101' <Predicate = true> <Delay = 0.00>
ST_3 : Operation 85 [1/1] (0.00ns) (grouped into LUT with out node p_Val2_24)   --->   "%or_ln374_1 = or i1 %p_Result_79, i1 %r_1"   --->   Operation 85 'or' 'or_ln374_1' <Predicate = true> <Delay = 0.00> <CoreInst = "LogicGate">   --->   Core 74 'LogicGate' <Latency = 0> <II = 1> <Delay = 0.97> <FuncUnit> <Opcode : 'and' 'or' 'xor'> <InPorts = 2> <OutPorts = 1>
ST_3 : Operation 86 [1/1] (0.00ns) (grouped into LUT with out node p_Val2_24)   --->   "%and_ln374_1 = and i1 %or_ln374_1, i1 %p_Result_100"   --->   Operation 86 'and' 'and_ln374_1' <Predicate = true> <Delay = 0.00> <CoreInst = "LogicGate">   --->   Core 74 'LogicGate' <Latency = 0> <II = 1> <Delay = 0.97> <FuncUnit> <Opcode : 'and' 'or' 'xor'> <InPorts = 2> <OutPorts = 1>
ST_3 : Operation 87 [1/1] (0.00ns) (grouped into LUT with out node p_Val2_24)   --->   "%zext_ln377_1 = zext i1 %and_ln374_1"   --->   Operation 87 'zext' 'zext_ln377_1' <Predicate = true> <Delay = 0.00>
ST_3 : Operation 88 [1/1] (1.82ns) (out node of the LUT)   --->   "%p_Val2_24 = add i6 %p_Val2_4, i6 %zext_ln377_1"   --->   Operation 88 'add' 'p_Val2_24' <Predicate = true> <Delay = 1.82> <CoreInst = "Adder">   --->   Core 1 'Adder' <Latency = 0> <II = 1> <Delay = 1.82> <FuncUnit> <Opcode : 'add' 'sub'> <InPorts = 2> <OutPorts = 1>
ST_3 : Operation 89 [1/1] (0.00ns) (grouped into LUT with out node out_data_data_2)   --->   "%tmp_54 = bitselect i1 @_ssdm_op_BitSelect.i1.i6.i32, i6 %p_Val2_24, i32 5"   --->   Operation 89 'bitselect' 'tmp_54' <Predicate = true> <Delay = 0.00>
ST_3 : Operation 90 [1/1] (0.00ns) (grouped into LUT with out node out_data_data_2)   --->   "%select_ln888_1 = select i1 %tmp_54, i1 %Range1_all_zeros_1, i1 %Range1_all_ones_1"   --->   Operation 90 'select' 'select_ln888_1' <Predicate = true> <Delay = 0.00> <CoreInst = "Sel">   --->   Core 73 'Sel' <Latency = 0> <II = 1> <Delay = 0.99> <FuncUnit> <Opcode : 'select'> <InPorts = 3> <OutPorts = 1>
ST_3 : Operation 91 [1/1] (0.00ns) (grouped into LUT with out node out_data_data_2)   --->   "%deleted_zeros_1 = select i1 %p_Result_101, i1 %select_ln888_1, i1 %Range1_all_zeros_1"   --->   Operation 91 'select' 'deleted_zeros_1' <Predicate = true> <Delay = 0.00> <CoreInst = "Sel">   --->   Core 73 'Sel' <Latency = 0> <II = 1> <Delay = 0.99> <FuncUnit> <Opcode : 'select'> <InPorts = 3> <OutPorts = 1>
ST_3 : Operation 92 [1/1] (1.18ns) (out node of the LUT)   --->   "%out_data_data_2 = select i1 %deleted_zeros_1, i6 %p_Val2_24, i6 63"   --->   Operation 92 'select' 'out_data_data_2' <Predicate = true> <Delay = 1.18> <CoreInst = "Sel">   --->   Core 73 'Sel' <Latency = 0> <II = 1> <Delay = 1.18> <FuncUnit> <Opcode : 'select'> <InPorts = 3> <OutPorts = 1>
ST_3 : Operation 93 [1/1] (2.43ns)   --->   "%icmp_ln1649_2 = icmp_sgt  i19 %p_Val2_10, i19 0"   --->   Operation 93 'icmp' 'icmp_ln1649_2' <Predicate = true> <Delay = 2.43> <CoreInst = "Cmp">   --->   Core 9 'Cmp' <Latency = 0> <II = 1> <Delay = 2.43> <FuncUnit> <Opcode : 'icmp'> <InPorts = 2> <OutPorts = 1>
ST_3 : Operation 94 [1/1] (0.00ns) (grouped into LUT with out node p_Val2_25)   --->   "%p_Val2_5 = partselect i6 @_ssdm_op_PartSelect.i6.i152.i32.i32, i152 %layer6_out_read, i32 43, i32 48"   --->   Operation 94 'partselect' 'p_Val2_5' <Predicate = true> <Delay = 0.00>
ST_3 : Operation 95 [1/1] (0.00ns) (grouped into LUT with out node p_Val2_25)   --->   "%p_Result_82 = bitselect i1 @_ssdm_op_BitSelect.i1.i152.i32, i152 %layer6_out_read, i32 43"   --->   Operation 95 'bitselect' 'p_Result_82' <Predicate = true> <Delay = 0.00>
ST_3 : Operation 96 [1/1] (0.00ns) (grouped into LUT with out node p_Val2_25)   --->   "%p_Result_102 = bitselect i1 @_ssdm_op_BitSelect.i1.i152.i32, i152 %layer6_out_read, i32 42"   --->   Operation 96 'bitselect' 'p_Result_102' <Predicate = true> <Delay = 0.00>
ST_3 : Operation 97 [1/1] (0.00ns) (grouped into LUT with out node out_data_data_4)   --->   "%p_Result_103 = bitselect i1 @_ssdm_op_BitSelect.i1.i152.i32, i152 %layer6_out_read, i32 48"   --->   Operation 97 'bitselect' 'p_Result_103' <Predicate = true> <Delay = 0.00>
ST_3 : Operation 98 [1/1] (0.00ns) (grouped into LUT with out node p_Val2_25)   --->   "%or_ln374_2 = or i1 %p_Result_82, i1 %r_2"   --->   Operation 98 'or' 'or_ln374_2' <Predicate = true> <Delay = 0.00> <CoreInst = "LogicGate">   --->   Core 74 'LogicGate' <Latency = 0> <II = 1> <Delay = 0.97> <FuncUnit> <Opcode : 'and' 'or' 'xor'> <InPorts = 2> <OutPorts = 1>
ST_3 : Operation 99 [1/1] (0.00ns) (grouped into LUT with out node p_Val2_25)   --->   "%and_ln374_2 = and i1 %or_ln374_2, i1 %p_Result_102"   --->   Operation 99 'and' 'and_ln374_2' <Predicate = true> <Delay = 0.00> <CoreInst = "LogicGate">   --->   Core 74 'LogicGate' <Latency = 0> <II = 1> <Delay = 0.97> <FuncUnit> <Opcode : 'and' 'or' 'xor'> <InPorts = 2> <OutPorts = 1>
ST_3 : Operation 100 [1/1] (0.00ns) (grouped into LUT with out node p_Val2_25)   --->   "%zext_ln377_2 = zext i1 %and_ln374_2"   --->   Operation 100 'zext' 'zext_ln377_2' <Predicate = true> <Delay = 0.00>
ST_3 : Operation 101 [1/1] (1.82ns) (out node of the LUT)   --->   "%p_Val2_25 = add i6 %p_Val2_5, i6 %zext_ln377_2"   --->   Operation 101 'add' 'p_Val2_25' <Predicate = true> <Delay = 1.82> <CoreInst = "Adder">   --->   Core 1 'Adder' <Latency = 0> <II = 1> <Delay = 1.82> <FuncUnit> <Opcode : 'add' 'sub'> <InPorts = 2> <OutPorts = 1>
ST_3 : Operation 102 [1/1] (0.00ns) (grouped into LUT with out node out_data_data_4)   --->   "%tmp_58 = bitselect i1 @_ssdm_op_BitSelect.i1.i6.i32, i6 %p_Val2_25, i32 5"   --->   Operation 102 'bitselect' 'tmp_58' <Predicate = true> <Delay = 0.00>
ST_3 : Operation 103 [1/1] (0.00ns) (grouped into LUT with out node out_data_data_4)   --->   "%select_ln888_2 = select i1 %tmp_58, i1 %Range1_all_zeros_2, i1 %Range1_all_ones_2"   --->   Operation 103 'select' 'select_ln888_2' <Predicate = true> <Delay = 0.00> <CoreInst = "Sel">   --->   Core 73 'Sel' <Latency = 0> <II = 1> <Delay = 0.99> <FuncUnit> <Opcode : 'select'> <InPorts = 3> <OutPorts = 1>
ST_3 : Operation 104 [1/1] (0.00ns) (grouped into LUT with out node out_data_data_4)   --->   "%deleted_zeros_2 = select i1 %p_Result_103, i1 %select_ln888_2, i1 %Range1_all_zeros_2"   --->   Operation 104 'select' 'deleted_zeros_2' <Predicate = true> <Delay = 0.00> <CoreInst = "Sel">   --->   Core 73 'Sel' <Latency = 0> <II = 1> <Delay = 0.99> <FuncUnit> <Opcode : 'select'> <InPorts = 3> <OutPorts = 1>
ST_3 : Operation 105 [1/1] (1.18ns) (out node of the LUT)   --->   "%out_data_data_4 = select i1 %deleted_zeros_2, i6 %p_Val2_25, i6 63"   --->   Operation 105 'select' 'out_data_data_4' <Predicate = true> <Delay = 1.18> <CoreInst = "Sel">   --->   Core 73 'Sel' <Latency = 0> <II = 1> <Delay = 1.18> <FuncUnit> <Opcode : 'select'> <InPorts = 3> <OutPorts = 1>
ST_3 : Operation 106 [1/1] (2.43ns)   --->   "%icmp_ln1649_3 = icmp_sgt  i19 %p_Val2_11, i19 0"   --->   Operation 106 'icmp' 'icmp_ln1649_3' <Predicate = true> <Delay = 2.43> <CoreInst = "Cmp">   --->   Core 9 'Cmp' <Latency = 0> <II = 1> <Delay = 2.43> <FuncUnit> <Opcode : 'icmp'> <InPorts = 2> <OutPorts = 1>
ST_3 : Operation 107 [1/1] (0.00ns) (grouped into LUT with out node p_Val2_26)   --->   "%p_Val2_6 = partselect i6 @_ssdm_op_PartSelect.i6.i152.i32.i32, i152 %layer6_out_read, i32 62, i32 67"   --->   Operation 107 'partselect' 'p_Val2_6' <Predicate = true> <Delay = 0.00>
ST_3 : Operation 108 [1/1] (0.00ns) (grouped into LUT with out node p_Val2_26)   --->   "%p_Result_85 = bitselect i1 @_ssdm_op_BitSelect.i1.i152.i32, i152 %layer6_out_read, i32 62"   --->   Operation 108 'bitselect' 'p_Result_85' <Predicate = true> <Delay = 0.00>
ST_3 : Operation 109 [1/1] (0.00ns) (grouped into LUT with out node p_Val2_26)   --->   "%p_Result_104 = bitselect i1 @_ssdm_op_BitSelect.i1.i152.i32, i152 %layer6_out_read, i32 61"   --->   Operation 109 'bitselect' 'p_Result_104' <Predicate = true> <Delay = 0.00>
ST_3 : Operation 110 [1/1] (0.00ns) (grouped into LUT with out node out_data_data_6)   --->   "%p_Result_105 = bitselect i1 @_ssdm_op_BitSelect.i1.i152.i32, i152 %layer6_out_read, i32 67"   --->   Operation 110 'bitselect' 'p_Result_105' <Predicate = true> <Delay = 0.00>
ST_3 : Operation 111 [1/1] (0.00ns) (grouped into LUT with out node p_Val2_26)   --->   "%or_ln374_3 = or i1 %p_Result_85, i1 %r_3"   --->   Operation 111 'or' 'or_ln374_3' <Predicate = true> <Delay = 0.00> <CoreInst = "LogicGate">   --->   Core 74 'LogicGate' <Latency = 0> <II = 1> <Delay = 0.97> <FuncUnit> <Opcode : 'and' 'or' 'xor'> <InPorts = 2> <OutPorts = 1>
ST_3 : Operation 112 [1/1] (0.00ns) (grouped into LUT with out node p_Val2_26)   --->   "%and_ln374_3 = and i1 %or_ln374_3, i1 %p_Result_104"   --->   Operation 112 'and' 'and_ln374_3' <Predicate = true> <Delay = 0.00> <CoreInst = "LogicGate">   --->   Core 74 'LogicGate' <Latency = 0> <II = 1> <Delay = 0.97> <FuncUnit> <Opcode : 'and' 'or' 'xor'> <InPorts = 2> <OutPorts = 1>
ST_3 : Operation 113 [1/1] (0.00ns) (grouped into LUT with out node p_Val2_26)   --->   "%zext_ln377_3 = zext i1 %and_ln374_3"   --->   Operation 113 'zext' 'zext_ln377_3' <Predicate = true> <Delay = 0.00>
ST_3 : Operation 114 [1/1] (1.82ns) (out node of the LUT)   --->   "%p_Val2_26 = add i6 %p_Val2_6, i6 %zext_ln377_3"   --->   Operation 114 'add' 'p_Val2_26' <Predicate = true> <Delay = 1.82> <CoreInst = "Adder">   --->   Core 1 'Adder' <Latency = 0> <II = 1> <Delay = 1.82> <FuncUnit> <Opcode : 'add' 'sub'> <InPorts = 2> <OutPorts = 1>
ST_3 : Operation 115 [1/1] (0.00ns) (grouped into LUT with out node out_data_data_6)   --->   "%tmp_62 = bitselect i1 @_ssdm_op_BitSelect.i1.i6.i32, i6 %p_Val2_26, i32 5"   --->   Operation 115 'bitselect' 'tmp_62' <Predicate = true> <Delay = 0.00>
ST_3 : Operation 116 [1/1] (0.00ns) (grouped into LUT with out node out_data_data_6)   --->   "%select_ln888_3 = select i1 %tmp_62, i1 %Range1_all_zeros_3, i1 %Range1_all_ones_3"   --->   Operation 116 'select' 'select_ln888_3' <Predicate = true> <Delay = 0.00> <CoreInst = "Sel">   --->   Core 73 'Sel' <Latency = 0> <II = 1> <Delay = 0.99> <FuncUnit> <Opcode : 'select'> <InPorts = 3> <OutPorts = 1>
ST_3 : Operation 117 [1/1] (0.00ns) (grouped into LUT with out node out_data_data_6)   --->   "%deleted_zeros_3 = select i1 %p_Result_105, i1 %select_ln888_3, i1 %Range1_all_zeros_3"   --->   Operation 117 'select' 'deleted_zeros_3' <Predicate = true> <Delay = 0.00> <CoreInst = "Sel">   --->   Core 73 'Sel' <Latency = 0> <II = 1> <Delay = 0.99> <FuncUnit> <Opcode : 'select'> <InPorts = 3> <OutPorts = 1>
ST_3 : Operation 118 [1/1] (1.18ns) (out node of the LUT)   --->   "%out_data_data_6 = select i1 %deleted_zeros_3, i6 %p_Val2_26, i6 63"   --->   Operation 118 'select' 'out_data_data_6' <Predicate = true> <Delay = 1.18> <CoreInst = "Sel">   --->   Core 73 'Sel' <Latency = 0> <II = 1> <Delay = 1.18> <FuncUnit> <Opcode : 'select'> <InPorts = 3> <OutPorts = 1>
ST_3 : Operation 119 [1/1] (2.43ns)   --->   "%icmp_ln1649_4 = icmp_sgt  i19 %p_Val2_12, i19 0"   --->   Operation 119 'icmp' 'icmp_ln1649_4' <Predicate = true> <Delay = 2.43> <CoreInst = "Cmp">   --->   Core 9 'Cmp' <Latency = 0> <II = 1> <Delay = 2.43> <FuncUnit> <Opcode : 'icmp'> <InPorts = 2> <OutPorts = 1>
ST_3 : Operation 120 [1/1] (0.00ns) (grouped into LUT with out node p_Val2_27)   --->   "%p_Val2_7 = partselect i6 @_ssdm_op_PartSelect.i6.i152.i32.i32, i152 %layer6_out_read, i32 81, i32 86"   --->   Operation 120 'partselect' 'p_Val2_7' <Predicate = true> <Delay = 0.00>
ST_3 : Operation 121 [1/1] (0.00ns) (grouped into LUT with out node p_Val2_27)   --->   "%p_Result_88 = bitselect i1 @_ssdm_op_BitSelect.i1.i152.i32, i152 %layer6_out_read, i32 81"   --->   Operation 121 'bitselect' 'p_Result_88' <Predicate = true> <Delay = 0.00>
ST_3 : Operation 122 [1/1] (0.00ns) (grouped into LUT with out node p_Val2_27)   --->   "%p_Result_106 = bitselect i1 @_ssdm_op_BitSelect.i1.i152.i32, i152 %layer6_out_read, i32 80"   --->   Operation 122 'bitselect' 'p_Result_106' <Predicate = true> <Delay = 0.00>
ST_3 : Operation 123 [1/1] (0.00ns) (grouped into LUT with out node out_data_data_8)   --->   "%p_Result_107 = bitselect i1 @_ssdm_op_BitSelect.i1.i152.i32, i152 %layer6_out_read, i32 86"   --->   Operation 123 'bitselect' 'p_Result_107' <Predicate = true> <Delay = 0.00>
ST_3 : Operation 124 [1/1] (0.00ns) (grouped into LUT with out node p_Val2_27)   --->   "%or_ln374_4 = or i1 %p_Result_88, i1 %r_4"   --->   Operation 124 'or' 'or_ln374_4' <Predicate = true> <Delay = 0.00> <CoreInst = "LogicGate">   --->   Core 74 'LogicGate' <Latency = 0> <II = 1> <Delay = 0.97> <FuncUnit> <Opcode : 'and' 'or' 'xor'> <InPorts = 2> <OutPorts = 1>
ST_3 : Operation 125 [1/1] (0.00ns) (grouped into LUT with out node p_Val2_27)   --->   "%and_ln374_4 = and i1 %or_ln374_4, i1 %p_Result_106"   --->   Operation 125 'and' 'and_ln374_4' <Predicate = true> <Delay = 0.00> <CoreInst = "LogicGate">   --->   Core 74 'LogicGate' <Latency = 0> <II = 1> <Delay = 0.97> <FuncUnit> <Opcode : 'and' 'or' 'xor'> <InPorts = 2> <OutPorts = 1>
ST_3 : Operation 126 [1/1] (0.00ns) (grouped into LUT with out node p_Val2_27)   --->   "%zext_ln377_4 = zext i1 %and_ln374_4"   --->   Operation 126 'zext' 'zext_ln377_4' <Predicate = true> <Delay = 0.00>
ST_3 : Operation 127 [1/1] (1.82ns) (out node of the LUT)   --->   "%p_Val2_27 = add i6 %p_Val2_7, i6 %zext_ln377_4"   --->   Operation 127 'add' 'p_Val2_27' <Predicate = true> <Delay = 1.82> <CoreInst = "Adder">   --->   Core 1 'Adder' <Latency = 0> <II = 1> <Delay = 1.82> <FuncUnit> <Opcode : 'add' 'sub'> <InPorts = 2> <OutPorts = 1>
ST_3 : Operation 128 [1/1] (0.00ns) (grouped into LUT with out node out_data_data_8)   --->   "%tmp_66 = bitselect i1 @_ssdm_op_BitSelect.i1.i6.i32, i6 %p_Val2_27, i32 5"   --->   Operation 128 'bitselect' 'tmp_66' <Predicate = true> <Delay = 0.00>
ST_3 : Operation 129 [1/1] (0.00ns) (grouped into LUT with out node out_data_data_8)   --->   "%select_ln888_4 = select i1 %tmp_66, i1 %Range1_all_zeros_4, i1 %Range1_all_ones_4"   --->   Operation 129 'select' 'select_ln888_4' <Predicate = true> <Delay = 0.00> <CoreInst = "Sel">   --->   Core 73 'Sel' <Latency = 0> <II = 1> <Delay = 0.99> <FuncUnit> <Opcode : 'select'> <InPorts = 3> <OutPorts = 1>
ST_3 : Operation 130 [1/1] (0.00ns) (grouped into LUT with out node out_data_data_8)   --->   "%deleted_zeros_4 = select i1 %p_Result_107, i1 %select_ln888_4, i1 %Range1_all_zeros_4"   --->   Operation 130 'select' 'deleted_zeros_4' <Predicate = true> <Delay = 0.00> <CoreInst = "Sel">   --->   Core 73 'Sel' <Latency = 0> <II = 1> <Delay = 0.99> <FuncUnit> <Opcode : 'select'> <InPorts = 3> <OutPorts = 1>
ST_3 : Operation 131 [1/1] (1.18ns) (out node of the LUT)   --->   "%out_data_data_8 = select i1 %deleted_zeros_4, i6 %p_Val2_27, i6 63"   --->   Operation 131 'select' 'out_data_data_8' <Predicate = true> <Delay = 1.18> <CoreInst = "Sel">   --->   Core 73 'Sel' <Latency = 0> <II = 1> <Delay = 1.18> <FuncUnit> <Opcode : 'select'> <InPorts = 3> <OutPorts = 1>
ST_3 : Operation 132 [1/1] (2.43ns)   --->   "%icmp_ln1649_5 = icmp_sgt  i19 %p_Val2_2, i19 0"   --->   Operation 132 'icmp' 'icmp_ln1649_5' <Predicate = true> <Delay = 2.43> <CoreInst = "Cmp">   --->   Core 9 'Cmp' <Latency = 0> <II = 1> <Delay = 2.43> <FuncUnit> <Opcode : 'icmp'> <InPorts = 2> <OutPorts = 1>
ST_3 : Operation 133 [1/1] (0.00ns) (grouped into LUT with out node p_Val2_28)   --->   "%p_Val2_8 = partselect i6 @_ssdm_op_PartSelect.i6.i152.i32.i32, i152 %layer6_out_read, i32 100, i32 105"   --->   Operation 133 'partselect' 'p_Val2_8' <Predicate = true> <Delay = 0.00>
ST_3 : Operation 134 [1/1] (0.00ns) (grouped into LUT with out node p_Val2_28)   --->   "%p_Result_91 = bitselect i1 @_ssdm_op_BitSelect.i1.i152.i32, i152 %layer6_out_read, i32 100"   --->   Operation 134 'bitselect' 'p_Result_91' <Predicate = true> <Delay = 0.00>
ST_3 : Operation 135 [1/1] (0.00ns) (grouped into LUT with out node p_Val2_28)   --->   "%p_Result_108 = bitselect i1 @_ssdm_op_BitSelect.i1.i152.i32, i152 %layer6_out_read, i32 99"   --->   Operation 135 'bitselect' 'p_Result_108' <Predicate = true> <Delay = 0.00>
ST_3 : Operation 136 [1/1] (0.00ns) (grouped into LUT with out node out_data_data_10)   --->   "%p_Result_109 = bitselect i1 @_ssdm_op_BitSelect.i1.i152.i32, i152 %layer6_out_read, i32 105"   --->   Operation 136 'bitselect' 'p_Result_109' <Predicate = true> <Delay = 0.00>
ST_3 : Operation 137 [1/1] (0.00ns) (grouped into LUT with out node p_Val2_28)   --->   "%or_ln374_5 = or i1 %p_Result_91, i1 %r_5"   --->   Operation 137 'or' 'or_ln374_5' <Predicate = true> <Delay = 0.00> <CoreInst = "LogicGate">   --->   Core 74 'LogicGate' <Latency = 0> <II = 1> <Delay = 0.97> <FuncUnit> <Opcode : 'and' 'or' 'xor'> <InPorts = 2> <OutPorts = 1>
ST_3 : Operation 138 [1/1] (0.00ns) (grouped into LUT with out node p_Val2_28)   --->   "%and_ln374_5 = and i1 %or_ln374_5, i1 %p_Result_108"   --->   Operation 138 'and' 'and_ln374_5' <Predicate = true> <Delay = 0.00> <CoreInst = "LogicGate">   --->   Core 74 'LogicGate' <Latency = 0> <II = 1> <Delay = 0.97> <FuncUnit> <Opcode : 'and' 'or' 'xor'> <InPorts = 2> <OutPorts = 1>
ST_3 : Operation 139 [1/1] (0.00ns) (grouped into LUT with out node p_Val2_28)   --->   "%zext_ln377_5 = zext i1 %and_ln374_5"   --->   Operation 139 'zext' 'zext_ln377_5' <Predicate = true> <Delay = 0.00>
ST_3 : Operation 140 [1/1] (1.82ns) (out node of the LUT)   --->   "%p_Val2_28 = add i6 %p_Val2_8, i6 %zext_ln377_5"   --->   Operation 140 'add' 'p_Val2_28' <Predicate = true> <Delay = 1.82> <CoreInst = "Adder">   --->   Core 1 'Adder' <Latency = 0> <II = 1> <Delay = 1.82> <FuncUnit> <Opcode : 'add' 'sub'> <InPorts = 2> <OutPorts = 1>
ST_3 : Operation 141 [1/1] (0.00ns) (grouped into LUT with out node out_data_data_10)   --->   "%tmp_70 = bitselect i1 @_ssdm_op_BitSelect.i1.i6.i32, i6 %p_Val2_28, i32 5"   --->   Operation 141 'bitselect' 'tmp_70' <Predicate = true> <Delay = 0.00>
ST_3 : Operation 142 [1/1] (0.00ns) (grouped into LUT with out node out_data_data_10)   --->   "%select_ln888_5 = select i1 %tmp_70, i1 %Range1_all_zeros_5, i1 %Range1_all_ones_5"   --->   Operation 142 'select' 'select_ln888_5' <Predicate = true> <Delay = 0.00> <CoreInst = "Sel">   --->   Core 73 'Sel' <Latency = 0> <II = 1> <Delay = 0.99> <FuncUnit> <Opcode : 'select'> <InPorts = 3> <OutPorts = 1>
ST_3 : Operation 143 [1/1] (0.00ns) (grouped into LUT with out node out_data_data_10)   --->   "%deleted_zeros_5 = select i1 %p_Result_109, i1 %select_ln888_5, i1 %Range1_all_zeros_5"   --->   Operation 143 'select' 'deleted_zeros_5' <Predicate = true> <Delay = 0.00> <CoreInst = "Sel">   --->   Core 73 'Sel' <Latency = 0> <II = 1> <Delay = 0.99> <FuncUnit> <Opcode : 'select'> <InPorts = 3> <OutPorts = 1>
ST_3 : Operation 144 [1/1] (1.18ns) (out node of the LUT)   --->   "%out_data_data_10 = select i1 %deleted_zeros_5, i6 %p_Val2_28, i6 63"   --->   Operation 144 'select' 'out_data_data_10' <Predicate = true> <Delay = 1.18> <CoreInst = "Sel">   --->   Core 73 'Sel' <Latency = 0> <II = 1> <Delay = 1.18> <FuncUnit> <Opcode : 'select'> <InPorts = 3> <OutPorts = 1>
ST_3 : Operation 145 [1/1] (2.43ns)   --->   "%icmp_ln1649_6 = icmp_sgt  i19 %p_Val2_29, i19 0"   --->   Operation 145 'icmp' 'icmp_ln1649_6' <Predicate = true> <Delay = 2.43> <CoreInst = "Cmp">   --->   Core 9 'Cmp' <Latency = 0> <II = 1> <Delay = 2.43> <FuncUnit> <Opcode : 'icmp'> <InPorts = 2> <OutPorts = 1>
ST_3 : Operation 146 [1/1] (0.00ns) (grouped into LUT with out node p_Val2_31)   --->   "%p_Val2_30 = partselect i6 @_ssdm_op_PartSelect.i6.i152.i32.i32, i152 %layer6_out_read, i32 119, i32 124"   --->   Operation 146 'partselect' 'p_Val2_30' <Predicate = true> <Delay = 0.00>
ST_3 : Operation 147 [1/1] (0.00ns) (grouped into LUT with out node p_Val2_31)   --->   "%p_Result_94 = bitselect i1 @_ssdm_op_BitSelect.i1.i152.i32, i152 %layer6_out_read, i32 119"   --->   Operation 147 'bitselect' 'p_Result_94' <Predicate = true> <Delay = 0.00>
ST_3 : Operation 148 [1/1] (0.00ns) (grouped into LUT with out node p_Val2_31)   --->   "%p_Result_110 = bitselect i1 @_ssdm_op_BitSelect.i1.i152.i32, i152 %layer6_out_read, i32 118"   --->   Operation 148 'bitselect' 'p_Result_110' <Predicate = true> <Delay = 0.00>
ST_3 : Operation 149 [1/1] (0.00ns) (grouped into LUT with out node out_data_data_12)   --->   "%p_Result_111 = bitselect i1 @_ssdm_op_BitSelect.i1.i152.i32, i152 %layer6_out_read, i32 124"   --->   Operation 149 'bitselect' 'p_Result_111' <Predicate = true> <Delay = 0.00>
ST_3 : Operation 150 [1/1] (0.00ns) (grouped into LUT with out node p_Val2_31)   --->   "%or_ln374_6 = or i1 %p_Result_94, i1 %r_6"   --->   Operation 150 'or' 'or_ln374_6' <Predicate = true> <Delay = 0.00> <CoreInst = "LogicGate">   --->   Core 74 'LogicGate' <Latency = 0> <II = 1> <Delay = 0.97> <FuncUnit> <Opcode : 'and' 'or' 'xor'> <InPorts = 2> <OutPorts = 1>
ST_3 : Operation 151 [1/1] (0.00ns) (grouped into LUT with out node p_Val2_31)   --->   "%and_ln374_6 = and i1 %or_ln374_6, i1 %p_Result_110"   --->   Operation 151 'and' 'and_ln374_6' <Predicate = true> <Delay = 0.00> <CoreInst = "LogicGate">   --->   Core 74 'LogicGate' <Latency = 0> <II = 1> <Delay = 0.97> <FuncUnit> <Opcode : 'and' 'or' 'xor'> <InPorts = 2> <OutPorts = 1>
ST_3 : Operation 152 [1/1] (0.00ns) (grouped into LUT with out node p_Val2_31)   --->   "%zext_ln377_6 = zext i1 %and_ln374_6"   --->   Operation 152 'zext' 'zext_ln377_6' <Predicate = true> <Delay = 0.00>
ST_3 : Operation 153 [1/1] (1.82ns) (out node of the LUT)   --->   "%p_Val2_31 = add i6 %p_Val2_30, i6 %zext_ln377_6"   --->   Operation 153 'add' 'p_Val2_31' <Predicate = true> <Delay = 1.82> <CoreInst = "Adder">   --->   Core 1 'Adder' <Latency = 0> <II = 1> <Delay = 1.82> <FuncUnit> <Opcode : 'add' 'sub'> <InPorts = 2> <OutPorts = 1>
ST_3 : Operation 154 [1/1] (0.00ns) (grouped into LUT with out node out_data_data_12)   --->   "%tmp_74 = bitselect i1 @_ssdm_op_BitSelect.i1.i6.i32, i6 %p_Val2_31, i32 5"   --->   Operation 154 'bitselect' 'tmp_74' <Predicate = true> <Delay = 0.00>
ST_3 : Operation 155 [1/1] (0.00ns) (grouped into LUT with out node out_data_data_12)   --->   "%select_ln888_6 = select i1 %tmp_74, i1 %Range1_all_zeros_6, i1 %Range1_all_ones_6"   --->   Operation 155 'select' 'select_ln888_6' <Predicate = true> <Delay = 0.00> <CoreInst = "Sel">   --->   Core 73 'Sel' <Latency = 0> <II = 1> <Delay = 0.99> <FuncUnit> <Opcode : 'select'> <InPorts = 3> <OutPorts = 1>
ST_3 : Operation 156 [1/1] (0.00ns) (grouped into LUT with out node out_data_data_12)   --->   "%deleted_zeros_6 = select i1 %p_Result_111, i1 %select_ln888_6, i1 %Range1_all_zeros_6"   --->   Operation 156 'select' 'deleted_zeros_6' <Predicate = true> <Delay = 0.00> <CoreInst = "Sel">   --->   Core 73 'Sel' <Latency = 0> <II = 1> <Delay = 0.99> <FuncUnit> <Opcode : 'select'> <InPorts = 3> <OutPorts = 1>
ST_3 : Operation 157 [1/1] (1.18ns) (out node of the LUT)   --->   "%out_data_data_12 = select i1 %deleted_zeros_6, i6 %p_Val2_31, i6 63"   --->   Operation 157 'select' 'out_data_data_12' <Predicate = true> <Delay = 1.18> <CoreInst = "Sel">   --->   Core 73 'Sel' <Latency = 0> <II = 1> <Delay = 1.18> <FuncUnit> <Opcode : 'select'> <InPorts = 3> <OutPorts = 1>
ST_3 : Operation 158 [1/1] (2.43ns)   --->   "%icmp_ln1649_7 = icmp_sgt  i19 %p_Val2_1, i19 0"   --->   Operation 158 'icmp' 'icmp_ln1649_7' <Predicate = true> <Delay = 2.43> <CoreInst = "Cmp">   --->   Core 9 'Cmp' <Latency = 0> <II = 1> <Delay = 2.43> <FuncUnit> <Opcode : 'icmp'> <InPorts = 2> <OutPorts = 1>
ST_3 : Operation 159 [1/1] (0.00ns) (grouped into LUT with out node p_Val2_33)   --->   "%p_Val2_32 = partselect i6 @_ssdm_op_PartSelect.i6.i152.i32.i32, i152 %layer6_out_read, i32 138, i32 143"   --->   Operation 159 'partselect' 'p_Val2_32' <Predicate = true> <Delay = 0.00>
ST_3 : Operation 160 [1/1] (0.00ns) (grouped into LUT with out node p_Val2_33)   --->   "%p_Result_97 = bitselect i1 @_ssdm_op_BitSelect.i1.i152.i32, i152 %layer6_out_read, i32 138"   --->   Operation 160 'bitselect' 'p_Result_97' <Predicate = true> <Delay = 0.00>
ST_3 : Operation 161 [1/1] (0.00ns) (grouped into LUT with out node p_Val2_33)   --->   "%p_Result_112 = bitselect i1 @_ssdm_op_BitSelect.i1.i152.i32, i152 %layer6_out_read, i32 137"   --->   Operation 161 'bitselect' 'p_Result_112' <Predicate = true> <Delay = 0.00>
ST_3 : Operation 162 [1/1] (0.00ns) (grouped into LUT with out node out_data_data_14)   --->   "%p_Result_113 = bitselect i1 @_ssdm_op_BitSelect.i1.i152.i32, i152 %layer6_out_read, i32 143"   --->   Operation 162 'bitselect' 'p_Result_113' <Predicate = true> <Delay = 0.00>
ST_3 : Operation 163 [1/1] (0.00ns) (grouped into LUT with out node p_Val2_33)   --->   "%or_ln374_7 = or i1 %p_Result_97, i1 %r_7"   --->   Operation 163 'or' 'or_ln374_7' <Predicate = true> <Delay = 0.00> <CoreInst = "LogicGate">   --->   Core 74 'LogicGate' <Latency = 0> <II = 1> <Delay = 0.97> <FuncUnit> <Opcode : 'and' 'or' 'xor'> <InPorts = 2> <OutPorts = 1>
ST_3 : Operation 164 [1/1] (0.00ns) (grouped into LUT with out node p_Val2_33)   --->   "%and_ln374_7 = and i1 %or_ln374_7, i1 %p_Result_112"   --->   Operation 164 'and' 'and_ln374_7' <Predicate = true> <Delay = 0.00> <CoreInst = "LogicGate">   --->   Core 74 'LogicGate' <Latency = 0> <II = 1> <Delay = 0.97> <FuncUnit> <Opcode : 'and' 'or' 'xor'> <InPorts = 2> <OutPorts = 1>
ST_3 : Operation 165 [1/1] (0.00ns) (grouped into LUT with out node p_Val2_33)   --->   "%zext_ln377_7 = zext i1 %and_ln374_7"   --->   Operation 165 'zext' 'zext_ln377_7' <Predicate = true> <Delay = 0.00>
ST_3 : Operation 166 [1/1] (1.82ns) (out node of the LUT)   --->   "%p_Val2_33 = add i6 %p_Val2_32, i6 %zext_ln377_7"   --->   Operation 166 'add' 'p_Val2_33' <Predicate = true> <Delay = 1.82> <CoreInst = "Adder">   --->   Core 1 'Adder' <Latency = 0> <II = 1> <Delay = 1.82> <FuncUnit> <Opcode : 'add' 'sub'> <InPorts = 2> <OutPorts = 1>
ST_3 : Operation 167 [1/1] (0.00ns) (grouped into LUT with out node out_data_data_14)   --->   "%tmp_78 = bitselect i1 @_ssdm_op_BitSelect.i1.i6.i32, i6 %p_Val2_33, i32 5"   --->   Operation 167 'bitselect' 'tmp_78' <Predicate = true> <Delay = 0.00>
ST_3 : Operation 168 [1/1] (0.00ns) (grouped into LUT with out node out_data_data_14)   --->   "%select_ln888_7 = select i1 %tmp_78, i1 %Range1_all_zeros_7, i1 %Range1_all_ones_7"   --->   Operation 168 'select' 'select_ln888_7' <Predicate = true> <Delay = 0.00> <CoreInst = "Sel">   --->   Core 73 'Sel' <Latency = 0> <II = 1> <Delay = 0.99> <FuncUnit> <Opcode : 'select'> <InPorts = 3> <OutPorts = 1>
ST_3 : Operation 169 [1/1] (0.00ns) (grouped into LUT with out node out_data_data_14)   --->   "%deleted_zeros_7 = select i1 %p_Result_113, i1 %select_ln888_7, i1 %Range1_all_zeros_7"   --->   Operation 169 'select' 'deleted_zeros_7' <Predicate = true> <Delay = 0.00> <CoreInst = "Sel">   --->   Core 73 'Sel' <Latency = 0> <II = 1> <Delay = 0.99> <FuncUnit> <Opcode : 'select'> <InPorts = 3> <OutPorts = 1>
ST_3 : Operation 170 [1/1] (1.18ns) (out node of the LUT)   --->   "%out_data_data_14 = select i1 %deleted_zeros_7, i6 %p_Val2_33, i6 63"   --->   Operation 170 'select' 'out_data_data_14' <Predicate = true> <Delay = 1.18> <CoreInst = "Sel">   --->   Core 73 'Sel' <Latency = 0> <II = 1> <Delay = 1.18> <FuncUnit> <Opcode : 'select'> <InPorts = 3> <OutPorts = 1>
ST_3 : Operation 184 [1/1] (0.00ns)   --->   "%ret_ln59 = ret" [firmware/nnet_utils/nnet_activation_stream.h:59]   --->   Operation 184 'ret' 'ret_ln59' <Predicate = (icmp_ln41)> <Delay = 0.00>

State 4 <SV = 3> <Delay = 3.01>
ST_4 : Operation 171 [1/1] (0.00ns)   --->   "%specpipeline_ln42 = specpipeline void @_ssdm_op_SpecPipeline, i32 4294967295, i32 0, i32 0, i32 0, void @empty_10" [firmware/nnet_utils/nnet_activation_stream.h:42]   --->   Operation 171 'specpipeline' 'specpipeline_ln42' <Predicate = true> <Delay = 0.00>
ST_4 : Operation 172 [1/1] (0.00ns)   --->   "%specloopname_ln41 = specloopname void @_ssdm_op_SpecLoopName, void @empty_11" [firmware/nnet_utils/nnet_activation_stream.h:41]   --->   Operation 172 'specloopname' 'specloopname_ln41' <Predicate = true> <Delay = 0.00>
ST_4 : Operation 173 [1/1] (1.18ns) (out node of the LUT)   --->   "%out_data_data_1 = select i1 %icmp_ln1649, i6 %out_data_data, i6 0"   --->   Operation 173 'select' 'out_data_data_1' <Predicate = true> <Delay = 1.18> <CoreInst = "Sel">   --->   Core 73 'Sel' <Latency = 0> <II = 1> <Delay = 1.18> <FuncUnit> <Opcode : 'select'> <InPorts = 3> <OutPorts = 1>
ST_4 : Operation 174 [1/1] (1.18ns) (out node of the LUT)   --->   "%out_data_data_3 = select i1 %icmp_ln1649_1, i6 %out_data_data_2, i6 0"   --->   Operation 174 'select' 'out_data_data_3' <Predicate = true> <Delay = 1.18> <CoreInst = "Sel">   --->   Core 73 'Sel' <Latency = 0> <II = 1> <Delay = 1.18> <FuncUnit> <Opcode : 'select'> <InPorts = 3> <OutPorts = 1>
ST_4 : Operation 175 [1/1] (1.18ns) (out node of the LUT)   --->   "%out_data_data_5 = select i1 %icmp_ln1649_2, i6 %out_data_data_4, i6 0"   --->   Operation 175 'select' 'out_data_data_5' <Predicate = true> <Delay = 1.18> <CoreInst = "Sel">   --->   Core 73 'Sel' <Latency = 0> <II = 1> <Delay = 1.18> <FuncUnit> <Opcode : 'select'> <InPorts = 3> <OutPorts = 1>
ST_4 : Operation 176 [1/1] (1.18ns) (out node of the LUT)   --->   "%out_data_data_7 = select i1 %icmp_ln1649_3, i6 %out_data_data_6, i6 0"   --->   Operation 176 'select' 'out_data_data_7' <Predicate = true> <Delay = 1.18> <CoreInst = "Sel">   --->   Core 73 'Sel' <Latency = 0> <II = 1> <Delay = 1.18> <FuncUnit> <Opcode : 'select'> <InPorts = 3> <OutPorts = 1>
ST_4 : Operation 177 [1/1] (1.18ns) (out node of the LUT)   --->   "%out_data_data_9 = select i1 %icmp_ln1649_4, i6 %out_data_data_8, i6 0"   --->   Operation 177 'select' 'out_data_data_9' <Predicate = true> <Delay = 1.18> <CoreInst = "Sel">   --->   Core 73 'Sel' <Latency = 0> <II = 1> <Delay = 1.18> <FuncUnit> <Opcode : 'select'> <InPorts = 3> <OutPorts = 1>
ST_4 : Operation 178 [1/1] (1.18ns) (out node of the LUT)   --->   "%out_data_data_11 = select i1 %icmp_ln1649_5, i6 %out_data_data_10, i6 0"   --->   Operation 178 'select' 'out_data_data_11' <Predicate = true> <Delay = 1.18> <CoreInst = "Sel">   --->   Core 73 'Sel' <Latency = 0> <II = 1> <Delay = 1.18> <FuncUnit> <Opcode : 'select'> <InPorts = 3> <OutPorts = 1>
ST_4 : Operation 179 [1/1] (1.18ns) (out node of the LUT)   --->   "%out_data_data_13 = select i1 %icmp_ln1649_6, i6 %out_data_data_12, i6 0"   --->   Operation 179 'select' 'out_data_data_13' <Predicate = true> <Delay = 1.18> <CoreInst = "Sel">   --->   Core 73 'Sel' <Latency = 0> <II = 1> <Delay = 1.18> <FuncUnit> <Opcode : 'select'> <InPorts = 3> <OutPorts = 1>
ST_4 : Operation 180 [1/1] (1.18ns) (out node of the LUT)   --->   "%out_data_data_15 = select i1 %icmp_ln1649_7, i6 %out_data_data_14, i6 0"   --->   Operation 180 'select' 'out_data_data_15' <Predicate = true> <Delay = 1.18> <CoreInst = "Sel">   --->   Core 73 'Sel' <Latency = 0> <II = 1> <Delay = 1.18> <FuncUnit> <Opcode : 'select'> <InPorts = 3> <OutPorts = 1>
ST_4 : Operation 181 [1/1] (0.00ns)   --->   "%or_ln57_s = bitconcatenate i48 @_ssdm_op_BitConcatenate.i48.i6.i6.i6.i6.i6.i6.i6.i6, i6 %out_data_data_15, i6 %out_data_data_13, i6 %out_data_data_11, i6 %out_data_data_9, i6 %out_data_data_7, i6 %out_data_data_5, i6 %out_data_data_3, i6 %out_data_data_1" [firmware/nnet_utils/nnet_activation_stream.h:57]   --->   Operation 181 'bitconcatenate' 'or_ln57_s' <Predicate = true> <Delay = 0.00>
ST_4 : Operation 182 [1/1] (1.82ns)   --->   "%write_ln57 = write void @_ssdm_op_Write.ap_fifo.volatile.i48P0A, i48 %layer8_out, i48 %or_ln57_s" [firmware/nnet_utils/nnet_activation_stream.h:57]   --->   Operation 182 'write' 'write_ln57' <Predicate = true> <Delay = 1.82> <CoreInst = "FIFO_SRL">   --->   Core 81 'FIFO_SRL' <Latency = 0> <II = 1> <Delay = 3.80> <Storage> <Opcode : 'read' 'write' 'nbread' 'nbwrite'> <Ports = 0> <Width = 48> <Depth = 16> <FIFO>
ST_4 : Operation 183 [1/1] (0.00ns)   --->   "%br_ln41 = br void %for.body4" [firmware/nnet_utils/nnet_activation_stream.h:41]   --->   Operation 183 'br' 'br_ln41' <Predicate = true> <Delay = 0.00>


============================================================
+ Verbose Summary: Timing violations
============================================================
Target clock period: 5ns, clock uncertainty: 1.35ns.

 <State 1>: 3.37ns
The critical path consists of the following:
	'alloca' operation ('i') [3]  (0 ns)
	'load' operation ('i', firmware/nnet_utils/nnet_activation_stream.h:41) on local variable 'i' [9]  (0 ns)
	'add' operation ('i', firmware/nnet_utils/nnet_activation_stream.h:41) [12]  (1.78 ns)
	'store' operation ('store_ln41', firmware/nnet_utils/nnet_activation_stream.h:41) of variable 'i', firmware/nnet_utils/nnet_activation_stream.h:41 on local variable 'i' [180]  (1.59 ns)

 <State 2>: 3.38ns
The critical path consists of the following:
	fifo read operation ('layer6_out_read', firmware/nnet_utils/nnet_activation_stream.h:44) on port 'layer6_out' (firmware/nnet_utils/nnet_activation_stream.h:44) [17]  (1.83 ns)
	'icmp' operation ('Range1_all_ones') [38]  (1.55 ns)

 <State 3>: 3.01ns
The critical path consists of the following:
	'add' operation ('__Val2__') [36]  (1.83 ns)
	'select' operation ('out_data.data') [43]  (1.19 ns)

 <State 4>: 3.01ns
The critical path consists of the following:
	'select' operation ('out_data.data') [44]  (1.19 ns)
	fifo write operation ('write_ln57', firmware/nnet_utils/nnet_activation_stream.h:57) on port 'layer8_out' (firmware/nnet_utils/nnet_activation_stream.h:57) [179]  (1.83 ns)


============================================================
+ Verbose Summary: Binding
============================================================
N/A
* FSMD analyzer results:
  - Output states:
 - Input state : 
  - Chain level:
	State 1
	State 2
	State 3
	State 4


============================================================
+ Verbose Summary: Datapath Resource usage 
============================================================
N/A
