

================================================================
== Vitis HLS Report for 'relu_array_ap_fixed_4u_array_ap_ufixed_6_0_4_0_0_4u_relu_config4_s'
================================================================
* Date:           Thu Jul  2 23:53:02 2026

* Version:        2022.2 (Build 3670227 on Oct 13 2022)
* Project:        myproject_prj
* Solution:       solution1 (Vivado IP Flow Target)
* Product family: zynq
* Target device:  xc7z020-clg400-1


================================================================
== Performance Estimates
================================================================
+ Timing: 
    * Summary: 
    +--------+---------+----------+------------+
    |  Clock |  Target | Estimated| Uncertainty|
    +--------+---------+----------+------------+
    |ap_clk  |  5.00 ns|  3.486 ns|     1.35 ns|
    +--------+---------+----------+------------+

+ Latency: 
    * Summary: 
    +---------+---------+----------+----------+-----+-----+---------+
    |  Latency (cycles) |  Latency (absolute) |  Interval | Pipeline|
    |   min   |   max   |    min   |    max   | min | max |   Type  |
    +---------+---------+----------+----------+-----+-----+---------+
    |       68|       68|  0.340 us|  0.340 us|   68|   68|       no|
    +---------+---------+----------+----------+-----+-----+---------+

    + Detail: 
        * Instance: 
        N/A

        * Loop: 
        +---------------+---------+---------+----------+-----------+-----------+------+----------+
        |               |  Latency (cycles) | Iteration|  Initiation Interval  | Trip |          |
        |   Loop Name   |   min   |   max   |  Latency |  achieved |   target  | Count| Pipelined|
        +---------------+---------+---------+----------+-----------+-----------+------+----------+
        |- ReLUActLoop  |       66|       66|         4|          1|          1|    64|       yes|
        +---------------+---------+---------+----------+-----------+-----------+------+----------+

============================================================
+ Verbose Summary: Synthesis Manager
============================================================
InlineROM: 1
ExposeGlobal: 0
============================================================
+ Verbose Summary: CDFG Model
============================================================
IsTopModel: 0
ResetActiveHigh: 1
IsCombinational: 2
IsDatapathOnly: 0
HasWiredReturn: 1
HasMFsm: 2
HasVarLatency: 1
IsPipeline: 0
IsRtlPipelined: 0
IsInstanceOverlapped: 0
IsDontTouch: 0
HasImplIP: 0
IsGatedGlobalClock: 0

+ Individual pipeline summary: 
  * Pipeline-0: initiation interval (II) = 1, depth = 4


============================================================
+ Verbose Summary: Schedule
============================================================
* Number of FSM states : 4
* Pipeline : 1
  Pipeline-0 : II = 1, D = 4, States = { 1 2 3 4 }
* Dataflow Pipeline: 0

* FSM state transitions: 
1 --> 2 
2 --> 3 
3 --> 4 
4 --> 

* FSM state operations: 

State 1 <SV = 0> <Delay = 3.45>
ST_1 : Operation 7 [1/1] (0.00ns)   --->   "%i = alloca i32 1"   --->   Operation 7 'alloca' 'i' <Predicate = true> <Delay = 0.00>
ST_1 : Operation 8 [1/1] (0.00ns)   --->   "%specinterface_ln0 = specinterface void @_ssdm_op_SpecInterface, i24 %layer4_out, void @empty_21, i32 0, i32 0, void @empty_10, i32 0, i32 0, void @empty_10, void @empty_10, void @empty_10, i32 0, i32 0, i32 0, i32 0, void @empty_10, void @empty_10, i32 4294967295, i32 0"   --->   Operation 8 'specinterface' 'specinterface_ln0' <Predicate = true> <Delay = 0.00>
ST_1 : Operation 9 [1/1] (0.00ns)   --->   "%specinterface_ln0 = specinterface void @_ssdm_op_SpecInterface, i108 %layer2_out, void @empty_21, i32 0, i32 0, void @empty_10, i32 0, i32 0, void @empty_10, void @empty_10, void @empty_10, i32 0, i32 0, i32 0, i32 0, void @empty_10, void @empty_10, i32 4294967295, i32 0"   --->   Operation 9 'specinterface' 'specinterface_ln0' <Predicate = true> <Delay = 0.00>
ST_1 : Operation 10 [1/1] (1.58ns)   --->   "%store_ln41 = store i7 0, i7 %i" [firmware/nnet_utils/nnet_activation_stream.h:41]   --->   Operation 10 'store' 'store_ln41' <Predicate = true> <Delay = 1.58>
ST_1 : Operation 11 [1/1] (0.00ns)   --->   "%br_ln41 = br void %for.body4" [firmware/nnet_utils/nnet_activation_stream.h:41]   --->   Operation 11 'br' 'br_ln41' <Predicate = true> <Delay = 0.00>
ST_1 : Operation 12 [1/1] (0.00ns)   --->   "%i_7 = load i7 %i" [firmware/nnet_utils/nnet_activation_stream.h:41]   --->   Operation 12 'load' 'i_7' <Predicate = true> <Delay = 0.00>
ST_1 : Operation 13 [1/1] (1.48ns)   --->   "%icmp_ln41 = icmp_eq  i7 %i_7, i7 64" [firmware/nnet_utils/nnet_activation_stream.h:41]   --->   Operation 13 'icmp' 'icmp_ln41' <Predicate = true> <Delay = 1.48> <CoreInst = "Cmp">   --->   Core 9 'Cmp' <Latency = 0> <II = 1> <Delay = 1.48> <FuncUnit> <Opcode : 'icmp'> <InPorts = 2> <OutPorts = 1>
ST_1 : Operation 14 [1/1] (0.00ns)   --->   "%empty = speclooptripcount i32 @_ssdm_op_SpecLoopTripCount, i64 64, i64 64, i64 64"   --->   Operation 14 'speclooptripcount' 'empty' <Predicate = true> <Delay = 0.00>
ST_1 : Operation 15 [1/1] (1.87ns)   --->   "%i_8 = add i7 %i_7, i7 1" [firmware/nnet_utils/nnet_activation_stream.h:41]   --->   Operation 15 'add' 'i_8' <Predicate = true> <Delay = 1.87> <CoreInst = "Adder">   --->   Core 1 'Adder' <Latency = 0> <II = 1> <Delay = 1.87> <FuncUnit> <Opcode : 'add' 'sub'> <InPorts = 2> <OutPorts = 1>
ST_1 : Operation 16 [1/1] (0.00ns)   --->   "%br_ln41 = br i1 %icmp_ln41, void %for.body4.split_ifconv, void %for.end15" [firmware/nnet_utils/nnet_activation_stream.h:41]   --->   Operation 16 'br' 'br_ln41' <Predicate = true> <Delay = 0.00>
ST_1 : Operation 17 [1/1] (1.58ns)   --->   "%store_ln41 = store i7 %i_8, i7 %i" [firmware/nnet_utils/nnet_activation_stream.h:41]   --->   Operation 17 'store' 'store_ln41' <Predicate = (!icmp_ln41)> <Delay = 1.58>

State 2 <SV = 1> <Delay = 3.48>
ST_2 : Operation 18 [1/1] (1.82ns)   --->   "%layer2_out_read = read i108 @_ssdm_op_Read.ap_fifo.volatile.i108P0A, i108 %layer2_out" [firmware/nnet_utils/nnet_activation_stream.h:44]   --->   Operation 18 'read' 'layer2_out_read' <Predicate = true> <Delay = 1.82> <CoreInst = "FIFO">   --->   Core 78 'FIFO' <Latency = 0> <II = 1> <Delay = 3.56> <Storage> <Opcode : 'read' 'write' 'nbread' 'nbwrite'> <Ports = 0> <Width = 108> <Depth = 64> <FIFO>
ST_2 : Operation 19 [1/1] (0.00ns)   --->   "%p_Val2_s = trunc i108 %layer2_out_read" [firmware/nnet_utils/nnet_activation_stream.h:44]   --->   Operation 19 'trunc' 'p_Val2_s' <Predicate = true> <Delay = 0.00>
ST_2 : Operation 20 [1/1] (0.00ns)   --->   "%p_Val2_36 = partselect i27 @_ssdm_op_PartSelect.i27.i108.i32.i32, i108 %layer2_out_read, i32 54, i32 80" [firmware/nnet_utils/nnet_activation_stream.h:44]   --->   Operation 20 'partselect' 'p_Val2_36' <Predicate = true> <Delay = 0.00>
ST_2 : Operation 21 [1/1] (0.00ns)   --->   "%p_Val2_9 = partselect i27 @_ssdm_op_PartSelect.i27.i108.i32.i32, i108 %layer2_out_read, i32 81, i32 107" [firmware/nnet_utils/nnet_activation_stream.h:44]   --->   Operation 21 'partselect' 'p_Val2_9' <Predicate = true> <Delay = 0.00>
ST_2 : Operation 22 [1/1] (0.00ns)   --->   "%p_Val2_10 = partselect i27 @_ssdm_op_PartSelect.i27.i108.i32.i32, i108 %layer2_out_read, i32 27, i32 53" [firmware/nnet_utils/nnet_activation_stream.h:44]   --->   Operation 22 'partselect' 'p_Val2_10' <Predicate = true> <Delay = 0.00>
ST_2 : Operation 23 [1/1] (0.00ns)   --->   "%trunc_ln828 = trunc i108 %layer2_out_read"   --->   Operation 23 'trunc' 'trunc_ln828' <Predicate = true> <Delay = 0.00>
ST_2 : Operation 24 [1/1] (1.66ns)   --->   "%r = icmp_ne  i9 %trunc_ln828, i9 0"   --->   Operation 24 'icmp' 'r' <Predicate = true> <Delay = 1.66> <CoreInst = "Cmp">   --->   Core 9 'Cmp' <Latency = 0> <II = 1> <Delay = 1.66> <FuncUnit> <Opcode : 'icmp'> <InPorts = 2> <OutPorts = 1>
ST_2 : Operation 25 [1/1] (0.00ns)   --->   "%tmp_s = partselect i11 @_ssdm_op_PartSelect.i11.i108.i32.i32, i108 %layer2_out_read, i32 16, i32 26"   --->   Operation 25 'partselect' 'tmp_s' <Predicate = true> <Delay = 0.00>
ST_2 : Operation 26 [1/1] (0.00ns)   --->   "%tmp = partselect i9 @_ssdm_op_PartSelect.i9.i108.i32.i32, i108 %layer2_out_read, i32 27, i32 35"   --->   Operation 26 'partselect' 'tmp' <Predicate = true> <Delay = 0.00>
ST_2 : Operation 27 [1/1] (1.66ns)   --->   "%r_8 = icmp_ne  i9 %tmp, i9 0"   --->   Operation 27 'icmp' 'r_8' <Predicate = true> <Delay = 1.66> <CoreInst = "Cmp">   --->   Core 9 'Cmp' <Latency = 0> <II = 1> <Delay = 1.66> <FuncUnit> <Opcode : 'icmp'> <InPorts = 2> <OutPorts = 1>
ST_2 : Operation 28 [1/1] (0.00ns)   --->   "%tmp_14 = partselect i11 @_ssdm_op_PartSelect.i11.i108.i32.i32, i108 %layer2_out_read, i32 43, i32 53"   --->   Operation 28 'partselect' 'tmp_14' <Predicate = true> <Delay = 0.00>
ST_2 : Operation 29 [1/1] (0.00ns)   --->   "%tmp_15 = partselect i9 @_ssdm_op_PartSelect.i9.i108.i32.i32, i108 %layer2_out_read, i32 54, i32 62"   --->   Operation 29 'partselect' 'tmp_15' <Predicate = true> <Delay = 0.00>
ST_2 : Operation 30 [1/1] (1.66ns)   --->   "%r_9 = icmp_ne  i9 %tmp_15, i9 0"   --->   Operation 30 'icmp' 'r_9' <Predicate = true> <Delay = 1.66> <CoreInst = "Cmp">   --->   Core 9 'Cmp' <Latency = 0> <II = 1> <Delay = 1.66> <FuncUnit> <Opcode : 'icmp'> <InPorts = 2> <OutPorts = 1>
ST_2 : Operation 31 [1/1] (0.00ns)   --->   "%tmp_16 = partselect i11 @_ssdm_op_PartSelect.i11.i108.i32.i32, i108 %layer2_out_read, i32 70, i32 80"   --->   Operation 31 'partselect' 'tmp_16' <Predicate = true> <Delay = 0.00>
ST_2 : Operation 32 [1/1] (0.00ns)   --->   "%tmp_17 = partselect i9 @_ssdm_op_PartSelect.i9.i108.i32.i32, i108 %layer2_out_read, i32 81, i32 89"   --->   Operation 32 'partselect' 'tmp_17' <Predicate = true> <Delay = 0.00>
ST_2 : Operation 33 [1/1] (1.66ns)   --->   "%r_10 = icmp_ne  i9 %tmp_17, i9 0"   --->   Operation 33 'icmp' 'r_10' <Predicate = true> <Delay = 1.66> <CoreInst = "Cmp">   --->   Core 9 'Cmp' <Latency = 0> <II = 1> <Delay = 1.66> <FuncUnit> <Opcode : 'icmp'> <InPorts = 2> <OutPorts = 1>
ST_2 : Operation 34 [1/1] (0.00ns)   --->   "%tmp_18 = partselect i11 @_ssdm_op_PartSelect.i11.i108.i32.i32, i108 %layer2_out_read, i32 97, i32 107"   --->   Operation 34 'partselect' 'tmp_18' <Predicate = true> <Delay = 0.00>

State 3 <SV = 2> <Delay = 3.06>
ST_3 : Operation 35 [1/1] (2.45ns)   --->   "%icmp_ln1649 = icmp_sgt  i27 %p_Val2_s, i27 0"   --->   Operation 35 'icmp' 'icmp_ln1649' <Predicate = true> <Delay = 2.45> <CoreInst = "Cmp">   --->   Core 9 'Cmp' <Latency = 0> <II = 1> <Delay = 2.45> <FuncUnit> <Opcode : 'icmp'> <InPorts = 2> <OutPorts = 1>
ST_3 : Operation 36 [1/1] (0.00ns) (grouped into LUT with out node p_Val2_34)   --->   "%p_Val2_11 = partselect i6 @_ssdm_op_PartSelect.i6.i108.i32.i32, i108 %layer2_out_read, i32 10, i32 15"   --->   Operation 36 'partselect' 'p_Val2_11' <Predicate = true> <Delay = 0.00>
ST_3 : Operation 37 [1/1] (0.00ns) (grouped into LUT with out node p_Val2_34)   --->   "%p_Result_s = bitselect i1 @_ssdm_op_BitSelect.i1.i108.i32, i108 %layer2_out_read, i32 10"   --->   Operation 37 'bitselect' 'p_Result_s' <Predicate = true> <Delay = 0.00>
ST_3 : Operation 38 [1/1] (0.00ns) (grouped into LUT with out node p_Val2_34)   --->   "%p_Result_123 = bitselect i1 @_ssdm_op_BitSelect.i1.i108.i32, i108 %layer2_out_read, i32 9"   --->   Operation 38 'bitselect' 'p_Result_123' <Predicate = true> <Delay = 0.00>
ST_3 : Operation 39 [1/1] (0.00ns) (grouped into LUT with out node out_data_data)   --->   "%p_Result_124 = bitselect i1 @_ssdm_op_BitSelect.i1.i108.i32, i108 %layer2_out_read, i32 15"   --->   Operation 39 'bitselect' 'p_Result_124' <Predicate = true> <Delay = 0.00>
ST_3 : Operation 40 [1/1] (0.00ns) (grouped into LUT with out node p_Val2_34)   --->   "%or_ln374 = or i1 %p_Result_s, i1 %r"   --->   Operation 40 'or' 'or_ln374' <Predicate = true> <Delay = 0.00> <CoreInst = "LogicGate">   --->   Core 74 'LogicGate' <Latency = 0> <II = 1> <Delay = 0.97> <FuncUnit> <Opcode : 'and' 'or' 'xor'> <InPorts = 2> <OutPorts = 1>
ST_3 : Operation 41 [1/1] (0.00ns) (grouped into LUT with out node p_Val2_34)   --->   "%and_ln374 = and i1 %or_ln374, i1 %p_Result_123"   --->   Operation 41 'and' 'and_ln374' <Predicate = true> <Delay = 0.00> <CoreInst = "LogicGate">   --->   Core 74 'LogicGate' <Latency = 0> <II = 1> <Delay = 0.97> <FuncUnit> <Opcode : 'and' 'or' 'xor'> <InPorts = 2> <OutPorts = 1>
ST_3 : Operation 42 [1/1] (0.00ns) (grouped into LUT with out node p_Val2_34)   --->   "%zext_ln377 = zext i1 %and_ln374"   --->   Operation 42 'zext' 'zext_ln377' <Predicate = true> <Delay = 0.00>
ST_3 : Operation 43 [1/1] (1.82ns) (out node of the LUT)   --->   "%p_Val2_34 = add i6 %p_Val2_11, i6 %zext_ln377"   --->   Operation 43 'add' 'p_Val2_34' <Predicate = true> <Delay = 1.82> <CoreInst = "Adder">   --->   Core 1 'Adder' <Latency = 0> <II = 1> <Delay = 1.82> <FuncUnit> <Opcode : 'add' 'sub'> <InPorts = 2> <OutPorts = 1>
ST_3 : Operation 44 [1/1] (1.88ns)   --->   "%Range1_all_ones = icmp_eq  i11 %tmp_s, i11 2047"   --->   Operation 44 'icmp' 'Range1_all_ones' <Predicate = true> <Delay = 1.88> <CoreInst = "Cmp">   --->   Core 9 'Cmp' <Latency = 0> <II = 1> <Delay = 1.88> <FuncUnit> <Opcode : 'icmp'> <InPorts = 2> <OutPorts = 1>
ST_3 : Operation 45 [1/1] (1.88ns)   --->   "%Range1_all_zeros = icmp_eq  i11 %tmp_s, i11 0"   --->   Operation 45 'icmp' 'Range1_all_zeros' <Predicate = true> <Delay = 1.88> <CoreInst = "Cmp">   --->   Core 9 'Cmp' <Latency = 0> <II = 1> <Delay = 1.88> <FuncUnit> <Opcode : 'icmp'> <InPorts = 2> <OutPorts = 1>
ST_3 : Operation 46 [1/1] (0.00ns) (grouped into LUT with out node out_data_data)   --->   "%tmp_82 = bitselect i1 @_ssdm_op_BitSelect.i1.i6.i32, i6 %p_Val2_34, i32 5"   --->   Operation 46 'bitselect' 'tmp_82' <Predicate = true> <Delay = 0.00>
ST_3 : Operation 47 [1/1] (0.00ns) (grouped into LUT with out node out_data_data)   --->   "%select_ln888 = select i1 %tmp_82, i1 %Range1_all_zeros, i1 %Range1_all_ones"   --->   Operation 47 'select' 'select_ln888' <Predicate = true> <Delay = 0.00> <CoreInst = "Sel">   --->   Core 73 'Sel' <Latency = 0> <II = 1> <Delay = 0.99> <FuncUnit> <Opcode : 'select'> <InPorts = 3> <OutPorts = 1>
ST_3 : Operation 48 [1/1] (0.00ns) (grouped into LUT with out node out_data_data)   --->   "%deleted_zeros = select i1 %p_Result_124, i1 %select_ln888, i1 %Range1_all_zeros"   --->   Operation 48 'select' 'deleted_zeros' <Predicate = true> <Delay = 0.00> <CoreInst = "Sel">   --->   Core 73 'Sel' <Latency = 0> <II = 1> <Delay = 0.99> <FuncUnit> <Opcode : 'select'> <InPorts = 3> <OutPorts = 1>
ST_3 : Operation 49 [1/1] (1.18ns) (out node of the LUT)   --->   "%out_data_data = select i1 %deleted_zeros, i6 %p_Val2_34, i6 63"   --->   Operation 49 'select' 'out_data_data' <Predicate = true> <Delay = 1.18> <CoreInst = "Sel">   --->   Core 73 'Sel' <Latency = 0> <II = 1> <Delay = 1.18> <FuncUnit> <Opcode : 'select'> <InPorts = 3> <OutPorts = 1>
ST_3 : Operation 50 [1/1] (2.45ns)   --->   "%icmp_ln1649_8 = icmp_sgt  i27 %p_Val2_10, i27 0"   --->   Operation 50 'icmp' 'icmp_ln1649_8' <Predicate = true> <Delay = 2.45> <CoreInst = "Cmp">   --->   Core 9 'Cmp' <Latency = 0> <II = 1> <Delay = 2.45> <FuncUnit> <Opcode : 'icmp'> <InPorts = 2> <OutPorts = 1>
ST_3 : Operation 51 [1/1] (0.00ns) (grouped into LUT with out node p_Val2_35)   --->   "%p_Val2_12 = partselect i6 @_ssdm_op_PartSelect.i6.i108.i32.i32, i108 %layer2_out_read, i32 37, i32 42"   --->   Operation 51 'partselect' 'p_Val2_12' <Predicate = true> <Delay = 0.00>
ST_3 : Operation 52 [1/1] (0.00ns) (grouped into LUT with out node p_Val2_35)   --->   "%p_Result_116 = bitselect i1 @_ssdm_op_BitSelect.i1.i108.i32, i108 %layer2_out_read, i32 37"   --->   Operation 52 'bitselect' 'p_Result_116' <Predicate = true> <Delay = 0.00>
ST_3 : Operation 53 [1/1] (0.00ns) (grouped into LUT with out node p_Val2_35)   --->   "%p_Result_125 = bitselect i1 @_ssdm_op_BitSelect.i1.i108.i32, i108 %layer2_out_read, i32 36"   --->   Operation 53 'bitselect' 'p_Result_125' <Predicate = true> <Delay = 0.00>
ST_3 : Operation 54 [1/1] (0.00ns) (grouped into LUT with out node out_data_data_17)   --->   "%p_Result_126 = bitselect i1 @_ssdm_op_BitSelect.i1.i108.i32, i108 %layer2_out_read, i32 42"   --->   Operation 54 'bitselect' 'p_Result_126' <Predicate = true> <Delay = 0.00>
ST_3 : Operation 55 [1/1] (0.00ns) (grouped into LUT with out node p_Val2_35)   --->   "%or_ln374_8 = or i1 %p_Result_116, i1 %r_8"   --->   Operation 55 'or' 'or_ln374_8' <Predicate = true> <Delay = 0.00> <CoreInst = "LogicGate">   --->   Core 74 'LogicGate' <Latency = 0> <II = 1> <Delay = 0.97> <FuncUnit> <Opcode : 'and' 'or' 'xor'> <InPorts = 2> <OutPorts = 1>
ST_3 : Operation 56 [1/1] (0.00ns) (grouped into LUT with out node p_Val2_35)   --->   "%and_ln374_8 = and i1 %or_ln374_8, i1 %p_Result_125"   --->   Operation 56 'and' 'and_ln374_8' <Predicate = true> <Delay = 0.00> <CoreInst = "LogicGate">   --->   Core 74 'LogicGate' <Latency = 0> <II = 1> <Delay = 0.97> <FuncUnit> <Opcode : 'and' 'or' 'xor'> <InPorts = 2> <OutPorts = 1>
ST_3 : Operation 57 [1/1] (0.00ns) (grouped into LUT with out node p_Val2_35)   --->   "%zext_ln377_8 = zext i1 %and_ln374_8"   --->   Operation 57 'zext' 'zext_ln377_8' <Predicate = true> <Delay = 0.00>
ST_3 : Operation 58 [1/1] (1.82ns) (out node of the LUT)   --->   "%p_Val2_35 = add i6 %p_Val2_12, i6 %zext_ln377_8"   --->   Operation 58 'add' 'p_Val2_35' <Predicate = true> <Delay = 1.82> <CoreInst = "Adder">   --->   Core 1 'Adder' <Latency = 0> <II = 1> <Delay = 1.82> <FuncUnit> <Opcode : 'add' 'sub'> <InPorts = 2> <OutPorts = 1>
ST_3 : Operation 59 [1/1] (1.88ns)   --->   "%Range1_all_ones_8 = icmp_eq  i11 %tmp_14, i11 2047"   --->   Operation 59 'icmp' 'Range1_all_ones_8' <Predicate = true> <Delay = 1.88> <CoreInst = "Cmp">   --->   Core 9 'Cmp' <Latency = 0> <II = 1> <Delay = 1.88> <FuncUnit> <Opcode : 'icmp'> <InPorts = 2> <OutPorts = 1>
ST_3 : Operation 60 [1/1] (1.88ns)   --->   "%Range1_all_zeros_8 = icmp_eq  i11 %tmp_14, i11 0"   --->   Operation 60 'icmp' 'Range1_all_zeros_8' <Predicate = true> <Delay = 1.88> <CoreInst = "Cmp">   --->   Core 9 'Cmp' <Latency = 0> <II = 1> <Delay = 1.88> <FuncUnit> <Opcode : 'icmp'> <InPorts = 2> <OutPorts = 1>
ST_3 : Operation 61 [1/1] (0.00ns) (grouped into LUT with out node out_data_data_17)   --->   "%tmp_86 = bitselect i1 @_ssdm_op_BitSelect.i1.i6.i32, i6 %p_Val2_35, i32 5"   --->   Operation 61 'bitselect' 'tmp_86' <Predicate = true> <Delay = 0.00>
ST_3 : Operation 62 [1/1] (0.00ns) (grouped into LUT with out node out_data_data_17)   --->   "%select_ln888_8 = select i1 %tmp_86, i1 %Range1_all_zeros_8, i1 %Range1_all_ones_8"   --->   Operation 62 'select' 'select_ln888_8' <Predicate = true> <Delay = 0.00> <CoreInst = "Sel">   --->   Core 73 'Sel' <Latency = 0> <II = 1> <Delay = 0.99> <FuncUnit> <Opcode : 'select'> <InPorts = 3> <OutPorts = 1>
ST_3 : Operation 63 [1/1] (0.00ns) (grouped into LUT with out node out_data_data_17)   --->   "%deleted_zeros_8 = select i1 %p_Result_126, i1 %select_ln888_8, i1 %Range1_all_zeros_8"   --->   Operation 63 'select' 'deleted_zeros_8' <Predicate = true> <Delay = 0.00> <CoreInst = "Sel">   --->   Core 73 'Sel' <Latency = 0> <II = 1> <Delay = 0.99> <FuncUnit> <Opcode : 'select'> <InPorts = 3> <OutPorts = 1>
ST_3 : Operation 64 [1/1] (1.18ns) (out node of the LUT)   --->   "%out_data_data_17 = select i1 %deleted_zeros_8, i6 %p_Val2_35, i6 63"   --->   Operation 64 'select' 'out_data_data_17' <Predicate = true> <Delay = 1.18> <CoreInst = "Sel">   --->   Core 73 'Sel' <Latency = 0> <II = 1> <Delay = 1.18> <FuncUnit> <Opcode : 'select'> <InPorts = 3> <OutPorts = 1>
ST_3 : Operation 65 [1/1] (2.45ns)   --->   "%icmp_ln1649_9 = icmp_sgt  i27 %p_Val2_36, i27 0"   --->   Operation 65 'icmp' 'icmp_ln1649_9' <Predicate = true> <Delay = 2.45> <CoreInst = "Cmp">   --->   Core 9 'Cmp' <Latency = 0> <II = 1> <Delay = 2.45> <FuncUnit> <Opcode : 'icmp'> <InPorts = 2> <OutPorts = 1>
ST_3 : Operation 66 [1/1] (0.00ns) (grouped into LUT with out node p_Val2_38)   --->   "%p_Val2_37 = partselect i6 @_ssdm_op_PartSelect.i6.i108.i32.i32, i108 %layer2_out_read, i32 64, i32 69"   --->   Operation 66 'partselect' 'p_Val2_37' <Predicate = true> <Delay = 0.00>
ST_3 : Operation 67 [1/1] (0.00ns) (grouped into LUT with out node p_Val2_38)   --->   "%p_Result_119 = bitselect i1 @_ssdm_op_BitSelect.i1.i108.i32, i108 %layer2_out_read, i32 64"   --->   Operation 67 'bitselect' 'p_Result_119' <Predicate = true> <Delay = 0.00>
ST_3 : Operation 68 [1/1] (0.00ns) (grouped into LUT with out node p_Val2_38)   --->   "%p_Result_127 = bitselect i1 @_ssdm_op_BitSelect.i1.i108.i32, i108 %layer2_out_read, i32 63"   --->   Operation 68 'bitselect' 'p_Result_127' <Predicate = true> <Delay = 0.00>
ST_3 : Operation 69 [1/1] (0.00ns) (grouped into LUT with out node out_data_data_19)   --->   "%p_Result_128 = bitselect i1 @_ssdm_op_BitSelect.i1.i108.i32, i108 %layer2_out_read, i32 69"   --->   Operation 69 'bitselect' 'p_Result_128' <Predicate = true> <Delay = 0.00>
ST_3 : Operation 70 [1/1] (0.00ns) (grouped into LUT with out node p_Val2_38)   --->   "%or_ln374_9 = or i1 %p_Result_119, i1 %r_9"   --->   Operation 70 'or' 'or_ln374_9' <Predicate = true> <Delay = 0.00> <CoreInst = "LogicGate">   --->   Core 74 'LogicGate' <Latency = 0> <II = 1> <Delay = 0.97> <FuncUnit> <Opcode : 'and' 'or' 'xor'> <InPorts = 2> <OutPorts = 1>
ST_3 : Operation 71 [1/1] (0.00ns) (grouped into LUT with out node p_Val2_38)   --->   "%and_ln374_9 = and i1 %or_ln374_9, i1 %p_Result_127"   --->   Operation 71 'and' 'and_ln374_9' <Predicate = true> <Delay = 0.00> <CoreInst = "LogicGate">   --->   Core 74 'LogicGate' <Latency = 0> <II = 1> <Delay = 0.97> <FuncUnit> <Opcode : 'and' 'or' 'xor'> <InPorts = 2> <OutPorts = 1>
ST_3 : Operation 72 [1/1] (0.00ns) (grouped into LUT with out node p_Val2_38)   --->   "%zext_ln377_9 = zext i1 %and_ln374_9"   --->   Operation 72 'zext' 'zext_ln377_9' <Predicate = true> <Delay = 0.00>
ST_3 : Operation 73 [1/1] (1.82ns) (out node of the LUT)   --->   "%p_Val2_38 = add i6 %p_Val2_37, i6 %zext_ln377_9"   --->   Operation 73 'add' 'p_Val2_38' <Predicate = true> <Delay = 1.82> <CoreInst = "Adder">   --->   Core 1 'Adder' <Latency = 0> <II = 1> <Delay = 1.82> <FuncUnit> <Opcode : 'add' 'sub'> <InPorts = 2> <OutPorts = 1>
ST_3 : Operation 74 [1/1] (1.88ns)   --->   "%Range1_all_ones_9 = icmp_eq  i11 %tmp_16, i11 2047"   --->   Operation 74 'icmp' 'Range1_all_ones_9' <Predicate = true> <Delay = 1.88> <CoreInst = "Cmp">   --->   Core 9 'Cmp' <Latency = 0> <II = 1> <Delay = 1.88> <FuncUnit> <Opcode : 'icmp'> <InPorts = 2> <OutPorts = 1>
ST_3 : Operation 75 [1/1] (1.88ns)   --->   "%Range1_all_zeros_9 = icmp_eq  i11 %tmp_16, i11 0"   --->   Operation 75 'icmp' 'Range1_all_zeros_9' <Predicate = true> <Delay = 1.88> <CoreInst = "Cmp">   --->   Core 9 'Cmp' <Latency = 0> <II = 1> <Delay = 1.88> <FuncUnit> <Opcode : 'icmp'> <InPorts = 2> <OutPorts = 1>
ST_3 : Operation 76 [1/1] (0.00ns) (grouped into LUT with out node out_data_data_19)   --->   "%tmp_90 = bitselect i1 @_ssdm_op_BitSelect.i1.i6.i32, i6 %p_Val2_38, i32 5"   --->   Operation 76 'bitselect' 'tmp_90' <Predicate = true> <Delay = 0.00>
ST_3 : Operation 77 [1/1] (0.00ns) (grouped into LUT with out node out_data_data_19)   --->   "%select_ln888_9 = select i1 %tmp_90, i1 %Range1_all_zeros_9, i1 %Range1_all_ones_9"   --->   Operation 77 'select' 'select_ln888_9' <Predicate = true> <Delay = 0.00> <CoreInst = "Sel">   --->   Core 73 'Sel' <Latency = 0> <II = 1> <Delay = 0.99> <FuncUnit> <Opcode : 'select'> <InPorts = 3> <OutPorts = 1>
ST_3 : Operation 78 [1/1] (0.00ns) (grouped into LUT with out node out_data_data_19)   --->   "%deleted_zeros_9 = select i1 %p_Result_128, i1 %select_ln888_9, i1 %Range1_all_zeros_9"   --->   Operation 78 'select' 'deleted_zeros_9' <Predicate = true> <Delay = 0.00> <CoreInst = "Sel">   --->   Core 73 'Sel' <Latency = 0> <II = 1> <Delay = 0.99> <FuncUnit> <Opcode : 'select'> <InPorts = 3> <OutPorts = 1>
ST_3 : Operation 79 [1/1] (1.18ns) (out node of the LUT)   --->   "%out_data_data_19 = select i1 %deleted_zeros_9, i6 %p_Val2_38, i6 63"   --->   Operation 79 'select' 'out_data_data_19' <Predicate = true> <Delay = 1.18> <CoreInst = "Sel">   --->   Core 73 'Sel' <Latency = 0> <II = 1> <Delay = 1.18> <FuncUnit> <Opcode : 'select'> <InPorts = 3> <OutPorts = 1>
ST_3 : Operation 80 [1/1] (2.45ns)   --->   "%icmp_ln1649_10 = icmp_sgt  i27 %p_Val2_9, i27 0"   --->   Operation 80 'icmp' 'icmp_ln1649_10' <Predicate = true> <Delay = 2.45> <CoreInst = "Cmp">   --->   Core 9 'Cmp' <Latency = 0> <II = 1> <Delay = 2.45> <FuncUnit> <Opcode : 'icmp'> <InPorts = 2> <OutPorts = 1>
ST_3 : Operation 81 [1/1] (0.00ns) (grouped into LUT with out node p_Val2_40)   --->   "%p_Val2_39 = partselect i6 @_ssdm_op_PartSelect.i6.i108.i32.i32, i108 %layer2_out_read, i32 91, i32 96"   --->   Operation 81 'partselect' 'p_Val2_39' <Predicate = true> <Delay = 0.00>
ST_3 : Operation 82 [1/1] (0.00ns) (grouped into LUT with out node p_Val2_40)   --->   "%p_Result_122 = bitselect i1 @_ssdm_op_BitSelect.i1.i108.i32, i108 %layer2_out_read, i32 91"   --->   Operation 82 'bitselect' 'p_Result_122' <Predicate = true> <Delay = 0.00>
ST_3 : Operation 83 [1/1] (0.00ns) (grouped into LUT with out node p_Val2_40)   --->   "%p_Result_129 = bitselect i1 @_ssdm_op_BitSelect.i1.i108.i32, i108 %layer2_out_read, i32 90"   --->   Operation 83 'bitselect' 'p_Result_129' <Predicate = true> <Delay = 0.00>
ST_3 : Operation 84 [1/1] (0.00ns) (grouped into LUT with out node out_data_data_21)   --->   "%p_Result_130 = bitselect i1 @_ssdm_op_BitSelect.i1.i108.i32, i108 %layer2_out_read, i32 96"   --->   Operation 84 'bitselect' 'p_Result_130' <Predicate = true> <Delay = 0.00>
ST_3 : Operation 85 [1/1] (0.00ns) (grouped into LUT with out node p_Val2_40)   --->   "%or_ln374_10 = or i1 %p_Result_122, i1 %r_10"   --->   Operation 85 'or' 'or_ln374_10' <Predicate = true> <Delay = 0.00> <CoreInst = "LogicGate">   --->   Core 74 'LogicGate' <Latency = 0> <II = 1> <Delay = 0.97> <FuncUnit> <Opcode : 'and' 'or' 'xor'> <InPorts = 2> <OutPorts = 1>
ST_3 : Operation 86 [1/1] (0.00ns) (grouped into LUT with out node p_Val2_40)   --->   "%and_ln374_10 = and i1 %or_ln374_10, i1 %p_Result_129"   --->   Operation 86 'and' 'and_ln374_10' <Predicate = true> <Delay = 0.00> <CoreInst = "LogicGate">   --->   Core 74 'LogicGate' <Latency = 0> <II = 1> <Delay = 0.97> <FuncUnit> <Opcode : 'and' 'or' 'xor'> <InPorts = 2> <OutPorts = 1>
ST_3 : Operation 87 [1/1] (0.00ns) (grouped into LUT with out node p_Val2_40)   --->   "%zext_ln377_10 = zext i1 %and_ln374_10"   --->   Operation 87 'zext' 'zext_ln377_10' <Predicate = true> <Delay = 0.00>
ST_3 : Operation 88 [1/1] (1.82ns) (out node of the LUT)   --->   "%p_Val2_40 = add i6 %p_Val2_39, i6 %zext_ln377_10"   --->   Operation 88 'add' 'p_Val2_40' <Predicate = true> <Delay = 1.82> <CoreInst = "Adder">   --->   Core 1 'Adder' <Latency = 0> <II = 1> <Delay = 1.82> <FuncUnit> <Opcode : 'add' 'sub'> <InPorts = 2> <OutPorts = 1>
ST_3 : Operation 89 [1/1] (1.88ns)   --->   "%Range1_all_ones_10 = icmp_eq  i11 %tmp_18, i11 2047"   --->   Operation 89 'icmp' 'Range1_all_ones_10' <Predicate = true> <Delay = 1.88> <CoreInst = "Cmp">   --->   Core 9 'Cmp' <Latency = 0> <II = 1> <Delay = 1.88> <FuncUnit> <Opcode : 'icmp'> <InPorts = 2> <OutPorts = 1>
ST_3 : Operation 90 [1/1] (1.88ns)   --->   "%Range1_all_zeros_10 = icmp_eq  i11 %tmp_18, i11 0"   --->   Operation 90 'icmp' 'Range1_all_zeros_10' <Predicate = true> <Delay = 1.88> <CoreInst = "Cmp">   --->   Core 9 'Cmp' <Latency = 0> <II = 1> <Delay = 1.88> <FuncUnit> <Opcode : 'icmp'> <InPorts = 2> <OutPorts = 1>
ST_3 : Operation 91 [1/1] (0.00ns) (grouped into LUT with out node out_data_data_21)   --->   "%tmp_94 = bitselect i1 @_ssdm_op_BitSelect.i1.i6.i32, i6 %p_Val2_40, i32 5"   --->   Operation 91 'bitselect' 'tmp_94' <Predicate = true> <Delay = 0.00>
ST_3 : Operation 92 [1/1] (0.00ns) (grouped into LUT with out node out_data_data_21)   --->   "%select_ln888_10 = select i1 %tmp_94, i1 %Range1_all_zeros_10, i1 %Range1_all_ones_10"   --->   Operation 92 'select' 'select_ln888_10' <Predicate = true> <Delay = 0.00> <CoreInst = "Sel">   --->   Core 73 'Sel' <Latency = 0> <II = 1> <Delay = 0.99> <FuncUnit> <Opcode : 'select'> <InPorts = 3> <OutPorts = 1>
ST_3 : Operation 93 [1/1] (0.00ns) (grouped into LUT with out node out_data_data_21)   --->   "%deleted_zeros_10 = select i1 %p_Result_130, i1 %select_ln888_10, i1 %Range1_all_zeros_10"   --->   Operation 93 'select' 'deleted_zeros_10' <Predicate = true> <Delay = 0.00> <CoreInst = "Sel">   --->   Core 73 'Sel' <Latency = 0> <II = 1> <Delay = 0.99> <FuncUnit> <Opcode : 'select'> <InPorts = 3> <OutPorts = 1>
ST_3 : Operation 94 [1/1] (1.18ns) (out node of the LUT)   --->   "%out_data_data_21 = select i1 %deleted_zeros_10, i6 %p_Val2_40, i6 63"   --->   Operation 94 'select' 'out_data_data_21' <Predicate = true> <Delay = 1.18> <CoreInst = "Sel">   --->   Core 73 'Sel' <Latency = 0> <II = 1> <Delay = 1.18> <FuncUnit> <Opcode : 'select'> <InPorts = 3> <OutPorts = 1>
ST_3 : Operation 104 [1/1] (0.00ns)   --->   "%ret_ln59 = ret" [firmware/nnet_utils/nnet_activation_stream.h:59]   --->   Operation 104 'ret' 'ret_ln59' <Predicate = (icmp_ln41)> <Delay = 0.00>

State 4 <SV = 3> <Delay = 3.01>
ST_4 : Operation 95 [1/1] (0.00ns)   --->   "%specpipeline_ln42 = specpipeline void @_ssdm_op_SpecPipeline, i32 4294967295, i32 0, i32 0, i32 0, void @empty_10" [firmware/nnet_utils/nnet_activation_stream.h:42]   --->   Operation 95 'specpipeline' 'specpipeline_ln42' <Predicate = true> <Delay = 0.00>
ST_4 : Operation 96 [1/1] (0.00ns)   --->   "%specloopname_ln41 = specloopname void @_ssdm_op_SpecLoopName, void @empty_11" [firmware/nnet_utils/nnet_activation_stream.h:41]   --->   Operation 96 'specloopname' 'specloopname_ln41' <Predicate = true> <Delay = 0.00>
ST_4 : Operation 97 [1/1] (1.18ns) (out node of the LUT)   --->   "%out_data_data_16 = select i1 %icmp_ln1649, i6 %out_data_data, i6 0"   --->   Operation 97 'select' 'out_data_data_16' <Predicate = true> <Delay = 1.18> <CoreInst = "Sel">   --->   Core 73 'Sel' <Latency = 0> <II = 1> <Delay = 1.18> <FuncUnit> <Opcode : 'select'> <InPorts = 3> <OutPorts = 1>
ST_4 : Operation 98 [1/1] (1.18ns) (out node of the LUT)   --->   "%out_data_data_18 = select i1 %icmp_ln1649_8, i6 %out_data_data_17, i6 0"   --->   Operation 98 'select' 'out_data_data_18' <Predicate = true> <Delay = 1.18> <CoreInst = "Sel">   --->   Core 73 'Sel' <Latency = 0> <II = 1> <Delay = 1.18> <FuncUnit> <Opcode : 'select'> <InPorts = 3> <OutPorts = 1>
ST_4 : Operation 99 [1/1] (1.18ns) (out node of the LUT)   --->   "%out_data_data_20 = select i1 %icmp_ln1649_9, i6 %out_data_data_19, i6 0"   --->   Operation 99 'select' 'out_data_data_20' <Predicate = true> <Delay = 1.18> <CoreInst = "Sel">   --->   Core 73 'Sel' <Latency = 0> <II = 1> <Delay = 1.18> <FuncUnit> <Opcode : 'select'> <InPorts = 3> <OutPorts = 1>
ST_4 : Operation 100 [1/1] (1.18ns) (out node of the LUT)   --->   "%out_data_data_22 = select i1 %icmp_ln1649_10, i6 %out_data_data_21, i6 0"   --->   Operation 100 'select' 'out_data_data_22' <Predicate = true> <Delay = 1.18> <CoreInst = "Sel">   --->   Core 73 'Sel' <Latency = 0> <II = 1> <Delay = 1.18> <FuncUnit> <Opcode : 'select'> <InPorts = 3> <OutPorts = 1>
ST_4 : Operation 101 [1/1] (0.00ns)   --->   "%or_ln57_s = bitconcatenate i24 @_ssdm_op_BitConcatenate.i24.i6.i6.i6.i6, i6 %out_data_data_22, i6 %out_data_data_20, i6 %out_data_data_18, i6 %out_data_data_16" [firmware/nnet_utils/nnet_activation_stream.h:57]   --->   Operation 101 'bitconcatenate' 'or_ln57_s' <Predicate = true> <Delay = 0.00>
ST_4 : Operation 102 [1/1] (1.82ns)   --->   "%write_ln57 = write void @_ssdm_op_Write.ap_fifo.volatile.i24P0A, i24 %layer4_out, i24 %or_ln57_s" [firmware/nnet_utils/nnet_activation_stream.h:57]   --->   Operation 102 'write' 'write_ln57' <Predicate = true> <Delay = 1.82> <CoreInst = "FIFO">   --->   Core 78 'FIFO' <Latency = 0> <II = 1> <Delay = 3.56> <Storage> <Opcode : 'read' 'write' 'nbread' 'nbwrite'> <Ports = 0> <Width = 24> <Depth = 64> <FIFO>
ST_4 : Operation 103 [1/1] (0.00ns)   --->   "%br_ln41 = br void %for.body4" [firmware/nnet_utils/nnet_activation_stream.h:41]   --->   Operation 103 'br' 'br_ln41' <Predicate = true> <Delay = 0.00>


============================================================
+ Verbose Summary: Timing violations
============================================================
Target clock period: 5ns, clock uncertainty: 1.35ns.

 <State 1>: 3.46ns
The critical path consists of the following:
	'alloca' operation ('i') [3]  (0 ns)
	'load' operation ('i', firmware/nnet_utils/nnet_activation_stream.h:41) on local variable 'i' [9]  (0 ns)
	'add' operation ('i', firmware/nnet_utils/nnet_activation_stream.h:41) [12]  (1.87 ns)
	'store' operation ('store_ln41', firmware/nnet_utils/nnet_activation_stream.h:41) of variable 'i', firmware/nnet_utils/nnet_activation_stream.h:41 on local variable 'i' [100]  (1.59 ns)

 <State 2>: 3.49ns
The critical path consists of the following:
	fifo read operation ('layer2_out_read', firmware/nnet_utils/nnet_activation_stream.h:44) on port 'layer2_out' (firmware/nnet_utils/nnet_activation_stream.h:44) [17]  (1.83 ns)
	'icmp' operation ('r') [27]  (1.66 ns)

 <State 3>: 3.07ns
The critical path consists of the following:
	'icmp' operation ('Range1_all_ones') [34]  (1.88 ns)
	'select' operation ('select_ln888') [37]  (0 ns)
	'select' operation ('deleted_zeros') [38]  (0 ns)
	'select' operation ('out_data.data') [39]  (1.19 ns)

 <State 4>: 3.01ns
The critical path consists of the following:
	'select' operation ('out_data.data') [40]  (1.19 ns)
	fifo write operation ('write_ln57', firmware/nnet_utils/nnet_activation_stream.h:57) on port 'layer4_out' (firmware/nnet_utils/nnet_activation_stream.h:57) [99]  (1.83 ns)


============================================================
+ Verbose Summary: Binding
============================================================
N/A
* FSMD analyzer results:
  - Output states:
 - Input state : 
  - Chain level:
	State 1
	State 2
	State 3
	State 4


============================================================
+ Verbose Summary: Datapath Resource usage 
============================================================
N/A
