

================================================================
== Vitis HLS Report for 'zeropad2d_cl_array_array_ap_ufixed_6_0_4_0_0_4u_config19_Pipeline_PadMain'
================================================================
* Date:           Thu Jul  2 23:53:13 2026

* Version:        2022.2 (Build 3670227 on Oct 13 2022)
* Project:        myproject_prj
* Solution:       solution1 (Vivado IP Flow Target)
* Product family: zynq
* Target device:  xc7z020-clg400-1


================================================================
== Performance Estimates
================================================================
+ Timing: 
    * Summary: 
    +--------+---------+----------+------------+
    |  Clock |  Target | Estimated| Uncertainty|
    +--------+---------+----------+------------+
    |ap_clk  |  5.00 ns|  1.825 ns|     1.35 ns|
    +--------+---------+----------+------------+

+ Latency: 
    * Summary: 
    +---------+---------+----------+----------+-----+-----+---------+
    |  Latency (cycles) |  Latency (absolute) |  Interval | Pipeline|
    |   min   |   max   |    min   |    max   | min | max |   Type  |
    +---------+---------+----------+----------+-----+-----+---------+
    |       26|       26|  0.130 us|  0.130 us|   26|   26|       no|
    +---------+---------+----------+----------+-----+-----+---------+

    + Detail: 
        * Instance: 
        N/A

        * Loop: 
        +-----------+---------+---------+----------+-----------+-----------+------+----------+
        |           |  Latency (cycles) | Iteration|  Initiation Interval  | Trip |          |
        | Loop Name |   min   |   max   |  Latency |  achieved |   target  | Count| Pipelined|
        +-----------+---------+---------+----------+-----------+-----------+------+----------+
        |- PadMain  |       24|       24|         7|          6|          1|     4|       yes|
        +-----------+---------+---------+----------+-----------+-----------+------+----------+



================================================================
== Utilization Estimates
================================================================
* Summary: 
+-----------------+---------+-----+--------+-------+-----+
|       Name      | BRAM_18K| DSP |   FF   |  LUT  | URAM|
+-----------------+---------+-----+--------+-------+-----+
|DSP              |        -|    -|       -|      -|    -|
|Expression       |        -|    -|       0|     32|    -|
|FIFO             |        -|    -|       -|      -|    -|
|Instance         |        -|    -|       -|      -|    -|
|Memory           |        -|    -|       -|      -|    -|
|Multiplexer      |        -|    -|       -|    123|    -|
|Register         |        -|    -|      40|      -|    -|
+-----------------+---------+-----+--------+-------+-----+
|Total            |        0|    0|      40|    155|    0|
+-----------------+---------+-----+--------+-------+-----+
|Available        |      280|  220|  106400|  53200|    0|
+-----------------+---------+-----+--------+-------+-----+
|Utilization (%)  |        0|    0|      ~0|     ~0|    0|
+-----------------+---------+-----+--------+-------+-----+

+ Detail: 
    * Instance: 
    N/A

    * DSP: 
    N/A

    * Memory: 
    N/A

    * FIFO: 
    N/A

    * Expression: 
    +----------------------------------+----------+----+---+----+------------+------------+
    |           Variable Name          | Operation| DSP| FF| LUT| Bitwidth P0| Bitwidth P1|
    +----------------------------------+----------+----+---+----+------------+------------+
    |i_2_fu_77_p2                      |         +|   0|  0|  11|           3|           1|
    |ap_block_pp0_stage0_01001         |       and|   0|  0|   2|           1|           1|
    |ap_block_pp0_stage1_01001         |       and|   0|  0|   2|           1|           1|
    |ap_block_pp0_stage5_01001         |       and|   0|  0|   2|           1|           1|
    |ap_block_state6_pp0_stage5_iter0  |       and|   0|  0|   2|           1|           1|
    |icmp_ln59_fu_71_p2                |      icmp|   0|  0|   9|           3|           4|
    |ap_block_state2_pp0_stage1_iter0  |        or|   0|  0|   2|           1|           1|
    |ap_enable_pp0                     |       xor|   0|  0|   2|           1|           2|
    +----------------------------------+----------+----+---+----+------------+------------+
    |Total                             |          |   0|  0|  32|          12|          12|
    +----------------------------------+----------+----+---+----+------------+------------+

    * Multiplexer: 
    +-----------------------------+----+-----------+-----+-----------+
    |             Name            | LUT| Input Size| Bits| Total Bits|
    +-----------------------------+----+-----------+-----+-----------+
    |ap_NS_fsm                    |  37|          7|    1|          7|
    |ap_done_int                  |   9|          2|    1|          2|
    |ap_enable_reg_pp0_iter0      |   9|          2|    1|          2|
    |ap_enable_reg_pp0_iter0_reg  |   9|          2|    1|          2|
    |ap_enable_reg_pp0_iter1      |   9|          2|    1|          2|
    |ap_sig_allocacmp_i_1         |   9|          2|    3|          6|
    |i_fu_40                      |   9|          2|    3|          6|
    |layer19_out_blk_n            |   9|          2|    1|          2|
    |layer19_out_din              |  14|          3|   24|         72|
    |layer5_out_blk_n             |   9|          2|    1|          2|
    +-----------------------------+----+-----------+-----+-----------+
    |Total                        | 123|         26|   37|        103|
    +-----------------------------+----+-----------+-----+-----------+

    * Register: 
    +-----------------------------+----+----+-----+-----------+
    |             Name            | FF | LUT| Bits| Const Bits|
    +-----------------------------+----+----+-----+-----------+
    |ap_CS_fsm                    |   6|   0|    6|          0|
    |ap_done_reg                  |   1|   0|    1|          0|
    |ap_enable_reg_pp0_iter0_reg  |   1|   0|    1|          0|
    |ap_enable_reg_pp0_iter1      |   1|   0|    1|          0|
    |i_2_reg_98                   |   3|   0|    3|          0|
    |i_fu_40                      |   3|   0|    3|          0|
    |icmp_ln59_reg_94             |   1|   0|    1|          0|
    |reg_58                       |  24|   0|   24|          0|
    +-----------------------------+----+----+-----+-----------+
    |Total                        |  40|   0|   40|          0|
    +-----------------------------+----+----+-----+-----------+



================================================================
== Interface
================================================================
* Summary: 
+----------------------------+-----+-----+------------+------------------------------------------------------------------------------+--------------+
|          RTL Ports         | Dir | Bits|  Protocol  |                                 Source Object                                |    C Type    |
+----------------------------+-----+-----+------------+------------------------------------------------------------------------------+--------------+
|ap_clk                      |   in|    1|  ap_ctrl_hs|  zeropad2d_cl<array,array<ap_ufixed<6,0,4,0,0>,4u>,config19>_Pipeline_PadMain|  return value|
|ap_rst                      |   in|    1|  ap_ctrl_hs|  zeropad2d_cl<array,array<ap_ufixed<6,0,4,0,0>,4u>,config19>_Pipeline_PadMain|  return value|
|ap_start                    |   in|    1|  ap_ctrl_hs|  zeropad2d_cl<array,array<ap_ufixed<6,0,4,0,0>,4u>,config19>_Pipeline_PadMain|  return value|
|ap_done                     |  out|    1|  ap_ctrl_hs|  zeropad2d_cl<array,array<ap_ufixed<6,0,4,0,0>,4u>,config19>_Pipeline_PadMain|  return value|
|ap_idle                     |  out|    1|  ap_ctrl_hs|  zeropad2d_cl<array,array<ap_ufixed<6,0,4,0,0>,4u>,config19>_Pipeline_PadMain|  return value|
|ap_ready                    |  out|    1|  ap_ctrl_hs|  zeropad2d_cl<array,array<ap_ufixed<6,0,4,0,0>,4u>,config19>_Pipeline_PadMain|  return value|
|layer19_out_din             |  out|   24|     ap_fifo|                                                                   layer19_out|       pointer|
|layer19_out_num_data_valid  |   in|    7|     ap_fifo|                                                                   layer19_out|       pointer|
|layer19_out_fifo_cap        |   in|    7|     ap_fifo|                                                                   layer19_out|       pointer|
|layer19_out_full_n          |   in|    1|     ap_fifo|                                                                   layer19_out|       pointer|
|layer19_out_write           |  out|    1|     ap_fifo|                                                                   layer19_out|       pointer|
|layer5_out_dout             |   in|   24|     ap_fifo|                                                                    layer5_out|       pointer|
|layer5_out_num_data_valid   |   in|    5|     ap_fifo|                                                                    layer5_out|       pointer|
|layer5_out_fifo_cap         |   in|    5|     ap_fifo|                                                                    layer5_out|       pointer|
|layer5_out_empty_n          |   in|    1|     ap_fifo|                                                                    layer5_out|       pointer|
|layer5_out_read             |  out|    1|     ap_fifo|                                                                    layer5_out|       pointer|
+----------------------------+-----+-----+------------+------------------------------------------------------------------------------+--------------+

============================================================
+ Verbose Summary: Synthesis Manager
============================================================
InlineROM: 1
ExposeGlobal: 0
============================================================
+ Verbose Summary: CDFG Model
============================================================
IsTopModel: 0
ResetActiveHigh: 1
IsCombinational: 2
IsDatapathOnly: 2
HasWiredReturn: 1
HasMFsm: 2
HasVarLatency: 1
IsPipeline: 0
IsRtlPipelined: 0
IsInstanceOverlapped: 0
IsDontTouch: 0
HasImplIP: 0
IsGatedGlobalClock: 0

+ Individual pipeline summary: 
  * Pipeline-0: initiation interval (II) = 6, depth = 7


============================================================
+ Verbose Summary: Schedule
============================================================
* Number of FSM states : 7
* Pipeline : 1
  Pipeline-0 : II = 6, D = 7, States = { 1 2 3 4 5 6 7 }
* Dataflow Pipeline: 0

* FSM state transitions: 
1 --> 2 
2 --> 3 
3 --> 4 
4 --> 5 
5 --> 6 
6 --> 7 
7 --> 

* FSM state operations: 

State 1 <SV = 0> <Delay = 1.65>
ST_1 : Operation 10 [1/1] (0.00ns)   --->   "%i = alloca i32 1"   --->   Operation 10 'alloca' 'i' <Predicate = true> <Delay = 0.00>
ST_1 : Operation 11 [1/1] (0.00ns)   --->   "%specinterface_ln0 = specinterface void @_ssdm_op_SpecInterface, i24 %layer5_out, void @empty_21, i32 0, i32 0, void @empty_10, i32 0, i32 0, void @empty_10, void @empty_10, void @empty_10, i32 0, i32 0, i32 0, i32 0, void @empty_10, void @empty_10, i32 4294967295, i32 0"   --->   Operation 11 'specinterface' 'specinterface_ln0' <Predicate = true> <Delay = 0.00>
ST_1 : Operation 12 [1/1] (0.00ns)   --->   "%specinterface_ln0 = specinterface void @_ssdm_op_SpecInterface, i24 %layer19_out, void @empty_21, i32 0, i32 0, void @empty_10, i32 0, i32 0, void @empty_10, void @empty_10, void @empty_10, i32 0, i32 0, i32 0, i32 0, void @empty_10, void @empty_10, i32 4294967295, i32 0"   --->   Operation 12 'specinterface' 'specinterface_ln0' <Predicate = true> <Delay = 0.00>
ST_1 : Operation 13 [1/1] (1.58ns)   --->   "%store_ln0 = store i3 0, i3 %i"   --->   Operation 13 'store' 'store_ln0' <Predicate = true> <Delay = 1.58>
ST_1 : Operation 14 [1/1] (0.00ns)   --->   "%br_ln0 = br void %PadLeft"   --->   Operation 14 'br' 'br_ln0' <Predicate = true> <Delay = 0.00>
ST_1 : Operation 15 [1/1] (0.00ns)   --->   "%i_1 = load i3 %i" [firmware/nnet_utils/nnet_padding_stream.h:59]   --->   Operation 15 'load' 'i_1' <Predicate = true> <Delay = 0.00>
ST_1 : Operation 16 [1/1] (0.00ns)   --->   "%specpipeline_ln0 = specpipeline void @_ssdm_op_SpecPipeline, i32 4294967295, i32 0, i32 1, i32 0, void @p_str"   --->   Operation 16 'specpipeline' 'specpipeline_ln0' <Predicate = true> <Delay = 0.00>
ST_1 : Operation 17 [1/1] (1.13ns)   --->   "%icmp_ln59 = icmp_eq  i3 %i_1, i3 4" [firmware/nnet_utils/nnet_padding_stream.h:59]   --->   Operation 17 'icmp' 'icmp_ln59' <Predicate = true> <Delay = 1.13> <CoreInst = "Cmp">   --->   Core 9 'Cmp' <Latency = 0> <II = 1> <Delay = 1.30> <FuncUnit> <Opcode : 'icmp'> <InPorts = 2> <OutPorts = 1>
ST_1 : Operation 18 [1/1] (0.00ns)   --->   "%empty = speclooptripcount i32 @_ssdm_op_SpecLoopTripCount, i64 4, i64 4, i64 4"   --->   Operation 18 'speclooptripcount' 'empty' <Predicate = true> <Delay = 0.00>
ST_1 : Operation 19 [1/1] (1.65ns)   --->   "%i_2 = add i3 %i_1, i3 1" [firmware/nnet_utils/nnet_padding_stream.h:59]   --->   Operation 19 'add' 'i_2' <Predicate = true> <Delay = 1.65> <CoreInst = "Adder">   --->   Core 1 'Adder' <Latency = 0> <II = 1> <Delay = 1.65> <FuncUnit> <Opcode : 'add' 'sub'> <InPorts = 2> <OutPorts = 1>
ST_1 : Operation 20 [1/1] (0.00ns)   --->   "%br_ln59 = br i1 %icmp_ln59, void %PadLeft.split, void %for.inc50.preheader.exitStub" [firmware/nnet_utils/nnet_padding_stream.h:59]   --->   Operation 20 'br' 'br_ln59' <Predicate = true> <Delay = 0.00>
ST_1 : Operation 34 [1/1] (0.00ns)   --->   "%ret_ln0 = ret"   --->   Operation 34 'ret' 'ret_ln0' <Predicate = (icmp_ln59)> <Delay = 0.00>

State 2 <SV = 1> <Delay = 1.82>
ST_2 : Operation 21 [1/1] (1.82ns)   --->   "%write_ln15 = write void @_ssdm_op_Write.ap_fifo.volatile.i24P0A, i24 %layer19_out, i24 0" [firmware/nnet_utils/nnet_padding_stream.h:15]   --->   Operation 21 'write' 'write_ln15' <Predicate = (!icmp_ln59)> <Delay = 1.82> <CoreInst = "FIFO_SRL">   --->   Core 81 'FIFO_SRL' <Latency = 0> <II = 1> <Delay = 3.72> <Storage> <Opcode : 'read' 'write' 'nbread' 'nbwrite'> <Ports = 0> <Width = 24> <Depth = 36> <FIFO>
ST_2 : Operation 22 [1/1] (1.82ns)   --->   "%layer5_out_read = read i24 @_ssdm_op_Read.ap_fifo.volatile.i24P0A, i24 %layer5_out" [firmware/nnet_utils/nnet_padding_stream.h:20]   --->   Operation 22 'read' 'layer5_out_read' <Predicate = (!icmp_ln59)> <Delay = 1.82> <CoreInst = "FIFO_SRL">   --->   Core 81 'FIFO_SRL' <Latency = 0> <II = 1> <Delay = 3.80> <Storage> <Opcode : 'read' 'write' 'nbread' 'nbwrite'> <Ports = 0> <Width = 24> <Depth = 16> <FIFO>
ST_2 : Operation 23 [1/1] (1.58ns)   --->   "%store_ln59 = store i3 %i_2, i3 %i" [firmware/nnet_utils/nnet_padding_stream.h:59]   --->   Operation 23 'store' 'store_ln59' <Predicate = (!icmp_ln59)> <Delay = 1.58>

State 3 <SV = 2> <Delay = 1.82>
ST_3 : Operation 24 [1/1] (1.82ns)   --->   "%write_ln26 = write void @_ssdm_op_Write.ap_fifo.volatile.i24P0A, i24 %layer19_out, i24 %layer5_out_read" [firmware/nnet_utils/nnet_padding_stream.h:26]   --->   Operation 24 'write' 'write_ln26' <Predicate = (!icmp_ln59)> <Delay = 1.82> <CoreInst = "FIFO_SRL">   --->   Core 81 'FIFO_SRL' <Latency = 0> <II = 1> <Delay = 3.72> <Storage> <Opcode : 'read' 'write' 'nbread' 'nbwrite'> <Ports = 0> <Width = 24> <Depth = 36> <FIFO>
ST_3 : Operation 25 [1/1] (1.82ns)   --->   "%layer5_out_read_1 = read i24 @_ssdm_op_Read.ap_fifo.volatile.i24P0A, i24 %layer5_out" [firmware/nnet_utils/nnet_padding_stream.h:20]   --->   Operation 25 'read' 'layer5_out_read_1' <Predicate = (!icmp_ln59)> <Delay = 1.82> <CoreInst = "FIFO_SRL">   --->   Core 81 'FIFO_SRL' <Latency = 0> <II = 1> <Delay = 3.80> <Storage> <Opcode : 'read' 'write' 'nbread' 'nbwrite'> <Ports = 0> <Width = 24> <Depth = 16> <FIFO>

State 4 <SV = 3> <Delay = 1.82>
ST_4 : Operation 26 [1/1] (1.82ns)   --->   "%write_ln26 = write void @_ssdm_op_Write.ap_fifo.volatile.i24P0A, i24 %layer19_out, i24 %layer5_out_read_1" [firmware/nnet_utils/nnet_padding_stream.h:26]   --->   Operation 26 'write' 'write_ln26' <Predicate = (!icmp_ln59)> <Delay = 1.82> <CoreInst = "FIFO_SRL">   --->   Core 81 'FIFO_SRL' <Latency = 0> <II = 1> <Delay = 3.72> <Storage> <Opcode : 'read' 'write' 'nbread' 'nbwrite'> <Ports = 0> <Width = 24> <Depth = 36> <FIFO>
ST_4 : Operation 27 [1/1] (1.82ns)   --->   "%layer5_out_read_2 = read i24 @_ssdm_op_Read.ap_fifo.volatile.i24P0A, i24 %layer5_out" [firmware/nnet_utils/nnet_padding_stream.h:20]   --->   Operation 27 'read' 'layer5_out_read_2' <Predicate = (!icmp_ln59)> <Delay = 1.82> <CoreInst = "FIFO_SRL">   --->   Core 81 'FIFO_SRL' <Latency = 0> <II = 1> <Delay = 3.80> <Storage> <Opcode : 'read' 'write' 'nbread' 'nbwrite'> <Ports = 0> <Width = 24> <Depth = 16> <FIFO>

State 5 <SV = 4> <Delay = 1.82>
ST_5 : Operation 28 [1/1] (1.82ns)   --->   "%write_ln26 = write void @_ssdm_op_Write.ap_fifo.volatile.i24P0A, i24 %layer19_out, i24 %layer5_out_read_2" [firmware/nnet_utils/nnet_padding_stream.h:26]   --->   Operation 28 'write' 'write_ln26' <Predicate = (!icmp_ln59)> <Delay = 1.82> <CoreInst = "FIFO_SRL">   --->   Core 81 'FIFO_SRL' <Latency = 0> <II = 1> <Delay = 3.72> <Storage> <Opcode : 'read' 'write' 'nbread' 'nbwrite'> <Ports = 0> <Width = 24> <Depth = 36> <FIFO>
ST_5 : Operation 29 [1/1] (1.82ns)   --->   "%layer5_out_read_3 = read i24 @_ssdm_op_Read.ap_fifo.volatile.i24P0A, i24 %layer5_out" [firmware/nnet_utils/nnet_padding_stream.h:20]   --->   Operation 29 'read' 'layer5_out_read_3' <Predicate = (!icmp_ln59)> <Delay = 1.82> <CoreInst = "FIFO_SRL">   --->   Core 81 'FIFO_SRL' <Latency = 0> <II = 1> <Delay = 3.80> <Storage> <Opcode : 'read' 'write' 'nbread' 'nbwrite'> <Ports = 0> <Width = 24> <Depth = 16> <FIFO>

State 6 <SV = 5> <Delay = 1.82>
ST_6 : Operation 30 [1/1] (1.82ns)   --->   "%write_ln26 = write void @_ssdm_op_Write.ap_fifo.volatile.i24P0A, i24 %layer19_out, i24 %layer5_out_read_3" [firmware/nnet_utils/nnet_padding_stream.h:26]   --->   Operation 30 'write' 'write_ln26' <Predicate = (!icmp_ln59)> <Delay = 1.82> <CoreInst = "FIFO_SRL">   --->   Core 81 'FIFO_SRL' <Latency = 0> <II = 1> <Delay = 3.72> <Storage> <Opcode : 'read' 'write' 'nbread' 'nbwrite'> <Ports = 0> <Width = 24> <Depth = 36> <FIFO>

State 7 <SV = 6> <Delay = 1.82>
ST_7 : Operation 31 [1/1] (0.00ns)   --->   "%specloopname_ln59 = specloopname void @_ssdm_op_SpecLoopName, void @empty_16" [firmware/nnet_utils/nnet_padding_stream.h:59]   --->   Operation 31 'specloopname' 'specloopname_ln59' <Predicate = true> <Delay = 0.00>
ST_7 : Operation 32 [1/1] (1.82ns)   --->   "%write_ln15 = write void @_ssdm_op_Write.ap_fifo.volatile.i24P0A, i24 %layer19_out, i24 0" [firmware/nnet_utils/nnet_padding_stream.h:15]   --->   Operation 32 'write' 'write_ln15' <Predicate = true> <Delay = 1.82> <CoreInst = "FIFO_SRL">   --->   Core 81 'FIFO_SRL' <Latency = 0> <II = 1> <Delay = 3.72> <Storage> <Opcode : 'read' 'write' 'nbread' 'nbwrite'> <Ports = 0> <Width = 24> <Depth = 36> <FIFO>
ST_7 : Operation 33 [1/1] (0.00ns)   --->   "%br_ln59 = br void %PadLeft" [firmware/nnet_utils/nnet_padding_stream.h:59]   --->   Operation 33 'br' 'br_ln59' <Predicate = true> <Delay = 0.00>


============================================================
+ Verbose Summary: Binding
============================================================
STG Binding: 
---------------- STG Properties BEGIN ----------------
- Is combinational: 0
- Is one-state seq: 0
- Is datapath-only: 0
- Is pipelined: 0
- Is top level: 0
Port [ Return ] is wired: 1; IO mode=ap_ctrl_hs:ce=0
Port [ layer19_out]:  wired=1; compound=1; hidden=0; nouse=0; global=0; static=0; extern=0; dir=1; type=3; pingpong=0; private_global=0; IO mode=ap_fifo:ce=0
Port [ layer5_out]:  wired=1; compound=1; hidden=0; nouse=0; global=0; static=0; extern=0; dir=0; type=3; pingpong=0; private_global=0; IO mode=ap_fifo:ce=0
---------------- STG Properties END ------------------

---------------- Datapath Model BEGIN ----------------

<LifeTime>
<method=bitvector/>
i                 (alloca           ) [ 01100000]
specinterface_ln0 (specinterface    ) [ 00000000]
specinterface_ln0 (specinterface    ) [ 00000000]
store_ln0         (store            ) [ 00000000]
br_ln0            (br               ) [ 00000000]
i_1               (load             ) [ 00000000]
specpipeline_ln0  (specpipeline     ) [ 00000000]
icmp_ln59         (icmp             ) [ 01111110]
empty             (speclooptripcount) [ 00000000]
i_2               (add              ) [ 00100000]
br_ln59           (br               ) [ 00000000]
write_ln15        (write            ) [ 00000000]
layer5_out_read   (read             ) [ 00010000]
store_ln59        (store            ) [ 00000000]
write_ln26        (write            ) [ 00000000]
layer5_out_read_1 (read             ) [ 00001000]
write_ln26        (write            ) [ 00000000]
layer5_out_read_2 (read             ) [ 00000100]
write_ln26        (write            ) [ 00000000]
layer5_out_read_3 (read             ) [ 00000010]
write_ln26        (write            ) [ 00000000]
specloopname_ln59 (specloopname     ) [ 00000000]
write_ln15        (write            ) [ 00000000]
br_ln59           (br               ) [ 00000000]
ret_ln0           (ret              ) [ 00000000]
</LifeTime>

<model>

<comp_list>
<comp id="0" class="1000" name="layer19_out">
<pin_list>
<pin id="1" dir="1" index="0" bw="1" slack="0"/>
</pin_list>
<bind>
<StgValue><ssdm name="layer19_out"/></StgValue>
</bind>
</comp>

<comp id="2" class="1000" name="layer5_out">
<pin_list>
<pin id="3" dir="1" index="0" bw="1" slack="0"/>
</pin_list>
<bind>
<StgValue><ssdm name="layer5_out"/></StgValue>
</bind>
</comp>

<comp id="4" class="1001" name="const_4">
<pin_list>
<pin id="5" dir="1" index="0" bw="1" slack="0"/>
</pin_list>
<bind>
<StgValue><ssdm name=""/></StgValue>
</bind>
</comp>

<comp id="6" class="1001" name="const_6">
<pin_list>
<pin id="7" dir="1" index="0" bw="1" slack="2147483647"/>
</pin_list>
<bind>
<StgValue><ssdm name="_ssdm_op_SpecInterface"/></StgValue>
</bind>
</comp>

<comp id="8" class="1001" name="const_8">
<pin_list>
<pin id="9" dir="1" index="0" bw="1" slack="2147483647"/>
</pin_list>
<bind>
<StgValue><ssdm name="empty_21"/></StgValue>
</bind>
</comp>

<comp id="10" class="1001" name="const_10">
<pin_list>
<pin id="11" dir="1" index="0" bw="1" slack="2147483647"/>
</pin_list>
<bind>
<StgValue><ssdm name=""/></StgValue>
</bind>
</comp>

<comp id="12" class="1001" name="const_12">
<pin_list>
<pin id="13" dir="1" index="0" bw="1" slack="2147483647"/>
</pin_list>
<bind>
<StgValue><ssdm name="empty_10"/></StgValue>
</bind>
</comp>

<comp id="14" class="1001" name="const_14">
<pin_list>
<pin id="15" dir="1" index="0" bw="1" slack="2147483647"/>
</pin_list>
<bind>
<StgValue><ssdm name=""/></StgValue>
</bind>
</comp>

<comp id="16" class="1001" name="const_16">
<pin_list>
<pin id="17" dir="1" index="0" bw="1" slack="0"/>
</pin_list>
<bind>
<StgValue><ssdm name=""/></StgValue>
</bind>
</comp>

<comp id="18" class="1001" name="const_18">
<pin_list>
<pin id="19" dir="1" index="0" bw="1" slack="2147483647"/>
</pin_list>
<bind>
<StgValue><ssdm name="_ssdm_op_SpecPipeline"/></StgValue>
</bind>
</comp>

<comp id="20" class="1001" name="const_20">
<pin_list>
<pin id="21" dir="1" index="0" bw="1" slack="2147483647"/>
</pin_list>
<bind>
<StgValue><ssdm name="p_str"/></StgValue>
</bind>
</comp>

<comp id="22" class="1001" name="const_22">
<pin_list>
<pin id="23" dir="1" index="0" bw="1" slack="0"/>
</pin_list>
<bind>
<StgValue><ssdm name=""/></StgValue>
</bind>
</comp>

<comp id="24" class="1001" name="const_24">
<pin_list>
<pin id="25" dir="1" index="0" bw="1" slack="2147483647"/>
</pin_list>
<bind>
<StgValue><ssdm name="_ssdm_op_SpecLoopTripCount"/></StgValue>
</bind>
</comp>

<comp id="26" class="1001" name="const_26">
<pin_list>
<pin id="27" dir="1" index="0" bw="1" slack="2147483647"/>
</pin_list>
<bind>
<StgValue><ssdm name=""/></StgValue>
</bind>
</comp>

<comp id="28" class="1001" name="const_28">
<pin_list>
<pin id="29" dir="1" index="0" bw="1" slack="0"/>
</pin_list>
<bind>
<StgValue><ssdm name=""/></StgValue>
</bind>
</comp>

<comp id="30" class="1001" name="const_30">
<pin_list>
<pin id="31" dir="1" index="0" bw="1" slack="0"/>
</pin_list>
<bind>
<StgValue><ssdm name="_ssdm_op_Write.ap_fifo.volatile.i24P0A"/></StgValue>
</bind>
</comp>

<comp id="32" class="1001" name="const_32">
<pin_list>
<pin id="33" dir="1" index="0" bw="1" slack="0"/>
</pin_list>
<bind>
<StgValue><ssdm name=""/></StgValue>
</bind>
</comp>

<comp id="34" class="1001" name="const_34">
<pin_list>
<pin id="35" dir="1" index="0" bw="1" slack="0"/>
</pin_list>
<bind>
<StgValue><ssdm name="_ssdm_op_Read.ap_fifo.volatile.i24P0A"/></StgValue>
</bind>
</comp>

<comp id="36" class="1001" name="const_36">
<pin_list>
<pin id="37" dir="1" index="0" bw="1" slack="2147483647"/>
</pin_list>
<bind>
<StgValue><ssdm name="_ssdm_op_SpecLoopName"/></StgValue>
</bind>
</comp>

<comp id="38" class="1001" name="const_38">
<pin_list>
<pin id="39" dir="1" index="0" bw="1" slack="2147483647"/>
</pin_list>
<bind>
<StgValue><ssdm name="empty_16"/></StgValue>
</bind>
</comp>

<comp id="40" class="1004" name="i_fu_40">
<pin_list>
<pin id="41" dir="0" index="0" bw="1" slack="0"/>
<pin id="42" dir="1" index="1" bw="3" slack="0"/>
</pin_list>
<bind>
<opcode="alloca(26) " fcode="alloca"/>
<opset="i/1 "/>
</bind>
</comp>

<comp id="44" class="1004" name="grp_write_fu_44">
<pin_list>
<pin id="45" dir="0" index="0" bw="0" slack="0"/>
<pin id="46" dir="0" index="1" bw="24" slack="0"/>
<pin id="47" dir="0" index="2" bw="24" slack="0"/>
<pin id="48" dir="1" index="3" bw="0" slack="2147483647"/>
</pin_list>
<bind>
<opcode="write(1151) " fcode="write"/>
<opset="write_ln15/2 write_ln26/3 write_ln26/4 write_ln26/5 write_ln26/6 write_ln15/7 "/>
</bind>
</comp>

<comp id="52" class="1004" name="grp_read_fu_52">
<pin_list>
<pin id="53" dir="0" index="0" bw="24" slack="0"/>
<pin id="54" dir="0" index="1" bw="24" slack="0"/>
<pin id="55" dir="1" index="2" bw="24" slack="1"/>
</pin_list>
<bind>
<opcode="read(1150) " fcode="read"/>
<opset="layer5_out_read/2 layer5_out_read_1/3 layer5_out_read_2/4 layer5_out_read_3/5 "/>
</bind>
</comp>

<comp id="58" class="1005" name="reg_58">
<pin_list>
<pin id="59" dir="0" index="0" bw="24" slack="1"/>
<pin id="60" dir="1" index="1" bw="24" slack="1"/>
</pin_list>
<bind>
<opset="layer5_out_read layer5_out_read_1 layer5_out_read_2 layer5_out_read_3 "/>
</bind>
</comp>

<comp id="63" class="1004" name="store_ln0_store_fu_63">
<pin_list>
<pin id="64" dir="0" index="0" bw="1" slack="0"/>
<pin id="65" dir="0" index="1" bw="3" slack="0"/>
<pin id="66" dir="1" index="2" bw="0" slack="2147483647"/>
</pin_list>
<bind>
<opcode="store(28) " fcode="store"/>
<opset="store_ln0/1 "/>
</bind>
</comp>

<comp id="68" class="1004" name="i_1_load_fu_68">
<pin_list>
<pin id="69" dir="0" index="0" bw="3" slack="0"/>
<pin id="70" dir="1" index="1" bw="3" slack="0"/>
</pin_list>
<bind>
<opcode="load(27) " fcode="load"/>
<opset="i_1/1 "/>
</bind>
</comp>

<comp id="71" class="1004" name="icmp_ln59_fu_71">
<pin_list>
<pin id="72" dir="0" index="0" bw="3" slack="0"/>
<pin id="73" dir="0" index="1" bw="3" slack="0"/>
<pin id="74" dir="1" index="2" bw="1" slack="1"/>
</pin_list>
<bind>
<opcode="icmp(45) " fcode="icmp"/>
<opset="icmp_ln59/1 "/>
</bind>
</comp>

<comp id="77" class="1004" name="i_2_fu_77">
<pin_list>
<pin id="78" dir="0" index="0" bw="3" slack="0"/>
<pin id="79" dir="0" index="1" bw="1" slack="0"/>
<pin id="80" dir="1" index="2" bw="3" slack="1"/>
</pin_list>
<bind>
<opcode="add(8) " fcode="add"/>
<opset="i_2/1 "/>
</bind>
</comp>

<comp id="83" class="1004" name="store_ln59_store_fu_83">
<pin_list>
<pin id="84" dir="0" index="0" bw="3" slack="1"/>
<pin id="85" dir="0" index="1" bw="3" slack="1"/>
<pin id="86" dir="1" index="2" bw="0" slack="2147483647"/>
</pin_list>
<bind>
<opcode="store(28) " fcode="store"/>
<opset="store_ln59/2 "/>
</bind>
</comp>

<comp id="87" class="1005" name="i_reg_87">
<pin_list>
<pin id="88" dir="0" index="0" bw="3" slack="0"/>
<pin id="89" dir="1" index="1" bw="3" slack="0"/>
</pin_list>
<bind>
<opset="i "/>
</bind>
</comp>

<comp id="94" class="1005" name="icmp_ln59_reg_94">
<pin_list>
<pin id="95" dir="0" index="0" bw="1" slack="1"/>
<pin id="96" dir="1" index="1" bw="1" slack="2147483647"/>
</pin_list>
<bind>
<opset="icmp_ln59 "/>
</bind>
</comp>

<comp id="98" class="1005" name="i_2_reg_98">
<pin_list>
<pin id="99" dir="0" index="0" bw="3" slack="1"/>
<pin id="100" dir="1" index="1" bw="3" slack="1"/>
</pin_list>
<bind>
<opset="i_2 "/>
</bind>
</comp>

</comp_list>

<net_list>
<net id="43"><net_src comp="4" pin="0"/><net_sink comp="40" pin=0"/></net>

<net id="49"><net_src comp="30" pin="0"/><net_sink comp="44" pin=0"/></net>

<net id="50"><net_src comp="0" pin="0"/><net_sink comp="44" pin=1"/></net>

<net id="51"><net_src comp="32" pin="0"/><net_sink comp="44" pin=2"/></net>

<net id="56"><net_src comp="34" pin="0"/><net_sink comp="52" pin=0"/></net>

<net id="57"><net_src comp="2" pin="0"/><net_sink comp="52" pin=1"/></net>

<net id="61"><net_src comp="52" pin="2"/><net_sink comp="58" pin=0"/></net>

<net id="62"><net_src comp="58" pin="1"/><net_sink comp="44" pin=2"/></net>

<net id="67"><net_src comp="16" pin="0"/><net_sink comp="63" pin=0"/></net>

<net id="75"><net_src comp="68" pin="1"/><net_sink comp="71" pin=0"/></net>

<net id="76"><net_src comp="22" pin="0"/><net_sink comp="71" pin=1"/></net>

<net id="81"><net_src comp="68" pin="1"/><net_sink comp="77" pin=0"/></net>

<net id="82"><net_src comp="28" pin="0"/><net_sink comp="77" pin=1"/></net>

<net id="90"><net_src comp="40" pin="1"/><net_sink comp="87" pin=0"/></net>

<net id="91"><net_src comp="87" pin="1"/><net_sink comp="63" pin=1"/></net>

<net id="92"><net_src comp="87" pin="1"/><net_sink comp="68" pin=0"/></net>

<net id="93"><net_src comp="87" pin="1"/><net_sink comp="83" pin=1"/></net>

<net id="97"><net_src comp="71" pin="2"/><net_sink comp="94" pin=0"/></net>

<net id="101"><net_src comp="77" pin="2"/><net_sink comp="98" pin=0"/></net>

<net id="102"><net_src comp="98" pin="1"/><net_sink comp="83" pin=0"/></net>

</net_list>

</model> 
---------------- Datapath Model END ------------------

* FSMD analyzer results:
  - Output states:
	Port: layer19_out | {2 3 4 5 6 7 }
	Port: layer5_out | {}
 - Input state : 
	Port: zeropad2d_cl<array,array<ap_ufixed<6,0,4,0,0>,4u>,config19>_Pipeline_PadMain : layer19_out | {}
	Port: zeropad2d_cl<array,array<ap_ufixed<6,0,4,0,0>,4u>,config19>_Pipeline_PadMain : layer5_out | {2 3 4 5 }
  - Chain level:
	State 1
		store_ln0 : 1
		i_1 : 1
		icmp_ln59 : 2
		i_2 : 2
		br_ln59 : 3
	State 2
	State 3
	State 4
	State 5
	State 6
	State 7


============================================================
+ Verbose Summary: Datapath Resource usage 
============================================================

* Functional unit list:
|----------|-----------------|---------|---------|
| Operation| Functional Unit |    FF   |   LUT   |
|----------|-----------------|---------|---------|
|    add   |    i_2_fu_77    |    0    |    11   |
|----------|-----------------|---------|---------|
|   icmp   | icmp_ln59_fu_71 |    0    |    8    |
|----------|-----------------|---------|---------|
|   write  | grp_write_fu_44 |    0    |    0    |
|----------|-----------------|---------|---------|
|   read   |  grp_read_fu_52 |    0    |    0    |
|----------|-----------------|---------|---------|
|   Total  |                 |    0    |    19   |
|----------|-----------------|---------|---------|

Memories:
N/A

* Register list:
+----------------+--------+
|                |   FF   |
+----------------+--------+
|   i_2_reg_98   |    3   |
|    i_reg_87    |    3   |
|icmp_ln59_reg_94|    1   |
|     reg_58     |   24   |
+----------------+--------+
|      Total     |   31   |
+----------------+--------+

* Multiplexer (MUX) list: 
|-----------------|------|------|------|--------||---------||---------|
|       Comp      |  Pin | Size |  BW  | S x BW ||  Delay  ||   LUT   |
|-----------------|------|------|------|--------||---------||---------|
| grp_write_fu_44 |  p2  |   2  |  24  |   48   ||    9    |
|-----------------|------|------|------|--------||---------||---------|
|      Total      |      |      |      |   48   ||  1.588  ||    9    |
|-----------------|------|------|------|--------||---------||---------|



* Summary:
+-----------+--------+--------+--------+
|           |  Delay |   FF   |   LUT  |
+-----------+--------+--------+--------+
|  Function |    -   |    0   |   19   |
|   Memory  |    -   |    -   |    -   |
|Multiplexer|    1   |    -   |    9   |
|  Register |    -   |   31   |    -   |
+-----------+--------+--------+--------+
|   Total   |    1   |   31   |   28   |
+-----------+--------+--------+--------+
