

================================================================
== Vitis HLS Report for 'zeropad2d_cl_array_array_ap_fixed_16_5_5_3_0_1u_config18_Pipeline_PadMain'
================================================================
* Date:           Thu Jul  2 23:53:01 2026

* Version:        2022.2 (Build 3670227 on Oct 13 2022)
* Project:        myproject_prj
* Solution:       solution1 (Vivado IP Flow Target)
* Product family: zynq
* Target device:  xc7z020-clg400-1


================================================================
== Performance Estimates
================================================================
+ Timing: 
    * Summary: 
    +--------+---------+----------+------------+
    |  Clock |  Target | Estimated| Uncertainty|
    +--------+---------+----------+------------+
    |ap_clk  |  5.00 ns|  1.825 ns|     1.35 ns|
    +--------+---------+----------+------------+

+ Latency: 
    * Summary: 
    +---------+---------+----------+----------+-----+-----+---------+
    |  Latency (cycles) |  Latency (absolute) |  Interval | Pipeline|
    |   min   |   max   |    min   |    max   | min | max |   Type  |
    +---------+---------+----------+----------+-----+-----+---------+
    |       82|       82|  0.410 us|  0.410 us|   82|   82|       no|
    +---------+---------+----------+----------+-----+-----+---------+

    + Detail: 
        * Instance: 
        N/A

        * Loop: 
        +-----------+---------+---------+----------+-----------+-----------+------+----------+
        |           |  Latency (cycles) | Iteration|  Initiation Interval  | Trip |          |
        | Loop Name |   min   |   max   |  Latency |  achieved |   target  | Count| Pipelined|
        +-----------+---------+---------+----------+-----------+-----------+------+----------+
        |- PadMain  |       80|       80|        11|         10|          1|     8|       yes|
        +-----------+---------+---------+----------+-----------+-----------+------+----------+

============================================================
+ Verbose Summary: Synthesis Manager
============================================================
InlineROM: 1
ExposeGlobal: 0
============================================================
+ Verbose Summary: CDFG Model
============================================================
IsTopModel: 0
ResetActiveHigh: 1
IsCombinational: 0
IsDatapathOnly: 0
HasWiredReturn: 1
HasMFsm: 2
HasVarLatency: 1
IsPipeline: 0
IsRtlPipelined: 0
IsInstanceOverlapped: 0
IsDontTouch: 0
HasImplIP: 0
IsGatedGlobalClock: 0

+ Individual pipeline summary: 
  * Pipeline-0: initiation interval (II) = 10, depth = 11


============================================================
+ Verbose Summary: Schedule
============================================================
* Number of FSM states : 11
* Pipeline : 1
  Pipeline-0 : II = 10, D = 11, States = { 1 2 3 4 5 6 7 8 9 10 11 }
* Dataflow Pipeline: 0

* FSM state transitions: 
1 --> 2 
2 --> 3 
3 --> 4 
4 --> 5 
5 --> 6 
6 --> 7 
7 --> 8 
8 --> 9 
9 --> 10 
10 --> 11 
11 --> 

* FSM state operations: 

State 1 <SV = 0> <Delay = 1.73>
ST_1 : Operation 14 [1/1] (0.00ns)   --->   "%i = alloca i32 1"   --->   Operation 14 'alloca' 'i' <Predicate = true> <Delay = 0.00>
ST_1 : Operation 15 [1/1] (0.00ns)   --->   "%specinterface_ln0 = specinterface void @_ssdm_op_SpecInterface, i16 %img_input, void @empty, i32 0, i32 0, void @empty_14, i32 0, i32 0, void @empty_10, void @empty_10, void @empty_10, i32 0, i32 0, i32 0, i32 0, void @empty_10, void @empty_10, i32 4294967295, i32 0"   --->   Operation 15 'specinterface' 'specinterface_ln0' <Predicate = true> <Delay = 0.00>
ST_1 : Operation 16 [1/1] (0.00ns)   --->   "%specinterface_ln0 = specinterface void @_ssdm_op_SpecInterface, i16 %layer18_out, void @empty_21, i32 0, i32 0, void @empty_10, i32 0, i32 0, void @empty_10, void @empty_10, void @empty_10, i32 0, i32 0, i32 0, i32 0, void @empty_10, void @empty_10, i32 4294967295, i32 0"   --->   Operation 16 'specinterface' 'specinterface_ln0' <Predicate = true> <Delay = 0.00>
ST_1 : Operation 17 [1/1] (1.58ns)   --->   "%store_ln0 = store i4 0, i4 %i"   --->   Operation 17 'store' 'store_ln0' <Predicate = true> <Delay = 1.58>
ST_1 : Operation 18 [1/1] (0.00ns)   --->   "%br_ln0 = br void %PadLeft"   --->   Operation 18 'br' 'br_ln0' <Predicate = true> <Delay = 0.00>
ST_1 : Operation 19 [1/1] (0.00ns)   --->   "%i_3 = load i4 %i" [firmware/nnet_utils/nnet_padding_stream.h:59]   --->   Operation 19 'load' 'i_3' <Predicate = true> <Delay = 0.00>
ST_1 : Operation 20 [1/1] (0.00ns)   --->   "%specpipeline_ln0 = specpipeline void @_ssdm_op_SpecPipeline, i32 4294967295, i32 0, i32 1, i32 0, void @p_str"   --->   Operation 20 'specpipeline' 'specpipeline_ln0' <Predicate = true> <Delay = 0.00>
ST_1 : Operation 21 [1/1] (1.30ns)   --->   "%icmp_ln59 = icmp_eq  i4 %i_3, i4 8" [firmware/nnet_utils/nnet_padding_stream.h:59]   --->   Operation 21 'icmp' 'icmp_ln59' <Predicate = true> <Delay = 1.30> <CoreInst = "Cmp">   --->   Core 9 'Cmp' <Latency = 0> <II = 1> <Delay = 1.30> <FuncUnit> <Opcode : 'icmp'> <InPorts = 2> <OutPorts = 1>
ST_1 : Operation 22 [1/1] (0.00ns)   --->   "%empty = speclooptripcount i32 @_ssdm_op_SpecLoopTripCount, i64 8, i64 8, i64 8"   --->   Operation 22 'speclooptripcount' 'empty' <Predicate = true> <Delay = 0.00>
ST_1 : Operation 23 [1/1] (1.73ns)   --->   "%i_4 = add i4 %i_3, i4 1" [firmware/nnet_utils/nnet_padding_stream.h:59]   --->   Operation 23 'add' 'i_4' <Predicate = true> <Delay = 1.73> <CoreInst = "Adder">   --->   Core 1 'Adder' <Latency = 0> <II = 1> <Delay = 1.73> <FuncUnit> <Opcode : 'add' 'sub'> <InPorts = 2> <OutPorts = 1>
ST_1 : Operation 24 [1/1] (0.00ns)   --->   "%br_ln59 = br i1 %icmp_ln59, void %PadLeft.split, void %for.inc50.preheader.exitStub" [firmware/nnet_utils/nnet_padding_stream.h:59]   --->   Operation 24 'br' 'br_ln59' <Predicate = true> <Delay = 0.00>
ST_1 : Operation 46 [1/1] (0.00ns)   --->   "%ret_ln0 = ret"   --->   Operation 46 'ret' 'ret_ln0' <Predicate = (icmp_ln59)> <Delay = 0.00>

State 2 <SV = 1> <Delay = 1.82>
ST_2 : Operation 25 [1/1] (1.82ns)   --->   "%write_ln15 = write void @_ssdm_op_Write.ap_fifo.volatile.i16P0A, i16 %layer18_out, i16 0" [firmware/nnet_utils/nnet_padding_stream.h:15]   --->   Operation 25 'write' 'write_ln15' <Predicate = (!icmp_ln59)> <Delay = 1.82> <CoreInst = "FIFO">   --->   Core 78 'FIFO' <Latency = 0> <II = 1> <Delay = 3.50> <Storage> <Opcode : 'read' 'write' 'nbread' 'nbwrite'> <Ports = 0> <Width = 16> <Depth = 100> <FIFO>
ST_2 : Operation 26 [1/1] (0.00ns)   --->   "%img_input_read = read i16 @_ssdm_op_Read.axis.volatile.i16P128A, i16 %img_input" [firmware/nnet_utils/nnet_padding_stream.h:20]   --->   Operation 26 'read' 'img_input_read' <Predicate = (!icmp_ln59)> <Delay = 0.00> <CoreInst = "axis">   --->   Core 115 'axis' <Latency = 0> <II = 1> <Delay = 1.00> <Adapter> <Opcode : >
ST_2 : Operation 27 [1/1] (1.58ns)   --->   "%store_ln59 = store i4 %i_4, i4 %i" [firmware/nnet_utils/nnet_padding_stream.h:59]   --->   Operation 27 'store' 'store_ln59' <Predicate = (!icmp_ln59)> <Delay = 1.58>

State 3 <SV = 2> <Delay = 1.82>
ST_3 : Operation 28 [1/1] (1.82ns)   --->   "%write_ln26 = write void @_ssdm_op_Write.ap_fifo.volatile.i16P0A, i16 %layer18_out, i16 %img_input_read" [firmware/nnet_utils/nnet_padding_stream.h:26]   --->   Operation 28 'write' 'write_ln26' <Predicate = (!icmp_ln59)> <Delay = 1.82> <CoreInst = "FIFO">   --->   Core 78 'FIFO' <Latency = 0> <II = 1> <Delay = 3.50> <Storage> <Opcode : 'read' 'write' 'nbread' 'nbwrite'> <Ports = 0> <Width = 16> <Depth = 100> <FIFO>
ST_3 : Operation 29 [1/1] (0.00ns)   --->   "%img_input_read_1 = read i16 @_ssdm_op_Read.axis.volatile.i16P128A, i16 %img_input" [firmware/nnet_utils/nnet_padding_stream.h:20]   --->   Operation 29 'read' 'img_input_read_1' <Predicate = (!icmp_ln59)> <Delay = 0.00> <CoreInst = "axis">   --->   Core 115 'axis' <Latency = 0> <II = 1> <Delay = 1.00> <Adapter> <Opcode : >

State 4 <SV = 3> <Delay = 1.82>
ST_4 : Operation 30 [1/1] (1.82ns)   --->   "%write_ln26 = write void @_ssdm_op_Write.ap_fifo.volatile.i16P0A, i16 %layer18_out, i16 %img_input_read_1" [firmware/nnet_utils/nnet_padding_stream.h:26]   --->   Operation 30 'write' 'write_ln26' <Predicate = (!icmp_ln59)> <Delay = 1.82> <CoreInst = "FIFO">   --->   Core 78 'FIFO' <Latency = 0> <II = 1> <Delay = 3.50> <Storage> <Opcode : 'read' 'write' 'nbread' 'nbwrite'> <Ports = 0> <Width = 16> <Depth = 100> <FIFO>
ST_4 : Operation 31 [1/1] (0.00ns)   --->   "%img_input_read_2 = read i16 @_ssdm_op_Read.axis.volatile.i16P128A, i16 %img_input" [firmware/nnet_utils/nnet_padding_stream.h:20]   --->   Operation 31 'read' 'img_input_read_2' <Predicate = (!icmp_ln59)> <Delay = 0.00> <CoreInst = "axis">   --->   Core 115 'axis' <Latency = 0> <II = 1> <Delay = 1.00> <Adapter> <Opcode : >

State 5 <SV = 4> <Delay = 1.82>
ST_5 : Operation 32 [1/1] (1.82ns)   --->   "%write_ln26 = write void @_ssdm_op_Write.ap_fifo.volatile.i16P0A, i16 %layer18_out, i16 %img_input_read_2" [firmware/nnet_utils/nnet_padding_stream.h:26]   --->   Operation 32 'write' 'write_ln26' <Predicate = (!icmp_ln59)> <Delay = 1.82> <CoreInst = "FIFO">   --->   Core 78 'FIFO' <Latency = 0> <II = 1> <Delay = 3.50> <Storage> <Opcode : 'read' 'write' 'nbread' 'nbwrite'> <Ports = 0> <Width = 16> <Depth = 100> <FIFO>
ST_5 : Operation 33 [1/1] (0.00ns)   --->   "%img_input_read_3 = read i16 @_ssdm_op_Read.axis.volatile.i16P128A, i16 %img_input" [firmware/nnet_utils/nnet_padding_stream.h:20]   --->   Operation 33 'read' 'img_input_read_3' <Predicate = (!icmp_ln59)> <Delay = 0.00> <CoreInst = "axis">   --->   Core 115 'axis' <Latency = 0> <II = 1> <Delay = 1.00> <Adapter> <Opcode : >

State 6 <SV = 5> <Delay = 1.82>
ST_6 : Operation 34 [1/1] (1.82ns)   --->   "%write_ln26 = write void @_ssdm_op_Write.ap_fifo.volatile.i16P0A, i16 %layer18_out, i16 %img_input_read_3" [firmware/nnet_utils/nnet_padding_stream.h:26]   --->   Operation 34 'write' 'write_ln26' <Predicate = (!icmp_ln59)> <Delay = 1.82> <CoreInst = "FIFO">   --->   Core 78 'FIFO' <Latency = 0> <II = 1> <Delay = 3.50> <Storage> <Opcode : 'read' 'write' 'nbread' 'nbwrite'> <Ports = 0> <Width = 16> <Depth = 100> <FIFO>
ST_6 : Operation 35 [1/1] (0.00ns)   --->   "%img_input_read_4 = read i16 @_ssdm_op_Read.axis.volatile.i16P128A, i16 %img_input" [firmware/nnet_utils/nnet_padding_stream.h:20]   --->   Operation 35 'read' 'img_input_read_4' <Predicate = (!icmp_ln59)> <Delay = 0.00> <CoreInst = "axis">   --->   Core 115 'axis' <Latency = 0> <II = 1> <Delay = 1.00> <Adapter> <Opcode : >

State 7 <SV = 6> <Delay = 1.82>
ST_7 : Operation 36 [1/1] (1.82ns)   --->   "%write_ln26 = write void @_ssdm_op_Write.ap_fifo.volatile.i16P0A, i16 %layer18_out, i16 %img_input_read_4" [firmware/nnet_utils/nnet_padding_stream.h:26]   --->   Operation 36 'write' 'write_ln26' <Predicate = (!icmp_ln59)> <Delay = 1.82> <CoreInst = "FIFO">   --->   Core 78 'FIFO' <Latency = 0> <II = 1> <Delay = 3.50> <Storage> <Opcode : 'read' 'write' 'nbread' 'nbwrite'> <Ports = 0> <Width = 16> <Depth = 100> <FIFO>
ST_7 : Operation 37 [1/1] (0.00ns)   --->   "%img_input_read_5 = read i16 @_ssdm_op_Read.axis.volatile.i16P128A, i16 %img_input" [firmware/nnet_utils/nnet_padding_stream.h:20]   --->   Operation 37 'read' 'img_input_read_5' <Predicate = (!icmp_ln59)> <Delay = 0.00> <CoreInst = "axis">   --->   Core 115 'axis' <Latency = 0> <II = 1> <Delay = 1.00> <Adapter> <Opcode : >

State 8 <SV = 7> <Delay = 1.82>
ST_8 : Operation 38 [1/1] (1.82ns)   --->   "%write_ln26 = write void @_ssdm_op_Write.ap_fifo.volatile.i16P0A, i16 %layer18_out, i16 %img_input_read_5" [firmware/nnet_utils/nnet_padding_stream.h:26]   --->   Operation 38 'write' 'write_ln26' <Predicate = (!icmp_ln59)> <Delay = 1.82> <CoreInst = "FIFO">   --->   Core 78 'FIFO' <Latency = 0> <II = 1> <Delay = 3.50> <Storage> <Opcode : 'read' 'write' 'nbread' 'nbwrite'> <Ports = 0> <Width = 16> <Depth = 100> <FIFO>
ST_8 : Operation 39 [1/1] (0.00ns)   --->   "%img_input_read_6 = read i16 @_ssdm_op_Read.axis.volatile.i16P128A, i16 %img_input" [firmware/nnet_utils/nnet_padding_stream.h:20]   --->   Operation 39 'read' 'img_input_read_6' <Predicate = (!icmp_ln59)> <Delay = 0.00> <CoreInst = "axis">   --->   Core 115 'axis' <Latency = 0> <II = 1> <Delay = 1.00> <Adapter> <Opcode : >

State 9 <SV = 8> <Delay = 1.82>
ST_9 : Operation 40 [1/1] (1.82ns)   --->   "%write_ln26 = write void @_ssdm_op_Write.ap_fifo.volatile.i16P0A, i16 %layer18_out, i16 %img_input_read_6" [firmware/nnet_utils/nnet_padding_stream.h:26]   --->   Operation 40 'write' 'write_ln26' <Predicate = (!icmp_ln59)> <Delay = 1.82> <CoreInst = "FIFO">   --->   Core 78 'FIFO' <Latency = 0> <II = 1> <Delay = 3.50> <Storage> <Opcode : 'read' 'write' 'nbread' 'nbwrite'> <Ports = 0> <Width = 16> <Depth = 100> <FIFO>
ST_9 : Operation 41 [1/1] (0.00ns)   --->   "%img_input_read_7 = read i16 @_ssdm_op_Read.axis.volatile.i16P128A, i16 %img_input" [firmware/nnet_utils/nnet_padding_stream.h:20]   --->   Operation 41 'read' 'img_input_read_7' <Predicate = (!icmp_ln59)> <Delay = 0.00> <CoreInst = "axis">   --->   Core 115 'axis' <Latency = 0> <II = 1> <Delay = 1.00> <Adapter> <Opcode : >

State 10 <SV = 9> <Delay = 1.82>
ST_10 : Operation 42 [1/1] (1.82ns)   --->   "%write_ln26 = write void @_ssdm_op_Write.ap_fifo.volatile.i16P0A, i16 %layer18_out, i16 %img_input_read_7" [firmware/nnet_utils/nnet_padding_stream.h:26]   --->   Operation 42 'write' 'write_ln26' <Predicate = (!icmp_ln59)> <Delay = 1.82> <CoreInst = "FIFO">   --->   Core 78 'FIFO' <Latency = 0> <II = 1> <Delay = 3.50> <Storage> <Opcode : 'read' 'write' 'nbread' 'nbwrite'> <Ports = 0> <Width = 16> <Depth = 100> <FIFO>

State 11 <SV = 10> <Delay = 1.82>
ST_11 : Operation 43 [1/1] (0.00ns)   --->   "%specloopname_ln59 = specloopname void @_ssdm_op_SpecLoopName, void @empty_16" [firmware/nnet_utils/nnet_padding_stream.h:59]   --->   Operation 43 'specloopname' 'specloopname_ln59' <Predicate = true> <Delay = 0.00>
ST_11 : Operation 44 [1/1] (1.82ns)   --->   "%write_ln15 = write void @_ssdm_op_Write.ap_fifo.volatile.i16P0A, i16 %layer18_out, i16 0" [firmware/nnet_utils/nnet_padding_stream.h:15]   --->   Operation 44 'write' 'write_ln15' <Predicate = true> <Delay = 1.82> <CoreInst = "FIFO">   --->   Core 78 'FIFO' <Latency = 0> <II = 1> <Delay = 3.50> <Storage> <Opcode : 'read' 'write' 'nbread' 'nbwrite'> <Ports = 0> <Width = 16> <Depth = 100> <FIFO>
ST_11 : Operation 45 [1/1] (0.00ns)   --->   "%br_ln59 = br void %PadLeft" [firmware/nnet_utils/nnet_padding_stream.h:59]   --->   Operation 45 'br' 'br_ln59' <Predicate = true> <Delay = 0.00>


============================================================
+ Verbose Summary: Timing violations
============================================================
Target clock period: 5ns, clock uncertainty: 1.35ns.

 <State 1>: 1.74ns
The critical path consists of the following:
	'alloca' operation ('i') [3]  (0 ns)
	'load' operation ('i', firmware/nnet_utils/nnet_padding_stream.h:59) on local variable 'i' [9]  (0 ns)
	'add' operation ('i', firmware/nnet_utils/nnet_padding_stream.h:59) [13]  (1.74 ns)

 <State 2>: 1.83ns
The critical path consists of the following:
	fifo write operation ('write_ln15', firmware/nnet_utils/nnet_padding_stream.h:15) on port 'layer18_out' (firmware/nnet_utils/nnet_padding_stream.h:15) [17]  (1.83 ns)

 <State 3>: 1.83ns
The critical path consists of the following:
	fifo write operation ('write_ln26', firmware/nnet_utils/nnet_padding_stream.h:26) on port 'layer18_out' (firmware/nnet_utils/nnet_padding_stream.h:26) [19]  (1.83 ns)

 <State 4>: 1.83ns
The critical path consists of the following:
	fifo write operation ('write_ln26', firmware/nnet_utils/nnet_padding_stream.h:26) on port 'layer18_out' (firmware/nnet_utils/nnet_padding_stream.h:26) [21]  (1.83 ns)

 <State 5>: 1.83ns
The critical path consists of the following:
	fifo write operation ('write_ln26', firmware/nnet_utils/nnet_padding_stream.h:26) on port 'layer18_out' (firmware/nnet_utils/nnet_padding_stream.h:26) [23]  (1.83 ns)

 <State 6>: 1.83ns
The critical path consists of the following:
	fifo write operation ('write_ln26', firmware/nnet_utils/nnet_padding_stream.h:26) on port 'layer18_out' (firmware/nnet_utils/nnet_padding_stream.h:26) [25]  (1.83 ns)

 <State 7>: 1.83ns
The critical path consists of the following:
	fifo write operation ('write_ln26', firmware/nnet_utils/nnet_padding_stream.h:26) on port 'layer18_out' (firmware/nnet_utils/nnet_padding_stream.h:26) [27]  (1.83 ns)

 <State 8>: 1.83ns
The critical path consists of the following:
	fifo write operation ('write_ln26', firmware/nnet_utils/nnet_padding_stream.h:26) on port 'layer18_out' (firmware/nnet_utils/nnet_padding_stream.h:26) [29]  (1.83 ns)

 <State 9>: 1.83ns
The critical path consists of the following:
	fifo write operation ('write_ln26', firmware/nnet_utils/nnet_padding_stream.h:26) on port 'layer18_out' (firmware/nnet_utils/nnet_padding_stream.h:26) [31]  (1.83 ns)

 <State 10>: 1.83ns
The critical path consists of the following:
	fifo write operation ('write_ln26', firmware/nnet_utils/nnet_padding_stream.h:26) on port 'layer18_out' (firmware/nnet_utils/nnet_padding_stream.h:26) [33]  (1.83 ns)

 <State 11>: 1.83ns
The critical path consists of the following:
	fifo write operation ('write_ln15', firmware/nnet_utils/nnet_padding_stream.h:15) on port 'layer18_out' (firmware/nnet_utils/nnet_padding_stream.h:15) [34]  (1.83 ns)


============================================================
+ Verbose Summary: Binding
============================================================
N/A
* FSMD analyzer results:
  - Output states:
 - Input state : 
  - Chain level:
	State 1
	State 2
	State 3
	State 4
	State 5
	State 6
	State 7
	State 8
	State 9
	State 10
	State 11


============================================================
+ Verbose Summary: Datapath Resource usage 
============================================================
N/A
