

================================================================
== Vitis HLS Report for 'zeropad2d_cl_array_ap_fixed_1u_array_ap_fixed_16_5_5_3_0_1u_config18_s'
================================================================
* Date:           Thu Jul  2 23:53:12 2026

* Version:        2022.2 (Build 3670227 on Oct 13 2022)
* Project:        myproject_prj
* Solution:       solution1 (Vivado IP Flow Target)
* Product family: zynq
* Target device:  xc7z020-clg400-1


================================================================
== Performance Estimates
================================================================
+ Timing: 
    * Summary: 
    +--------+---------+----------+------------+
    |  Clock |  Target | Estimated| Uncertainty|
    +--------+---------+----------+------------+
    |ap_clk  |  5.00 ns|  3.323 ns|     1.35 ns|
    +--------+---------+----------+------------+

+ Latency: 
    * Summary: 
    +---------+---------+----------+----------+-----+-----+---------+
    |  Latency (cycles) |  Latency (absolute) |  Interval | Pipeline|
    |   min   |   max   |    min   |    max   | min | max |   Type  |
    +---------+---------+----------+----------+-----+-----+---------+
    |      113|      113|  0.565 us|  0.565 us|  113|  113|       no|
    +---------+---------+----------+----------+-----+-----+---------+

    + Detail: 
        * Instance: 
        +-----------------------------------------------------------------------------------------+-------------------------------------------------------------------------------+---------+---------+-----------+-----------+-----+-----+---------+
        |                                                                                         |                                                                               |  Latency (cycles) |   Latency (absolute)  |  Interval | Pipeline|
        |                                         Instance                                        |                                     Module                                    |   min   |   max   |    min    |    max    | min | max |   Type  |
        +-----------------------------------------------------------------------------------------+-------------------------------------------------------------------------------+---------+---------+-----------+-----------+-----+-----+---------+
        |grp_zeropad2d_cl_array_array_ap_fixed_16_5_5_3_0_1u_config18_Pipeline_PadTopWidth_fu_28  |zeropad2d_cl_array_array_ap_fixed_16_5_5_3_0_1u_config18_Pipeline_PadTopWidth  |       12|       12|  60.000 ns|  60.000 ns|   12|   12|       no|
        |grp_zeropad2d_cl_array_array_ap_fixed_16_5_5_3_0_1u_config18_Pipeline_PadMain_fu_34      |zeropad2d_cl_array_array_ap_fixed_16_5_5_3_0_1u_config18_Pipeline_PadMain      |       82|       82|   0.410 us|   0.410 us|   82|   82|       no|
        |grp_zeropad2d_cl_array_array_ap_fixed_1u_config18_Pipeline_PadBottomWidth_fu_42          |zeropad2d_cl_array_array_ap_fixed_1u_config18_Pipeline_PadBottomWidth          |       12|       12|  60.000 ns|  60.000 ns|   12|   12|       no|
        +-----------------------------------------------------------------------------------------+-------------------------------------------------------------------------------+---------+---------+-----------+-----------+-----+-----+---------+

        * Loop: 
        N/A



================================================================
== Utilization Estimates
================================================================
* Summary: 
+-----------------+---------+-----+--------+-------+-----+
|       Name      | BRAM_18K| DSP |   FF   |  LUT  | URAM|
+-----------------+---------+-----+--------+-------+-----+
|DSP              |        -|    -|       -|      -|    -|
|Expression       |        -|    -|       0|      2|    -|
|FIFO             |        -|    -|       -|      -|    -|
|Instance         |        -|    -|      52|    321|    -|
|Memory           |        -|    -|       -|      -|    -|
|Multiplexer      |        -|    -|       -|    109|    -|
|Register         |        -|    -|      13|      -|    -|
+-----------------+---------+-----+--------+-------+-----+
|Total            |        0|    0|      65|    432|    0|
+-----------------+---------+-----+--------+-------+-----+
|Available        |      280|  220|  106400|  53200|    0|
+-----------------+---------+-----+--------+-------+-----+
|Utilization (%)  |        0|    0|      ~0|     ~0|    0|
+-----------------+---------+-----+--------+-------+-----+

+ Detail: 
    * Instance: 
    +-----------------------------------------------------------------------------------------+-------------------------------------------------------------------------------+---------+----+----+-----+-----+
    |                                         Instance                                        |                                     Module                                    | BRAM_18K| DSP| FF | LUT | URAM|
    +-----------------------------------------------------------------------------------------+-------------------------------------------------------------------------------+---------+----+----+-----+-----+
    |grp_zeropad2d_cl_array_array_ap_fixed_16_5_5_3_0_1u_config18_Pipeline_PadMain_fu_34      |zeropad2d_cl_array_array_ap_fixed_16_5_5_3_0_1u_config18_Pipeline_PadMain      |        0|   0|  38|  179|    0|
    |grp_zeropad2d_cl_array_array_ap_fixed_16_5_5_3_0_1u_config18_Pipeline_PadTopWidth_fu_28  |zeropad2d_cl_array_array_ap_fixed_16_5_5_3_0_1u_config18_Pipeline_PadTopWidth  |        0|   0|   7|   71|    0|
    |grp_zeropad2d_cl_array_array_ap_fixed_1u_config18_Pipeline_PadBottomWidth_fu_42          |zeropad2d_cl_array_array_ap_fixed_1u_config18_Pipeline_PadBottomWidth          |        0|   0|   7|   71|    0|
    +-----------------------------------------------------------------------------------------+-------------------------------------------------------------------------------+---------+----+----+-----+-----+
    |Total                                                                                    |                                                                               |        0|   0|  52|  321|    0|
    +-----------------------------------------------------------------------------------------+-------------------------------------------------------------------------------+---------+----+----+-----+-----+

    * DSP: 
    N/A

    * Memory: 
    N/A

    * FIFO: 
    N/A

    * Expression: 
    +-----------------+----------+----+---+----+------------+------------+
    |  Variable Name  | Operation| DSP| FF| LUT| Bitwidth P0| Bitwidth P1|
    +-----------------+----------+----+---+----+------------+------------+
    |ap_block_state1  |        or|   0|  0|   2|           1|           1|
    +-----------------+----------+----+---+----+------------+------------+
    |Total            |          |   0|  0|   2|           1|           1|
    +-----------------+----------+----+---+----+------------+------------+

    * Multiplexer: 
    +-------------------------------+----+-----------+-----+-----------+
    |              Name             | LUT| Input Size| Bits| Total Bits|
    +-------------------------------+----+-----------+-----+-----------+
    |ap_NS_fsm                      |  48|          9|    1|          9|
    |ap_done                        |   9|          2|    1|          2|
    |img_input_TREADY_int_regslice  |   9|          2|    1|          2|
    |layer18_out_din                |  14|          3|   16|         48|
    |layer18_out_write              |  20|          4|    1|          4|
    |real_start                     |   9|          2|    1|          2|
    +-------------------------------+----+-----------+-----+-----------+
    |Total                          | 109|         22|   21|         67|
    +-------------------------------+----+-----------+-----+-----------+

    * Register: 
    +------------------------------------------------------------------------------------------------------+---+----+-----+-----------+
    |                                                 Name                                                 | FF| LUT| Bits| Const Bits|
    +------------------------------------------------------------------------------------------------------+---+----+-----+-----------+
    |ap_CS_fsm                                                                                             |  8|   0|    8|          0|
    |ap_done_reg                                                                                           |  1|   0|    1|          0|
    |grp_zeropad2d_cl_array_array_ap_fixed_16_5_5_3_0_1u_config18_Pipeline_PadMain_fu_34_ap_start_reg      |  1|   0|    1|          0|
    |grp_zeropad2d_cl_array_array_ap_fixed_16_5_5_3_0_1u_config18_Pipeline_PadTopWidth_fu_28_ap_start_reg  |  1|   0|    1|          0|
    |grp_zeropad2d_cl_array_array_ap_fixed_1u_config18_Pipeline_PadBottomWidth_fu_42_ap_start_reg          |  1|   0|    1|          0|
    |start_once_reg                                                                                        |  1|   0|    1|          0|
    +------------------------------------------------------------------------------------------------------+---+----+-----+-----------+
    |Total                                                                                                 | 13|   0|   13|          0|
    +------------------------------------------------------------------------------------------------------+---+----+-----+-----------+



================================================================
== Interface
================================================================
* Summary: 
+----------------------------+-----+-----+------------+--------------------------------------------------------------------------+--------------+
|          RTL Ports         | Dir | Bits|  Protocol  |                               Source Object                              |    C Type    |
+----------------------------+-----+-----+------------+--------------------------------------------------------------------------+--------------+
|ap_clk                      |   in|    1|  ap_ctrl_hs|  zeropad2d_cl<array<ap_fixed,1u>,array<ap_fixed<16,5,5,3,0>,1u>,config18>|  return value|
|ap_rst                      |   in|    1|  ap_ctrl_hs|  zeropad2d_cl<array<ap_fixed,1u>,array<ap_fixed<16,5,5,3,0>,1u>,config18>|  return value|
|ap_start                    |   in|    1|  ap_ctrl_hs|  zeropad2d_cl<array<ap_fixed,1u>,array<ap_fixed<16,5,5,3,0>,1u>,config18>|  return value|
|start_full_n                |   in|    1|  ap_ctrl_hs|  zeropad2d_cl<array<ap_fixed,1u>,array<ap_fixed<16,5,5,3,0>,1u>,config18>|  return value|
|ap_done                     |  out|    1|  ap_ctrl_hs|  zeropad2d_cl<array<ap_fixed,1u>,array<ap_fixed<16,5,5,3,0>,1u>,config18>|  return value|
|ap_continue                 |   in|    1|  ap_ctrl_hs|  zeropad2d_cl<array<ap_fixed,1u>,array<ap_fixed<16,5,5,3,0>,1u>,config18>|  return value|
|ap_idle                     |  out|    1|  ap_ctrl_hs|  zeropad2d_cl<array<ap_fixed,1u>,array<ap_fixed<16,5,5,3,0>,1u>,config18>|  return value|
|ap_ready                    |  out|    1|  ap_ctrl_hs|  zeropad2d_cl<array<ap_fixed,1u>,array<ap_fixed<16,5,5,3,0>,1u>,config18>|  return value|
|start_out                   |  out|    1|  ap_ctrl_hs|  zeropad2d_cl<array<ap_fixed,1u>,array<ap_fixed<16,5,5,3,0>,1u>,config18>|  return value|
|start_write                 |  out|    1|  ap_ctrl_hs|  zeropad2d_cl<array<ap_fixed,1u>,array<ap_fixed<16,5,5,3,0>,1u>,config18>|  return value|
|img_input_TDATA             |   in|   16|        axis|                                                                 img_input|       pointer|
|img_input_TVALID            |   in|    1|        axis|                                                                 img_input|       pointer|
|img_input_TREADY            |  out|    1|        axis|                                                                 img_input|       pointer|
|layer18_out_din             |  out|   16|     ap_fifo|                                                               layer18_out|       pointer|
|layer18_out_num_data_valid  |   in|    8|     ap_fifo|                                                               layer18_out|       pointer|
|layer18_out_fifo_cap        |   in|    8|     ap_fifo|                                                               layer18_out|       pointer|
|layer18_out_full_n          |   in|    1|     ap_fifo|                                                               layer18_out|       pointer|
|layer18_out_write           |  out|    1|     ap_fifo|                                                               layer18_out|       pointer|
+----------------------------+-----+-----+------------+--------------------------------------------------------------------------+--------------+

============================================================
+ Verbose Summary: Synthesis Manager
============================================================
InlineROM: 1
ExposeGlobal: 0
============================================================
+ Verbose Summary: CDFG Model
============================================================
IsTopModel: 0
ResetActiveHigh: 1
IsCombinational: 2
IsDatapathOnly: 0
HasWiredReturn: 1
HasMFsm: 0
HasVarLatency: 1
IsPipeline: 0
IsRtlPipelined: 0
IsInstanceOverlapped: 0
IsDontTouch: 0
HasImplIP: 0
IsGatedGlobalClock: 0


============================================================
+ Verbose Summary: Schedule
============================================================
* Number of FSM states : 8
* Pipeline : 0
* Dataflow Pipeline: 0

* FSM state transitions: 
1 --> 2 
2 --> 3 
3 --> 4 
4 --> 5 
5 --> 6 
6 --> 7 
7 --> 8 
8 --> 

* FSM state operations: 

State 1 <SV = 0> <Delay = 0.00>
ST_1 : Operation 9 [1/1] (0.00ns)   --->   "%empty = wait i32 @_ssdm_op_Wait"   --->   Operation 9 'wait' 'empty' <Predicate = true> <Delay = 0.00>
ST_1 : Operation 10 [2/2] (0.00ns)   --->   "%call_ln0 = call void @zeropad2d_cl<array,array<ap_fixed<16,5,5,3,0>,1u>,config18>_Pipeline_PadTopWidth, i16 %layer18_out"   --->   Operation 10 'call' 'call_ln0' <Predicate = true> <Delay = 0.00> <CoreType = "Generic">   --->   Core 0 '' <Latency = 0> <II = 1> <Delay = 1.00> <Generic> <Opcode : >

State 2 <SV = 1> <Delay = 0.00>
ST_2 : Operation 11 [1/2] (0.00ns)   --->   "%call_ln0 = call void @zeropad2d_cl<array,array<ap_fixed<16,5,5,3,0>,1u>,config18>_Pipeline_PadTopWidth, i16 %layer18_out"   --->   Operation 11 'call' 'call_ln0' <Predicate = true> <Delay = 0.00> <CoreType = "Generic">   --->   Core 0 '' <Latency = 0> <II = 1> <Delay = 1.00> <Generic> <Opcode : >

State 3 <SV = 2> <Delay = 0.00>
ST_3 : Operation 12 [1/1] (0.00ns)   --->   "%empty_67 = wait i32 @_ssdm_op_Wait"   --->   Operation 12 'wait' 'empty_67' <Predicate = true> <Delay = 0.00>

State 4 <SV = 3> <Delay = 0.00>
ST_4 : Operation 13 [1/1] (0.00ns)   --->   "%empty_68 = wait i32 @_ssdm_op_Wait"   --->   Operation 13 'wait' 'empty_68' <Predicate = true> <Delay = 0.00>
ST_4 : Operation 14 [2/2] (0.00ns)   --->   "%call_ln0 = call void @zeropad2d_cl<array,array<ap_fixed<16,5,5,3,0>,1u>,config18>_Pipeline_PadMain, i16 %layer18_out, i16 %img_input"   --->   Operation 14 'call' 'call_ln0' <Predicate = true> <Delay = 0.00> <CoreType = "Generic">   --->   Core 0 '' <Latency = 0> <II = 1> <Delay = 1.00> <Generic> <Opcode : >

State 5 <SV = 4> <Delay = 0.00>
ST_5 : Operation 15 [1/2] (0.00ns)   --->   "%call_ln0 = call void @zeropad2d_cl<array,array<ap_fixed<16,5,5,3,0>,1u>,config18>_Pipeline_PadMain, i16 %layer18_out, i16 %img_input"   --->   Operation 15 'call' 'call_ln0' <Predicate = true> <Delay = 0.00> <CoreType = "Generic">   --->   Core 0 '' <Latency = 0> <II = 1> <Delay = 1.00> <Generic> <Opcode : >

State 6 <SV = 5> <Delay = 0.00>
ST_6 : Operation 16 [1/1] (0.00ns)   --->   "%empty_69 = wait i32 @_ssdm_op_Wait"   --->   Operation 16 'wait' 'empty_69' <Predicate = true> <Delay = 0.00>

State 7 <SV = 6> <Delay = 0.00>
ST_7 : Operation 17 [1/1] (0.00ns)   --->   "%empty_70 = wait i32 @_ssdm_op_Wait"   --->   Operation 17 'wait' 'empty_70' <Predicate = true> <Delay = 0.00>
ST_7 : Operation 18 [2/2] (0.00ns)   --->   "%call_ln0 = call void @zeropad2d_cl<array,array<ap_fixed,1u>,config18>_Pipeline_PadBottomWidth, i16 %layer18_out"   --->   Operation 18 'call' 'call_ln0' <Predicate = true> <Delay = 0.00> <CoreType = "Generic">   --->   Core 0 '' <Latency = 0> <II = 1> <Delay = 1.00> <Generic> <Opcode : >

State 8 <SV = 7> <Delay = 0.00>
ST_8 : Operation 19 [1/1] (0.00ns)   --->   "%specinterface_ln0 = specinterface void @_ssdm_op_SpecInterface, i16 %layer18_out, void @empty_21, i32 0, i32 0, void @empty_10, i32 0, i32 0, void @empty_10, void @empty_10, void @empty_10, i32 0, i32 0, i32 0, i32 0, void @empty_10, void @empty_10, i32 4294967295, i32 0"   --->   Operation 19 'specinterface' 'specinterface_ln0' <Predicate = true> <Delay = 0.00>
ST_8 : Operation 20 [1/1] (0.00ns)   --->   "%specinterface_ln0 = specinterface void @_ssdm_op_SpecInterface, i16 %img_input, void @empty, i32 1, i32 1, void @empty_14, i32 0, i32 0, void @empty_10, void @empty_10, void @empty_10, i32 0, i32 0, i32 0, i32 0, void @empty_10, void @empty_10, i32 4294967295, i32 0"   --->   Operation 20 'specinterface' 'specinterface_ln0' <Predicate = true> <Delay = 0.00>
ST_8 : Operation 21 [1/2] (0.00ns)   --->   "%call_ln0 = call void @zeropad2d_cl<array,array<ap_fixed,1u>,config18>_Pipeline_PadBottomWidth, i16 %layer18_out"   --->   Operation 21 'call' 'call_ln0' <Predicate = true> <Delay = 0.00> <CoreType = "Generic">   --->   Core 0 '' <Latency = 0> <II = 1> <Delay = 1.00> <Generic> <Opcode : >
ST_8 : Operation 22 [1/1] (0.00ns)   --->   "%ret_ln81 = ret" [firmware/nnet_utils/nnet_padding_stream.h:81]   --->   Operation 22 'ret' 'ret_ln81' <Predicate = true> <Delay = 0.00>


============================================================
+ Verbose Summary: Binding
============================================================
STG Binding: 
---------------- STG Properties BEGIN ----------------
- Is combinational: 0
- Is one-state seq: 0
- Is datapath-only: 0
- Is pipelined: 0
- Is top level: 0
Port [ Return ] is wired: 1; IO mode=ap_ctrl_hs:ce=0
Port [ img_input]:  wired=1; compound=1; hidden=0; nouse=0; global=0; static=0; extern=0; dir=0; type=0; pingpong=0; private_global=0; IO mode=axis:ce=0
Port [ layer18_out]:  wired=1; compound=1; hidden=0; nouse=0; global=0; static=0; extern=0; dir=1; type=3; pingpong=0; private_global=0; IO mode=ap_fifo:ce=0
---------------- STG Properties END ------------------

---------------- Datapath Model BEGIN ----------------

<LifeTime>
<method=bitvector/>
empty             (wait         ) [ 000000000]
call_ln0          (call         ) [ 000000000]
empty_67          (wait         ) [ 000000000]
empty_68          (wait         ) [ 000000000]
call_ln0          (call         ) [ 000000000]
empty_69          (wait         ) [ 000000000]
empty_70          (wait         ) [ 000000000]
specinterface_ln0 (specinterface) [ 000000000]
specinterface_ln0 (specinterface) [ 000000000]
call_ln0          (call         ) [ 000000000]
ret_ln81          (ret          ) [ 000000000]
</LifeTime>

<model>

<comp_list>
<comp id="0" class="1000" name="img_input">
<pin_list>
<pin id="1" dir="1" index="0" bw="1" slack="0"/>
</pin_list>
<bind>
<StgValue><ssdm name="img_input"/></StgValue>
</bind>
</comp>

<comp id="2" class="1000" name="layer18_out">
<pin_list>
<pin id="3" dir="1" index="0" bw="1" slack="0"/>
</pin_list>
<bind>
<StgValue><ssdm name="layer18_out"/></StgValue>
</bind>
</comp>

<comp id="4" class="1001" name="const_4">
<pin_list>
<pin id="5" dir="1" index="0" bw="1" slack="2147483647"/>
</pin_list>
<bind>
<StgValue><ssdm name="_ssdm_op_Wait"/></StgValue>
</bind>
</comp>

<comp id="6" class="1001" name="const_6">
<pin_list>
<pin id="7" dir="1" index="0" bw="1" slack="0"/>
</pin_list>
<bind>
<StgValue><ssdm name="zeropad2d_cl<array,array<ap_fixed<16,5,5,3,0>,1u>,config18>_Pipeline_PadTopWidth"/></StgValue>
</bind>
</comp>

<comp id="8" class="1001" name="const_8">
<pin_list>
<pin id="9" dir="1" index="0" bw="1" slack="0"/>
</pin_list>
<bind>
<StgValue><ssdm name="zeropad2d_cl<array,array<ap_fixed<16,5,5,3,0>,1u>,config18>_Pipeline_PadMain"/></StgValue>
</bind>
</comp>

<comp id="10" class="1001" name="const_10">
<pin_list>
<pin id="11" dir="1" index="0" bw="1" slack="0"/>
</pin_list>
<bind>
<StgValue><ssdm name="zeropad2d_cl<array,array<ap_fixed,1u>,config18>_Pipeline_PadBottomWidth"/></StgValue>
</bind>
</comp>

<comp id="12" class="1001" name="const_12">
<pin_list>
<pin id="13" dir="1" index="0" bw="1" slack="2147483647"/>
</pin_list>
<bind>
<StgValue><ssdm name="_ssdm_op_SpecInterface"/></StgValue>
</bind>
</comp>

<comp id="14" class="1001" name="const_14">
<pin_list>
<pin id="15" dir="1" index="0" bw="1" slack="2147483647"/>
</pin_list>
<bind>
<StgValue><ssdm name="empty_21"/></StgValue>
</bind>
</comp>

<comp id="16" class="1001" name="const_16">
<pin_list>
<pin id="17" dir="1" index="0" bw="1" slack="2147483647"/>
</pin_list>
<bind>
<StgValue><ssdm name=""/></StgValue>
</bind>
</comp>

<comp id="18" class="1001" name="const_18">
<pin_list>
<pin id="19" dir="1" index="0" bw="1" slack="2147483647"/>
</pin_list>
<bind>
<StgValue><ssdm name="empty_10"/></StgValue>
</bind>
</comp>

<comp id="20" class="1001" name="const_20">
<pin_list>
<pin id="21" dir="1" index="0" bw="1" slack="2147483647"/>
</pin_list>
<bind>
<StgValue><ssdm name=""/></StgValue>
</bind>
</comp>

<comp id="22" class="1001" name="const_22">
<pin_list>
<pin id="23" dir="1" index="0" bw="1" slack="2147483647"/>
</pin_list>
<bind>
<StgValue><ssdm name="empty"/></StgValue>
</bind>
</comp>

<comp id="24" class="1001" name="const_24">
<pin_list>
<pin id="25" dir="1" index="0" bw="1" slack="2147483647"/>
</pin_list>
<bind>
<StgValue><ssdm name=""/></StgValue>
</bind>
</comp>

<comp id="26" class="1001" name="const_26">
<pin_list>
<pin id="27" dir="1" index="0" bw="1" slack="2147483647"/>
</pin_list>
<bind>
<StgValue><ssdm name="empty_14"/></StgValue>
</bind>
</comp>

<comp id="28" class="1004" name="grp_zeropad2d_cl_array_array_ap_fixed_16_5_5_3_0_1u_config18_Pipeline_PadTopWidth_fu_28">
<pin_list>
<pin id="29" dir="0" index="0" bw="0" slack="0"/>
<pin id="30" dir="0" index="1" bw="16" slack="0"/>
<pin id="31" dir="1" index="2" bw="0" slack="2147483647"/>
</pin_list>
<bind>
<opcode="call(48) " fcode="call"/>
<opset="call_ln0/1 "/>
</bind>
</comp>

<comp id="34" class="1004" name="grp_zeropad2d_cl_array_array_ap_fixed_16_5_5_3_0_1u_config18_Pipeline_PadMain_fu_34">
<pin_list>
<pin id="35" dir="0" index="0" bw="0" slack="0"/>
<pin id="36" dir="0" index="1" bw="16" slack="0"/>
<pin id="37" dir="0" index="2" bw="16" slack="0"/>
<pin id="38" dir="1" index="3" bw="0" slack="2147483647"/>
</pin_list>
<bind>
<opcode="call(48) " fcode="call"/>
<opset="call_ln0/4 "/>
</bind>
</comp>

<comp id="42" class="1004" name="grp_zeropad2d_cl_array_array_ap_fixed_1u_config18_Pipeline_PadBottomWidth_fu_42">
<pin_list>
<pin id="43" dir="0" index="0" bw="0" slack="0"/>
<pin id="44" dir="0" index="1" bw="16" slack="0"/>
<pin id="45" dir="1" index="2" bw="0" slack="2147483647"/>
</pin_list>
<bind>
<opcode="call(48) " fcode="call"/>
<opset="call_ln0/7 "/>
</bind>
</comp>

</comp_list>

<net_list>
<net id="32"><net_src comp="6" pin="0"/><net_sink comp="28" pin=0"/></net>

<net id="33"><net_src comp="2" pin="0"/><net_sink comp="28" pin=1"/></net>

<net id="39"><net_src comp="8" pin="0"/><net_sink comp="34" pin=0"/></net>

<net id="40"><net_src comp="2" pin="0"/><net_sink comp="34" pin=1"/></net>

<net id="41"><net_src comp="0" pin="0"/><net_sink comp="34" pin=2"/></net>

<net id="46"><net_src comp="10" pin="0"/><net_sink comp="42" pin=0"/></net>

<net id="47"><net_src comp="2" pin="0"/><net_sink comp="42" pin=1"/></net>

</net_list>

</model> 
---------------- Datapath Model END ------------------

* FSMD analyzer results:
  - Output states:
	Port: img_input | {}
	Port: layer18_out | {1 2 4 5 7 8 }
 - Input state : 
	Port: zeropad2d_cl<array<ap_fixed,1u>,array<ap_fixed<16,5,5,3,0>,1u>,config18> : img_input | {4 5 }
  - Chain level:
	State 1
	State 2
	State 3
	State 4
	State 5
	State 6
	State 7
	State 8


============================================================
+ Verbose Summary: Datapath Resource usage 
============================================================

* Functional unit list:
|----------|-----------------------------------------------------------------------------------------|---------|---------|---------|
| Operation|                                     Functional Unit                                     |  Delay  |    FF   |   LUT   |
|----------|-----------------------------------------------------------------------------------------|---------|---------|---------|
|          | grp_zeropad2d_cl_array_array_ap_fixed_16_5_5_3_0_1u_config18_Pipeline_PadTopWidth_fu_28 |    0    |    4    |    22   |
|   call   |   grp_zeropad2d_cl_array_array_ap_fixed_16_5_5_3_0_1u_config18_Pipeline_PadMain_fu_34   |  1.588  |    25   |    31   |
|          |     grp_zeropad2d_cl_array_array_ap_fixed_1u_config18_Pipeline_PadBottomWidth_fu_42     |    0    |    4    |    22   |
|----------|-----------------------------------------------------------------------------------------|---------|---------|---------|
|   Total  |                                                                                         |  1.588  |    33   |    75   |
|----------|-----------------------------------------------------------------------------------------|---------|---------|---------|

Memories:
N/A

* Register list:
N/A

* Multiplexer (MUX) list: 
|--------|------|------|------|--------|
|  Comp  |  Pin | Size |  BW  | S x BW |
|--------|------|------|------|--------|
|  Total |      |      |      |    0   |
|--------|------|------|------|--------|



* Summary:
+-----------+--------+--------+--------+
|           |  Delay |   FF   |   LUT  |
+-----------+--------+--------+--------+
|  Function |    1   |   33   |   75   |
|   Memory  |    -   |    -   |    -   |
|Multiplexer|    -   |    -   |    -   |
|  Register |    -   |    -   |    -   |
+-----------+--------+--------+--------+
|   Total   |    1   |   33   |   75   |
+-----------+--------+--------+--------+
